[1.164s] Invoking command in '/home/minji/minji_ws/webots_ros2_ld90': AMENT_PREFIX_PATH=/home/minji/minji_ws/install/webots_ros2_driver:/home/minji/minji_ws/install/webots_ros2_msgs:${AMENT_PREFIX_PATH} CMAKE_PREFIX_PATH=/home/minji/minji_ws/install/webots_ros2_driver:/home/minji/minji_ws/install/webots_ros2_msgs${CMAKE_PREFIX_PATH} LD_LIBRARY_PATH=/home/minji/minji_ws/install/webots_ros2_driver/lib:/home/minji/minji_ws/install/webots_ros2_msgs/lib:${LD_LIBRARY_PATH} PYTHONPATH=/home/minji/minji_ws/build/webots_ros2_ld90/prefix_override:/usr/lib/python3/dist-packages/colcon_core/task/python/colcon_distutils_commands:/home/minji/minji_ws/install/webots_ros2_ld90/lib/python3.10/site-packages:/home/minji/minji_ws/install/webots_ros2_driver/local/lib/python3.10/dist-packages:/home/minji/minji_ws/install/webots_ros2_msgs/local/lib/python3.10/dist-packages:${PYTHONPATH} /usr/bin/python3 -W ignore:setup.py install is deprecated setup.py egg_info --egg-base ../build/webots_ros2_ld90 build --build-base /home/minji/minji_ws/build/webots_ros2_ld90/build install --record /home/minji/minji_ws/build/webots_ros2_ld90/install.log --single-version-externally-managed install_data
[1.506s] running egg_info
[1.507s] creating ../build/webots_ros2_ld90/webots_ros2_ld90.egg-info
[1.507s] writing ../build/webots_ros2_ld90/webots_ros2_ld90.egg-info/PKG-INFO
[1.507s] writing dependency_links to ../build/webots_ros2_ld90/webots_ros2_ld90.egg-info/dependency_links.txt
[1.507s] writing entry points to ../build/webots_ros2_ld90/webots_ros2_ld90.egg-info/entry_points.txt
[1.507s] writing requirements to ../build/webots_ros2_ld90/webots_ros2_ld90.egg-info/requires.txt
[1.507s] writing top-level names to ../build/webots_ros2_ld90/webots_ros2_ld90.egg-info/top_level.txt
[1.508s] writing manifest file '../build/webots_ros2_ld90/webots_ros2_ld90.egg-info/SOURCES.txt'
[1.510s] reading manifest file '../build/webots_ros2_ld90/webots_ros2_ld90.egg-info/SOURCES.txt'
[1.510s] adding license file 'LICENSE'
[1.511s] writing manifest file '../build/webots_ros2_ld90/webots_ros2_ld90.egg-info/SOURCES.txt'
[1.511s] running build
[1.511s] running build_py
[1.511s] creating /home/minji/minji_ws/build/webots_ros2_ld90/build
[1.511s] creating /home/minji/minji_ws/build/webots_ros2_ld90/build/lib
[1.511s] creating /home/minji/minji_ws/build/webots_ros2_ld90/build/lib/webots_ros2_ld90
[1.511s] copying webots_ros2_ld90/__init__.py -> /home/minji/minji_ws/build/webots_ros2_ld90/build/lib/webots_ros2_ld90
[1.511s] running install
[1.511s] running install_lib
[1.512s] creating /home/minji/minji_ws/install/webots_ros2_ld90/lib/python3.10/site-packages/webots_ros2_ld90
[1.512s] copying /home/minji/minji_ws/build/webots_ros2_ld90/build/lib/webots_ros2_ld90/__init__.py -> /home/minji/minji_ws/install/webots_ros2_ld90/lib/python3.10/site-packages/webots_ros2_ld90
[1.512s] byte-compiling /home/minji/minji_ws/install/webots_ros2_ld90/lib/python3.10/site-packages/webots_ros2_ld90/__init__.py to __init__.cpython-310.pyc
[1.513s] running install_data
[1.513s] creating /home/minji/minji_ws/install/webots_ros2_ld90/share/ament_index
[1.513s] creating /home/minji/minji_ws/install/webots_ros2_ld90/share/ament_index/resource_index
[1.513s] creating /home/minji/minji_ws/install/webots_ros2_ld90/share/ament_index/resource_index/packages
[1.513s] copying resource/webots_ros2_ld90 -> /home/minji/minji_ws/install/webots_ros2_ld90/share/ament_index/resource_index/packages
[1.513s] creating /home/minji/minji_ws/install/webots_ros2_ld90/share/webots_ros2_ld90/protos
[1.513s] copying protos/LD90.proto -> /home/minji/minji_ws/install/webots_ros2_ld90/share/webots_ros2_ld90/protos
[1.513s] copying protos/LD90RearDistanceSensor.proto -> /home/minji/minji_ws/install/webots_ros2_ld90/share/webots_ros2_ld90/protos
[1.513s] copying protos/SickLms291.proto -> /home/minji/minji_ws/install/webots_ros2_ld90/share/webots_ros2_ld90/protos
[1.514s] copying protos/RPLidar.proto -> /home/minji/minji_ws/install/webots_ros2_ld90/share/webots_ros2_ld90/protos
[1.514s] creating /home/minji/minji_ws/install/webots_ros2_ld90/share/webots_ros2_ld90/protos/meshes
[1.514s] copying protos/meshes/LD_Platform.STL -> /home/minji/minji_ws/install/webots_ros2_ld90/share/webots_ros2_ld90/protos/meshes
[1.524s] copying protos/meshes/rplidar.dae -> /home/minji/minji_ws/install/webots_ros2_ld90/share/webots_ros2_ld90/protos/meshes
[1.525s] creating /home/minji/minji_ws/install/webots_ros2_ld90/share/webots_ros2_ld90/protos/textures
[1.525s] copying protos/textures/sick_lms291_roughness.jpg -> /home/minji/minji_ws/install/webots_ros2_ld90/share/webots_ros2_ld90/protos/textures
[1.525s] copying protos/textures/sick_lms291.png -> /home/minji/minji_ws/install/webots_ros2_ld90/share/webots_ros2_ld90/protos/textures
[1.526s] creating /home/minji/minji_ws/install/webots_ros2_ld90/share/webots_ros2_ld90/worlds
[1.526s] copying worlds/my_ld90.wbt -> /home/minji/minji_ws/install/webots_ros2_ld90/share/webots_ros2_ld90/worlds
[1.526s] copying worlds/contest.wbt -> /home/minji/minji_ws/install/webots_ros2_ld90/share/webots_ros2_ld90/worlds
[1.527s] copying worlds/no_human.wbt -> /home/minji/minji_ws/install/webots_ros2_ld90/share/webots_ros2_ld90/worlds
[1.527s] creating /home/minji/minji_ws/install/webots_ros2_ld90/share/webots_ros2_ld90/resource
[1.527s] copying resource/ros2control.yaml -> /home/minji/minji_ws/install/webots_ros2_ld90/share/webots_ros2_ld90/resource
[1.527s] copying resource/LD90.urdf -> /home/minji/minji_ws/install/webots_ros2_ld90/share/webots_ros2_ld90/resource
[1.528s] creating /home/minji/minji_ws/install/webots_ros2_ld90/share/webots_ros2_ld90/launch
[1.528s] copying launch/robot_launch.py -> /home/minji/minji_ws/install/webots_ros2_ld90/share/webots_ros2_ld90/launch
[1.528s] copying package.xml -> /home/minji/minji_ws/install/webots_ros2_ld90/share/webots_ros2_ld90
[1.528s] running install_egg_info
[1.530s] Copying ../build/webots_ros2_ld90/webots_ros2_ld90.egg-info to /home/minji/minji_ws/install/webots_ros2_ld90/lib/python3.10/site-packages/webots_ros2_ld90-0.0.0-py3.10.egg-info
[1.531s] running install_scripts
[1.548s] writing list of installed files to '/home/minji/minji_ws/build/webots_ros2_ld90/install.log'
[1.570s] Invoked command in '/home/minji/minji_ws/webots_ros2_ld90' returned '0': AMENT_PREFIX_PATH=/home/minji/minji_ws/install/webots_ros2_driver:/home/minji/minji_ws/install/webots_ros2_msgs:${AMENT_PREFIX_PATH} CMAKE_PREFIX_PATH=/home/minji/minji_ws/install/webots_ros2_driver:/home/minji/minji_ws/install/webots_ros2_msgs${CMAKE_PREFIX_PATH} LD_LIBRARY_PATH=/home/minji/minji_ws/install/webots_ros2_driver/lib:/home/minji/minji_ws/install/webots_ros2_msgs/lib:${LD_LIBRARY_PATH} PYTHONPATH=/home/minji/minji_ws/build/webots_ros2_ld90/prefix_override:/usr/lib/python3/dist-packages/colcon_core/task/python/colcon_distutils_commands:/home/minji/minji_ws/install/webots_ros2_ld90/lib/python3.10/site-packages:/home/minji/minji_ws/install/webots_ros2_driver/local/lib/python3.10/dist-packages:/home/minji/minji_ws/install/webots_ros2_msgs/local/lib/python3.10/dist-packages:${PYTHONPATH} /usr/bin/python3 -W ignore:setup.py install is deprecated setup.py egg_info --egg-base ../build/webots_ros2_ld90 build --build-base /home/minji/minji_ws/build/webots_ros2_ld90/build install --record /home/minji/minji_ws/build/webots_ros2_ld90/install.log --single-version-externally-managed install_data
