-- Found ament_cmake: 1.3.9 (/opt/ros/humble/share/ament_cmake/cmake)
-- Found behaviortree_ros2: 0.2.0 (/home/minji/minji_ws/install/behaviortree_ros2/share/behaviortree_ros2/cmake)
-- Found rosidl_generator_c: 3.1.5 (/opt/ros/humble/share/rosidl_generator_c/cmake)
-- Found rosidl_adapter: 3.1.5 (/opt/ros/humble/share/rosidl_adapter/cmake)
-- Found rosidl_generator_cpp: 3.1.5 (/opt/ros/humble/share/rosidl_generator_cpp/cmake)
-- Using all available rosidl_typesupport_c: rosidl_typesupport_fastrtps_c;rosidl_typesupport_introspection_c
-- Using all available rosidl_typesupport_cpp: rosidl_typesupport_fastrtps_cpp;rosidl_typesupport_introspection_cpp
-- Found rmw_implementation_cmake: 6.1.2 (/opt/ros/humble/share/rmw_implementation_cmake/cmake)
-- Found rmw_fastrtps_cpp: 6.2.6 (/opt/ros/humble/share/rmw_fastrtps_cpp/cmake)
-- Found OpenSSL: /usr/lib/x86_64-linux-gnu/libcrypto.so (found version "3.0.2")  
-- Found FastRTPS: /opt/ros/humble/include  
-- Using RMW implementation 'rmw_fastrtps_cpp' as default
-- Looking for pthread.h
-- Looking for pthread.h - found
-- Performing Test CMAKE_HAVE_LIBC_PTHREAD
-- Performing Test CMAKE_HAVE_LIBC_PTHREAD - Success
-- Found Threads: TRUE  
-- Found parameter_traits: 0.3.8 (/opt/ros/humble/share/parameter_traits/cmake)
-- Found rclcpp_lifecycle: 16.0.9 (/opt/ros/humble/share/rclcpp_lifecycle/cmake)
-- Found sensor_msgs: 4.2.4 (/opt/ros/humble/share/sensor_msgs/cmake)
-- Configuring done
-- Generating done
-- Build files have been written to: /home/minji/minji_ws/build/btcpp_ros2_project
[ 25%] [32mBuilding CXX object CMakeFiles/capture_image_plugin.dir/src/capture_image.cpp.o[0m
[ 50%] [32mBuilding CXX object CMakeFiles/project_bt_executor.dir/src/project_bt_executor.cpp.o[0m
[ 75%] [32m[1mLinking CXX executable project_bt_executor[0m
[ 75%] Built target project_bt_executor
[100%] [32m[1mLinking CXX shared library libcapture_image_plugin.so[0m
[100%] Built target capture_image_plugin
-- Install configuration: ""
-- Installing: /home/minji/minji_ws/install/btcpp_ros2_project/lib/btcpp_ros2_project/libcapture_image_plugin.so
-- Set runtime path of "/home/minji/minji_ws/install/btcpp_ros2_project/lib/btcpp_ros2_project/libcapture_image_plugin.so" to ""
-- Installing: /home/minji/minji_ws/install/btcpp_ros2_project/lib/btcpp_ros2_project/project_bt_executor
-- Set runtime path of "/home/minji/minji_ws/install/btcpp_ros2_project/lib/btcpp_ros2_project/project_bt_executor" to ""
-- Installing: /home/minji/minji_ws/install/btcpp_ros2_project/share/btcpp_ros2_project/bt_plugins/libcapture_image_plugin.so
-- Set runtime path of "/home/minji/minji_ws/install/btcpp_ros2_project/share/btcpp_ros2_project/bt_plugins/libcapture_image_plugin.so" to ""
-- Installing: /home/minji/minji_ws/install/btcpp_ros2_project/share/btcpp_ros2_project//behavior_trees
-- Installing: /home/minji/minji_ws/install/btcpp_ros2_project/share/btcpp_ros2_project//behavior_trees/inspection_tree.xml
-- Installing: /home/minji/minji_ws/install/btcpp_ros2_project/share/btcpp_ros2_project//config
-- Installing: /home/minji/minji_ws/install/btcpp_ros2_project/share/btcpp_ros2_project//config/project_bt_executor.yaml
-- Installing: /home/minji/minji_ws/install/btcpp_ros2_project/share/btcpp_ros2_project//launch
-- Installing: /home/minji/minji_ws/install/btcpp_ros2_project/share/btcpp_ros2_project//launch/project_bt_executor.launch.xml
-- Installing: /home/minji/minji_ws/install/btcpp_ros2_project/share/ament_index/resource_index/package_run_dependencies/btcpp_ros2_project
-- Installing: /home/minji/minji_ws/install/btcpp_ros2_project/share/ament_index/resource_index/parent_prefix_path/btcpp_ros2_project
-- Installing: /home/minji/minji_ws/install/btcpp_ros2_project/share/btcpp_ros2_project/environment/ament_prefix_path.sh
-- Installing: /home/minji/minji_ws/install/btcpp_ros2_project/share/btcpp_ros2_project/environment/ament_prefix_path.dsv
-- Installing: /home/minji/minji_ws/install/btcpp_ros2_project/share/btcpp_ros2_project/environment/path.sh
-- Installing: /home/minji/minji_ws/install/btcpp_ros2_project/share/btcpp_ros2_project/environment/path.dsv
-- Installing: /home/minji/minji_ws/install/btcpp_ros2_project/share/btcpp_ros2_project/local_setup.bash
-- Installing: /home/minji/minji_ws/install/btcpp_ros2_project/share/btcpp_ros2_project/local_setup.sh
-- Installing: /home/minji/minji_ws/install/btcpp_ros2_project/share/btcpp_ros2_project/local_setup.zsh
-- Installing: /home/minji/minji_ws/install/btcpp_ros2_project/share/btcpp_ros2_project/local_setup.dsv
-- Installing: /home/minji/minji_ws/install/btcpp_ros2_project/share/btcpp_ros2_project/package.dsv
-- Installing: /home/minji/minji_ws/install/btcpp_ros2_project/share/ament_index/resource_index/packages/btcpp_ros2_project
-- Installing: /home/minji/minji_ws/install/btcpp_ros2_project/share/btcpp_ros2_project/cmake/ament_cmake_export_dependencies-extras.cmake
-- Installing: /home/minji/minji_ws/install/btcpp_ros2_project/share/btcpp_ros2_project/cmake/btcpp_ros2_projectConfig.cmake
-- Installing: /home/minji/minji_ws/install/btcpp_ros2_project/share/btcpp_ros2_project/cmake/btcpp_ros2_projectConfig-version.cmake
-- Installing: /home/minji/minji_ws/install/btcpp_ros2_project/share/btcpp_ros2_project/package.xml
