[0.016s] Invoking command in '/home/minji/minji_ws/build/btcpp_ros2_project': AMENT_PREFIX_PATH=/home/minji/minji_ws/install/behaviortree_ros2:/home/minji/minji_ws/install/btcpp_ros2_interfaces:${AMENT_PREFIX_PATH} CMAKE_PREFIX_PATH=/home/minji/minji_ws/install/behaviortree_ros2:/home/minji/minji_ws/install/btcpp_ros2_interfaces:/home/minji/minji_ws/install/webots_ros2_control:/home/minji/minji_ws/install/webots_ros2_driver:/home/minji/minji_ws/install/webots_ros2_msgs:/home/minji/my_study/install/webots_ros2_control:/home/minji/my_study/install/webots_ros2_driver:/home/minji/my_study/install/webots_ros2_msgs:/usr/local:/home/minji/minji_ws/install/webots_ros2:/home/minji/minji_ws/install/webots_ros2_universal_robot:/home/minji/minji_ws/install/webots_ros2_turtlebot:/home/minji/minji_ws/install/webots_ros2_tiago:/home/minji/minji_ws/install/webots_ros2_tests:/home/minji/minji_ws/install/webots_ros2_tesla:/home/minji/minji_ws/install/webots_ros2_mavic:/home/minji/minji_ws/install/webots_ros2_ld90:/home/minji/minji_ws/install/webots_ros2_epuck:/home/minji/my_study/install/webots_ros2:/home/minji/my_study/install/webots_ros2_universal_robot:/home/minji/my_study/install/webots_ros2_turtlebot:/home/minji/my_study/install/webots_ros2_tiago:/home/minji/my_study/install/webots_ros2_tests:/home/minji/my_study/install/webots_ros2_tesla:/home/minji/my_study/install/webots_ros2_mavic:/home/minji/my_study/install/webots_ros2_ld90:/home/minji/my_study/install/webots_ros2_epuck:/opt/ros/humble LD_LIBRARY_PATH=/home/minji/minji_ws/install/behaviortree_ros2/lib:/home/minji/minji_ws/install/btcpp_ros2_interfaces/lib:${LD_LIBRARY_PATH} PYTHONPATH=/home/minji/minji_ws/install/btcpp_ros2_interfaces/local/lib/python3.10/dist-packages:${PYTHONPATH} /usr/bin/cmake /home/minji/minji_ws/src/btcpp_ros2_project -DCMAKE_INSTALL_PREFIX=/home/minji/minji_ws/install/btcpp_ros2_project
[0.029s] -- Found ament_cmake: 1.3.9 (/opt/ros/humble/share/ament_cmake/cmake)
[0.211s] -- Found behaviortree_ros2: 0.2.0 (/home/minji/minji_ws/install/behaviortree_ros2/share/behaviortree_ros2/cmake)
[0.293s] -- Found rosidl_generator_c: 3.1.5 (/opt/ros/humble/share/rosidl_generator_c/cmake)
[0.303s] -- Found rosidl_adapter: 3.1.5 (/opt/ros/humble/share/rosidl_adapter/cmake)
[0.318s] -- Found rosidl_generator_cpp: 3.1.5 (/opt/ros/humble/share/rosidl_generator_cpp/cmake)
[0.340s] -- Using all available rosidl_typesupport_c: rosidl_typesupport_fastrtps_c;rosidl_typesupport_introspection_c
[0.371s] -- Using all available rosidl_typesupport_cpp: rosidl_typesupport_fastrtps_cpp;rosidl_typesupport_introspection_cpp
[0.480s] -- Found rmw_implementation_cmake: 6.1.2 (/opt/ros/humble/share/rmw_implementation_cmake/cmake)
[0.490s] -- Found rmw_fastrtps_cpp: 6.2.6 (/opt/ros/humble/share/rmw_fastrtps_cpp/cmake)
[0.628s] -- Found OpenSSL: /usr/lib/x86_64-linux-gnu/libcrypto.so (found version "3.0.2")  
[0.662s] -- Found FastRTPS: /opt/ros/humble/include  
[0.732s] -- Using RMW implementation 'rmw_fastrtps_cpp' as default
[0.750s] -- Looking for pthread.h
[0.833s] -- Looking for pthread.h - found
[0.833s] -- Performing Test CMAKE_HAVE_LIBC_PTHREAD
[0.920s] -- Performing Test CMAKE_HAVE_LIBC_PTHREAD - Success
[0.921s] -- Found Threads: TRUE  
[1.324s] -- Found parameter_traits: 0.3.8 (/opt/ros/humble/share/parameter_traits/cmake)
[1.362s] -- Found rclcpp_lifecycle: 16.0.9 (/opt/ros/humble/share/rclcpp_lifecycle/cmake)
[1.422s] -- Found sensor_msgs: 4.2.4 (/opt/ros/humble/share/sensor_msgs/cmake)
[1.677s] -- Configuring done
[1.723s] -- Generating done
[1.725s] -- Build files have been written to: /home/minji/minji_ws/build/btcpp_ros2_project
[1.733s] Invoked command in '/home/minji/minji_ws/build/btcpp_ros2_project' returned '0': AMENT_PREFIX_PATH=/home/minji/minji_ws/install/behaviortree_ros2:/home/minji/minji_ws/install/btcpp_ros2_interfaces:${AMENT_PREFIX_PATH} CMAKE_PREFIX_PATH=/home/minji/minji_ws/install/behaviortree_ros2:/home/minji/minji_ws/install/btcpp_ros2_interfaces:/home/minji/minji_ws/install/webots_ros2_control:/home/minji/minji_ws/install/webots_ros2_driver:/home/minji/minji_ws/install/webots_ros2_msgs:/home/minji/my_study/install/webots_ros2_control:/home/minji/my_study/install/webots_ros2_driver:/home/minji/my_study/install/webots_ros2_msgs:/usr/local:/home/minji/minji_ws/install/webots_ros2:/home/minji/minji_ws/install/webots_ros2_universal_robot:/home/minji/minji_ws/install/webots_ros2_turtlebot:/home/minji/minji_ws/install/webots_ros2_tiago:/home/minji/minji_ws/install/webots_ros2_tests:/home/minji/minji_ws/install/webots_ros2_tesla:/home/minji/minji_ws/install/webots_ros2_mavic:/home/minji/minji_ws/install/webots_ros2_ld90:/home/minji/minji_ws/install/webots_ros2_epuck:/home/minji/my_study/install/webots_ros2:/home/minji/my_study/install/webots_ros2_universal_robot:/home/minji/my_study/install/webots_ros2_turtlebot:/home/minji/my_study/install/webots_ros2_tiago:/home/minji/my_study/install/webots_ros2_tests:/home/minji/my_study/install/webots_ros2_tesla:/home/minji/my_study/install/webots_ros2_mavic:/home/minji/my_study/install/webots_ros2_ld90:/home/minji/my_study/install/webots_ros2_epuck:/opt/ros/humble LD_LIBRARY_PATH=/home/minji/minji_ws/install/behaviortree_ros2/lib:/home/minji/minji_ws/install/btcpp_ros2_interfaces/lib:${LD_LIBRARY_PATH} PYTHONPATH=/home/minji/minji_ws/install/btcpp_ros2_interfaces/local/lib/python3.10/dist-packages:${PYTHONPATH} /usr/bin/cmake /home/minji/minji_ws/src/btcpp_ros2_project -DCMAKE_INSTALL_PREFIX=/home/minji/minji_ws/install/btcpp_ros2_project
[1.735s] Invoking command in '/home/minji/minji_ws/build/btcpp_ros2_project': AMENT_PREFIX_PATH=/home/minji/minji_ws/install/behaviortree_ros2:/home/minji/minji_ws/install/btcpp_ros2_interfaces:${AMENT_PREFIX_PATH} CMAKE_PREFIX_PATH=/home/minji/minji_ws/install/behaviortree_ros2:/home/minji/minji_ws/install/btcpp_ros2_interfaces:/home/minji/minji_ws/install/webots_ros2_control:/home/minji/minji_ws/install/webots_ros2_driver:/home/minji/minji_ws/install/webots_ros2_msgs:/home/minji/my_study/install/webots_ros2_control:/home/minji/my_study/install/webots_ros2_driver:/home/minji/my_study/install/webots_ros2_msgs:/usr/local:/home/minji/minji_ws/install/webots_ros2:/home/minji/minji_ws/install/webots_ros2_universal_robot:/home/minji/minji_ws/install/webots_ros2_turtlebot:/home/minji/minji_ws/install/webots_ros2_tiago:/home/minji/minji_ws/install/webots_ros2_tests:/home/minji/minji_ws/install/webots_ros2_tesla:/home/minji/minji_ws/install/webots_ros2_mavic:/home/minji/minji_ws/install/webots_ros2_ld90:/home/minji/minji_ws/install/webots_ros2_epuck:/home/minji/my_study/install/webots_ros2:/home/minji/my_study/install/webots_ros2_universal_robot:/home/minji/my_study/install/webots_ros2_turtlebot:/home/minji/my_study/install/webots_ros2_tiago:/home/minji/my_study/install/webots_ros2_tests:/home/minji/my_study/install/webots_ros2_tesla:/home/minji/my_study/install/webots_ros2_mavic:/home/minji/my_study/install/webots_ros2_ld90:/home/minji/my_study/install/webots_ros2_epuck:/opt/ros/humble LD_LIBRARY_PATH=/home/minji/minji_ws/install/behaviortree_ros2/lib:/home/minji/minji_ws/install/btcpp_ros2_interfaces/lib:${LD_LIBRARY_PATH} PYTHONPATH=/home/minji/minji_ws/install/btcpp_ros2_interfaces/local/lib/python3.10/dist-packages:${PYTHONPATH} /usr/bin/cmake --build /home/minji/minji_ws/build/btcpp_ros2_project -- -j8 -l8
[1.793s] [ 25%] [32mBuilding CXX object CMakeFiles/capture_image_plugin.dir/src/capture_image.cpp.o[0m
[1.795s] [ 50%] [32mBuilding CXX object CMakeFiles/project_bt_executor.dir/src/project_bt_executor.cpp.o[0m
[8.764s] [ 75%] [32m[1mLinking CXX executable project_bt_executor[0m
[10.082s] [ 75%] Built target project_bt_executor
[18.816s] [100%] [32m[1mLinking CXX shared library libcapture_image_plugin.so[0m
[19.436s] [100%] Built target capture_image_plugin
[19.503s] Invoked command in '/home/minji/minji_ws/build/btcpp_ros2_project' returned '0': AMENT_PREFIX_PATH=/home/minji/minji_ws/install/behaviortree_ros2:/home/minji/minji_ws/install/btcpp_ros2_interfaces:${AMENT_PREFIX_PATH} CMAKE_PREFIX_PATH=/home/minji/minji_ws/install/behaviortree_ros2:/home/minji/minji_ws/install/btcpp_ros2_interfaces:/home/minji/minji_ws/install/webots_ros2_control:/home/minji/minji_ws/install/webots_ros2_driver:/home/minji/minji_ws/install/webots_ros2_msgs:/home/minji/my_study/install/webots_ros2_control:/home/minji/my_study/install/webots_ros2_driver:/home/minji/my_study/install/webots_ros2_msgs:/usr/local:/home/minji/minji_ws/install/webots_ros2:/home/minji/minji_ws/install/webots_ros2_universal_robot:/home/minji/minji_ws/install/webots_ros2_turtlebot:/home/minji/minji_ws/install/webots_ros2_tiago:/home/minji/minji_ws/install/webots_ros2_tests:/home/minji/minji_ws/install/webots_ros2_tesla:/home/minji/minji_ws/install/webots_ros2_mavic:/home/minji/minji_ws/install/webots_ros2_ld90:/home/minji/minji_ws/install/webots_ros2_epuck:/home/minji/my_study/install/webots_ros2:/home/minji/my_study/install/webots_ros2_universal_robot:/home/minji/my_study/install/webots_ros2_turtlebot:/home/minji/my_study/install/webots_ros2_tiago:/home/minji/my_study/install/webots_ros2_tests:/home/minji/my_study/install/webots_ros2_tesla:/home/minji/my_study/install/webots_ros2_mavic:/home/minji/my_study/install/webots_ros2_ld90:/home/minji/my_study/install/webots_ros2_epuck:/opt/ros/humble LD_LIBRARY_PATH=/home/minji/minji_ws/install/behaviortree_ros2/lib:/home/minji/minji_ws/install/btcpp_ros2_interfaces/lib:${LD_LIBRARY_PATH} PYTHONPATH=/home/minji/minji_ws/install/btcpp_ros2_interfaces/local/lib/python3.10/dist-packages:${PYTHONPATH} /usr/bin/cmake --build /home/minji/minji_ws/build/btcpp_ros2_project -- -j8 -l8
[19.568s] Invoking command in '/home/minji/minji_ws/build/btcpp_ros2_project': AMENT_PREFIX_PATH=/home/minji/minji_ws/install/behaviortree_ros2:/home/minji/minji_ws/install/btcpp_ros2_interfaces:${AMENT_PREFIX_PATH} CMAKE_PREFIX_PATH=/home/minji/minji_ws/install/behaviortree_ros2:/home/minji/minji_ws/install/btcpp_ros2_interfaces:/home/minji/minji_ws/install/webots_ros2_control:/home/minji/minji_ws/install/webots_ros2_driver:/home/minji/minji_ws/install/webots_ros2_msgs:/home/minji/my_study/install/webots_ros2_control:/home/minji/my_study/install/webots_ros2_driver:/home/minji/my_study/install/webots_ros2_msgs:/usr/local:/home/minji/minji_ws/install/webots_ros2:/home/minji/minji_ws/install/webots_ros2_universal_robot:/home/minji/minji_ws/install/webots_ros2_turtlebot:/home/minji/minji_ws/install/webots_ros2_tiago:/home/minji/minji_ws/install/webots_ros2_tests:/home/minji/minji_ws/install/webots_ros2_tesla:/home/minji/minji_ws/install/webots_ros2_mavic:/home/minji/minji_ws/install/webots_ros2_ld90:/home/minji/minji_ws/install/webots_ros2_epuck:/home/minji/my_study/install/webots_ros2:/home/minji/my_study/install/webots_ros2_universal_robot:/home/minji/my_study/install/webots_ros2_turtlebot:/home/minji/my_study/install/webots_ros2_tiago:/home/minji/my_study/install/webots_ros2_tests:/home/minji/my_study/install/webots_ros2_tesla:/home/minji/my_study/install/webots_ros2_mavic:/home/minji/my_study/install/webots_ros2_ld90:/home/minji/my_study/install/webots_ros2_epuck:/opt/ros/humble LD_LIBRARY_PATH=/home/minji/minji_ws/install/behaviortree_ros2/lib:/home/minji/minji_ws/install/btcpp_ros2_interfaces/lib:${LD_LIBRARY_PATH} PYTHONPATH=/home/minji/minji_ws/install/btcpp_ros2_interfaces/local/lib/python3.10/dist-packages:${PYTHONPATH} /usr/bin/cmake --install /home/minji/minji_ws/build/btcpp_ros2_project
[19.576s] -- Install configuration: ""
[19.577s] -- Installing: /home/minji/minji_ws/install/btcpp_ros2_project/lib/btcpp_ros2_project/libcapture_image_plugin.so
[19.584s] -- Set runtime path of "/home/minji/minji_ws/install/btcpp_ros2_project/lib/btcpp_ros2_project/libcapture_image_plugin.so" to ""
[19.584s] -- Installing: /home/minji/minji_ws/install/btcpp_ros2_project/lib/btcpp_ros2_project/project_bt_executor
[19.584s] -- Set runtime path of "/home/minji/minji_ws/install/btcpp_ros2_project/lib/btcpp_ros2_project/project_bt_executor" to ""
[19.584s] -- Installing: /home/minji/minji_ws/install/btcpp_ros2_project/share/btcpp_ros2_project/bt_plugins/libcapture_image_plugin.so
[19.590s] -- Set runtime path of "/home/minji/minji_ws/install/btcpp_ros2_project/share/btcpp_ros2_project/bt_plugins/libcapture_image_plugin.so" to ""
[19.591s] -- Installing: /home/minji/minji_ws/install/btcpp_ros2_project/share/btcpp_ros2_project//behavior_trees
[19.591s] -- Installing: /home/minji/minji_ws/install/btcpp_ros2_project/share/btcpp_ros2_project//behavior_trees/inspection_tree.xml
[19.591s] -- Installing: /home/minji/minji_ws/install/btcpp_ros2_project/share/btcpp_ros2_project//config
[19.591s] -- Installing: /home/minji/minji_ws/install/btcpp_ros2_project/share/btcpp_ros2_project//config/project_bt_executor.yaml
[19.591s] -- Installing: /home/minji/minji_ws/install/btcpp_ros2_project/share/btcpp_ros2_project//launch
[19.592s] -- Installing: /home/minji/minji_ws/install/btcpp_ros2_project/share/btcpp_ros2_project//launch/project_bt_executor.launch.xml
[19.592s] -- Installing: /home/minji/minji_ws/install/btcpp_ros2_project/share/ament_index/resource_index/package_run_dependencies/btcpp_ros2_project
[19.592s] -- Installing: /home/minji/minji_ws/install/btcpp_ros2_project/share/ament_index/resource_index/parent_prefix_path/btcpp_ros2_project
[19.593s] -- Installing: /home/minji/minji_ws/install/btcpp_ros2_project/share/btcpp_ros2_project/environment/ament_prefix_path.sh
[19.594s] -- Installing: /home/minji/minji_ws/install/btcpp_ros2_project/share/btcpp_ros2_project/environment/ament_prefix_path.dsv
[19.594s] -- Installing: /home/minji/minji_ws/install/btcpp_ros2_project/share/btcpp_ros2_project/environment/path.sh
[19.594s] -- Installing: /home/minji/minji_ws/install/btcpp_ros2_project/share/btcpp_ros2_project/environment/path.dsv
[19.594s] -- Installing: /home/minji/minji_ws/install/btcpp_ros2_project/share/btcpp_ros2_project/local_setup.bash
[19.594s] -- Installing: /home/minji/minji_ws/install/btcpp_ros2_project/share/btcpp_ros2_project/local_setup.sh
[19.595s] -- Installing: /home/minji/minji_ws/install/btcpp_ros2_project/share/btcpp_ros2_project/local_setup.zsh
[19.595s] -- Installing: /home/minji/minji_ws/install/btcpp_ros2_project/share/btcpp_ros2_project/local_setup.dsv
[19.595s] -- Installing: /home/minji/minji_ws/install/btcpp_ros2_project/share/btcpp_ros2_project/package.dsv
[19.595s] -- Installing: /home/minji/minji_ws/install/btcpp_ros2_project/share/ament_index/resource_index/packages/btcpp_ros2_project
[19.595s] -- Installing: /home/minji/minji_ws/install/btcpp_ros2_project/share/btcpp_ros2_project/cmake/ament_cmake_export_dependencies-extras.cmake
[19.595s] -- Installing: /home/minji/minji_ws/install/btcpp_ros2_project/share/btcpp_ros2_project/cmake/btcpp_ros2_projectConfig.cmake
[19.596s] -- Installing: /home/minji/minji_ws/install/btcpp_ros2_project/share/btcpp_ros2_project/cmake/btcpp_ros2_projectConfig-version.cmake
[19.596s] -- Installing: /home/minji/minji_ws/install/btcpp_ros2_project/share/btcpp_ros2_project/package.xml
[19.612s] Invoked command in '/home/minji/minji_ws/build/btcpp_ros2_project' returned '0': AMENT_PREFIX_PATH=/home/minji/minji_ws/install/behaviortree_ros2:/home/minji/minji_ws/install/btcpp_ros2_interfaces:${AMENT_PREFIX_PATH} CMAKE_PREFIX_PATH=/home/minji/minji_ws/install/behaviortree_ros2:/home/minji/minji_ws/install/btcpp_ros2_interfaces:/home/minji/minji_ws/install/webots_ros2_control:/home/minji/minji_ws/install/webots_ros2_driver:/home/minji/minji_ws/install/webots_ros2_msgs:/home/minji/my_study/install/webots_ros2_control:/home/minji/my_study/install/webots_ros2_driver:/home/minji/my_study/install/webots_ros2_msgs:/usr/local:/home/minji/minji_ws/install/webots_ros2:/home/minji/minji_ws/install/webots_ros2_universal_robot:/home/minji/minji_ws/install/webots_ros2_turtlebot:/home/minji/minji_ws/install/webots_ros2_tiago:/home/minji/minji_ws/install/webots_ros2_tests:/home/minji/minji_ws/install/webots_ros2_tesla:/home/minji/minji_ws/install/webots_ros2_mavic:/home/minji/minji_ws/install/webots_ros2_ld90:/home/minji/minji_ws/install/webots_ros2_epuck:/home/minji/my_study/install/webots_ros2:/home/minji/my_study/install/webots_ros2_universal_robot:/home/minji/my_study/install/webots_ros2_turtlebot:/home/minji/my_study/install/webots_ros2_tiago:/home/minji/my_study/install/webots_ros2_tests:/home/minji/my_study/install/webots_ros2_tesla:/home/minji/my_study/install/webots_ros2_mavic:/home/minji/my_study/install/webots_ros2_ld90:/home/minji/my_study/install/webots_ros2_epuck:/opt/ros/humble LD_LIBRARY_PATH=/home/minji/minji_ws/install/behaviortree_ros2/lib:/home/minji/minji_ws/install/btcpp_ros2_interfaces/lib:${LD_LIBRARY_PATH} PYTHONPATH=/home/minji/minji_ws/install/btcpp_ros2_interfaces/local/lib/python3.10/dist-packages:${PYTHONPATH} /usr/bin/cmake --install /home/minji/minji_ws/build/btcpp_ros2_project
