[0.019s] Invoking command in '/home/minji/minji_ws/build/webots_ros2_control': AMENT_PREFIX_PATH=/home/minji/minji_ws/install/webots_ros2_driver:/home/minji/minji_ws/install/webots_ros2_msgs:${AMENT_PREFIX_PATH} CMAKE_PREFIX_PATH=/home/minji/minji_ws/install/webots_ros2_driver:/home/minji/minji_ws/install/webots_ros2_msgs:/home/minji/my_study/install/webots_ros2_control:/home/minji/my_study/install/webots_ros2_driver:/home/minji/my_study/install/webots_ros2_msgs:/usr/local:/home/minji/my_study/install/webots_ros2:/home/minji/my_study/install/webots_ros2_universal_robot:/home/minji/my_study/install/webots_ros2_turtlebot:/home/minji/my_study/install/webots_ros2_tiago:/home/minji/my_study/install/webots_ros2_tests:/home/minji/my_study/install/webots_ros2_tesla:/home/minji/my_study/install/webots_ros2_mavic:/home/minji/my_study/install/webots_ros2_ld90:/home/minji/my_study/install/webots_ros2_epuck:/opt/ros/humble LD_LIBRARY_PATH=/home/minji/minji_ws/install/webots_ros2_driver/lib:/home/minji/minji_ws/install/webots_ros2_msgs/lib:${LD_LIBRARY_PATH} PYTHONPATH=/home/minji/minji_ws/install/webots_ros2_driver/local/lib/python3.10/dist-packages:/home/minji/minji_ws/install/webots_ros2_msgs/local/lib/python3.10/dist-packages:${PYTHONPATH} /usr/bin/cmake --build /home/minji/minji_ws/build/webots_ros2_control -- -j8 -l8
[0.446s] [35m[1mConsolidate compiler generated dependencies of target webots_ros2_control_system[0m
[0.446s] [35m[1mConsolidate compiler generated dependencies of target webots_ros2_control[0m
[0.446s] [ 50%] [32m[1mLinking CXX shared library libwebots_ros2_control_system.so[0m
[0.446s] [ 50%] [32m[1mLinking CXX shared library libwebots_ros2_control.so[0m
[0.446s] [ 75%] Built target webots_ros2_control_system
[0.446s] [100%] Built target webots_ros2_control
[0.644s] Invoked command in '/home/minji/minji_ws/build/webots_ros2_control' returned '0': AMENT_PREFIX_PATH=/home/minji/minji_ws/install/webots_ros2_driver:/home/minji/minji_ws/install/webots_ros2_msgs:${AMENT_PREFIX_PATH} CMAKE_PREFIX_PATH=/home/minji/minji_ws/install/webots_ros2_driver:/home/minji/minji_ws/install/webots_ros2_msgs:/home/minji/my_study/install/webots_ros2_control:/home/minji/my_study/install/webots_ros2_driver:/home/minji/my_study/install/webots_ros2_msgs:/usr/local:/home/minji/my_study/install/webots_ros2:/home/minji/my_study/install/webots_ros2_universal_robot:/home/minji/my_study/install/webots_ros2_turtlebot:/home/minji/my_study/install/webots_ros2_tiago:/home/minji/my_study/install/webots_ros2_tests:/home/minji/my_study/install/webots_ros2_tesla:/home/minji/my_study/install/webots_ros2_mavic:/home/minji/my_study/install/webots_ros2_ld90:/home/minji/my_study/install/webots_ros2_epuck:/opt/ros/humble LD_LIBRARY_PATH=/home/minji/minji_ws/install/webots_ros2_driver/lib:/home/minji/minji_ws/install/webots_ros2_msgs/lib:${LD_LIBRARY_PATH} PYTHONPATH=/home/minji/minji_ws/install/webots_ros2_driver/local/lib/python3.10/dist-packages:/home/minji/minji_ws/install/webots_ros2_msgs/local/lib/python3.10/dist-packages:${PYTHONPATH} /usr/bin/cmake --build /home/minji/minji_ws/build/webots_ros2_control -- -j8 -l8
[0.666s] Invoking command in '/home/minji/minji_ws/build/webots_ros2_control': AMENT_PREFIX_PATH=/home/minji/minji_ws/install/webots_ros2_driver:/home/minji/minji_ws/install/webots_ros2_msgs:${AMENT_PREFIX_PATH} CMAKE_PREFIX_PATH=/home/minji/minji_ws/install/webots_ros2_driver:/home/minji/minji_ws/install/webots_ros2_msgs:/home/minji/my_study/install/webots_ros2_control:/home/minji/my_study/install/webots_ros2_driver:/home/minji/my_study/install/webots_ros2_msgs:/usr/local:/home/minji/my_study/install/webots_ros2:/home/minji/my_study/install/webots_ros2_universal_robot:/home/minji/my_study/install/webots_ros2_turtlebot:/home/minji/my_study/install/webots_ros2_tiago:/home/minji/my_study/install/webots_ros2_tests:/home/minji/my_study/install/webots_ros2_tesla:/home/minji/my_study/install/webots_ros2_mavic:/home/minji/my_study/install/webots_ros2_ld90:/home/minji/my_study/install/webots_ros2_epuck:/opt/ros/humble LD_LIBRARY_PATH=/home/minji/minji_ws/install/webots_ros2_driver/lib:/home/minji/minji_ws/install/webots_ros2_msgs/lib:${LD_LIBRARY_PATH} PYTHONPATH=/home/minji/minji_ws/install/webots_ros2_driver/local/lib/python3.10/dist-packages:/home/minji/minji_ws/install/webots_ros2_msgs/local/lib/python3.10/dist-packages:${PYTHONPATH} /usr/bin/cmake --install /home/minji/minji_ws/build/webots_ros2_control
[0.673s] -- Install configuration: ""
[0.673s] -- Up-to-date: /home/minji/minji_ws/install/webots_ros2_control/share/webots_ros2_control/webots_ros2_control.xml
[0.673s] -- Up-to-date: /home/minji/minji_ws/install/webots_ros2_control/share/webots_ros2_control/webots_ros2_control_system.xml
[0.673s] -- Installing: /home/minji/minji_ws/install/webots_ros2_control/lib/libwebots_ros2_control.so
[0.676s] -- Set runtime path of "/home/minji/minji_ws/install/webots_ros2_control/lib/libwebots_ros2_control.so" to ""
[0.676s] -- Installing: /home/minji/minji_ws/install/webots_ros2_control/lib/libwebots_ros2_control_system.so
[0.677s] -- Set runtime path of "/home/minji/minji_ws/install/webots_ros2_control/lib/libwebots_ros2_control_system.so" to ""
[0.677s] -- Up-to-date: /home/minji/minji_ws/install/webots_ros2_control/include
[0.677s] -- Up-to-date: /home/minji/minji_ws/install/webots_ros2_control/include/webots_ros2_control
[0.677s] -- Up-to-date: /home/minji/minji_ws/install/webots_ros2_control/include/webots_ros2_control/Ros2ControlSystem.hpp
[0.677s] -- Up-to-date: /home/minji/minji_ws/install/webots_ros2_control/include/webots_ros2_control/Ros2Control.hpp
[0.677s] -- Up-to-date: /home/minji/minji_ws/install/webots_ros2_control/include/webots_ros2_control/Ros2ControlSystemInterface.hpp
[0.677s] -- Up-to-date: /home/minji/minji_ws/install/webots_ros2_control/share/webots_ros2_control/environment/library_path.sh
[0.677s] -- Up-to-date: /home/minji/minji_ws/install/webots_ros2_control/share/webots_ros2_control/environment/library_path.dsv
[0.678s] -- Up-to-date: /home/minji/minji_ws/install/webots_ros2_control/share/ament_index/resource_index/package_run_dependencies/webots_ros2_control
[0.678s] -- Up-to-date: /home/minji/minji_ws/install/webots_ros2_control/share/ament_index/resource_index/parent_prefix_path/webots_ros2_control
[0.678s] -- Up-to-date: /home/minji/minji_ws/install/webots_ros2_control/share/webots_ros2_control/environment/ament_prefix_path.sh
[0.678s] -- Up-to-date: /home/minji/minji_ws/install/webots_ros2_control/share/webots_ros2_control/environment/ament_prefix_path.dsv
[0.678s] -- Up-to-date: /home/minji/minji_ws/install/webots_ros2_control/share/webots_ros2_control/environment/path.sh
[0.678s] -- Up-to-date: /home/minji/minji_ws/install/webots_ros2_control/share/webots_ros2_control/environment/path.dsv
[0.678s] -- Up-to-date: /home/minji/minji_ws/install/webots_ros2_control/share/webots_ros2_control/local_setup.bash
[0.678s] -- Up-to-date: /home/minji/minji_ws/install/webots_ros2_control/share/webots_ros2_control/local_setup.sh
[0.678s] -- Up-to-date: /home/minji/minji_ws/install/webots_ros2_control/share/webots_ros2_control/local_setup.zsh
[0.678s] -- Up-to-date: /home/minji/minji_ws/install/webots_ros2_control/share/webots_ros2_control/local_setup.dsv
[0.678s] -- Installing: /home/minji/minji_ws/install/webots_ros2_control/share/webots_ros2_control/package.dsv
[0.678s] -- Up-to-date: /home/minji/minji_ws/install/webots_ros2_control/share/ament_index/resource_index/packages/webots_ros2_control
[0.679s] -- Up-to-date: /home/minji/minji_ws/install/webots_ros2_control/share/ament_index/resource_index/webots_ros2_driver__pluginlib__plugin/webots_ros2_control
[0.679s] -- Up-to-date: /home/minji/minji_ws/install/webots_ros2_control/share/ament_index/resource_index/webots_ros2_control__pluginlib__plugin/webots_ros2_control
[0.679s] -- Up-to-date: /home/minji/minji_ws/install/webots_ros2_control/share/webots_ros2_control/cmake/ament_cmake_export_include_directories-extras.cmake
[0.679s] -- Up-to-date: /home/minji/minji_ws/install/webots_ros2_control/share/webots_ros2_control/cmake/ament_cmake_export_dependencies-extras.cmake
[0.679s] -- Up-to-date: /home/minji/minji_ws/install/webots_ros2_control/share/webots_ros2_control/cmake/ament_cmake_export_libraries-extras.cmake
[0.679s] -- Up-to-date: /home/minji/minji_ws/install/webots_ros2_control/share/webots_ros2_control/cmake/webots_ros2_controlConfig.cmake
[0.679s] -- Up-to-date: /home/minji/minji_ws/install/webots_ros2_control/share/webots_ros2_control/cmake/webots_ros2_controlConfig-version.cmake
[0.679s] -- Up-to-date: /home/minji/minji_ws/install/webots_ros2_control/share/webots_ros2_control/package.xml
[0.680s] Invoked command in '/home/minji/minji_ws/build/webots_ros2_control' returned '0': AMENT_PREFIX_PATH=/home/minji/minji_ws/install/webots_ros2_driver:/home/minji/minji_ws/install/webots_ros2_msgs:${AMENT_PREFIX_PATH} CMAKE_PREFIX_PATH=/home/minji/minji_ws/install/webots_ros2_driver:/home/minji/minji_ws/install/webots_ros2_msgs:/home/minji/my_study/install/webots_ros2_control:/home/minji/my_study/install/webots_ros2_driver:/home/minji/my_study/install/webots_ros2_msgs:/usr/local:/home/minji/my_study/install/webots_ros2:/home/minji/my_study/install/webots_ros2_universal_robot:/home/minji/my_study/install/webots_ros2_turtlebot:/home/minji/my_study/install/webots_ros2_tiago:/home/minji/my_study/install/webots_ros2_tests:/home/minji/my_study/install/webots_ros2_tesla:/home/minji/my_study/install/webots_ros2_mavic:/home/minji/my_study/install/webots_ros2_ld90:/home/minji/my_study/install/webots_ros2_epuck:/opt/ros/humble LD_LIBRARY_PATH=/home/minji/minji_ws/install/webots_ros2_driver/lib:/home/minji/minji_ws/install/webots_ros2_msgs/lib:${LD_LIBRARY_PATH} PYTHONPATH=/home/minji/minji_ws/install/webots_ros2_driver/local/lib/python3.10/dist-packages:/home/minji/minji_ws/install/webots_ros2_msgs/local/lib/python3.10/dist-packages:${PYTHONPATH} /usr/bin/cmake --install /home/minji/minji_ws/build/webots_ros2_control
