[0.129s] DEBUG:colcon:Command line arguments: ['/usr/bin/colcon', 'build']
[0.129s] DEBUG:colcon:Parsed command line arguments: Namespace(log_base=None, log_level=None, verb_name='build', build_base='build', install_base='install', merge_install=False, symlink_install=False, test_result_base=None, continue_on_error=False, executor='parallel', parallel_workers=8, event_handlers=None, ignore_user_meta=False, metas=['./colcon.meta'], base_paths=['.'], packages_ignore=None, packages_ignore_regex=None, paths=None, packages_up_to=None, packages_up_to_regex=None, packages_above=None, packages_above_and_dependencies=None, packages_above_depth=None, packages_select_by_dep=None, packages_skip_by_dep=None, packages_skip_up_to=None, packages_select_build_failed=False, packages_skip_build_finished=False, packages_select_test_failures=False, packages_skip_test_passed=False, packages_select=None, packages_skip=None, packages_select_regex=None, packages_skip_regex=None, packages_start=None, packages_end=None, allow_overriding=[], cmake_args=None, cmake_target=None, cmake_target_skip_unavailable=False, cmake_clean_cache=False, cmake_clean_first=False, cmake_force_configure=False, ament_cmake_args=None, catkin_cmake_args=None, catkin_skip_building_tests=False, mixin_files=None, mixin=None, verb_parser=<colcon_mixin.mixin.mixin_argument.MixinArgumentDecorator object at 0x7c0edf333b50>, verb_extension=<colcon_core.verb.build.BuildVerb object at 0x7c0edf3334c0>, main=<bound method BuildVerb.main of <colcon_core.verb.build.BuildVerb object at 0x7c0edf3334c0>>, mixin_verb=('build',))
[0.313s] Level 1:colcon.colcon_core.package_discovery:discover_packages(colcon_meta) check parameters
[0.313s] Level 1:colcon.colcon_core.package_discovery:discover_packages(recursive) check parameters
[0.313s] Level 1:colcon.colcon_core.package_discovery:discover_packages(ignore) check parameters
[0.313s] Level 1:colcon.colcon_core.package_discovery:discover_packages(path) check parameters
[0.313s] Level 1:colcon.colcon_core.package_discovery:discover_packages(colcon_meta) discover
[0.314s] Level 1:colcon.colcon_core.package_discovery:discover_packages(recursive) discover
[0.314s] INFO:colcon.colcon_core.package_discovery:Crawling recursively for packages in '/home/minji/test_folder/Test_in_Simulation'
[0.314s] Level 1:colcon.colcon_core.package_identification:_identify(.) by extensions ['ignore', 'ignore_ament_install']
[0.314s] Level 1:colcon.colcon_core.package_identification:_identify(.) by extension 'ignore'
[0.314s] Level 1:colcon.colcon_core.package_identification:_identify(.) by extension 'ignore_ament_install'
[0.314s] Level 1:colcon.colcon_core.package_identification:_identify(.) by extensions ['colcon_pkg']
[0.314s] Level 1:colcon.colcon_core.package_identification:_identify(.) by extension 'colcon_pkg'
[0.314s] Level 1:colcon.colcon_core.package_identification:_identify(.) by extensions ['colcon_meta']
[0.314s] Level 1:colcon.colcon_core.package_identification:_identify(.) by extension 'colcon_meta'
[0.314s] Level 1:colcon.colcon_core.package_identification:_identify(.) by extensions ['ros']
[0.314s] Level 1:colcon.colcon_core.package_identification:_identify(.) by extension 'ros'
[0.322s] Level 1:colcon.colcon_core.package_identification:_identify(.) by extensions ['cmake', 'python']
[0.322s] Level 1:colcon.colcon_core.package_identification:_identify(.) by extension 'cmake'
[0.323s] Level 1:colcon.colcon_core.package_identification:_identify(.) by extension 'python'
[0.323s] Level 1:colcon.colcon_core.package_identification:_identify(.) by extensions ['python_setup_py']
[0.323s] Level 1:colcon.colcon_core.package_identification:_identify(.) by extension 'python_setup_py'
[0.323s] Level 1:colcon.colcon_core.package_identification:_identify(build) by extensions ['ignore', 'ignore_ament_install']
[0.323s] Level 1:colcon.colcon_core.package_identification:_identify(build) by extension 'ignore'
[0.323s] Level 1:colcon.colcon_core.package_identification:_identify(build) ignored
[0.323s] Level 1:colcon.colcon_core.package_identification:_identify(install) by extensions ['ignore', 'ignore_ament_install']
[0.323s] Level 1:colcon.colcon_core.package_identification:_identify(install) by extension 'ignore'
[0.323s] Level 1:colcon.colcon_core.package_identification:_identify(install) ignored
[0.323s] Level 1:colcon.colcon_core.package_identification:_identify(log) by extensions ['ignore', 'ignore_ament_install']
[0.323s] Level 1:colcon.colcon_core.package_identification:_identify(log) by extension 'ignore'
[0.323s] Level 1:colcon.colcon_core.package_identification:_identify(log) ignored
[0.323s] Level 1:colcon.colcon_core.package_identification:_identify(webots_ros2) by extensions ['ignore', 'ignore_ament_install']
[0.323s] Level 1:colcon.colcon_core.package_identification:_identify(webots_ros2) by extension 'ignore'
[0.323s] Level 1:colcon.colcon_core.package_identification:_identify(webots_ros2) by extension 'ignore_ament_install'
[0.323s] Level 1:colcon.colcon_core.package_identification:_identify(webots_ros2) by extensions ['colcon_pkg']
[0.323s] Level 1:colcon.colcon_core.package_identification:_identify(webots_ros2) by extension 'colcon_pkg'
[0.323s] Level 1:colcon.colcon_core.package_identification:_identify(webots_ros2) by extensions ['colcon_meta']
[0.323s] Level 1:colcon.colcon_core.package_identification:_identify(webots_ros2) by extension 'colcon_meta'
[0.323s] Level 1:colcon.colcon_core.package_identification:_identify(webots_ros2) by extensions ['ros']
[0.323s] Level 1:colcon.colcon_core.package_identification:_identify(webots_ros2) by extension 'ros'
[0.323s] Level 1:colcon.colcon_core.package_identification:_identify(webots_ros2) by extensions ['cmake', 'python']
[0.323s] Level 1:colcon.colcon_core.package_identification:_identify(webots_ros2) by extension 'cmake'
[0.323s] Level 1:colcon.colcon_core.package_identification:_identify(webots_ros2) by extension 'python'
[0.323s] Level 1:colcon.colcon_core.package_identification:_identify(webots_ros2) by extensions ['python_setup_py']
[0.323s] Level 1:colcon.colcon_core.package_identification:_identify(webots_ros2) by extension 'python_setup_py'
[0.323s] Level 1:colcon.colcon_core.package_identification:_identify(webots_ros2/images) by extensions ['ignore', 'ignore_ament_install']
[0.324s] Level 1:colcon.colcon_core.package_identification:_identify(webots_ros2/images) by extension 'ignore'
[0.324s] Level 1:colcon.colcon_core.package_identification:_identify(webots_ros2/images) by extension 'ignore_ament_install'
[0.324s] Level 1:colcon.colcon_core.package_identification:_identify(webots_ros2/images) by extensions ['colcon_pkg']
[0.324s] Level 1:colcon.colcon_core.package_identification:_identify(webots_ros2/images) by extension 'colcon_pkg'
[0.324s] Level 1:colcon.colcon_core.package_identification:_identify(webots_ros2/images) by extensions ['colcon_meta']
[0.324s] Level 1:colcon.colcon_core.package_identification:_identify(webots_ros2/images) by extension 'colcon_meta'
[0.324s] Level 1:colcon.colcon_core.package_identification:_identify(webots_ros2/images) by extensions ['ros']
[0.324s] Level 1:colcon.colcon_core.package_identification:_identify(webots_ros2/images) by extension 'ros'
[0.324s] Level 1:colcon.colcon_core.package_identification:_identify(webots_ros2/images) by extensions ['cmake', 'python']
[0.324s] Level 1:colcon.colcon_core.package_identification:_identify(webots_ros2/images) by extension 'cmake'
[0.324s] Level 1:colcon.colcon_core.package_identification:_identify(webots_ros2/images) by extension 'python'
[0.324s] Level 1:colcon.colcon_core.package_identification:_identify(webots_ros2/images) by extensions ['python_setup_py']
[0.324s] Level 1:colcon.colcon_core.package_identification:_identify(webots_ros2/images) by extension 'python_setup_py'
[0.324s] Level 1:colcon.colcon_core.package_identification:_identify(webots_ros2/scripts) by extensions ['ignore', 'ignore_ament_install']
[0.324s] Level 1:colcon.colcon_core.package_identification:_identify(webots_ros2/scripts) by extension 'ignore'
[0.324s] Level 1:colcon.colcon_core.package_identification:_identify(webots_ros2/scripts) by extension 'ignore_ament_install'
[0.324s] Level 1:colcon.colcon_core.package_identification:_identify(webots_ros2/scripts) by extensions ['colcon_pkg']
[0.324s] Level 1:colcon.colcon_core.package_identification:_identify(webots_ros2/scripts) by extension 'colcon_pkg'
[0.324s] Level 1:colcon.colcon_core.package_identification:_identify(webots_ros2/scripts) by extensions ['colcon_meta']
[0.324s] Level 1:colcon.colcon_core.package_identification:_identify(webots_ros2/scripts) by extension 'colcon_meta'
[0.324s] Level 1:colcon.colcon_core.package_identification:_identify(webots_ros2/scripts) by extensions ['ros']
[0.324s] Level 1:colcon.colcon_core.package_identification:_identify(webots_ros2/scripts) by extension 'ros'
[0.324s] Level 1:colcon.colcon_core.package_identification:_identify(webots_ros2/scripts) by extensions ['cmake', 'python']
[0.324s] Level 1:colcon.colcon_core.package_identification:_identify(webots_ros2/scripts) by extension 'cmake'
[0.324s] Level 1:colcon.colcon_core.package_identification:_identify(webots_ros2/scripts) by extension 'python'
[0.324s] Level 1:colcon.colcon_core.package_identification:_identify(webots_ros2/scripts) by extensions ['python_setup_py']
[0.324s] Level 1:colcon.colcon_core.package_identification:_identify(webots_ros2/scripts) by extension 'python_setup_py'
[0.324s] Level 1:colcon.colcon_core.package_identification:_identify(webots_ros2/tests) by extensions ['ignore', 'ignore_ament_install']
[0.324s] Level 1:colcon.colcon_core.package_identification:_identify(webots_ros2/tests) by extension 'ignore'
[0.324s] Level 1:colcon.colcon_core.package_identification:_identify(webots_ros2/tests) by extension 'ignore_ament_install'
[0.324s] Level 1:colcon.colcon_core.package_identification:_identify(webots_ros2/tests) by extensions ['colcon_pkg']
[0.324s] Level 1:colcon.colcon_core.package_identification:_identify(webots_ros2/tests) by extension 'colcon_pkg'
[0.324s] Level 1:colcon.colcon_core.package_identification:_identify(webots_ros2/tests) by extensions ['colcon_meta']
[0.324s] Level 1:colcon.colcon_core.package_identification:_identify(webots_ros2/tests) by extension 'colcon_meta'
[0.324s] Level 1:colcon.colcon_core.package_identification:_identify(webots_ros2/tests) by extensions ['ros']
[0.324s] Level 1:colcon.colcon_core.package_identification:_identify(webots_ros2/tests) by extension 'ros'
[0.325s] Level 1:colcon.colcon_core.package_identification:_identify(webots_ros2/tests) by extensions ['cmake', 'python']
[0.325s] Level 1:colcon.colcon_core.package_identification:_identify(webots_ros2/tests) by extension 'cmake'
[0.325s] Level 1:colcon.colcon_core.package_identification:_identify(webots_ros2/tests) by extension 'python'
[0.325s] Level 1:colcon.colcon_core.package_identification:_identify(webots_ros2/tests) by extensions ['python_setup_py']
[0.325s] Level 1:colcon.colcon_core.package_identification:_identify(webots_ros2/tests) by extension 'python_setup_py'
[0.325s] Level 1:colcon.colcon_core.package_identification:_identify(webots_ros2/tests/sources) by extensions ['ignore', 'ignore_ament_install']
[0.325s] Level 1:colcon.colcon_core.package_identification:_identify(webots_ros2/tests/sources) by extension 'ignore'
[0.325s] Level 1:colcon.colcon_core.package_identification:_identify(webots_ros2/tests/sources) by extension 'ignore_ament_install'
[0.325s] Level 1:colcon.colcon_core.package_identification:_identify(webots_ros2/tests/sources) by extensions ['colcon_pkg']
[0.325s] Level 1:colcon.colcon_core.package_identification:_identify(webots_ros2/tests/sources) by extension 'colcon_pkg'
[0.325s] Level 1:colcon.colcon_core.package_identification:_identify(webots_ros2/tests/sources) by extensions ['colcon_meta']
[0.325s] Level 1:colcon.colcon_core.package_identification:_identify(webots_ros2/tests/sources) by extension 'colcon_meta'
[0.325s] Level 1:colcon.colcon_core.package_identification:_identify(webots_ros2/tests/sources) by extensions ['ros']
[0.325s] Level 1:colcon.colcon_core.package_identification:_identify(webots_ros2/tests/sources) by extension 'ros'
[0.325s] Level 1:colcon.colcon_core.package_identification:_identify(webots_ros2/tests/sources) by extensions ['cmake', 'python']
[0.325s] Level 1:colcon.colcon_core.package_identification:_identify(webots_ros2/tests/sources) by extension 'cmake'
[0.325s] Level 1:colcon.colcon_core.package_identification:_identify(webots_ros2/tests/sources) by extension 'python'
[0.325s] Level 1:colcon.colcon_core.package_identification:_identify(webots_ros2/tests/sources) by extensions ['python_setup_py']
[0.325s] Level 1:colcon.colcon_core.package_identification:_identify(webots_ros2/tests/sources) by extension 'python_setup_py'
[0.325s] Level 1:colcon.colcon_core.package_identification:_identify(webots_ros2/webots_ros2) by extensions ['ignore', 'ignore_ament_install']
[0.325s] Level 1:colcon.colcon_core.package_identification:_identify(webots_ros2/webots_ros2) by extension 'ignore'
[0.325s] Level 1:colcon.colcon_core.package_identification:_identify(webots_ros2/webots_ros2) by extension 'ignore_ament_install'
[0.325s] Level 1:colcon.colcon_core.package_identification:_identify(webots_ros2/webots_ros2) by extensions ['colcon_pkg']
[0.325s] Level 1:colcon.colcon_core.package_identification:_identify(webots_ros2/webots_ros2) by extension 'colcon_pkg'
[0.325s] Level 1:colcon.colcon_core.package_identification:_identify(webots_ros2/webots_ros2) by extensions ['colcon_meta']
[0.325s] Level 1:colcon.colcon_core.package_identification:_identify(webots_ros2/webots_ros2) by extension 'colcon_meta'
[0.325s] Level 1:colcon.colcon_core.package_identification:_identify(webots_ros2/webots_ros2) by extensions ['ros']
[0.325s] Level 1:colcon.colcon_core.package_identification:_identify(webots_ros2/webots_ros2) by extension 'ros'
[0.328s] DEBUG:colcon.colcon_core.package_identification:Package 'webots_ros2/webots_ros2' with type 'ros.ament_python' and name 'webots_ros2'
[0.328s] Level 1:colcon.colcon_core.package_identification:_identify(webots_ros2/webots_ros2_control) by extensions ['ignore', 'ignore_ament_install']
[0.328s] Level 1:colcon.colcon_core.package_identification:_identify(webots_ros2/webots_ros2_control) by extension 'ignore'
[0.328s] Level 1:colcon.colcon_core.package_identification:_identify(webots_ros2/webots_ros2_control) by extension 'ignore_ament_install'
[0.328s] Level 1:colcon.colcon_core.package_identification:_identify(webots_ros2/webots_ros2_control) by extensions ['colcon_pkg']
[0.328s] Level 1:colcon.colcon_core.package_identification:_identify(webots_ros2/webots_ros2_control) by extension 'colcon_pkg'
[0.328s] Level 1:colcon.colcon_core.package_identification:_identify(webots_ros2/webots_ros2_control) by extensions ['colcon_meta']
[0.328s] Level 1:colcon.colcon_core.package_identification:_identify(webots_ros2/webots_ros2_control) by extension 'colcon_meta'
[0.329s] Level 1:colcon.colcon_core.package_identification:_identify(webots_ros2/webots_ros2_control) by extensions ['ros']
[0.329s] Level 1:colcon.colcon_core.package_identification:_identify(webots_ros2/webots_ros2_control) by extension 'ros'
[0.329s] DEBUG:colcon.colcon_core.package_identification:Package 'webots_ros2/webots_ros2_control' with type 'ros.ament_cmake' and name 'webots_ros2_control'
[0.329s] Level 1:colcon.colcon_core.package_identification:_identify(webots_ros2/webots_ros2_driver) by extensions ['ignore', 'ignore_ament_install']
[0.329s] Level 1:colcon.colcon_core.package_identification:_identify(webots_ros2/webots_ros2_driver) by extension 'ignore'
[0.329s] Level 1:colcon.colcon_core.package_identification:_identify(webots_ros2/webots_ros2_driver) by extension 'ignore_ament_install'
[0.329s] Level 1:colcon.colcon_core.package_identification:_identify(webots_ros2/webots_ros2_driver) by extensions ['colcon_pkg']
[0.329s] Level 1:colcon.colcon_core.package_identification:_identify(webots_ros2/webots_ros2_driver) by extension 'colcon_pkg'
[0.330s] Level 1:colcon.colcon_core.package_identification:_identify(webots_ros2/webots_ros2_driver) by extensions ['colcon_meta']
[0.330s] Level 1:colcon.colcon_core.package_identification:_identify(webots_ros2/webots_ros2_driver) by extension 'colcon_meta'
[0.330s] Level 1:colcon.colcon_core.package_identification:_identify(webots_ros2/webots_ros2_driver) by extensions ['ros']
[0.330s] Level 1:colcon.colcon_core.package_identification:_identify(webots_ros2/webots_ros2_driver) by extension 'ros'
[0.331s] DEBUG:colcon.colcon_core.package_identification:Package 'webots_ros2/webots_ros2_driver' with type 'ros.ament_cmake' and name 'webots_ros2_driver'
[0.331s] Level 1:colcon.colcon_core.package_identification:_identify(webots_ros2/webots_ros2_epuck) by extensions ['ignore', 'ignore_ament_install']
[0.331s] Level 1:colcon.colcon_core.package_identification:_identify(webots_ros2/webots_ros2_epuck) by extension 'ignore'
[0.331s] Level 1:colcon.colcon_core.package_identification:_identify(webots_ros2/webots_ros2_epuck) by extension 'ignore_ament_install'
[0.331s] Level 1:colcon.colcon_core.package_identification:_identify(webots_ros2/webots_ros2_epuck) by extensions ['colcon_pkg']
[0.331s] Level 1:colcon.colcon_core.package_identification:_identify(webots_ros2/webots_ros2_epuck) by extension 'colcon_pkg'
[0.331s] Level 1:colcon.colcon_core.package_identification:_identify(webots_ros2/webots_ros2_epuck) by extensions ['colcon_meta']
[0.331s] Level 1:colcon.colcon_core.package_identification:_identify(webots_ros2/webots_ros2_epuck) by extension 'colcon_meta'
[0.331s] Level 1:colcon.colcon_core.package_identification:_identify(webots_ros2/webots_ros2_epuck) by extensions ['ros']
[0.331s] Level 1:colcon.colcon_core.package_identification:_identify(webots_ros2/webots_ros2_epuck) by extension 'ros'
[0.331s] DEBUG:colcon.colcon_core.package_identification:Package 'webots_ros2/webots_ros2_epuck' with type 'ros.ament_python' and name 'webots_ros2_epuck'
[0.331s] Level 1:colcon.colcon_core.package_identification:_identify(webots_ros2/webots_ros2_mavic) by extensions ['ignore', 'ignore_ament_install']
[0.331s] Level 1:colcon.colcon_core.package_identification:_identify(webots_ros2/webots_ros2_mavic) by extension 'ignore'
[0.332s] Level 1:colcon.colcon_core.package_identification:_identify(webots_ros2/webots_ros2_mavic) by extension 'ignore_ament_install'
[0.332s] Level 1:colcon.colcon_core.package_identification:_identify(webots_ros2/webots_ros2_mavic) by extensions ['colcon_pkg']
[0.332s] Level 1:colcon.colcon_core.package_identification:_identify(webots_ros2/webots_ros2_mavic) by extension 'colcon_pkg'
[0.332s] Level 1:colcon.colcon_core.package_identification:_identify(webots_ros2/webots_ros2_mavic) by extensions ['colcon_meta']
[0.332s] Level 1:colcon.colcon_core.package_identification:_identify(webots_ros2/webots_ros2_mavic) by extension 'colcon_meta'
[0.332s] Level 1:colcon.colcon_core.package_identification:_identify(webots_ros2/webots_ros2_mavic) by extensions ['ros']
[0.332s] Level 1:colcon.colcon_core.package_identification:_identify(webots_ros2/webots_ros2_mavic) by extension 'ros'
[0.332s] DEBUG:colcon.colcon_core.package_identification:Package 'webots_ros2/webots_ros2_mavic' with type 'ros.ament_python' and name 'webots_ros2_mavic'
[0.332s] Level 1:colcon.colcon_core.package_identification:_identify(webots_ros2/webots_ros2_msgs) by extensions ['ignore', 'ignore_ament_install']
[0.332s] Level 1:colcon.colcon_core.package_identification:_identify(webots_ros2/webots_ros2_msgs) by extension 'ignore'
[0.332s] Level 1:colcon.colcon_core.package_identification:_identify(webots_ros2/webots_ros2_msgs) by extension 'ignore_ament_install'
[0.332s] Level 1:colcon.colcon_core.package_identification:_identify(webots_ros2/webots_ros2_msgs) by extensions ['colcon_pkg']
[0.332s] Level 1:colcon.colcon_core.package_identification:_identify(webots_ros2/webots_ros2_msgs) by extension 'colcon_pkg'
[0.332s] Level 1:colcon.colcon_core.package_identification:_identify(webots_ros2/webots_ros2_msgs) by extensions ['colcon_meta']
[0.332s] Level 1:colcon.colcon_core.package_identification:_identify(webots_ros2/webots_ros2_msgs) by extension 'colcon_meta'
[0.332s] Level 1:colcon.colcon_core.package_identification:_identify(webots_ros2/webots_ros2_msgs) by extensions ['ros']
[0.332s] Level 1:colcon.colcon_core.package_identification:_identify(webots_ros2/webots_ros2_msgs) by extension 'ros'
[0.333s] DEBUG:colcon.colcon_core.package_identification:Package 'webots_ros2/webots_ros2_msgs' with type 'ros.ament_cmake' and name 'webots_ros2_msgs'
[0.333s] Level 1:colcon.colcon_core.package_identification:_identify(webots_ros2/webots_ros2_tesla) by extensions ['ignore', 'ignore_ament_install']
[0.333s] Level 1:colcon.colcon_core.package_identification:_identify(webots_ros2/webots_ros2_tesla) by extension 'ignore'
[0.333s] Level 1:colcon.colcon_core.package_identification:_identify(webots_ros2/webots_ros2_tesla) by extension 'ignore_ament_install'
[0.333s] Level 1:colcon.colcon_core.package_identification:_identify(webots_ros2/webots_ros2_tesla) by extensions ['colcon_pkg']
[0.333s] Level 1:colcon.colcon_core.package_identification:_identify(webots_ros2/webots_ros2_tesla) by extension 'colcon_pkg'
[0.333s] Level 1:colcon.colcon_core.package_identification:_identify(webots_ros2/webots_ros2_tesla) by extensions ['colcon_meta']
[0.333s] Level 1:colcon.colcon_core.package_identification:_identify(webots_ros2/webots_ros2_tesla) by extension 'colcon_meta'
[0.333s] Level 1:colcon.colcon_core.package_identification:_identify(webots_ros2/webots_ros2_tesla) by extensions ['ros']
[0.333s] Level 1:colcon.colcon_core.package_identification:_identify(webots_ros2/webots_ros2_tesla) by extension 'ros'
[0.333s] DEBUG:colcon.colcon_core.package_identification:Package 'webots_ros2/webots_ros2_tesla' with type 'ros.ament_python' and name 'webots_ros2_tesla'
[0.334s] Level 1:colcon.colcon_core.package_identification:_identify(webots_ros2/webots_ros2_tests) by extensions ['ignore', 'ignore_ament_install']
[0.334s] Level 1:colcon.colcon_core.package_identification:_identify(webots_ros2/webots_ros2_tests) by extension 'ignore'
[0.334s] Level 1:colcon.colcon_core.package_identification:_identify(webots_ros2/webots_ros2_tests) by extension 'ignore_ament_install'
[0.334s] Level 1:colcon.colcon_core.package_identification:_identify(webots_ros2/webots_ros2_tests) by extensions ['colcon_pkg']
[0.334s] Level 1:colcon.colcon_core.package_identification:_identify(webots_ros2/webots_ros2_tests) by extension 'colcon_pkg'
[0.334s] Level 1:colcon.colcon_core.package_identification:_identify(webots_ros2/webots_ros2_tests) by extensions ['colcon_meta']
[0.334s] Level 1:colcon.colcon_core.package_identification:_identify(webots_ros2/webots_ros2_tests) by extension 'colcon_meta'
[0.334s] Level 1:colcon.colcon_core.package_identification:_identify(webots_ros2/webots_ros2_tests) by extensions ['ros']
[0.334s] Level 1:colcon.colcon_core.package_identification:_identify(webots_ros2/webots_ros2_tests) by extension 'ros'
[0.334s] DEBUG:colcon.colcon_core.package_identification:Package 'webots_ros2/webots_ros2_tests' with type 'ros.ament_python' and name 'webots_ros2_tests'
[0.334s] Level 1:colcon.colcon_core.package_identification:_identify(webots_ros2/webots_ros2_tiago) by extensions ['ignore', 'ignore_ament_install']
[0.334s] Level 1:colcon.colcon_core.package_identification:_identify(webots_ros2/webots_ros2_tiago) by extension 'ignore'
[0.334s] Level 1:colcon.colcon_core.package_identification:_identify(webots_ros2/webots_ros2_tiago) by extension 'ignore_ament_install'
[0.334s] Level 1:colcon.colcon_core.package_identification:_identify(webots_ros2/webots_ros2_tiago) by extensions ['colcon_pkg']
[0.334s] Level 1:colcon.colcon_core.package_identification:_identify(webots_ros2/webots_ros2_tiago) by extension 'colcon_pkg'
[0.334s] Level 1:colcon.colcon_core.package_identification:_identify(webots_ros2/webots_ros2_tiago) by extensions ['colcon_meta']
[0.334s] Level 1:colcon.colcon_core.package_identification:_identify(webots_ros2/webots_ros2_tiago) by extension 'colcon_meta'
[0.334s] Level 1:colcon.colcon_core.package_identification:_identify(webots_ros2/webots_ros2_tiago) by extensions ['ros']
[0.334s] Level 1:colcon.colcon_core.package_identification:_identify(webots_ros2/webots_ros2_tiago) by extension 'ros'
[0.335s] DEBUG:colcon.colcon_core.package_identification:Package 'webots_ros2/webots_ros2_tiago' with type 'ros.ament_python' and name 'webots_ros2_tiago'
[0.335s] Level 1:colcon.colcon_core.package_identification:_identify(webots_ros2/webots_ros2_turtlebot) by extensions ['ignore', 'ignore_ament_install']
[0.335s] Level 1:colcon.colcon_core.package_identification:_identify(webots_ros2/webots_ros2_turtlebot) by extension 'ignore'
[0.335s] Level 1:colcon.colcon_core.package_identification:_identify(webots_ros2/webots_ros2_turtlebot) by extension 'ignore_ament_install'
[0.335s] Level 1:colcon.colcon_core.package_identification:_identify(webots_ros2/webots_ros2_turtlebot) by extensions ['colcon_pkg']
[0.335s] Level 1:colcon.colcon_core.package_identification:_identify(webots_ros2/webots_ros2_turtlebot) by extension 'colcon_pkg'
[0.335s] Level 1:colcon.colcon_core.package_identification:_identify(webots_ros2/webots_ros2_turtlebot) by extensions ['colcon_meta']
[0.335s] Level 1:colcon.colcon_core.package_identification:_identify(webots_ros2/webots_ros2_turtlebot) by extension 'colcon_meta'
[0.335s] Level 1:colcon.colcon_core.package_identification:_identify(webots_ros2/webots_ros2_turtlebot) by extensions ['ros']
[0.335s] Level 1:colcon.colcon_core.package_identification:_identify(webots_ros2/webots_ros2_turtlebot) by extension 'ros'
[0.336s] DEBUG:colcon.colcon_core.package_identification:Package 'webots_ros2/webots_ros2_turtlebot' with type 'ros.ament_python' and name 'webots_ros2_turtlebot'
[0.336s] Level 1:colcon.colcon_core.package_identification:_identify(webots_ros2/webots_ros2_universal_robot) by extensions ['ignore', 'ignore_ament_install']
[0.336s] Level 1:colcon.colcon_core.package_identification:_identify(webots_ros2/webots_ros2_universal_robot) by extension 'ignore'
[0.336s] Level 1:colcon.colcon_core.package_identification:_identify(webots_ros2/webots_ros2_universal_robot) by extension 'ignore_ament_install'
[0.336s] Level 1:colcon.colcon_core.package_identification:_identify(webots_ros2/webots_ros2_universal_robot) by extensions ['colcon_pkg']
[0.336s] Level 1:colcon.colcon_core.package_identification:_identify(webots_ros2/webots_ros2_universal_robot) by extension 'colcon_pkg'
[0.336s] Level 1:colcon.colcon_core.package_identification:_identify(webots_ros2/webots_ros2_universal_robot) by extensions ['colcon_meta']
[0.336s] Level 1:colcon.colcon_core.package_identification:_identify(webots_ros2/webots_ros2_universal_robot) by extension 'colcon_meta'
[0.336s] Level 1:colcon.colcon_core.package_identification:_identify(webots_ros2/webots_ros2_universal_robot) by extensions ['ros']
[0.336s] Level 1:colcon.colcon_core.package_identification:_identify(webots_ros2/webots_ros2_universal_robot) by extension 'ros'
[0.336s] DEBUG:colcon.colcon_core.package_identification:Package 'webots_ros2/webots_ros2_universal_robot' with type 'ros.ament_python' and name 'webots_ros2_universal_robot'
[0.336s] Level 1:colcon.colcon_core.package_identification:_identify(webots_ros2_ld90) by extensions ['ignore', 'ignore_ament_install']
[0.336s] Level 1:colcon.colcon_core.package_identification:_identify(webots_ros2_ld90) by extension 'ignore'
[0.337s] Level 1:colcon.colcon_core.package_identification:_identify(webots_ros2_ld90) by extension 'ignore_ament_install'
[0.337s] Level 1:colcon.colcon_core.package_identification:_identify(webots_ros2_ld90) by extensions ['colcon_pkg']
[0.337s] Level 1:colcon.colcon_core.package_identification:_identify(webots_ros2_ld90) by extension 'colcon_pkg'
[0.337s] Level 1:colcon.colcon_core.package_identification:_identify(webots_ros2_ld90) by extensions ['colcon_meta']
[0.337s] Level 1:colcon.colcon_core.package_identification:_identify(webots_ros2_ld90) by extension 'colcon_meta'
[0.337s] Level 1:colcon.colcon_core.package_identification:_identify(webots_ros2_ld90) by extensions ['ros']
[0.337s] Level 1:colcon.colcon_core.package_identification:_identify(webots_ros2_ld90) by extension 'ros'
[0.337s] DEBUG:colcon.colcon_core.package_identification:Package 'webots_ros2_ld90' with type 'ros.ament_python' and name 'webots_ros2_ld90'
[0.337s] Level 1:colcon.colcon_core.package_discovery:discover_packages(recursive) using defaults
[0.337s] Level 1:colcon.colcon_core.package_discovery:discover_packages(ignore) discover
[0.337s] Level 1:colcon.colcon_core.package_discovery:discover_packages(ignore) using defaults
[0.337s] Level 1:colcon.colcon_core.package_discovery:discover_packages(path) discover
[0.337s] Level 1:colcon.colcon_core.package_discovery:discover_packages(path) using defaults
[0.360s] Level 1:colcon.colcon_core.package_discovery:discover_packages(prefix_path) check parameters
[0.360s] Level 1:colcon.colcon_core.package_discovery:discover_packages(prefix_path) discover
[0.361s] WARNING:colcon.colcon_ros.prefix_path.ament:The path '/home/minji/test_folder/Test_in_Simulation/install/webots_ros2' in the environment variable AMENT_PREFIX_PATH doesn't exist
[0.361s] WARNING:colcon.colcon_ros.prefix_path.ament:The path '/home/minji/test_folder/Test_in_Simulation/install/webots_ros2_universal_robot' in the environment variable AMENT_PREFIX_PATH doesn't exist
[0.361s] WARNING:colcon.colcon_ros.prefix_path.ament:The path '/home/minji/test_folder/Test_in_Simulation/install/webots_ros2_turtlebot' in the environment variable AMENT_PREFIX_PATH doesn't exist
[0.361s] WARNING:colcon.colcon_ros.prefix_path.ament:The path '/home/minji/test_folder/Test_in_Simulation/install/webots_ros2_tiago' in the environment variable AMENT_PREFIX_PATH doesn't exist
[0.361s] WARNING:colcon.colcon_ros.prefix_path.ament:The path '/home/minji/test_folder/Test_in_Simulation/install/webots_ros2_tests' in the environment variable AMENT_PREFIX_PATH doesn't exist
[0.361s] WARNING:colcon.colcon_ros.prefix_path.ament:The path '/home/minji/test_folder/Test_in_Simulation/install/webots_ros2_tesla' in the environment variable AMENT_PREFIX_PATH doesn't exist
[0.361s] WARNING:colcon.colcon_ros.prefix_path.ament:The path '/home/minji/test_folder/Test_in_Simulation/install/webots_ros2_mavic' in the environment variable AMENT_PREFIX_PATH doesn't exist
[0.361s] WARNING:colcon.colcon_ros.prefix_path.ament:The path '/home/minji/test_folder/Test_in_Simulation/install/webots_ros2_ld90' in the environment variable AMENT_PREFIX_PATH doesn't exist
[0.361s] WARNING:colcon.colcon_ros.prefix_path.ament:The path '/home/minji/test_folder/Test_in_Simulation/install/webots_ros2_epuck' in the environment variable AMENT_PREFIX_PATH doesn't exist
[0.361s] WARNING:colcon.colcon_ros.prefix_path.ament:The path '/home/minji/test_folder/Test_in_Simulation/install/webots_ros2_control' in the environment variable AMENT_PREFIX_PATH doesn't exist
[0.361s] WARNING:colcon.colcon_ros.prefix_path.ament:The path '/home/minji/test_folder/Test_in_Simulation/install/webots_ros2_driver' in the environment variable AMENT_PREFIX_PATH doesn't exist
[0.361s] WARNING:colcon.colcon_ros.prefix_path.ament:The path '/home/minji/test_folder/Test_in_Simulation/install/webots_ros2_msgs' in the environment variable AMENT_PREFIX_PATH doesn't exist
[0.361s] WARNING:colcon.colcon_ros.prefix_path.ament:The path '/home/minji/test_folder/Test_in_Simulation/install/btcpp_ros2_samples' in the environment variable AMENT_PREFIX_PATH doesn't exist
[0.361s] WARNING:colcon.colcon_ros.prefix_path.ament:The path '/home/minji/test_folder/Test_in_Simulation/install/btcpp_ros2_project' in the environment variable AMENT_PREFIX_PATH doesn't exist
[0.361s] WARNING:colcon.colcon_ros.prefix_path.ament:The path '/home/minji/test_folder/Test_in_Simulation/install/behaviortree_ros2' in the environment variable AMENT_PREFIX_PATH doesn't exist
[0.361s] WARNING:colcon.colcon_ros.prefix_path.ament:The path '/home/minji/test_folder/Test_in_Simulation/install/btcpp_ros2_interfaces' in the environment variable AMENT_PREFIX_PATH doesn't exist
[0.362s] WARNING:colcon.colcon_ros.prefix_path.catkin:The path '/home/minji/test_folder/Test_in_Simulation/install/webots_ros2_control' in the environment variable CMAKE_PREFIX_PATH doesn't exist
[0.362s] WARNING:colcon.colcon_ros.prefix_path.catkin:The path '/home/minji/test_folder/Test_in_Simulation/install/webots_ros2_driver' in the environment variable CMAKE_PREFIX_PATH doesn't exist
[0.362s] WARNING:colcon.colcon_ros.prefix_path.catkin:The path '/home/minji/test_folder/Test_in_Simulation/install/webots_ros2_msgs' in the environment variable CMAKE_PREFIX_PATH doesn't exist
[0.362s] WARNING:colcon.colcon_ros.prefix_path.catkin:The path '/home/minji/test_folder/Test_in_Simulation/install/btcpp_ros2_samples' in the environment variable CMAKE_PREFIX_PATH doesn't exist
[0.362s] WARNING:colcon.colcon_ros.prefix_path.catkin:The path '/home/minji/test_folder/Test_in_Simulation/install/btcpp_ros2_project' in the environment variable CMAKE_PREFIX_PATH doesn't exist
[0.362s] WARNING:colcon.colcon_ros.prefix_path.catkin:The path '/home/minji/test_folder/Test_in_Simulation/install/behaviortree_ros2' in the environment variable CMAKE_PREFIX_PATH doesn't exist
[0.362s] WARNING:colcon.colcon_ros.prefix_path.catkin:The path '/home/minji/test_folder/Test_in_Simulation/install/btcpp_ros2_interfaces' in the environment variable CMAKE_PREFIX_PATH doesn't exist
[0.363s] DEBUG:colcon.colcon_installed_package_information.package_discovery:Found 0 installed packages in /home/minji/test_folder/Test_in_Simulation/install
[0.363s] DEBUG:colcon.colcon_installed_package_information.package_discovery:Found 16 installed packages in /home/minji/minji_ws/install
[0.364s] DEBUG:colcon.colcon_installed_package_information.package_discovery:Found 12 installed packages in /home/minji/my_study/install
[0.365s] DEBUG:colcon.colcon_installed_package_information.package_discovery:Found 373 installed packages in /opt/ros/humble
[0.376s] Level 1:colcon.colcon_core.package_discovery:discover_packages(prefix_path) using defaults
[0.421s] Level 5:colcon.colcon_core.verb:set package 'webots_ros2_msgs' build argument 'cmake_args' from command line to 'None'
[0.421s] Level 5:colcon.colcon_core.verb:set package 'webots_ros2_msgs' build argument 'cmake_target' from command line to 'None'
[0.421s] Level 5:colcon.colcon_core.verb:set package 'webots_ros2_msgs' build argument 'cmake_target_skip_unavailable' from command line to 'False'
[0.421s] Level 5:colcon.colcon_core.verb:set package 'webots_ros2_msgs' build argument 'cmake_clean_cache' from command line to 'False'
[0.421s] Level 5:colcon.colcon_core.verb:set package 'webots_ros2_msgs' build argument 'cmake_clean_first' from command line to 'False'
[0.421s] Level 5:colcon.colcon_core.verb:set package 'webots_ros2_msgs' build argument 'cmake_force_configure' from command line to 'False'
[0.421s] Level 5:colcon.colcon_core.verb:set package 'webots_ros2_msgs' build argument 'ament_cmake_args' from command line to 'None'
[0.421s] Level 5:colcon.colcon_core.verb:set package 'webots_ros2_msgs' build argument 'catkin_cmake_args' from command line to 'None'
[0.421s] Level 5:colcon.colcon_core.verb:set package 'webots_ros2_msgs' build argument 'catkin_skip_building_tests' from command line to 'False'
[0.421s] DEBUG:colcon.colcon_core.verb:Building package 'webots_ros2_msgs' with the following arguments: {'ament_cmake_args': None, 'build_base': '/home/minji/test_folder/Test_in_Simulation/build/webots_ros2_msgs', 'catkin_cmake_args': None, 'catkin_skip_building_tests': False, 'cmake_args': None, 'cmake_clean_cache': False, 'cmake_clean_first': False, 'cmake_force_configure': False, 'cmake_target': None, 'cmake_target_skip_unavailable': False, 'install_base': '/home/minji/test_folder/Test_in_Simulation/install/webots_ros2_msgs', 'merge_install': False, 'path': '/home/minji/test_folder/Test_in_Simulation/webots_ros2/webots_ros2_msgs', 'symlink_install': False, 'test_result_base': None}
[0.421s] Level 5:colcon.colcon_core.verb:set package 'webots_ros2_driver' build argument 'cmake_args' from command line to 'None'
[0.421s] Level 5:colcon.colcon_core.verb:set package 'webots_ros2_driver' build argument 'cmake_target' from command line to 'None'
[0.421s] Level 5:colcon.colcon_core.verb:set package 'webots_ros2_driver' build argument 'cmake_target_skip_unavailable' from command line to 'False'
[0.421s] Level 5:colcon.colcon_core.verb:set package 'webots_ros2_driver' build argument 'cmake_clean_cache' from command line to 'False'
[0.421s] Level 5:colcon.colcon_core.verb:set package 'webots_ros2_driver' build argument 'cmake_clean_first' from command line to 'False'
[0.422s] Level 5:colcon.colcon_core.verb:set package 'webots_ros2_driver' build argument 'cmake_force_configure' from command line to 'False'
[0.422s] Level 5:colcon.colcon_core.verb:set package 'webots_ros2_driver' build argument 'ament_cmake_args' from command line to 'None'
[0.422s] Level 5:colcon.colcon_core.verb:set package 'webots_ros2_driver' build argument 'catkin_cmake_args' from command line to 'None'
[0.422s] Level 5:colcon.colcon_core.verb:set package 'webots_ros2_driver' build argument 'catkin_skip_building_tests' from command line to 'False'
[0.422s] DEBUG:colcon.colcon_core.verb:Building package 'webots_ros2_driver' with the following arguments: {'ament_cmake_args': None, 'build_base': '/home/minji/test_folder/Test_in_Simulation/build/webots_ros2_driver', 'catkin_cmake_args': None, 'catkin_skip_building_tests': False, 'cmake_args': None, 'cmake_clean_cache': False, 'cmake_clean_first': False, 'cmake_force_configure': False, 'cmake_target': None, 'cmake_target_skip_unavailable': False, 'install_base': '/home/minji/test_folder/Test_in_Simulation/install/webots_ros2_driver', 'merge_install': False, 'path': '/home/minji/test_folder/Test_in_Simulation/webots_ros2/webots_ros2_driver', 'symlink_install': False, 'test_result_base': None}
[0.422s] Level 5:colcon.colcon_core.verb:set package 'webots_ros2_control' build argument 'cmake_args' from command line to 'None'
[0.422s] Level 5:colcon.colcon_core.verb:set package 'webots_ros2_control' build argument 'cmake_target' from command line to 'None'
[0.422s] Level 5:colcon.colcon_core.verb:set package 'webots_ros2_control' build argument 'cmake_target_skip_unavailable' from command line to 'False'
[0.422s] Level 5:colcon.colcon_core.verb:set package 'webots_ros2_control' build argument 'cmake_clean_cache' from command line to 'False'
[0.422s] Level 5:colcon.colcon_core.verb:set package 'webots_ros2_control' build argument 'cmake_clean_first' from command line to 'False'
[0.422s] Level 5:colcon.colcon_core.verb:set package 'webots_ros2_control' build argument 'cmake_force_configure' from command line to 'False'
[0.422s] Level 5:colcon.colcon_core.verb:set package 'webots_ros2_control' build argument 'ament_cmake_args' from command line to 'None'
[0.422s] Level 5:colcon.colcon_core.verb:set package 'webots_ros2_control' build argument 'catkin_cmake_args' from command line to 'None'
[0.422s] Level 5:colcon.colcon_core.verb:set package 'webots_ros2_control' build argument 'catkin_skip_building_tests' from command line to 'False'
[0.422s] DEBUG:colcon.colcon_core.verb:Building package 'webots_ros2_control' with the following arguments: {'ament_cmake_args': None, 'build_base': '/home/minji/test_folder/Test_in_Simulation/build/webots_ros2_control', 'catkin_cmake_args': None, 'catkin_skip_building_tests': False, 'cmake_args': None, 'cmake_clean_cache': False, 'cmake_clean_first': False, 'cmake_force_configure': False, 'cmake_target': None, 'cmake_target_skip_unavailable': False, 'install_base': '/home/minji/test_folder/Test_in_Simulation/install/webots_ros2_control', 'merge_install': False, 'path': '/home/minji/test_folder/Test_in_Simulation/webots_ros2/webots_ros2_control', 'symlink_install': False, 'test_result_base': None}
[0.422s] Level 5:colcon.colcon_core.verb:set package 'webots_ros2_ld90' build argument 'cmake_args' from command line to 'None'
[0.422s] Level 5:colcon.colcon_core.verb:set package 'webots_ros2_ld90' build argument 'cmake_target' from command line to 'None'
[0.422s] Level 5:colcon.colcon_core.verb:set package 'webots_ros2_ld90' build argument 'cmake_target_skip_unavailable' from command line to 'False'
[0.422s] Level 5:colcon.colcon_core.verb:set package 'webots_ros2_ld90' build argument 'cmake_clean_cache' from command line to 'False'
[0.422s] Level 5:colcon.colcon_core.verb:set package 'webots_ros2_ld90' build argument 'cmake_clean_first' from command line to 'False'
[0.422s] Level 5:colcon.colcon_core.verb:set package 'webots_ros2_ld90' build argument 'cmake_force_configure' from command line to 'False'
[0.422s] Level 5:colcon.colcon_core.verb:set package 'webots_ros2_ld90' build argument 'ament_cmake_args' from command line to 'None'
[0.422s] Level 5:colcon.colcon_core.verb:set package 'webots_ros2_ld90' build argument 'catkin_cmake_args' from command line to 'None'
[0.422s] Level 5:colcon.colcon_core.verb:set package 'webots_ros2_ld90' build argument 'catkin_skip_building_tests' from command line to 'False'
[0.422s] DEBUG:colcon.colcon_core.verb:Building package 'webots_ros2_ld90' with the following arguments: {'ament_cmake_args': None, 'build_base': '/home/minji/test_folder/Test_in_Simulation/build/webots_ros2_ld90', 'catkin_cmake_args': None, 'catkin_skip_building_tests': False, 'cmake_args': None, 'cmake_clean_cache': False, 'cmake_clean_first': False, 'cmake_force_configure': False, 'cmake_target': None, 'cmake_target_skip_unavailable': False, 'install_base': '/home/minji/test_folder/Test_in_Simulation/install/webots_ros2_ld90', 'merge_install': False, 'path': '/home/minji/test_folder/Test_in_Simulation/webots_ros2_ld90', 'symlink_install': False, 'test_result_base': None}
[0.422s] Level 5:colcon.colcon_core.verb:set package 'webots_ros2_mavic' build argument 'cmake_args' from command line to 'None'
[0.422s] Level 5:colcon.colcon_core.verb:set package 'webots_ros2_mavic' build argument 'cmake_target' from command line to 'None'
[0.422s] Level 5:colcon.colcon_core.verb:set package 'webots_ros2_mavic' build argument 'cmake_target_skip_unavailable' from command line to 'False'
[0.422s] Level 5:colcon.colcon_core.verb:set package 'webots_ros2_mavic' build argument 'cmake_clean_cache' from command line to 'False'
[0.423s] Level 5:colcon.colcon_core.verb:set package 'webots_ros2_mavic' build argument 'cmake_clean_first' from command line to 'False'
[0.423s] Level 5:colcon.colcon_core.verb:set package 'webots_ros2_mavic' build argument 'cmake_force_configure' from command line to 'False'
[0.423s] Level 5:colcon.colcon_core.verb:set package 'webots_ros2_mavic' build argument 'ament_cmake_args' from command line to 'None'
[0.423s] Level 5:colcon.colcon_core.verb:set package 'webots_ros2_mavic' build argument 'catkin_cmake_args' from command line to 'None'
[0.423s] Level 5:colcon.colcon_core.verb:set package 'webots_ros2_mavic' build argument 'catkin_skip_building_tests' from command line to 'False'
[0.423s] DEBUG:colcon.colcon_core.verb:Building package 'webots_ros2_mavic' with the following arguments: {'ament_cmake_args': None, 'build_base': '/home/minji/test_folder/Test_in_Simulation/build/webots_ros2_mavic', 'catkin_cmake_args': None, 'catkin_skip_building_tests': False, 'cmake_args': None, 'cmake_clean_cache': False, 'cmake_clean_first': False, 'cmake_force_configure': False, 'cmake_target': None, 'cmake_target_skip_unavailable': False, 'install_base': '/home/minji/test_folder/Test_in_Simulation/install/webots_ros2_mavic', 'merge_install': False, 'path': '/home/minji/test_folder/Test_in_Simulation/webots_ros2/webots_ros2_mavic', 'symlink_install': False, 'test_result_base': None}
[0.423s] Level 5:colcon.colcon_core.verb:set package 'webots_ros2_tesla' build argument 'cmake_args' from command line to 'None'
[0.423s] Level 5:colcon.colcon_core.verb:set package 'webots_ros2_tesla' build argument 'cmake_target' from command line to 'None'
[0.423s] Level 5:colcon.colcon_core.verb:set package 'webots_ros2_tesla' build argument 'cmake_target_skip_unavailable' from command line to 'False'
[0.423s] Level 5:colcon.colcon_core.verb:set package 'webots_ros2_tesla' build argument 'cmake_clean_cache' from command line to 'False'
[0.423s] Level 5:colcon.colcon_core.verb:set package 'webots_ros2_tesla' build argument 'cmake_clean_first' from command line to 'False'
[0.423s] Level 5:colcon.colcon_core.verb:set package 'webots_ros2_tesla' build argument 'cmake_force_configure' from command line to 'False'
[0.423s] Level 5:colcon.colcon_core.verb:set package 'webots_ros2_tesla' build argument 'ament_cmake_args' from command line to 'None'
[0.423s] Level 5:colcon.colcon_core.verb:set package 'webots_ros2_tesla' build argument 'catkin_cmake_args' from command line to 'None'
[0.423s] Level 5:colcon.colcon_core.verb:set package 'webots_ros2_tesla' build argument 'catkin_skip_building_tests' from command line to 'False'
[0.423s] DEBUG:colcon.colcon_core.verb:Building package 'webots_ros2_tesla' with the following arguments: {'ament_cmake_args': None, 'build_base': '/home/minji/test_folder/Test_in_Simulation/build/webots_ros2_tesla', 'catkin_cmake_args': None, 'catkin_skip_building_tests': False, 'cmake_args': None, 'cmake_clean_cache': False, 'cmake_clean_first': False, 'cmake_force_configure': False, 'cmake_target': None, 'cmake_target_skip_unavailable': False, 'install_base': '/home/minji/test_folder/Test_in_Simulation/install/webots_ros2_tesla', 'merge_install': False, 'path': '/home/minji/test_folder/Test_in_Simulation/webots_ros2/webots_ros2_tesla', 'symlink_install': False, 'test_result_base': None}
[0.423s] Level 5:colcon.colcon_core.verb:set package 'webots_ros2_epuck' build argument 'cmake_args' from command line to 'None'
[0.423s] Level 5:colcon.colcon_core.verb:set package 'webots_ros2_epuck' build argument 'cmake_target' from command line to 'None'
[0.423s] Level 5:colcon.colcon_core.verb:set package 'webots_ros2_epuck' build argument 'cmake_target_skip_unavailable' from command line to 'False'
[0.423s] Level 5:colcon.colcon_core.verb:set package 'webots_ros2_epuck' build argument 'cmake_clean_cache' from command line to 'False'
[0.423s] Level 5:colcon.colcon_core.verb:set package 'webots_ros2_epuck' build argument 'cmake_clean_first' from command line to 'False'
[0.423s] Level 5:colcon.colcon_core.verb:set package 'webots_ros2_epuck' build argument 'cmake_force_configure' from command line to 'False'
[0.423s] Level 5:colcon.colcon_core.verb:set package 'webots_ros2_epuck' build argument 'ament_cmake_args' from command line to 'None'
[0.423s] Level 5:colcon.colcon_core.verb:set package 'webots_ros2_epuck' build argument 'catkin_cmake_args' from command line to 'None'
[0.423s] Level 5:colcon.colcon_core.verb:set package 'webots_ros2_epuck' build argument 'catkin_skip_building_tests' from command line to 'False'
[0.423s] DEBUG:colcon.colcon_core.verb:Building package 'webots_ros2_epuck' with the following arguments: {'ament_cmake_args': None, 'build_base': '/home/minji/test_folder/Test_in_Simulation/build/webots_ros2_epuck', 'catkin_cmake_args': None, 'catkin_skip_building_tests': False, 'cmake_args': None, 'cmake_clean_cache': False, 'cmake_clean_first': False, 'cmake_force_configure': False, 'cmake_target': None, 'cmake_target_skip_unavailable': False, 'install_base': '/home/minji/test_folder/Test_in_Simulation/install/webots_ros2_epuck', 'merge_install': False, 'path': '/home/minji/test_folder/Test_in_Simulation/webots_ros2/webots_ros2_epuck', 'symlink_install': False, 'test_result_base': None}
[0.423s] Level 5:colcon.colcon_core.verb:set package 'webots_ros2_tiago' build argument 'cmake_args' from command line to 'None'
[0.423s] Level 5:colcon.colcon_core.verb:set package 'webots_ros2_tiago' build argument 'cmake_target' from command line to 'None'
[0.423s] Level 5:colcon.colcon_core.verb:set package 'webots_ros2_tiago' build argument 'cmake_target_skip_unavailable' from command line to 'False'
[0.423s] Level 5:colcon.colcon_core.verb:set package 'webots_ros2_tiago' build argument 'cmake_clean_cache' from command line to 'False'
[0.423s] Level 5:colcon.colcon_core.verb:set package 'webots_ros2_tiago' build argument 'cmake_clean_first' from command line to 'False'
[0.423s] Level 5:colcon.colcon_core.verb:set package 'webots_ros2_tiago' build argument 'cmake_force_configure' from command line to 'False'
[0.424s] Level 5:colcon.colcon_core.verb:set package 'webots_ros2_tiago' build argument 'ament_cmake_args' from command line to 'None'
[0.424s] Level 5:colcon.colcon_core.verb:set package 'webots_ros2_tiago' build argument 'catkin_cmake_args' from command line to 'None'
[0.424s] Level 5:colcon.colcon_core.verb:set package 'webots_ros2_tiago' build argument 'catkin_skip_building_tests' from command line to 'False'
[0.424s] DEBUG:colcon.colcon_core.verb:Building package 'webots_ros2_tiago' with the following arguments: {'ament_cmake_args': None, 'build_base': '/home/minji/test_folder/Test_in_Simulation/build/webots_ros2_tiago', 'catkin_cmake_args': None, 'catkin_skip_building_tests': False, 'cmake_args': None, 'cmake_clean_cache': False, 'cmake_clean_first': False, 'cmake_force_configure': False, 'cmake_target': None, 'cmake_target_skip_unavailable': False, 'install_base': '/home/minji/test_folder/Test_in_Simulation/install/webots_ros2_tiago', 'merge_install': False, 'path': '/home/minji/test_folder/Test_in_Simulation/webots_ros2/webots_ros2_tiago', 'symlink_install': False, 'test_result_base': None}
[0.424s] Level 5:colcon.colcon_core.verb:set package 'webots_ros2_turtlebot' build argument 'cmake_args' from command line to 'None'
[0.424s] Level 5:colcon.colcon_core.verb:set package 'webots_ros2_turtlebot' build argument 'cmake_target' from command line to 'None'
[0.424s] Level 5:colcon.colcon_core.verb:set package 'webots_ros2_turtlebot' build argument 'cmake_target_skip_unavailable' from command line to 'False'
[0.424s] Level 5:colcon.colcon_core.verb:set package 'webots_ros2_turtlebot' build argument 'cmake_clean_cache' from command line to 'False'
[0.424s] Level 5:colcon.colcon_core.verb:set package 'webots_ros2_turtlebot' build argument 'cmake_clean_first' from command line to 'False'
[0.424s] Level 5:colcon.colcon_core.verb:set package 'webots_ros2_turtlebot' build argument 'cmake_force_configure' from command line to 'False'
[0.424s] Level 5:colcon.colcon_core.verb:set package 'webots_ros2_turtlebot' build argument 'ament_cmake_args' from command line to 'None'
[0.424s] Level 5:colcon.colcon_core.verb:set package 'webots_ros2_turtlebot' build argument 'catkin_cmake_args' from command line to 'None'
[0.424s] Level 5:colcon.colcon_core.verb:set package 'webots_ros2_turtlebot' build argument 'catkin_skip_building_tests' from command line to 'False'
[0.424s] DEBUG:colcon.colcon_core.verb:Building package 'webots_ros2_turtlebot' with the following arguments: {'ament_cmake_args': None, 'build_base': '/home/minji/test_folder/Test_in_Simulation/build/webots_ros2_turtlebot', 'catkin_cmake_args': None, 'catkin_skip_building_tests': False, 'cmake_args': None, 'cmake_clean_cache': False, 'cmake_clean_first': False, 'cmake_force_configure': False, 'cmake_target': None, 'cmake_target_skip_unavailable': False, 'install_base': '/home/minji/test_folder/Test_in_Simulation/install/webots_ros2_turtlebot', 'merge_install': False, 'path': '/home/minji/test_folder/Test_in_Simulation/webots_ros2/webots_ros2_turtlebot', 'symlink_install': False, 'test_result_base': None}
[0.424s] Level 5:colcon.colcon_core.verb:set package 'webots_ros2_universal_robot' build argument 'cmake_args' from command line to 'None'
[0.424s] Level 5:colcon.colcon_core.verb:set package 'webots_ros2_universal_robot' build argument 'cmake_target' from command line to 'None'
[0.424s] Level 5:colcon.colcon_core.verb:set package 'webots_ros2_universal_robot' build argument 'cmake_target_skip_unavailable' from command line to 'False'
[0.424s] Level 5:colcon.colcon_core.verb:set package 'webots_ros2_universal_robot' build argument 'cmake_clean_cache' from command line to 'False'
[0.424s] Level 5:colcon.colcon_core.verb:set package 'webots_ros2_universal_robot' build argument 'cmake_clean_first' from command line to 'False'
[0.424s] Level 5:colcon.colcon_core.verb:set package 'webots_ros2_universal_robot' build argument 'cmake_force_configure' from command line to 'False'
[0.424s] Level 5:colcon.colcon_core.verb:set package 'webots_ros2_universal_robot' build argument 'ament_cmake_args' from command line to 'None'
[0.424s] Level 5:colcon.colcon_core.verb:set package 'webots_ros2_universal_robot' build argument 'catkin_cmake_args' from command line to 'None'
[0.424s] Level 5:colcon.colcon_core.verb:set package 'webots_ros2_universal_robot' build argument 'catkin_skip_building_tests' from command line to 'False'
[0.424s] DEBUG:colcon.colcon_core.verb:Building package 'webots_ros2_universal_robot' with the following arguments: {'ament_cmake_args': None, 'build_base': '/home/minji/test_folder/Test_in_Simulation/build/webots_ros2_universal_robot', 'catkin_cmake_args': None, 'catkin_skip_building_tests': False, 'cmake_args': None, 'cmake_clean_cache': False, 'cmake_clean_first': False, 'cmake_force_configure': False, 'cmake_target': None, 'cmake_target_skip_unavailable': False, 'install_base': '/home/minji/test_folder/Test_in_Simulation/install/webots_ros2_universal_robot', 'merge_install': False, 'path': '/home/minji/test_folder/Test_in_Simulation/webots_ros2/webots_ros2_universal_robot', 'symlink_install': False, 'test_result_base': None}
[0.424s] Level 5:colcon.colcon_core.verb:set package 'webots_ros2_tests' build argument 'cmake_args' from command line to 'None'
[0.424s] Level 5:colcon.colcon_core.verb:set package 'webots_ros2_tests' build argument 'cmake_target' from command line to 'None'
[0.424s] Level 5:colcon.colcon_core.verb:set package 'webots_ros2_tests' build argument 'cmake_target_skip_unavailable' from command line to 'False'
[0.424s] Level 5:colcon.colcon_core.verb:set package 'webots_ros2_tests' build argument 'cmake_clean_cache' from command line to 'False'
[0.424s] Level 5:colcon.colcon_core.verb:set package 'webots_ros2_tests' build argument 'cmake_clean_first' from command line to 'False'
[0.425s] Level 5:colcon.colcon_core.verb:set package 'webots_ros2_tests' build argument 'cmake_force_configure' from command line to 'False'
[0.425s] Level 5:colcon.colcon_core.verb:set package 'webots_ros2_tests' build argument 'ament_cmake_args' from command line to 'None'
[0.425s] Level 5:colcon.colcon_core.verb:set package 'webots_ros2_tests' build argument 'catkin_cmake_args' from command line to 'None'
[0.425s] Level 5:colcon.colcon_core.verb:set package 'webots_ros2_tests' build argument 'catkin_skip_building_tests' from command line to 'False'
[0.425s] DEBUG:colcon.colcon_core.verb:Building package 'webots_ros2_tests' with the following arguments: {'ament_cmake_args': None, 'build_base': '/home/minji/test_folder/Test_in_Simulation/build/webots_ros2_tests', 'catkin_cmake_args': None, 'catkin_skip_building_tests': False, 'cmake_args': None, 'cmake_clean_cache': False, 'cmake_clean_first': False, 'cmake_force_configure': False, 'cmake_target': None, 'cmake_target_skip_unavailable': False, 'install_base': '/home/minji/test_folder/Test_in_Simulation/install/webots_ros2_tests', 'merge_install': False, 'path': '/home/minji/test_folder/Test_in_Simulation/webots_ros2/webots_ros2_tests', 'symlink_install': False, 'test_result_base': None}
[0.425s] Level 5:colcon.colcon_core.verb:set package 'webots_ros2' build argument 'cmake_args' from command line to 'None'
[0.425s] Level 5:colcon.colcon_core.verb:set package 'webots_ros2' build argument 'cmake_target' from command line to 'None'
[0.425s] Level 5:colcon.colcon_core.verb:set package 'webots_ros2' build argument 'cmake_target_skip_unavailable' from command line to 'False'
[0.425s] Level 5:colcon.colcon_core.verb:set package 'webots_ros2' build argument 'cmake_clean_cache' from command line to 'False'
[0.425s] Level 5:colcon.colcon_core.verb:set package 'webots_ros2' build argument 'cmake_clean_first' from command line to 'False'
[0.425s] Level 5:colcon.colcon_core.verb:set package 'webots_ros2' build argument 'cmake_force_configure' from command line to 'False'
[0.425s] Level 5:colcon.colcon_core.verb:set package 'webots_ros2' build argument 'ament_cmake_args' from command line to 'None'
[0.425s] Level 5:colcon.colcon_core.verb:set package 'webots_ros2' build argument 'catkin_cmake_args' from command line to 'None'
[0.425s] Level 5:colcon.colcon_core.verb:set package 'webots_ros2' build argument 'catkin_skip_building_tests' from command line to 'False'
[0.425s] DEBUG:colcon.colcon_core.verb:Building package 'webots_ros2' with the following arguments: {'ament_cmake_args': None, 'build_base': '/home/minji/test_folder/Test_in_Simulation/build/webots_ros2', 'catkin_cmake_args': None, 'catkin_skip_building_tests': False, 'cmake_args': None, 'cmake_clean_cache': False, 'cmake_clean_first': False, 'cmake_force_configure': False, 'cmake_target': None, 'cmake_target_skip_unavailable': False, 'install_base': '/home/minji/test_folder/Test_in_Simulation/install/webots_ros2', 'merge_install': False, 'path': '/home/minji/test_folder/Test_in_Simulation/webots_ros2/webots_ros2', 'symlink_install': False, 'test_result_base': None}
[0.425s] INFO:colcon.colcon_core.executor:Executing jobs using 'parallel' executor
[0.426s] DEBUG:colcon.colcon_parallel_executor.executor.parallel:run_until_complete
[0.426s] INFO:colcon.colcon_ros.task.ament_cmake.build:Building ROS package in '/home/minji/test_folder/Test_in_Simulation/webots_ros2/webots_ros2_msgs' with build type 'ament_cmake'
[0.426s] INFO:colcon.colcon_cmake.task.cmake.build:Building CMake package in '/home/minji/test_folder/Test_in_Simulation/webots_ros2/webots_ros2_msgs'
[0.429s] INFO:colcon.colcon_core.plugin_system:Skipping extension 'colcon_core.shell.bat': Not used on non-Windows systems
[0.429s] INFO:colcon.colcon_core.shell:Skip shell extension 'powershell' for command environment: Not usable outside of PowerShell
[0.429s] DEBUG:colcon.colcon_core.shell:Skip shell extension 'dsv' for command environment
[0.436s] DEBUG:colcon.colcon_core.event_handler.log_command:Invoking command in '/home/minji/test_folder/Test_in_Simulation/build/webots_ros2_msgs': CMAKE_PREFIX_PATH=${CMAKE_PREFIX_PATH}:/home/minji/test_folder/Test_in_Simulation/install/webots_ros2:/home/minji/test_folder/Test_in_Simulation/install/webots_ros2_universal_robot:/home/minji/test_folder/Test_in_Simulation/install/webots_ros2_turtlebot:/home/minji/test_folder/Test_in_Simulation/install/webots_ros2_tiago:/home/minji/test_folder/Test_in_Simulation/install/webots_ros2_tests:/home/minji/test_folder/Test_in_Simulation/install/webots_ros2_tesla:/home/minji/test_folder/Test_in_Simulation/install/webots_ros2_mavic:/home/minji/test_folder/Test_in_Simulation/install/webots_ros2_ld90:/home/minji/test_folder/Test_in_Simulation/install/webots_ros2_epuck:/home/minji/minji_ws/install/webots_ros2:/home/minji/minji_ws/install/webots_ros2_universal_robot:/home/minji/minji_ws/install/webots_ros2_turtlebot:/home/minji/minji_ws/install/webots_ros2_tiago:/home/minji/minji_ws/install/webots_ros2_tests:/home/minji/minji_ws/install/webots_ros2_tesla:/home/minji/minji_ws/install/webots_ros2_mavic:/home/minji/minji_ws/install/webots_ros2_ld90:/home/minji/minji_ws/install/webots_ros2_epuck:/home/minji/minji_ws/install/webots_ros2_control:/home/minji/minji_ws/install/webots_ros2_driver:/home/minji/minji_ws/install/webots_ros2_msgs:/home/minji/minji_ws/install/btcpp_ros2_project:/home/minji/my_study/install/webots_ros2:/home/minji/my_study/install/webots_ros2_universal_robot:/home/minji/my_study/install/webots_ros2_turtlebot:/home/minji/my_study/install/webots_ros2_tiago:/home/minji/my_study/install/webots_ros2_tests:/home/minji/my_study/install/webots_ros2_tesla:/home/minji/my_study/install/webots_ros2_mavic:/home/minji/my_study/install/webots_ros2_ld90:/home/minji/my_study/install/webots_ros2_epuck:/opt/ros/humble /usr/bin/cmake /home/minji/test_folder/Test_in_Simulation/webots_ros2/webots_ros2_msgs -DCMAKE_INSTALL_PREFIX=/home/minji/test_folder/Test_in_Simulation/install/webots_ros2_msgs
[2.472s] DEBUG:colcon.colcon_core.event_handler.log_command:Invoked command in '/home/minji/test_folder/Test_in_Simulation/build/webots_ros2_msgs' returned '0': CMAKE_PREFIX_PATH=${CMAKE_PREFIX_PATH}:/home/minji/test_folder/Test_in_Simulation/install/webots_ros2:/home/minji/test_folder/Test_in_Simulation/install/webots_ros2_universal_robot:/home/minji/test_folder/Test_in_Simulation/install/webots_ros2_turtlebot:/home/minji/test_folder/Test_in_Simulation/install/webots_ros2_tiago:/home/minji/test_folder/Test_in_Simulation/install/webots_ros2_tests:/home/minji/test_folder/Test_in_Simulation/install/webots_ros2_tesla:/home/minji/test_folder/Test_in_Simulation/install/webots_ros2_mavic:/home/minji/test_folder/Test_in_Simulation/install/webots_ros2_ld90:/home/minji/test_folder/Test_in_Simulation/install/webots_ros2_epuck:/home/minji/minji_ws/install/webots_ros2:/home/minji/minji_ws/install/webots_ros2_universal_robot:/home/minji/minji_ws/install/webots_ros2_turtlebot:/home/minji/minji_ws/install/webots_ros2_tiago:/home/minji/minji_ws/install/webots_ros2_tests:/home/minji/minji_ws/install/webots_ros2_tesla:/home/minji/minji_ws/install/webots_ros2_mavic:/home/minji/minji_ws/install/webots_ros2_ld90:/home/minji/minji_ws/install/webots_ros2_epuck:/home/minji/minji_ws/install/webots_ros2_control:/home/minji/minji_ws/install/webots_ros2_driver:/home/minji/minji_ws/install/webots_ros2_msgs:/home/minji/minji_ws/install/btcpp_ros2_project:/home/minji/my_study/install/webots_ros2:/home/minji/my_study/install/webots_ros2_universal_robot:/home/minji/my_study/install/webots_ros2_turtlebot:/home/minji/my_study/install/webots_ros2_tiago:/home/minji/my_study/install/webots_ros2_tests:/home/minji/my_study/install/webots_ros2_tesla:/home/minji/my_study/install/webots_ros2_mavic:/home/minji/my_study/install/webots_ros2_ld90:/home/minji/my_study/install/webots_ros2_epuck:/opt/ros/humble /usr/bin/cmake /home/minji/test_folder/Test_in_Simulation/webots_ros2/webots_ros2_msgs -DCMAKE_INSTALL_PREFIX=/home/minji/test_folder/Test_in_Simulation/install/webots_ros2_msgs
[2.474s] DEBUG:colcon.colcon_core.event_handler.log_command:Invoking command in '/home/minji/test_folder/Test_in_Simulation/build/webots_ros2_msgs': CMAKE_PREFIX_PATH=${CMAKE_PREFIX_PATH}:/home/minji/test_folder/Test_in_Simulation/install/webots_ros2:/home/minji/test_folder/Test_in_Simulation/install/webots_ros2_universal_robot:/home/minji/test_folder/Test_in_Simulation/install/webots_ros2_turtlebot:/home/minji/test_folder/Test_in_Simulation/install/webots_ros2_tiago:/home/minji/test_folder/Test_in_Simulation/install/webots_ros2_tests:/home/minji/test_folder/Test_in_Simulation/install/webots_ros2_tesla:/home/minji/test_folder/Test_in_Simulation/install/webots_ros2_mavic:/home/minji/test_folder/Test_in_Simulation/install/webots_ros2_ld90:/home/minji/test_folder/Test_in_Simulation/install/webots_ros2_epuck:/home/minji/minji_ws/install/webots_ros2:/home/minji/minji_ws/install/webots_ros2_universal_robot:/home/minji/minji_ws/install/webots_ros2_turtlebot:/home/minji/minji_ws/install/webots_ros2_tiago:/home/minji/minji_ws/install/webots_ros2_tests:/home/minji/minji_ws/install/webots_ros2_tesla:/home/minji/minji_ws/install/webots_ros2_mavic:/home/minji/minji_ws/install/webots_ros2_ld90:/home/minji/minji_ws/install/webots_ros2_epuck:/home/minji/minji_ws/install/webots_ros2_control:/home/minji/minji_ws/install/webots_ros2_driver:/home/minji/minji_ws/install/webots_ros2_msgs:/home/minji/minji_ws/install/btcpp_ros2_project:/home/minji/my_study/install/webots_ros2:/home/minji/my_study/install/webots_ros2_universal_robot:/home/minji/my_study/install/webots_ros2_turtlebot:/home/minji/my_study/install/webots_ros2_tiago:/home/minji/my_study/install/webots_ros2_tests:/home/minji/my_study/install/webots_ros2_tesla:/home/minji/my_study/install/webots_ros2_mavic:/home/minji/my_study/install/webots_ros2_ld90:/home/minji/my_study/install/webots_ros2_epuck:/opt/ros/humble /usr/bin/cmake --build /home/minji/test_folder/Test_in_Simulation/build/webots_ros2_msgs -- -j8 -l8
[10.456s] DEBUG:colcon.colcon_core.event_handler.log_command:Invoked command in '/home/minji/test_folder/Test_in_Simulation/build/webots_ros2_msgs' returned '0': CMAKE_PREFIX_PATH=${CMAKE_PREFIX_PATH}:/home/minji/test_folder/Test_in_Simulation/install/webots_ros2:/home/minji/test_folder/Test_in_Simulation/install/webots_ros2_universal_robot:/home/minji/test_folder/Test_in_Simulation/install/webots_ros2_turtlebot:/home/minji/test_folder/Test_in_Simulation/install/webots_ros2_tiago:/home/minji/test_folder/Test_in_Simulation/install/webots_ros2_tests:/home/minji/test_folder/Test_in_Simulation/install/webots_ros2_tesla:/home/minji/test_folder/Test_in_Simulation/install/webots_ros2_mavic:/home/minji/test_folder/Test_in_Simulation/install/webots_ros2_ld90:/home/minji/test_folder/Test_in_Simulation/install/webots_ros2_epuck:/home/minji/minji_ws/install/webots_ros2:/home/minji/minji_ws/install/webots_ros2_universal_robot:/home/minji/minji_ws/install/webots_ros2_turtlebot:/home/minji/minji_ws/install/webots_ros2_tiago:/home/minji/minji_ws/install/webots_ros2_tests:/home/minji/minji_ws/install/webots_ros2_tesla:/home/minji/minji_ws/install/webots_ros2_mavic:/home/minji/minji_ws/install/webots_ros2_ld90:/home/minji/minji_ws/install/webots_ros2_epuck:/home/minji/minji_ws/install/webots_ros2_control:/home/minji/minji_ws/install/webots_ros2_driver:/home/minji/minji_ws/install/webots_ros2_msgs:/home/minji/minji_ws/install/btcpp_ros2_project:/home/minji/my_study/install/webots_ros2:/home/minji/my_study/install/webots_ros2_universal_robot:/home/minji/my_study/install/webots_ros2_turtlebot:/home/minji/my_study/install/webots_ros2_tiago:/home/minji/my_study/install/webots_ros2_tests:/home/minji/my_study/install/webots_ros2_tesla:/home/minji/my_study/install/webots_ros2_mavic:/home/minji/my_study/install/webots_ros2_ld90:/home/minji/my_study/install/webots_ros2_epuck:/opt/ros/humble /usr/bin/cmake --build /home/minji/test_folder/Test_in_Simulation/build/webots_ros2_msgs -- -j8 -l8
[11.061s] DEBUG:colcon.colcon_core.event_handler.log_command:Invoking command in '/home/minji/test_folder/Test_in_Simulation/build/webots_ros2_msgs': CMAKE_PREFIX_PATH=${CMAKE_PREFIX_PATH}:/home/minji/test_folder/Test_in_Simulation/install/webots_ros2:/home/minji/test_folder/Test_in_Simulation/install/webots_ros2_universal_robot:/home/minji/test_folder/Test_in_Simulation/install/webots_ros2_turtlebot:/home/minji/test_folder/Test_in_Simulation/install/webots_ros2_tiago:/home/minji/test_folder/Test_in_Simulation/install/webots_ros2_tests:/home/minji/test_folder/Test_in_Simulation/install/webots_ros2_tesla:/home/minji/test_folder/Test_in_Simulation/install/webots_ros2_mavic:/home/minji/test_folder/Test_in_Simulation/install/webots_ros2_ld90:/home/minji/test_folder/Test_in_Simulation/install/webots_ros2_epuck:/home/minji/minji_ws/install/webots_ros2:/home/minji/minji_ws/install/webots_ros2_universal_robot:/home/minji/minji_ws/install/webots_ros2_turtlebot:/home/minji/minji_ws/install/webots_ros2_tiago:/home/minji/minji_ws/install/webots_ros2_tests:/home/minji/minji_ws/install/webots_ros2_tesla:/home/minji/minji_ws/install/webots_ros2_mavic:/home/minji/minji_ws/install/webots_ros2_ld90:/home/minji/minji_ws/install/webots_ros2_epuck:/home/minji/minji_ws/install/webots_ros2_control:/home/minji/minji_ws/install/webots_ros2_driver:/home/minji/minji_ws/install/webots_ros2_msgs:/home/minji/minji_ws/install/btcpp_ros2_project:/home/minji/my_study/install/webots_ros2:/home/minji/my_study/install/webots_ros2_universal_robot:/home/minji/my_study/install/webots_ros2_turtlebot:/home/minji/my_study/install/webots_ros2_tiago:/home/minji/my_study/install/webots_ros2_tests:/home/minji/my_study/install/webots_ros2_tesla:/home/minji/my_study/install/webots_ros2_mavic:/home/minji/my_study/install/webots_ros2_ld90:/home/minji/my_study/install/webots_ros2_epuck:/opt/ros/humble /usr/bin/cmake --install /home/minji/test_folder/Test_in_Simulation/build/webots_ros2_msgs
[11.155s] Level 1:colcon.colcon_core.environment:create_environment_scripts_only(webots_ros2_msgs)
[11.156s] DEBUG:colcon.colcon_core.event_handler.log_command:Invoked command in '/home/minji/test_folder/Test_in_Simulation/build/webots_ros2_msgs' returned '0': CMAKE_PREFIX_PATH=${CMAKE_PREFIX_PATH}:/home/minji/test_folder/Test_in_Simulation/install/webots_ros2:/home/minji/test_folder/Test_in_Simulation/install/webots_ros2_universal_robot:/home/minji/test_folder/Test_in_Simulation/install/webots_ros2_turtlebot:/home/minji/test_folder/Test_in_Simulation/install/webots_ros2_tiago:/home/minji/test_folder/Test_in_Simulation/install/webots_ros2_tests:/home/minji/test_folder/Test_in_Simulation/install/webots_ros2_tesla:/home/minji/test_folder/Test_in_Simulation/install/webots_ros2_mavic:/home/minji/test_folder/Test_in_Simulation/install/webots_ros2_ld90:/home/minji/test_folder/Test_in_Simulation/install/webots_ros2_epuck:/home/minji/minji_ws/install/webots_ros2:/home/minji/minji_ws/install/webots_ros2_universal_robot:/home/minji/minji_ws/install/webots_ros2_turtlebot:/home/minji/minji_ws/install/webots_ros2_tiago:/home/minji/minji_ws/install/webots_ros2_tests:/home/minji/minji_ws/install/webots_ros2_tesla:/home/minji/minji_ws/install/webots_ros2_mavic:/home/minji/minji_ws/install/webots_ros2_ld90:/home/minji/minji_ws/install/webots_ros2_epuck:/home/minji/minji_ws/install/webots_ros2_control:/home/minji/minji_ws/install/webots_ros2_driver:/home/minji/minji_ws/install/webots_ros2_msgs:/home/minji/minji_ws/install/btcpp_ros2_project:/home/minji/my_study/install/webots_ros2:/home/minji/my_study/install/webots_ros2_universal_robot:/home/minji/my_study/install/webots_ros2_turtlebot:/home/minji/my_study/install/webots_ros2_tiago:/home/minji/my_study/install/webots_ros2_tests:/home/minji/my_study/install/webots_ros2_tesla:/home/minji/my_study/install/webots_ros2_mavic:/home/minji/my_study/install/webots_ros2_ld90:/home/minji/my_study/install/webots_ros2_epuck:/opt/ros/humble /usr/bin/cmake --install /home/minji/test_folder/Test_in_Simulation/build/webots_ros2_msgs
[11.159s] Level 1:colcon.colcon_core.environment:checking '/home/minji/test_folder/Test_in_Simulation/install/webots_ros2_msgs' for CMake module files
[11.160s] Level 1:colcon.colcon_core.environment:checking '/home/minji/test_folder/Test_in_Simulation/install/webots_ros2_msgs' for CMake config files
[11.160s] Level 1:colcon.colcon_core.shell:create_environment_hook('webots_ros2_msgs', 'cmake_prefix_path')
[11.160s] INFO:colcon.colcon_core.shell:Creating environment hook '/home/minji/test_folder/Test_in_Simulation/install/webots_ros2_msgs/share/webots_ros2_msgs/hook/cmake_prefix_path.ps1'
[11.161s] INFO:colcon.colcon_core.shell:Creating environment descriptor '/home/minji/test_folder/Test_in_Simulation/install/webots_ros2_msgs/share/webots_ros2_msgs/hook/cmake_prefix_path.dsv'
[11.161s] INFO:colcon.colcon_core.shell:Creating environment hook '/home/minji/test_folder/Test_in_Simulation/install/webots_ros2_msgs/share/webots_ros2_msgs/hook/cmake_prefix_path.sh'
[11.162s] Level 1:colcon.colcon_core.environment:checking '/home/minji/test_folder/Test_in_Simulation/install/webots_ros2_msgs/lib'
[11.162s] Level 1:colcon.colcon_core.shell:create_environment_hook('webots_ros2_msgs', 'ld_library_path_lib')
[11.162s] INFO:colcon.colcon_core.shell:Creating environment hook '/home/minji/test_folder/Test_in_Simulation/install/webots_ros2_msgs/share/webots_ros2_msgs/hook/ld_library_path_lib.ps1'
[11.163s] INFO:colcon.colcon_core.shell:Creating environment descriptor '/home/minji/test_folder/Test_in_Simulation/install/webots_ros2_msgs/share/webots_ros2_msgs/hook/ld_library_path_lib.dsv'
[11.163s] INFO:colcon.colcon_core.shell:Creating environment hook '/home/minji/test_folder/Test_in_Simulation/install/webots_ros2_msgs/share/webots_ros2_msgs/hook/ld_library_path_lib.sh'
[11.163s] Level 1:colcon.colcon_core.environment:checking '/home/minji/test_folder/Test_in_Simulation/install/webots_ros2_msgs/bin'
[11.163s] Level 1:colcon.colcon_core.environment:checking '/home/minji/test_folder/Test_in_Simulation/install/webots_ros2_msgs/lib/pkgconfig/webots_ros2_msgs.pc'
[11.163s] Level 1:colcon.colcon_core.environment:checking '/home/minji/test_folder/Test_in_Simulation/install/webots_ros2_msgs/lib/python3.10/site-packages'
[11.163s] Level 1:colcon.colcon_core.environment:checking '/home/minji/test_folder/Test_in_Simulation/install/webots_ros2_msgs/bin'
[11.163s] INFO:colcon.colcon_core.shell:Creating package script '/home/minji/test_folder/Test_in_Simulation/install/webots_ros2_msgs/share/webots_ros2_msgs/package.ps1'
[11.164s] INFO:colcon.colcon_core.shell:Creating package descriptor '/home/minji/test_folder/Test_in_Simulation/install/webots_ros2_msgs/share/webots_ros2_msgs/package.dsv'
[11.165s] INFO:colcon.colcon_core.shell:Creating package script '/home/minji/test_folder/Test_in_Simulation/install/webots_ros2_msgs/share/webots_ros2_msgs/package.sh'
[11.165s] INFO:colcon.colcon_core.shell:Creating package script '/home/minji/test_folder/Test_in_Simulation/install/webots_ros2_msgs/share/webots_ros2_msgs/package.bash'
[11.166s] INFO:colcon.colcon_core.shell:Creating package script '/home/minji/test_folder/Test_in_Simulation/install/webots_ros2_msgs/share/webots_ros2_msgs/package.zsh'
[11.166s] Level 1:colcon.colcon_core.environment:create_file_with_runtime_dependencies(/home/minji/test_folder/Test_in_Simulation/install/webots_ros2_msgs/share/colcon-core/packages/webots_ros2_msgs)
[11.713s] Level 1:colcon.colcon_core.environment:create_environment_scripts_only(webots_ros2_msgs)
[11.714s] Level 1:colcon.colcon_core.environment:checking '/home/minji/test_folder/Test_in_Simulation/install/webots_ros2_msgs' for CMake module files
[11.714s] Level 1:colcon.colcon_core.environment:checking '/home/minji/test_folder/Test_in_Simulation/install/webots_ros2_msgs' for CMake config files
[11.715s] Level 1:colcon.colcon_core.shell:create_environment_hook('webots_ros2_msgs', 'cmake_prefix_path')
[11.715s] INFO:colcon.colcon_core.shell:Creating environment hook '/home/minji/test_folder/Test_in_Simulation/install/webots_ros2_msgs/share/webots_ros2_msgs/hook/cmake_prefix_path.ps1'
[11.715s] INFO:colcon.colcon_core.shell:Creating environment descriptor '/home/minji/test_folder/Test_in_Simulation/install/webots_ros2_msgs/share/webots_ros2_msgs/hook/cmake_prefix_path.dsv'
[11.716s] INFO:colcon.colcon_core.shell:Creating environment hook '/home/minji/test_folder/Test_in_Simulation/install/webots_ros2_msgs/share/webots_ros2_msgs/hook/cmake_prefix_path.sh'
[11.716s] Level 1:colcon.colcon_core.environment:checking '/home/minji/test_folder/Test_in_Simulation/install/webots_ros2_msgs/lib'
[11.716s] Level 1:colcon.colcon_core.shell:create_environment_hook('webots_ros2_msgs', 'ld_library_path_lib')
[11.717s] INFO:colcon.colcon_core.shell:Creating environment hook '/home/minji/test_folder/Test_in_Simulation/install/webots_ros2_msgs/share/webots_ros2_msgs/hook/ld_library_path_lib.ps1'
[11.717s] INFO:colcon.colcon_core.shell:Creating environment descriptor '/home/minji/test_folder/Test_in_Simulation/install/webots_ros2_msgs/share/webots_ros2_msgs/hook/ld_library_path_lib.dsv'
[11.717s] INFO:colcon.colcon_core.shell:Creating environment hook '/home/minji/test_folder/Test_in_Simulation/install/webots_ros2_msgs/share/webots_ros2_msgs/hook/ld_library_path_lib.sh'
[11.717s] Level 1:colcon.colcon_core.environment:checking '/home/minji/test_folder/Test_in_Simulation/install/webots_ros2_msgs/bin'
[11.717s] Level 1:colcon.colcon_core.environment:checking '/home/minji/test_folder/Test_in_Simulation/install/webots_ros2_msgs/lib/pkgconfig/webots_ros2_msgs.pc'
[11.718s] Level 1:colcon.colcon_core.environment:checking '/home/minji/test_folder/Test_in_Simulation/install/webots_ros2_msgs/lib/python3.10/site-packages'
[11.718s] Level 1:colcon.colcon_core.environment:checking '/home/minji/test_folder/Test_in_Simulation/install/webots_ros2_msgs/bin'
[11.718s] INFO:colcon.colcon_core.shell:Creating package script '/home/minji/test_folder/Test_in_Simulation/install/webots_ros2_msgs/share/webots_ros2_msgs/package.ps1'
[11.719s] INFO:colcon.colcon_core.shell:Creating package descriptor '/home/minji/test_folder/Test_in_Simulation/install/webots_ros2_msgs/share/webots_ros2_msgs/package.dsv'
[11.719s] INFO:colcon.colcon_core.shell:Creating package script '/home/minji/test_folder/Test_in_Simulation/install/webots_ros2_msgs/share/webots_ros2_msgs/package.sh'
[11.719s] INFO:colcon.colcon_core.shell:Creating package script '/home/minji/test_folder/Test_in_Simulation/install/webots_ros2_msgs/share/webots_ros2_msgs/package.bash'
[11.720s] INFO:colcon.colcon_core.shell:Creating package script '/home/minji/test_folder/Test_in_Simulation/install/webots_ros2_msgs/share/webots_ros2_msgs/package.zsh'
[11.720s] Level 1:colcon.colcon_core.environment:create_file_with_runtime_dependencies(/home/minji/test_folder/Test_in_Simulation/install/webots_ros2_msgs/share/colcon-core/packages/webots_ros2_msgs)
[11.720s] INFO:colcon.colcon_ros.task.ament_cmake.build:Building ROS package in '/home/minji/test_folder/Test_in_Simulation/webots_ros2/webots_ros2_driver' with build type 'ament_cmake'
[11.720s] INFO:colcon.colcon_cmake.task.cmake.build:Building CMake package in '/home/minji/test_folder/Test_in_Simulation/webots_ros2/webots_ros2_driver'
[11.720s] INFO:colcon.colcon_core.shell:Skip shell extension 'powershell' for command environment: Not usable outside of PowerShell
[11.721s] DEBUG:colcon.colcon_core.shell:Skip shell extension 'dsv' for command environment
[11.732s] DEBUG:colcon.colcon_core.event_handler.log_command:Invoking command in '/home/minji/test_folder/Test_in_Simulation/build/webots_ros2_driver': CMAKE_PREFIX_PATH=/home/minji/test_folder/Test_in_Simulation/install/webots_ros2_msgs:/home/minji/test_folder/Test_in_Simulation/install/webots_ros2_control:/home/minji/test_folder/Test_in_Simulation/install/webots_ros2_driver:/home/minji/test_folder/Test_in_Simulation/install/btcpp_ros2_samples:/home/minji/test_folder/Test_in_Simulation/install/btcpp_ros2_project:/home/minji/test_folder/Test_in_Simulation/install/behaviortree_ros2:/home/minji/test_folder/Test_in_Simulation/install/btcpp_ros2_interfaces:/home/minji/minji_ws/install/btcpp_ros2_samples:/home/minji/minji_ws/install/behaviortree_ros2:/home/minji/minji_ws/install/btcpp_ros2_interfaces:/home/minji/my_study/install/webots_ros2_control:/home/minji/my_study/install/webots_ros2_driver:/home/minji/my_study/install/webots_ros2_msgs:/usr/local:/home/minji/test_folder/Test_in_Simulation/install/webots_ros2:/home/minji/test_folder/Test_in_Simulation/install/webots_ros2_universal_robot:/home/minji/test_folder/Test_in_Simulation/install/webots_ros2_turtlebot:/home/minji/test_folder/Test_in_Simulation/install/webots_ros2_tiago:/home/minji/test_folder/Test_in_Simulation/install/webots_ros2_tests:/home/minji/test_folder/Test_in_Simulation/install/webots_ros2_tesla:/home/minji/test_folder/Test_in_Simulation/install/webots_ros2_mavic:/home/minji/test_folder/Test_in_Simulation/install/webots_ros2_ld90:/home/minji/test_folder/Test_in_Simulation/install/webots_ros2_epuck:/home/minji/minji_ws/install/webots_ros2:/home/minji/minji_ws/install/webots_ros2_universal_robot:/home/minji/minji_ws/install/webots_ros2_turtlebot:/home/minji/minji_ws/install/webots_ros2_tiago:/home/minji/minji_ws/install/webots_ros2_tests:/home/minji/minji_ws/install/webots_ros2_tesla:/home/minji/minji_ws/install/webots_ros2_mavic:/home/minji/minji_ws/install/webots_ros2_ld90:/home/minji/minji_ws/install/webots_ros2_epuck:/home/minji/minji_ws/install/webots_ros2_control:/home/minji/minji_ws/install/webots_ros2_driver:/home/minji/minji_ws/install/webots_ros2_msgs:/home/minji/minji_ws/install/btcpp_ros2_project:/home/minji/my_study/install/webots_ros2:/home/minji/my_study/install/webots_ros2_universal_robot:/home/minji/my_study/install/webots_ros2_turtlebot:/home/minji/my_study/install/webots_ros2_tiago:/home/minji/my_study/install/webots_ros2_tests:/home/minji/my_study/install/webots_ros2_tesla:/home/minji/my_study/install/webots_ros2_mavic:/home/minji/my_study/install/webots_ros2_ld90:/home/minji/my_study/install/webots_ros2_epuck:/opt/ros/humble LD_LIBRARY_PATH=/home/minji/test_folder/Test_in_Simulation/install/webots_ros2_msgs/lib:/home/minji/test_folder/Test_in_Simulation/install/webots_ros2_control/lib:/home/minji/test_folder/Test_in_Simulation/install/webots_ros2_driver/lib:/home/minji/test_folder/Test_in_Simulation/install/behaviortree_ros2/lib:/home/minji/test_folder/Test_in_Simulation/install/btcpp_ros2_interfaces/lib:/home/minji/minji_ws/install/webots_ros2_control/lib:/home/minji/minji_ws/install/webots_ros2_driver/lib:/home/minji/minji_ws/install/webots_ros2_msgs/lib:/home/minji/minji_ws/install/behaviortree_ros2/lib:/home/minji/minji_ws/install/btcpp_ros2_interfaces/lib:/home/minji/my_study/install/webots_ros2_control/lib:/home/minji/my_study/install/webots_ros2_driver/lib:/home/minji/my_study/install/webots_ros2_msgs/lib:/opt/ros/humble/opt/rviz_ogre_vendor/lib:/opt/ros/humble/lib/x86_64-linux-gnu:/opt/ros/humble/lib /usr/bin/cmake /home/minji/test_folder/Test_in_Simulation/webots_ros2/webots_ros2_driver -DCMAKE_INSTALL_PREFIX=/home/minji/test_folder/Test_in_Simulation/install/webots_ros2_driver
[13.952s] DEBUG:colcon.colcon_core.event_handler.log_command:Invoked command in '/home/minji/test_folder/Test_in_Simulation/build/webots_ros2_driver' returned '0': CMAKE_PREFIX_PATH=/home/minji/test_folder/Test_in_Simulation/install/webots_ros2_msgs:/home/minji/test_folder/Test_in_Simulation/install/webots_ros2_control:/home/minji/test_folder/Test_in_Simulation/install/webots_ros2_driver:/home/minji/test_folder/Test_in_Simulation/install/btcpp_ros2_samples:/home/minji/test_folder/Test_in_Simulation/install/btcpp_ros2_project:/home/minji/test_folder/Test_in_Simulation/install/behaviortree_ros2:/home/minji/test_folder/Test_in_Simulation/install/btcpp_ros2_interfaces:/home/minji/minji_ws/install/btcpp_ros2_samples:/home/minji/minji_ws/install/behaviortree_ros2:/home/minji/minji_ws/install/btcpp_ros2_interfaces:/home/minji/my_study/install/webots_ros2_control:/home/minji/my_study/install/webots_ros2_driver:/home/minji/my_study/install/webots_ros2_msgs:/usr/local:/home/minji/test_folder/Test_in_Simulation/install/webots_ros2:/home/minji/test_folder/Test_in_Simulation/install/webots_ros2_universal_robot:/home/minji/test_folder/Test_in_Simulation/install/webots_ros2_turtlebot:/home/minji/test_folder/Test_in_Simulation/install/webots_ros2_tiago:/home/minji/test_folder/Test_in_Simulation/install/webots_ros2_tests:/home/minji/test_folder/Test_in_Simulation/install/webots_ros2_tesla:/home/minji/test_folder/Test_in_Simulation/install/webots_ros2_mavic:/home/minji/test_folder/Test_in_Simulation/install/webots_ros2_ld90:/home/minji/test_folder/Test_in_Simulation/install/webots_ros2_epuck:/home/minji/minji_ws/install/webots_ros2:/home/minji/minji_ws/install/webots_ros2_universal_robot:/home/minji/minji_ws/install/webots_ros2_turtlebot:/home/minji/minji_ws/install/webots_ros2_tiago:/home/minji/minji_ws/install/webots_ros2_tests:/home/minji/minji_ws/install/webots_ros2_tesla:/home/minji/minji_ws/install/webots_ros2_mavic:/home/minji/minji_ws/install/webots_ros2_ld90:/home/minji/minji_ws/install/webots_ros2_epuck:/home/minji/minji_ws/install/webots_ros2_control:/home/minji/minji_ws/install/webots_ros2_driver:/home/minji/minji_ws/install/webots_ros2_msgs:/home/minji/minji_ws/install/btcpp_ros2_project:/home/minji/my_study/install/webots_ros2:/home/minji/my_study/install/webots_ros2_universal_robot:/home/minji/my_study/install/webots_ros2_turtlebot:/home/minji/my_study/install/webots_ros2_tiago:/home/minji/my_study/install/webots_ros2_tests:/home/minji/my_study/install/webots_ros2_tesla:/home/minji/my_study/install/webots_ros2_mavic:/home/minji/my_study/install/webots_ros2_ld90:/home/minji/my_study/install/webots_ros2_epuck:/opt/ros/humble LD_LIBRARY_PATH=/home/minji/test_folder/Test_in_Simulation/install/webots_ros2_msgs/lib:/home/minji/test_folder/Test_in_Simulation/install/webots_ros2_control/lib:/home/minji/test_folder/Test_in_Simulation/install/webots_ros2_driver/lib:/home/minji/test_folder/Test_in_Simulation/install/behaviortree_ros2/lib:/home/minji/test_folder/Test_in_Simulation/install/btcpp_ros2_interfaces/lib:/home/minji/minji_ws/install/webots_ros2_control/lib:/home/minji/minji_ws/install/webots_ros2_driver/lib:/home/minji/minji_ws/install/webots_ros2_msgs/lib:/home/minji/minji_ws/install/behaviortree_ros2/lib:/home/minji/minji_ws/install/btcpp_ros2_interfaces/lib:/home/minji/my_study/install/webots_ros2_control/lib:/home/minji/my_study/install/webots_ros2_driver/lib:/home/minji/my_study/install/webots_ros2_msgs/lib:/opt/ros/humble/opt/rviz_ogre_vendor/lib:/opt/ros/humble/lib/x86_64-linux-gnu:/opt/ros/humble/lib /usr/bin/cmake /home/minji/test_folder/Test_in_Simulation/webots_ros2/webots_ros2_driver -DCMAKE_INSTALL_PREFIX=/home/minji/test_folder/Test_in_Simulation/install/webots_ros2_driver
[13.952s] DEBUG:colcon.colcon_core.event_handler.log_command:Invoking command in '/home/minji/test_folder/Test_in_Simulation/build/webots_ros2_driver': CMAKE_PREFIX_PATH=/home/minji/test_folder/Test_in_Simulation/install/webots_ros2_msgs:/home/minji/test_folder/Test_in_Simulation/install/webots_ros2_control:/home/minji/test_folder/Test_in_Simulation/install/webots_ros2_driver:/home/minji/test_folder/Test_in_Simulation/install/btcpp_ros2_samples:/home/minji/test_folder/Test_in_Simulation/install/btcpp_ros2_project:/home/minji/test_folder/Test_in_Simulation/install/behaviortree_ros2:/home/minji/test_folder/Test_in_Simulation/install/btcpp_ros2_interfaces:/home/minji/minji_ws/install/btcpp_ros2_samples:/home/minji/minji_ws/install/behaviortree_ros2:/home/minji/minji_ws/install/btcpp_ros2_interfaces:/home/minji/my_study/install/webots_ros2_control:/home/minji/my_study/install/webots_ros2_driver:/home/minji/my_study/install/webots_ros2_msgs:/usr/local:/home/minji/test_folder/Test_in_Simulation/install/webots_ros2:/home/minji/test_folder/Test_in_Simulation/install/webots_ros2_universal_robot:/home/minji/test_folder/Test_in_Simulation/install/webots_ros2_turtlebot:/home/minji/test_folder/Test_in_Simulation/install/webots_ros2_tiago:/home/minji/test_folder/Test_in_Simulation/install/webots_ros2_tests:/home/minji/test_folder/Test_in_Simulation/install/webots_ros2_tesla:/home/minji/test_folder/Test_in_Simulation/install/webots_ros2_mavic:/home/minji/test_folder/Test_in_Simulation/install/webots_ros2_ld90:/home/minji/test_folder/Test_in_Simulation/install/webots_ros2_epuck:/home/minji/minji_ws/install/webots_ros2:/home/minji/minji_ws/install/webots_ros2_universal_robot:/home/minji/minji_ws/install/webots_ros2_turtlebot:/home/minji/minji_ws/install/webots_ros2_tiago:/home/minji/minji_ws/install/webots_ros2_tests:/home/minji/minji_ws/install/webots_ros2_tesla:/home/minji/minji_ws/install/webots_ros2_mavic:/home/minji/minji_ws/install/webots_ros2_ld90:/home/minji/minji_ws/install/webots_ros2_epuck:/home/minji/minji_ws/install/webots_ros2_control:/home/minji/minji_ws/install/webots_ros2_driver:/home/minji/minji_ws/install/webots_ros2_msgs:/home/minji/minji_ws/install/btcpp_ros2_project:/home/minji/my_study/install/webots_ros2:/home/minji/my_study/install/webots_ros2_universal_robot:/home/minji/my_study/install/webots_ros2_turtlebot:/home/minji/my_study/install/webots_ros2_tiago:/home/minji/my_study/install/webots_ros2_tests:/home/minji/my_study/install/webots_ros2_tesla:/home/minji/my_study/install/webots_ros2_mavic:/home/minji/my_study/install/webots_ros2_ld90:/home/minji/my_study/install/webots_ros2_epuck:/opt/ros/humble LD_LIBRARY_PATH=/home/minji/test_folder/Test_in_Simulation/install/webots_ros2_msgs/lib:/home/minji/test_folder/Test_in_Simulation/install/webots_ros2_control/lib:/home/minji/test_folder/Test_in_Simulation/install/webots_ros2_driver/lib:/home/minji/test_folder/Test_in_Simulation/install/behaviortree_ros2/lib:/home/minji/test_folder/Test_in_Simulation/install/btcpp_ros2_interfaces/lib:/home/minji/minji_ws/install/webots_ros2_control/lib:/home/minji/minji_ws/install/webots_ros2_driver/lib:/home/minji/minji_ws/install/webots_ros2_msgs/lib:/home/minji/minji_ws/install/behaviortree_ros2/lib:/home/minji/minji_ws/install/btcpp_ros2_interfaces/lib:/home/minji/my_study/install/webots_ros2_control/lib:/home/minji/my_study/install/webots_ros2_driver/lib:/home/minji/my_study/install/webots_ros2_msgs/lib:/opt/ros/humble/opt/rviz_ogre_vendor/lib:/opt/ros/humble/lib/x86_64-linux-gnu:/opt/ros/humble/lib /usr/bin/cmake --build /home/minji/test_folder/Test_in_Simulation/build/webots_ros2_driver -- -j8 -l8
