[1.097s] Invoking command in '/home/minji/minji_ws/webots_ros2/webots_ros2_epuck': AMENT_PREFIX_PATH=/home/minji/minji_ws/install/webots_ros2_control:/home/minji/minji_ws/install/webots_ros2_driver:/home/minji/minji_ws/install/webots_ros2_msgs:${AMENT_PREFIX_PATH} CMAKE_PREFIX_PATH=/home/minji/minji_ws/install/webots_ros2_control:/home/minji/minji_ws/install/webots_ros2_driver:/home/minji/minji_ws/install/webots_ros2_msgs${CMAKE_PREFIX_PATH} LD_LIBRARY_PATH=/home/minji/minji_ws/install/webots_ros2_control/lib:/home/minji/minji_ws/install/webots_ros2_driver/lib:/home/minji/minji_ws/install/webots_ros2_msgs/lib:${LD_LIBRARY_PATH} PYTHONPATH=/home/minji/minji_ws/build/webots_ros2_epuck/prefix_override:/usr/lib/python3/dist-packages/colcon_core/task/python/colcon_distutils_commands:/home/minji/minji_ws/install/webots_ros2_epuck/lib/python3.10/site-packages:/home/minji/minji_ws/install/webots_ros2_driver/local/lib/python3.10/dist-packages:/home/minji/minji_ws/install/webots_ros2_msgs/local/lib/python3.10/dist-packages:${PYTHONPATH} /usr/bin/python3 -W ignore:setup.py install is deprecated setup.py egg_info --egg-base ../../build/webots_ros2_epuck build --build-base /home/minji/minji_ws/build/webots_ros2_epuck/build install --record /home/minji/minji_ws/build/webots_ros2_epuck/install.log --single-version-externally-managed install_data
[1.373s] running egg_info
[1.374s] creating ../../build/webots_ros2_epuck/webots_ros2_epuck.egg-info
[1.374s] writing ../../build/webots_ros2_epuck/webots_ros2_epuck.egg-info/PKG-INFO
[1.374s] writing dependency_links to ../../build/webots_ros2_epuck/webots_ros2_epuck.egg-info/dependency_links.txt
[1.375s] writing entry points to ../../build/webots_ros2_epuck/webots_ros2_epuck.egg-info/entry_points.txt
[1.376s] writing requirements to ../../build/webots_ros2_epuck/webots_ros2_epuck.egg-info/requires.txt
[1.376s] writing top-level names to ../../build/webots_ros2_epuck/webots_ros2_epuck.egg-info/top_level.txt
[1.376s] writing manifest file '../../build/webots_ros2_epuck/webots_ros2_epuck.egg-info/SOURCES.txt'
[1.379s] reading manifest file '../../build/webots_ros2_epuck/webots_ros2_epuck.egg-info/SOURCES.txt'
[1.381s] writing manifest file '../../build/webots_ros2_epuck/webots_ros2_epuck.egg-info/SOURCES.txt'
[1.381s] running build
[1.381s] running build_py
[1.381s] creating /home/minji/minji_ws/build/webots_ros2_epuck/build
[1.381s] creating /home/minji/minji_ws/build/webots_ros2_epuck/build/lib
[1.381s] creating /home/minji/minji_ws/build/webots_ros2_epuck/build/lib/webots_ros2_epuck
[1.381s] copying webots_ros2_epuck/__init__.py -> /home/minji/minji_ws/build/webots_ros2_epuck/build/lib/webots_ros2_epuck
[1.381s] copying webots_ros2_epuck/drive_calibrator.py -> /home/minji/minji_ws/build/webots_ros2_epuck/build/lib/webots_ros2_epuck
[1.382s] copying webots_ros2_epuck/epuck_node.py -> /home/minji/minji_ws/build/webots_ros2_epuck/build/lib/webots_ros2_epuck
[1.382s] copying webots_ros2_epuck/simple_mapper.py -> /home/minji/minji_ws/build/webots_ros2_epuck/build/lib/webots_ros2_epuck
[1.382s] running install
[1.383s] running install_lib
[1.385s] creating /home/minji/minji_ws/install/webots_ros2_epuck/lib/python3.10/site-packages/webots_ros2_epuck
[1.385s] copying /home/minji/minji_ws/build/webots_ros2_epuck/build/lib/webots_ros2_epuck/__init__.py -> /home/minji/minji_ws/install/webots_ros2_epuck/lib/python3.10/site-packages/webots_ros2_epuck
[1.385s] copying /home/minji/minji_ws/build/webots_ros2_epuck/build/lib/webots_ros2_epuck/drive_calibrator.py -> /home/minji/minji_ws/install/webots_ros2_epuck/lib/python3.10/site-packages/webots_ros2_epuck
[1.385s] copying /home/minji/minji_ws/build/webots_ros2_epuck/build/lib/webots_ros2_epuck/epuck_node.py -> /home/minji/minji_ws/install/webots_ros2_epuck/lib/python3.10/site-packages/webots_ros2_epuck
[1.385s] copying /home/minji/minji_ws/build/webots_ros2_epuck/build/lib/webots_ros2_epuck/simple_mapper.py -> /home/minji/minji_ws/install/webots_ros2_epuck/lib/python3.10/site-packages/webots_ros2_epuck
[1.385s] byte-compiling /home/minji/minji_ws/install/webots_ros2_epuck/lib/python3.10/site-packages/webots_ros2_epuck/__init__.py to __init__.cpython-310.pyc
[1.386s] byte-compiling /home/minji/minji_ws/install/webots_ros2_epuck/lib/python3.10/site-packages/webots_ros2_epuck/drive_calibrator.py to drive_calibrator.cpython-310.pyc
[1.387s] byte-compiling /home/minji/minji_ws/install/webots_ros2_epuck/lib/python3.10/site-packages/webots_ros2_epuck/epuck_node.py to epuck_node.cpython-310.pyc
[1.387s] byte-compiling /home/minji/minji_ws/install/webots_ros2_epuck/lib/python3.10/site-packages/webots_ros2_epuck/simple_mapper.py to simple_mapper.cpython-310.pyc
[1.387s] running install_data
[1.387s] creating /home/minji/minji_ws/install/webots_ros2_epuck/share/ament_index
[1.387s] creating /home/minji/minji_ws/install/webots_ros2_epuck/share/ament_index/resource_index
[1.388s] creating /home/minji/minji_ws/install/webots_ros2_epuck/share/ament_index/resource_index/packages
[1.388s] copying resource/webots_ros2_epuck -> /home/minji/minji_ws/install/webots_ros2_epuck/share/ament_index/resource_index/packages
[1.388s] creating /home/minji/minji_ws/install/webots_ros2_epuck/share/webots_ros2_epuck/launch
[1.388s] copying launch/robot_launch.py -> /home/minji/minji_ws/install/webots_ros2_epuck/share/webots_ros2_epuck/launch
[1.388s] copying launch/robot_tools_launch.py -> /home/minji/minji_ws/install/webots_ros2_epuck/share/webots_ros2_epuck/launch
[1.388s] copying launch/rats_life_launch.py -> /home/minji/minji_ws/install/webots_ros2_epuck/share/webots_ros2_epuck/launch
[1.388s] copying launch/rats_life_waypoints_launch.py -> /home/minji/minji_ws/install/webots_ros2_epuck/share/webots_ros2_epuck/launch
[1.389s] creating /home/minji/minji_ws/install/webots_ros2_epuck/share/webots_ros2_epuck/worlds
[1.389s] copying worlds/epuck_world.wbt -> /home/minji/minji_ws/install/webots_ros2_epuck/share/webots_ros2_epuck/worlds
[1.389s] copying worlds/.epuck_world.wbproj -> /home/minji/minji_ws/install/webots_ros2_epuck/share/webots_ros2_epuck/worlds
[1.389s] copying worlds/rats_life_benchmark.wbt -> /home/minji/minji_ws/install/webots_ros2_epuck/share/webots_ros2_epuck/worlds
[1.389s] copying worlds/.rats_life_benchmark.wbproj -> /home/minji/minji_ws/install/webots_ros2_epuck/share/webots_ros2_epuck/worlds
[1.389s] creating /home/minji/minji_ws/install/webots_ros2_epuck/share/webots_ros2_epuck/protos
[1.389s] copying protos/LegoTallInterval.proto -> /home/minji/minji_ws/install/webots_ros2_epuck/share/webots_ros2_epuck/protos
[1.390s] copying protos/LegoTallWall.proto -> /home/minji/minji_ws/install/webots_ros2_epuck/share/webots_ros2_epuck/protos
[1.390s] creating /home/minji/minji_ws/install/webots_ros2_epuck/share/webots_ros2_epuck/resource
[1.391s] copying resource/all.rviz -> /home/minji/minji_ws/install/webots_ros2_epuck/share/webots_ros2_epuck/resource
[1.391s] copying resource/nav2_params.yaml -> /home/minji/minji_ws/install/webots_ros2_epuck/share/webots_ros2_epuck/resource
[1.391s] copying resource/nav2_params_iron.yaml -> /home/minji/minji_ws/install/webots_ros2_epuck/share/webots_ros2_epuck/resource
[1.391s] copying resource/map_rats_life.pgm -> /home/minji/minji_ws/install/webots_ros2_epuck/share/webots_ros2_epuck/resource
[1.392s] copying resource/map_rats_life.yaml -> /home/minji/minji_ws/install/webots_ros2_epuck/share/webots_ros2_epuck/resource
[1.392s] copying resource/nav2_rats_life_waypoints.yaml -> /home/minji/minji_ws/install/webots_ros2_epuck/share/webots_ros2_epuck/resource
[1.392s] copying resource/epuck_world_map.pgm -> /home/minji/minji_ws/install/webots_ros2_epuck/share/webots_ros2_epuck/resource
[1.392s] copying resource/epuck_world_map.yaml -> /home/minji/minji_ws/install/webots_ros2_epuck/share/webots_ros2_epuck/resource
[1.392s] copying resource/epuck_webots.urdf -> /home/minji/minji_ws/install/webots_ros2_epuck/share/webots_ros2_epuck/resource
[1.392s] copying resource/ros2_control.yml -> /home/minji/minji_ws/install/webots_ros2_epuck/share/webots_ros2_epuck/resource
[1.393s] copying package.xml -> /home/minji/minji_ws/install/webots_ros2_epuck/share/webots_ros2_epuck
[1.393s] running install_egg_info
[1.393s] Copying ../../build/webots_ros2_epuck/webots_ros2_epuck.egg-info to /home/minji/minji_ws/install/webots_ros2_epuck/lib/python3.10/site-packages/webots_ros2_epuck-2023.1.2-py3.10.egg-info
[1.394s] running install_scripts
[1.419s] Installing drive_calibrator script to /home/minji/minji_ws/install/webots_ros2_epuck/lib/webots_ros2_epuck
[1.420s] Installing epuck_node script to /home/minji/minji_ws/install/webots_ros2_epuck/lib/webots_ros2_epuck
[1.420s] Installing simple_mapper script to /home/minji/minji_ws/install/webots_ros2_epuck/lib/webots_ros2_epuck
[1.420s] writing list of installed files to '/home/minji/minji_ws/build/webots_ros2_epuck/install.log'
[1.457s] Invoked command in '/home/minji/minji_ws/webots_ros2/webots_ros2_epuck' returned '0': AMENT_PREFIX_PATH=/home/minji/minji_ws/install/webots_ros2_control:/home/minji/minji_ws/install/webots_ros2_driver:/home/minji/minji_ws/install/webots_ros2_msgs:${AMENT_PREFIX_PATH} CMAKE_PREFIX_PATH=/home/minji/minji_ws/install/webots_ros2_control:/home/minji/minji_ws/install/webots_ros2_driver:/home/minji/minji_ws/install/webots_ros2_msgs${CMAKE_PREFIX_PATH} LD_LIBRARY_PATH=/home/minji/minji_ws/install/webots_ros2_control/lib:/home/minji/minji_ws/install/webots_ros2_driver/lib:/home/minji/minji_ws/install/webots_ros2_msgs/lib:${LD_LIBRARY_PATH} PYTHONPATH=/home/minji/minji_ws/build/webots_ros2_epuck/prefix_override:/usr/lib/python3/dist-packages/colcon_core/task/python/colcon_distutils_commands:/home/minji/minji_ws/install/webots_ros2_epuck/lib/python3.10/site-packages:/home/minji/minji_ws/install/webots_ros2_driver/local/lib/python3.10/dist-packages:/home/minji/minji_ws/install/webots_ros2_msgs/local/lib/python3.10/dist-packages:${PYTHONPATH} /usr/bin/python3 -W ignore:setup.py install is deprecated setup.py egg_info --egg-base ../../build/webots_ros2_epuck build --build-base /home/minji/minji_ws/build/webots_ros2_epuck/build install --record /home/minji/minji_ws/build/webots_ros2_epuck/install.log --single-version-externally-managed install_data
