[1.077s] Invoking command in '/home/minji/test_folder/Test_in_Simulation/webots_ros2_ld90': AMENT_PREFIX_PATH=/home/minji/test_folder/Test_in_Simulation/install/webots_ros2_driver:/home/minji/test_folder/Test_in_Simulation/install/webots_ros2_msgs:${AMENT_PREFIX_PATH} CMAKE_PREFIX_PATH=/home/minji/test_folder/Test_in_Simulation/install/webots_ros2_driver:/home/minji/test_folder/Test_in_Simulation/install/webots_ros2_msgs:${CMAKE_PREFIX_PATH} LD_LIBRARY_PATH=/home/minji/test_folder/Test_in_Simulation/install/webots_ros2_driver/lib:/home/minji/test_folder/Test_in_Simulation/install/webots_ros2_msgs/lib:${LD_LIBRARY_PATH} PYTHONPATH=/home/minji/test_folder/Test_in_Simulation/build/webots_ros2_ld90/prefix_override:/usr/lib/python3/dist-packages/colcon_core/task/python/colcon_distutils_commands:/home/minji/test_folder/Test_in_Simulation/install/webots_ros2_ld90/lib/python3.10/site-packages:/home/minji/test_folder/Test_in_Simulation/install/webots_ros2_driver/local/lib/python3.10/dist-packages:/home/minji/test_folder/Test_in_Simulation/install/webots_ros2_msgs/local/lib/python3.10/dist-packages:${PYTHONPATH} /usr/bin/python3 -W ignore:setup.py install is deprecated setup.py egg_info --egg-base ../build/webots_ros2_ld90 build --build-base /home/minji/test_folder/Test_in_Simulation/build/webots_ros2_ld90/build install --record /home/minji/test_folder/Test_in_Simulation/build/webots_ros2_ld90/install.log --single-version-externally-managed install_data
[1.308s] running egg_info
[1.308s] creating ../build/webots_ros2_ld90/webots_ros2_ld90.egg-info
[1.308s] writing ../build/webots_ros2_ld90/webots_ros2_ld90.egg-info/PKG-INFO
[1.308s] writing dependency_links to ../build/webots_ros2_ld90/webots_ros2_ld90.egg-info/dependency_links.txt
[1.308s] writing entry points to ../build/webots_ros2_ld90/webots_ros2_ld90.egg-info/entry_points.txt
[1.309s] writing requirements to ../build/webots_ros2_ld90/webots_ros2_ld90.egg-info/requires.txt
[1.309s] writing top-level names to ../build/webots_ros2_ld90/webots_ros2_ld90.egg-info/top_level.txt
[1.309s] writing manifest file '../build/webots_ros2_ld90/webots_ros2_ld90.egg-info/SOURCES.txt'
[1.310s] reading manifest file '../build/webots_ros2_ld90/webots_ros2_ld90.egg-info/SOURCES.txt'
[1.310s] adding license file 'LICENSE'
[1.311s] writing manifest file '../build/webots_ros2_ld90/webots_ros2_ld90.egg-info/SOURCES.txt'
[1.311s] running build
[1.311s] running build_py
[1.311s] creating /home/minji/test_folder/Test_in_Simulation/build/webots_ros2_ld90/build
[1.311s] creating /home/minji/test_folder/Test_in_Simulation/build/webots_ros2_ld90/build/lib
[1.311s] creating /home/minji/test_folder/Test_in_Simulation/build/webots_ros2_ld90/build/lib/webots_ros2_ld90
[1.311s] copying webots_ros2_ld90/__init__.py -> /home/minji/test_folder/Test_in_Simulation/build/webots_ros2_ld90/build/lib/webots_ros2_ld90
[1.311s] running install
[1.311s] running install_lib
[1.312s] creating /home/minji/test_folder/Test_in_Simulation/install/webots_ros2_ld90/lib/python3.10/site-packages/webots_ros2_ld90
[1.312s] copying /home/minji/test_folder/Test_in_Simulation/build/webots_ros2_ld90/build/lib/webots_ros2_ld90/__init__.py -> /home/minji/test_folder/Test_in_Simulation/install/webots_ros2_ld90/lib/python3.10/site-packages/webots_ros2_ld90
[1.312s] byte-compiling /home/minji/test_folder/Test_in_Simulation/install/webots_ros2_ld90/lib/python3.10/site-packages/webots_ros2_ld90/__init__.py to __init__.cpython-310.pyc
[1.312s] running install_data
[1.312s] creating /home/minji/test_folder/Test_in_Simulation/install/webots_ros2_ld90/share/ament_index
[1.313s] creating /home/minji/test_folder/Test_in_Simulation/install/webots_ros2_ld90/share/ament_index/resource_index
[1.313s] creating /home/minji/test_folder/Test_in_Simulation/install/webots_ros2_ld90/share/ament_index/resource_index/packages
[1.313s] copying resource/webots_ros2_ld90 -> /home/minji/test_folder/Test_in_Simulation/install/webots_ros2_ld90/share/ament_index/resource_index/packages
[1.313s] creating /home/minji/test_folder/Test_in_Simulation/install/webots_ros2_ld90/share/webots_ros2_ld90/protos
[1.313s] copying protos/LD90.proto -> /home/minji/test_folder/Test_in_Simulation/install/webots_ros2_ld90/share/webots_ros2_ld90/protos
[1.313s] copying protos/LD90RearDistanceSensor.proto -> /home/minji/test_folder/Test_in_Simulation/install/webots_ros2_ld90/share/webots_ros2_ld90/protos
[1.313s] copying protos/SickLms291.proto -> /home/minji/test_folder/Test_in_Simulation/install/webots_ros2_ld90/share/webots_ros2_ld90/protos
[1.313s] copying protos/RPLidar.proto -> /home/minji/test_folder/Test_in_Simulation/install/webots_ros2_ld90/share/webots_ros2_ld90/protos
[1.314s] creating /home/minji/test_folder/Test_in_Simulation/install/webots_ros2_ld90/share/webots_ros2_ld90/protos/meshes
[1.314s] copying protos/meshes/LD_Platform.STL -> /home/minji/test_folder/Test_in_Simulation/install/webots_ros2_ld90/share/webots_ros2_ld90/protos/meshes
[1.325s] copying protos/meshes/rplidar.dae -> /home/minji/test_folder/Test_in_Simulation/install/webots_ros2_ld90/share/webots_ros2_ld90/protos/meshes
[1.326s] creating /home/minji/test_folder/Test_in_Simulation/install/webots_ros2_ld90/share/webots_ros2_ld90/protos/textures
[1.326s] copying protos/textures/sick_lms291_roughness.jpg -> /home/minji/test_folder/Test_in_Simulation/install/webots_ros2_ld90/share/webots_ros2_ld90/protos/textures
[1.327s] copying protos/textures/sick_lms291.png -> /home/minji/test_folder/Test_in_Simulation/install/webots_ros2_ld90/share/webots_ros2_ld90/protos/textures
[1.327s] copying protos/SalusSuite.proto -> /home/minji/test_folder/Test_in_Simulation/install/webots_ros2_ld90/share/webots_ros2_ld90/protos
[1.327s] creating /home/minji/test_folder/Test_in_Simulation/install/webots_ros2_ld90/share/webots_ros2_ld90/worlds
[1.327s] copying worlds/my_ld90.wbt -> /home/minji/test_folder/Test_in_Simulation/install/webots_ros2_ld90/share/webots_ros2_ld90/worlds
[1.327s] copying worlds/contest.wbt -> /home/minji/test_folder/Test_in_Simulation/install/webots_ros2_ld90/share/webots_ros2_ld90/worlds
[1.328s] copying worlds/no_human.wbt -> /home/minji/test_folder/Test_in_Simulation/install/webots_ros2_ld90/share/webots_ros2_ld90/worlds
[1.329s] creating /home/minji/test_folder/Test_in_Simulation/install/webots_ros2_ld90/share/webots_ros2_ld90/resource
[1.329s] copying resource/ros2control.yaml -> /home/minji/test_folder/Test_in_Simulation/install/webots_ros2_ld90/share/webots_ros2_ld90/resource
[1.329s] copying resource/LD90.urdf -> /home/minji/test_folder/Test_in_Simulation/install/webots_ros2_ld90/share/webots_ros2_ld90/resource
[1.329s] creating /home/minji/test_folder/Test_in_Simulation/install/webots_ros2_ld90/share/webots_ros2_ld90/launch
[1.329s] copying launch/robot_launch.py -> /home/minji/test_folder/Test_in_Simulation/install/webots_ros2_ld90/share/webots_ros2_ld90/launch
[1.329s] copying package.xml -> /home/minji/test_folder/Test_in_Simulation/install/webots_ros2_ld90/share/webots_ros2_ld90
[1.329s] running install_egg_info
[1.331s] Copying ../build/webots_ros2_ld90/webots_ros2_ld90.egg-info to /home/minji/test_folder/Test_in_Simulation/install/webots_ros2_ld90/lib/python3.10/site-packages/webots_ros2_ld90-0.0.0-py3.10.egg-info
[1.332s] running install_scripts
[1.350s] writing list of installed files to '/home/minji/test_folder/Test_in_Simulation/build/webots_ros2_ld90/install.log'
[1.378s] Invoked command in '/home/minji/test_folder/Test_in_Simulation/webots_ros2_ld90' returned '0': AMENT_PREFIX_PATH=/home/minji/test_folder/Test_in_Simulation/install/webots_ros2_driver:/home/minji/test_folder/Test_in_Simulation/install/webots_ros2_msgs:${AMENT_PREFIX_PATH} CMAKE_PREFIX_PATH=/home/minji/test_folder/Test_in_Simulation/install/webots_ros2_driver:/home/minji/test_folder/Test_in_Simulation/install/webots_ros2_msgs:${CMAKE_PREFIX_PATH} LD_LIBRARY_PATH=/home/minji/test_folder/Test_in_Simulation/install/webots_ros2_driver/lib:/home/minji/test_folder/Test_in_Simulation/install/webots_ros2_msgs/lib:${LD_LIBRARY_PATH} PYTHONPATH=/home/minji/test_folder/Test_in_Simulation/build/webots_ros2_ld90/prefix_override:/usr/lib/python3/dist-packages/colcon_core/task/python/colcon_distutils_commands:/home/minji/test_folder/Test_in_Simulation/install/webots_ros2_ld90/lib/python3.10/site-packages:/home/minji/test_folder/Test_in_Simulation/install/webots_ros2_driver/local/lib/python3.10/dist-packages:/home/minji/test_folder/Test_in_Simulation/install/webots_ros2_msgs/local/lib/python3.10/dist-packages:${PYTHONPATH} /usr/bin/python3 -W ignore:setup.py install is deprecated setup.py egg_info --egg-base ../build/webots_ros2_ld90 build --build-base /home/minji/test_folder/Test_in_Simulation/build/webots_ros2_ld90/build install --record /home/minji/test_folder/Test_in_Simulation/build/webots_ros2_ld90/install.log --single-version-externally-managed install_data
