[100%] Built target project_bt_executor
[100%] Built target capture_image_plugin
-- Install configuration: ""
-- Up-to-date: /home/minji/minji_ws/install/btcpp_ros2_project/lib/btcpp_ros2_project/libcapture_image_plugin.so
-- Up-to-date: /home/minji/minji_ws/install/btcpp_ros2_project/lib/btcpp_ros2_project/project_bt_executor
-- Up-to-date: /home/minji/minji_ws/install/btcpp_ros2_project/share/btcpp_ros2_project/bt_plugins/libcapture_image_plugin.so
-- Up-to-date: /home/minji/minji_ws/install/btcpp_ros2_project/share/btcpp_ros2_project//behavior_trees
-- Up-to-date: /home/minji/minji_ws/install/btcpp_ros2_project/share/btcpp_ros2_project//behavior_trees/inspection_tree.xml
-- Up-to-date: /home/minji/minji_ws/install/btcpp_ros2_project/share/btcpp_ros2_project//config
-- Up-to-date: /home/minji/minji_ws/install/btcpp_ros2_project/share/btcpp_ros2_project//config/project_bt_executor.yaml
-- Up-to-date: /home/minji/minji_ws/install/btcpp_ros2_project/share/btcpp_ros2_project//launch
-- Up-to-date: /home/minji/minji_ws/install/btcpp_ros2_project/share/btcpp_ros2_project//launch/project_bt_executor.launch.xml
-- Up-to-date: /home/minji/minji_ws/install/btcpp_ros2_project/share/ament_index/resource_index/package_run_dependencies/btcpp_ros2_project
-- Up-to-date: /home/minji/minji_ws/install/btcpp_ros2_project/share/ament_index/resource_index/parent_prefix_path/btcpp_ros2_project
-- Up-to-date: /home/minji/minji_ws/install/btcpp_ros2_project/share/btcpp_ros2_project/environment/ament_prefix_path.sh
-- Up-to-date: /home/minji/minji_ws/install/btcpp_ros2_project/share/btcpp_ros2_project/environment/ament_prefix_path.dsv
-- Up-to-date: /home/minji/minji_ws/install/btcpp_ros2_project/share/btcpp_ros2_project/environment/path.sh
-- Up-to-date: /home/minji/minji_ws/install/btcpp_ros2_project/share/btcpp_ros2_project/environment/path.dsv
-- Up-to-date: /home/minji/minji_ws/install/btcpp_ros2_project/share/btcpp_ros2_project/local_setup.bash
-- Up-to-date: /home/minji/minji_ws/install/btcpp_ros2_project/share/btcpp_ros2_project/local_setup.sh
-- Up-to-date: /home/minji/minji_ws/install/btcpp_ros2_project/share/btcpp_ros2_project/local_setup.zsh
-- Up-to-date: /home/minji/minji_ws/install/btcpp_ros2_project/share/btcpp_ros2_project/local_setup.dsv
-- Installing: /home/minji/minji_ws/install/btcpp_ros2_project/share/btcpp_ros2_project/package.dsv
-- Up-to-date: /home/minji/minji_ws/install/btcpp_ros2_project/share/ament_index/resource_index/packages/btcpp_ros2_project
-- Up-to-date: /home/minji/minji_ws/install/btcpp_ros2_project/share/btcpp_ros2_project/cmake/ament_cmake_export_dependencies-extras.cmake
-- Up-to-date: /home/minji/minji_ws/install/btcpp_ros2_project/share/btcpp_ros2_project/cmake/btcpp_ros2_projectConfig.cmake
-- Up-to-date: /home/minji/minji_ws/install/btcpp_ros2_project/share/btcpp_ros2_project/cmake/btcpp_ros2_projectConfig-version.cmake
-- Up-to-date: /home/minji/minji_ws/install/btcpp_ros2_project/share/btcpp_ros2_project/package.xml
