[0.010s] Invoking command in '/home/minji/minji_ws/build/webots_ros2_driver': AMENT_PREFIX_PATH=/home/minji/minji_ws/install/webots_ros2_msgs:${AMENT_PREFIX_PATH} CMAKE_PREFIX_PATH=/home/minji/minji_ws/install/webots_ros2_msgs:/usr/local:/opt/ros/humble LD_LIBRARY_PATH=/home/minji/minji_ws/install/webots_ros2_msgs/lib:${LD_LIBRARY_PATH} PYTHONPATH=/home/minji/minji_ws/install/webots_ros2_msgs/local/lib/python3.10/dist-packages:${PYTHONPATH} /usr/bin/cmake --build /home/minji/minji_ws/build/webots_ros2_driver -- -j8 -l8
[0.078s] [  0%] Built target ament_cmake_python_copy_webots_ros2_driver
[0.078s] [  0%] Built target ament_cmake_python_copy_vehicle
[0.083s] [  0%] Built target ament_cmake_python_copy_controller
[0.270s] running egg_info
[0.270s] writing webots_ros2_driver.egg-info/PKG-INFO
[0.271s] writing dependency_links to webots_ros2_driver.egg-info/dependency_links.txt
[0.271s] writing top-level names to webots_ros2_driver.egg-info/top_level.txt
[0.272s] reading manifest file 'webots_ros2_driver.egg-info/SOURCES.txt'
[0.273s] writing manifest file 'webots_ros2_driver.egg-info/SOURCES.txt'
[0.277s] running egg_info
[0.278s] writing vehicle.egg-info/PKG-INFO
[0.278s] writing dependency_links to vehicle.egg-info/dependency_links.txt
[0.278s] writing top-level names to vehicle.egg-info/top_level.txt
[0.280s] running egg_info
[0.280s] reading manifest file 'vehicle.egg-info/SOURCES.txt'
[0.280s] writing controller.egg-info/PKG-INFO
[0.280s] writing dependency_links to controller.egg-info/dependency_links.txt
[0.281s] writing top-level names to controller.egg-info/top_level.txt
[0.281s] writing manifest file 'vehicle.egg-info/SOURCES.txt'
[0.283s] reading manifest file 'controller.egg-info/SOURCES.txt'
[0.284s] writing manifest file 'controller.egg-info/SOURCES.txt'
[0.296s] [  0%] Built target ament_cmake_python_build_webots_ros2_driver_egg
[0.305s] [  0%] Built target ament_cmake_python_build_vehicle_egg
[0.307s] [  0%] Built target ament_cmake_python_build_controller_egg
[0.417s] [  0%] Built target compile-lib-controller
[0.473s] [  0%] Built target compile-generic-window
[0.848s] [  0%] Built target compile-lib-vehicle
[0.858s] [35m[1mConsolidate compiler generated dependencies of target webots_ros2_driver_imu[0m
[0.858s] [35m[1mConsolidate compiler generated dependencies of target webots_ros2_driver_rgbd[0m
[0.859s] [35m[1mConsolidate compiler generated dependencies of target driver[0m
[0.886s] [  3%] [32mBuilding CXX object CMakeFiles/driver.dir/src/WebotsNode.cpp.o[0m
[0.886s] [ 14%] [32mBuilding CXX object CMakeFiles/driver.dir/src/plugins/static/Ros2Lidar.cpp.o[0m
[0.886s] [ 14%] [32mBuilding CXX object CMakeFiles/driver.dir/src/plugins/static/Ros2Pen.cpp.o[0m
[0.886s] [ 18%] [32mBuilding CXX object CMakeFiles/driver.dir/src/plugins/static/Ros2LED.cpp.o[0m
[0.886s] [ 33%] Built target webots_ros2_driver_rgbd
[0.886s] [ 33%] [32mBuilding CXX object CMakeFiles/driver.dir/src/plugins/static/Ros2GPS.cpp.o[0m
[0.887s] [ 37%] [32mBuilding CXX object CMakeFiles/driver.dir/src/plugins/static/Ros2Camera.cpp.o[0m
[0.887s] [ 51%] Built target webots_ros2_driver_imu
[0.894s] [ 59%] [32mBuilding CXX object CMakeFiles/driver.dir/src/plugins/static/Ros2DistanceSensor.cpp.o[0m
[0.894s] [ 59%] [32mBuilding CXX object CMakeFiles/driver.dir/src/plugins/static/Ros2RangeFinder.cpp.o[0m
[9.554s] [ 62%] [32mBuilding CXX object CMakeFiles/driver.dir/src/plugins/static/Ros2LightSensor.cpp.o[0m
[10.468s] [ 66%] [32mBuilding CXX object CMakeFiles/driver.dir/src/plugins/static/Ros2Emitter.cpp.o[0m
[10.729s] [ 70%] [32mBuilding CXX object CMakeFiles/driver.dir/src/plugins/static/Ros2Receiver.cpp.o[0m
[11.393s] [ 74%] [32mBuilding CXX object CMakeFiles/driver.dir/src/plugins/static/Ros2Compass.cpp.o[0m
[12.059s] [ 77%] [32mBuilding CXX object CMakeFiles/driver.dir/src/plugins/static/Ros2VacuumGripper.cpp.o[0m
[16.215s] [ 81%] [32mBuilding CXX object CMakeFiles/driver.dir/src/utils/Math.cpp.o[0m
[17.169s] [ 85%] [32mBuilding CXX object CMakeFiles/driver.dir/src/utils/Utils.cpp.o[0m
[24.689s] [ 88%] [32m[1mLinking CXX executable driver[0m
[27.160s] [100%] Built target driver
[27.170s] Invoked command in '/home/minji/minji_ws/build/webots_ros2_driver' returned '0': AMENT_PREFIX_PATH=/home/minji/minji_ws/install/webots_ros2_msgs:${AMENT_PREFIX_PATH} CMAKE_PREFIX_PATH=/home/minji/minji_ws/install/webots_ros2_msgs:/usr/local:/opt/ros/humble LD_LIBRARY_PATH=/home/minji/minji_ws/install/webots_ros2_msgs/lib:${LD_LIBRARY_PATH} PYTHONPATH=/home/minji/minji_ws/install/webots_ros2_msgs/local/lib/python3.10/dist-packages:${PYTHONPATH} /usr/bin/cmake --build /home/minji/minji_ws/build/webots_ros2_driver -- -j8 -l8
[27.221s] Invoking command in '/home/minji/minji_ws/build/webots_ros2_driver': AMENT_PREFIX_PATH=/home/minji/minji_ws/install/webots_ros2_msgs:${AMENT_PREFIX_PATH} CMAKE_PREFIX_PATH=/home/minji/minji_ws/install/webots_ros2_msgs:/usr/local:/opt/ros/humble LD_LIBRARY_PATH=/home/minji/minji_ws/install/webots_ros2_msgs/lib:${LD_LIBRARY_PATH} PYTHONPATH=/home/minji/minji_ws/install/webots_ros2_msgs/local/lib/python3.10/dist-packages:${PYTHONPATH} /usr/bin/cmake --install /home/minji/minji_ws/build/webots_ros2_driver
[27.226s] -- Install configuration: ""
[27.226s] -- Installing: /home/minji/minji_ws/install/webots_ros2_driver/share/webots_ros2_driver/environment/pythonpath.sh
[27.227s] -- Installing: /home/minji/minji_ws/install/webots_ros2_driver/share/webots_ros2_driver/environment/pythonpath.dsv
[27.227s] -- Installing: /home/minji/minji_ws/install/webots_ros2_driver/local/lib/python3.10/dist-packages/controller-2023.1.2-py3.10.egg-info
[27.227s] -- Installing: /home/minji/minji_ws/install/webots_ros2_driver/local/lib/python3.10/dist-packages/controller-2023.1.2-py3.10.egg-info/top_level.txt
[27.227s] -- Installing: /home/minji/minji_ws/install/webots_ros2_driver/local/lib/python3.10/dist-packages/controller-2023.1.2-py3.10.egg-info/SOURCES.txt
[27.227s] -- Installing: /home/minji/minji_ws/install/webots_ros2_driver/local/lib/python3.10/dist-packages/controller-2023.1.2-py3.10.egg-info/PKG-INFO
[27.227s] -- Installing: /home/minji/minji_ws/install/webots_ros2_driver/local/lib/python3.10/dist-packages/controller-2023.1.2-py3.10.egg-info/dependency_links.txt
[27.227s] -- Installing: /home/minji/minji_ws/install/webots_ros2_driver/local/lib/python3.10/dist-packages/controller
[27.227s] -- Installing: /home/minji/minji_ws/install/webots_ros2_driver/local/lib/python3.10/dist-packages/controller/node.py
[27.227s] -- Installing: /home/minji/minji_ws/install/webots_ros2_driver/local/lib/python3.10/dist-packages/controller/lidar_point.py
[27.227s] -- Installing: /home/minji/minji_ws/install/webots_ros2_driver/local/lib/python3.10/dist-packages/controller/receiver.py
[27.227s] -- Installing: /home/minji/minji_ws/install/webots_ros2_driver/local/lib/python3.10/dist-packages/controller/__init__.py
[27.228s] -- Installing: /home/minji/minji_ws/install/webots_ros2_driver/local/lib/python3.10/dist-packages/controller/keyboard.py
[27.228s] -- Installing: /home/minji/minji_ws/install/webots_ros2_driver/local/lib/python3.10/dist-packages/controller/led.py
[27.228s] -- Installing: /home/minji/minji_ws/install/webots_ros2_driver/local/lib/python3.10/dist-packages/controller/gyro.py
[27.228s] -- Installing: /home/minji/minji_ws/install/webots_ros2_driver/local/lib/python3.10/dist-packages/controller/supervisor.py
[27.228s] -- Installing: /home/minji/minji_ws/install/webots_ros2_driver/local/lib/python3.10/dist-packages/controller/altimeter.py
[27.228s] -- Installing: /home/minji/minji_ws/install/webots_ros2_driver/local/lib/python3.10/dist-packages/controller/robot.py
[27.228s] -- Installing: /home/minji/minji_ws/install/webots_ros2_driver/local/lib/python3.10/dist-packages/controller/position_sensor.py
[27.228s] -- Installing: /home/minji/minji_ws/install/webots_ros2_driver/local/lib/python3.10/dist-packages/controller/constants.py
[27.228s] -- Installing: /home/minji/minji_ws/install/webots_ros2_driver/local/lib/python3.10/dist-packages/controller/speaker.py
[27.228s] -- Installing: /home/minji/minji_ws/install/webots_ros2_driver/local/lib/python3.10/dist-packages/controller/accelerometer.py
[27.228s] -- Installing: /home/minji/minji_ws/install/webots_ros2_driver/local/lib/python3.10/dist-packages/controller/motor.py
[27.228s] -- Installing: /home/minji/minji_ws/install/webots_ros2_driver/local/lib/python3.10/dist-packages/controller/vacuum_gripper.py
[27.228s] -- Installing: /home/minji/minji_ws/install/webots_ros2_driver/local/lib/python3.10/dist-packages/controller/pen.py
[27.229s] -- Installing: /home/minji/minji_ws/install/webots_ros2_driver/local/lib/python3.10/dist-packages/controller/radar_target.py
[27.229s] -- Installing: /home/minji/minji_ws/install/webots_ros2_driver/local/lib/python3.10/dist-packages/controller/motion.py
[27.229s] -- Installing: /home/minji/minji_ws/install/webots_ros2_driver/local/lib/python3.10/dist-packages/controller/inertial_unit.py
[27.229s] -- Installing: /home/minji/minji_ws/install/webots_ros2_driver/local/lib/python3.10/dist-packages/controller/joystick.py
[27.229s] -- Installing: /home/minji/minji_ws/install/webots_ros2_driver/local/lib/python3.10/dist-packages/controller/ansi_codes.py
[27.229s] -- Installing: /home/minji/minji_ws/install/webots_ros2_driver/local/lib/python3.10/dist-packages/controller/skin.py
[27.229s] -- Installing: /home/minji/minji_ws/install/webots_ros2_driver/local/lib/python3.10/dist-packages/controller/range_finder.py
[27.229s] -- Installing: /home/minji/minji_ws/install/webots_ros2_driver/local/lib/python3.10/dist-packages/controller/sensor.py
[27.229s] -- Installing: /home/minji/minji_ws/install/webots_ros2_driver/local/lib/python3.10/dist-packages/controller/gps.py
[27.229s] -- Installing: /home/minji/minji_ws/install/webots_ros2_driver/local/lib/python3.10/dist-packages/controller/emitter.py
[27.229s] -- Installing: /home/minji/minji_ws/install/webots_ros2_driver/local/lib/python3.10/dist-packages/controller/compass.py
[27.229s] -- Installing: /home/minji/minji_ws/install/webots_ros2_driver/local/lib/python3.10/dist-packages/controller/camera.py
[27.229s] -- Installing: /home/minji/minji_ws/install/webots_ros2_driver/local/lib/python3.10/dist-packages/controller/device.py
[27.229s] -- Installing: /home/minji/minji_ws/install/webots_ros2_driver/local/lib/python3.10/dist-packages/controller/touch_sensor.py
[27.229s] -- Installing: /home/minji/minji_ws/install/webots_ros2_driver/local/lib/python3.10/dist-packages/controller/connector.py
[27.229s] -- Installing: /home/minji/minji_ws/install/webots_ros2_driver/local/lib/python3.10/dist-packages/controller/lidar.py
[27.230s] -- Installing: /home/minji/minji_ws/install/webots_ros2_driver/local/lib/python3.10/dist-packages/controller/wb.py
[27.230s] -- Installing: /home/minji/minji_ws/install/webots_ros2_driver/local/lib/python3.10/dist-packages/controller/radar.py
[27.230s] -- Installing: /home/minji/minji_ws/install/webots_ros2_driver/local/lib/python3.10/dist-packages/controller/field.py
[27.230s] -- Installing: /home/minji/minji_ws/install/webots_ros2_driver/local/lib/python3.10/dist-packages/controller/brake.py
[27.230s] -- Installing: /home/minji/minji_ws/install/webots_ros2_driver/local/lib/python3.10/dist-packages/controller/light_sensor.py
[27.230s] -- Installing: /home/minji/minji_ws/install/webots_ros2_driver/local/lib/python3.10/dist-packages/controller/distance_sensor.py
[27.230s] -- Installing: /home/minji/minji_ws/install/webots_ros2_driver/local/lib/python3.10/dist-packages/controller/display.py
[27.230s] -- Installing: /home/minji/minji_ws/install/webots_ros2_driver/local/lib/python3.10/dist-packages/controller/mouse.py
[27.276s] Listing '/home/minji/minji_ws/install/webots_ros2_driver/local/lib/python3.10/dist-packages/controller'...
[27.276s] Compiling '/home/minji/minji_ws/install/webots_ros2_driver/local/lib/python3.10/dist-packages/controller/__init__.py'...
[27.276s] Compiling '/home/minji/minji_ws/install/webots_ros2_driver/local/lib/python3.10/dist-packages/controller/accelerometer.py'...
[27.276s] Compiling '/home/minji/minji_ws/install/webots_ros2_driver/local/lib/python3.10/dist-packages/controller/altimeter.py'...
[27.276s] Compiling '/home/minji/minji_ws/install/webots_ros2_driver/local/lib/python3.10/dist-packages/controller/ansi_codes.py'...
[27.276s] Compiling '/home/minji/minji_ws/install/webots_ros2_driver/local/lib/python3.10/dist-packages/controller/brake.py'...
[27.276s] Compiling '/home/minji/minji_ws/install/webots_ros2_driver/local/lib/python3.10/dist-packages/controller/camera.py'...
[27.276s] Compiling '/home/minji/minji_ws/install/webots_ros2_driver/local/lib/python3.10/dist-packages/controller/compass.py'...
[27.276s] Compiling '/home/minji/minji_ws/install/webots_ros2_driver/local/lib/python3.10/dist-packages/controller/connector.py'...
[27.276s] Compiling '/home/minji/minji_ws/install/webots_ros2_driver/local/lib/python3.10/dist-packages/controller/constants.py'...
[27.276s] Compiling '/home/minji/minji_ws/install/webots_ros2_driver/local/lib/python3.10/dist-packages/controller/device.py'...
[27.276s] Compiling '/home/minji/minji_ws/install/webots_ros2_driver/local/lib/python3.10/dist-packages/controller/display.py'...
[27.277s] Compiling '/home/minji/minji_ws/install/webots_ros2_driver/local/lib/python3.10/dist-packages/controller/distance_sensor.py'...
[27.277s] Compiling '/home/minji/minji_ws/install/webots_ros2_driver/local/lib/python3.10/dist-packages/controller/emitter.py'...
[27.277s] Compiling '/home/minji/minji_ws/install/webots_ros2_driver/local/lib/python3.10/dist-packages/controller/field.py'...
[27.277s] Compiling '/home/minji/minji_ws/install/webots_ros2_driver/local/lib/python3.10/dist-packages/controller/gps.py'...
[27.277s] Compiling '/home/minji/minji_ws/install/webots_ros2_driver/local/lib/python3.10/dist-packages/controller/gyro.py'...
[27.277s] Compiling '/home/minji/minji_ws/install/webots_ros2_driver/local/lib/python3.10/dist-packages/controller/inertial_unit.py'...
[27.277s] Compiling '/home/minji/minji_ws/install/webots_ros2_driver/local/lib/python3.10/dist-packages/controller/joystick.py'...
[27.277s] Compiling '/home/minji/minji_ws/install/webots_ros2_driver/local/lib/python3.10/dist-packages/controller/keyboard.py'...
[27.277s] Compiling '/home/minji/minji_ws/install/webots_ros2_driver/local/lib/python3.10/dist-packages/controller/led.py'...
[27.277s] Compiling '/home/minji/minji_ws/install/webots_ros2_driver/local/lib/python3.10/dist-packages/controller/lidar.py'...
[27.277s] Compiling '/home/minji/minji_ws/install/webots_ros2_driver/local/lib/python3.10/dist-packages/controller/lidar_point.py'...
[27.277s] Compiling '/home/minji/minji_ws/install/webots_ros2_driver/local/lib/python3.10/dist-packages/controller/light_sensor.py'...
[27.277s] Compiling '/home/minji/minji_ws/install/webots_ros2_driver/local/lib/python3.10/dist-packages/controller/motion.py'...
[27.277s] Compiling '/home/minji/minji_ws/install/webots_ros2_driver/local/lib/python3.10/dist-packages/controller/motor.py'...
[27.277s] Compiling '/home/minji/minji_ws/install/webots_ros2_driver/local/lib/python3.10/dist-packages/controller/mouse.py'...
[27.278s] Compiling '/home/minji/minji_ws/install/webots_ros2_driver/local/lib/python3.10/dist-packages/controller/node.py'...
[27.278s] Compiling '/home/minji/minji_ws/install/webots_ros2_driver/local/lib/python3.10/dist-packages/controller/pen.py'...
[27.278s] Compiling '/home/minji/minji_ws/install/webots_ros2_driver/local/lib/python3.10/dist-packages/controller/position_sensor.py'...
[27.278s] Compiling '/home/minji/minji_ws/install/webots_ros2_driver/local/lib/python3.10/dist-packages/controller/radar.py'...
[27.278s] Compiling '/home/minji/minji_ws/install/webots_ros2_driver/local/lib/python3.10/dist-packages/controller/radar_target.py'...
[27.278s] Compiling '/home/minji/minji_ws/install/webots_ros2_driver/local/lib/python3.10/dist-packages/controller/range_finder.py'...
[27.278s] Compiling '/home/minji/minji_ws/install/webots_ros2_driver/local/lib/python3.10/dist-packages/controller/receiver.py'...
[27.278s] Compiling '/home/minji/minji_ws/install/webots_ros2_driver/local/lib/python3.10/dist-packages/controller/robot.py'...
[27.278s] Compiling '/home/minji/minji_ws/install/webots_ros2_driver/local/lib/python3.10/dist-packages/controller/sensor.py'...
[27.278s] Compiling '/home/minji/minji_ws/install/webots_ros2_driver/local/lib/python3.10/dist-packages/controller/skin.py'...
[27.278s] Compiling '/home/minji/minji_ws/install/webots_ros2_driver/local/lib/python3.10/dist-packages/controller/speaker.py'...
[27.278s] Compiling '/home/minji/minji_ws/install/webots_ros2_driver/local/lib/python3.10/dist-packages/controller/supervisor.py'...
[27.278s] Compiling '/home/minji/minji_ws/install/webots_ros2_driver/local/lib/python3.10/dist-packages/controller/touch_sensor.py'...
[27.278s] Compiling '/home/minji/minji_ws/install/webots_ros2_driver/local/lib/python3.10/dist-packages/controller/vacuum_gripper.py'...
[27.278s] Compiling '/home/minji/minji_ws/install/webots_ros2_driver/local/lib/python3.10/dist-packages/controller/wb.py'...
[27.280s] -- Installing: /home/minji/minji_ws/install/webots_ros2_driver/local/lib/python3.10/dist-packages/vehicle-2023.1.2-py3.10.egg-info
[27.280s] -- Installing: /home/minji/minji_ws/install/webots_ros2_driver/local/lib/python3.10/dist-packages/vehicle-2023.1.2-py3.10.egg-info/top_level.txt
[27.281s] -- Installing: /home/minji/minji_ws/install/webots_ros2_driver/local/lib/python3.10/dist-packages/vehicle-2023.1.2-py3.10.egg-info/SOURCES.txt
[27.281s] -- Installing: /home/minji/minji_ws/install/webots_ros2_driver/local/lib/python3.10/dist-packages/vehicle-2023.1.2-py3.10.egg-info/PKG-INFO
[27.281s] -- Installing: /home/minji/minji_ws/install/webots_ros2_driver/local/lib/python3.10/dist-packages/vehicle-2023.1.2-py3.10.egg-info/dependency_links.txt
[27.281s] -- Installing: /home/minji/minji_ws/install/webots_ros2_driver/local/lib/python3.10/dist-packages/vehicle
[27.281s] -- Installing: /home/minji/minji_ws/install/webots_ros2_driver/local/lib/python3.10/dist-packages/vehicle/__init__.py
[27.281s] -- Installing: /home/minji/minji_ws/install/webots_ros2_driver/local/lib/python3.10/dist-packages/vehicle/driver.py
[27.281s] -- Installing: /home/minji/minji_ws/install/webots_ros2_driver/local/lib/python3.10/dist-packages/vehicle/car.py
[27.306s] Listing '/home/minji/minji_ws/install/webots_ros2_driver/local/lib/python3.10/dist-packages/vehicle'...
[27.306s] Compiling '/home/minji/minji_ws/install/webots_ros2_driver/local/lib/python3.10/dist-packages/vehicle/__init__.py'...
[27.306s] Compiling '/home/minji/minji_ws/install/webots_ros2_driver/local/lib/python3.10/dist-packages/vehicle/car.py'...
[27.306s] Compiling '/home/minji/minji_ws/install/webots_ros2_driver/local/lib/python3.10/dist-packages/vehicle/driver.py'...
[27.310s] -- Installing: /home/minji/minji_ws/install/webots_ros2_driver/local/lib/python3.10/dist-packages/webots_ros2_driver-2023.1.2-py3.10.egg-info
[27.310s] -- Installing: /home/minji/minji_ws/install/webots_ros2_driver/local/lib/python3.10/dist-packages/webots_ros2_driver-2023.1.2-py3.10.egg-info/top_level.txt
[27.310s] -- Installing: /home/minji/minji_ws/install/webots_ros2_driver/local/lib/python3.10/dist-packages/webots_ros2_driver-2023.1.2-py3.10.egg-info/SOURCES.txt
[27.311s] -- Installing: /home/minji/minji_ws/install/webots_ros2_driver/local/lib/python3.10/dist-packages/webots_ros2_driver-2023.1.2-py3.10.egg-info/PKG-INFO
[27.311s] -- Installing: /home/minji/minji_ws/install/webots_ros2_driver/local/lib/python3.10/dist-packages/webots_ros2_driver-2023.1.2-py3.10.egg-info/dependency_links.txt
[27.311s] -- Installing: /home/minji/minji_ws/install/webots_ros2_driver/local/lib/python3.10/dist-packages/webots_ros2_driver
[27.311s] -- Installing: /home/minji/minji_ws/install/webots_ros2_driver/local/lib/python3.10/dist-packages/webots_ros2_driver/__init__.py
[27.311s] -- Installing: /home/minji/minji_ws/install/webots_ros2_driver/local/lib/python3.10/dist-packages/webots_ros2_driver/utils.py
[27.311s] -- Installing: /home/minji/minji_ws/install/webots_ros2_driver/local/lib/python3.10/dist-packages/webots_ros2_driver/webots_controller.py
[27.311s] -- Installing: /home/minji/minji_ws/install/webots_ros2_driver/local/lib/python3.10/dist-packages/webots_ros2_driver/urdf_spawner.py
[27.311s] -- Installing: /home/minji/minji_ws/install/webots_ros2_driver/local/lib/python3.10/dist-packages/webots_ros2_driver/webots_launcher.py
[27.311s] -- Installing: /home/minji/minji_ws/install/webots_ros2_driver/local/lib/python3.10/dist-packages/webots_ros2_driver/ros2_supervisor.py
[27.311s] -- Installing: /home/minji/minji_ws/install/webots_ros2_driver/local/lib/python3.10/dist-packages/webots_ros2_driver/wait_for_controller_connection.py
[27.342s] Listing '/home/minji/minji_ws/install/webots_ros2_driver/local/lib/python3.10/dist-packages/webots_ros2_driver'...
[27.342s] Compiling '/home/minji/minji_ws/install/webots_ros2_driver/local/lib/python3.10/dist-packages/webots_ros2_driver/__init__.py'...
[27.342s] Compiling '/home/minji/minji_ws/install/webots_ros2_driver/local/lib/python3.10/dist-packages/webots_ros2_driver/ros2_supervisor.py'...
[27.342s] Compiling '/home/minji/minji_ws/install/webots_ros2_driver/local/lib/python3.10/dist-packages/webots_ros2_driver/urdf_spawner.py'...
[27.342s] Compiling '/home/minji/minji_ws/install/webots_ros2_driver/local/lib/python3.10/dist-packages/webots_ros2_driver/utils.py'...
[27.342s] Compiling '/home/minji/minji_ws/install/webots_ros2_driver/local/lib/python3.10/dist-packages/webots_ros2_driver/wait_for_controller_connection.py'...
[27.342s] Compiling '/home/minji/minji_ws/install/webots_ros2_driver/local/lib/python3.10/dist-packages/webots_ros2_driver/webots_controller.py'...
[27.342s] Compiling '/home/minji/minji_ws/install/webots_ros2_driver/local/lib/python3.10/dist-packages/webots_ros2_driver/webots_launcher.py'...
[27.346s] -- Installing: /home/minji/minji_ws/install/webots_ros2_driver/include
[27.346s] -- Installing: /home/minji/minji_ws/install/webots_ros2_driver/include/webots_ros2_driver
[27.346s] -- Installing: /home/minji/minji_ws/install/webots_ros2_driver/include/webots_ros2_driver/utils
[27.346s] -- Installing: /home/minji/minji_ws/install/webots_ros2_driver/include/webots_ros2_driver/utils/Utils.hpp
[27.346s] -- Installing: /home/minji/minji_ws/install/webots_ros2_driver/include/webots_ros2_driver/utils/Math.hpp
[27.346s] -- Installing: /home/minji/minji_ws/install/webots_ros2_driver/include/webots_ros2_driver/PythonPlugin.hpp
[27.346s] -- Installing: /home/minji/minji_ws/install/webots_ros2_driver/include/webots_ros2_driver/PluginInterface.hpp
[27.346s] -- Installing: /home/minji/minji_ws/install/webots_ros2_driver/include/webots_ros2_driver/plugins
[27.346s] -- Installing: /home/minji/minji_ws/install/webots_ros2_driver/include/webots_ros2_driver/plugins/Ros2SensorPlugin.hpp
[27.346s] -- Installing: /home/minji/minji_ws/install/webots_ros2_driver/include/webots_ros2_driver/plugins/dynamic
[27.346s] -- Installing: /home/minji/minji_ws/install/webots_ros2_driver/include/webots_ros2_driver/plugins/dynamic/Ros2IMU.hpp
[27.346s] -- Installing: /home/minji/minji_ws/install/webots_ros2_driver/include/webots_ros2_driver/plugins/dynamic/Ros2RGBD.hpp
[27.346s] -- Installing: /home/minji/minji_ws/install/webots_ros2_driver/include/webots_ros2_driver/plugins/static
[27.346s] -- Installing: /home/minji/minji_ws/install/webots_ros2_driver/include/webots_ros2_driver/plugins/static/Ros2VacuumGripper.hpp
[27.346s] -- Installing: /home/minji/minji_ws/install/webots_ros2_driver/include/webots_ros2_driver/plugins/static/Ros2Compass.hpp
[27.347s] -- Installing: /home/minji/minji_ws/install/webots_ros2_driver/include/webots_ros2_driver/plugins/static/Ros2GPS.hpp
[27.347s] -- Installing: /home/minji/minji_ws/install/webots_ros2_driver/include/webots_ros2_driver/plugins/static/Ros2LED.hpp
[27.347s] -- Installing: /home/minji/minji_ws/install/webots_ros2_driver/include/webots_ros2_driver/plugins/static/Ros2Camera.hpp
[27.347s] -- Installing: /home/minji/minji_ws/install/webots_ros2_driver/include/webots_ros2_driver/plugins/static/Ros2Emitter.hpp
[27.347s] -- Installing: /home/minji/minji_ws/install/webots_ros2_driver/include/webots_ros2_driver/plugins/static/Ros2Pen.hpp
[27.347s] -- Installing: /home/minji/minji_ws/install/webots_ros2_driver/include/webots_ros2_driver/plugins/static/Ros2Lidar.hpp
[27.347s] -- Installing: /home/minji/minji_ws/install/webots_ros2_driver/include/webots_ros2_driver/plugins/static/Ros2Receiver.hpp
[27.347s] -- Installing: /home/minji/minji_ws/install/webots_ros2_driver/include/webots_ros2_driver/plugins/static/Ros2LightSensor.hpp
[27.347s] -- Installing: /home/minji/minji_ws/install/webots_ros2_driver/include/webots_ros2_driver/plugins/static/Ros2DistanceSensor.hpp
[27.347s] -- Installing: /home/minji/minji_ws/install/webots_ros2_driver/include/webots_ros2_driver/plugins/static/Ros2RangeFinder.hpp
[27.347s] -- Installing: /home/minji/minji_ws/install/webots_ros2_driver/include/webots_ros2_driver/WebotsNode.hpp
[27.347s] -- Installing: /home/minji/minji_ws/install/webots_ros2_driver/lib/webots_ros2_driver/driver
[27.355s] -- Installing: /home/minji/minji_ws/install/webots_ros2_driver/lib/libwebots_ros2_driver_imu.so
[27.358s] -- Installing: /home/minji/minji_ws/install/webots_ros2_driver/lib/libwebots_ros2_driver_rgbd.so
[27.360s] -- Installing: /home/minji/minji_ws/install/webots_ros2_driver/include/webots/c
[27.360s] -- Installing: /home/minji/minji_ws/install/webots_ros2_driver/include/webots/c/webots
[27.360s] -- Installing: /home/minji/minji_ws/install/webots_ros2_driver/include/webots/c/webots/contact_point.h
[27.360s] -- Installing: /home/minji/minji_ws/install/webots_ros2_driver/include/webots/c/webots/compass.h
[27.360s] -- Installing: /home/minji/minji_ws/install/webots_ros2_driver/include/webots/c/webots/radar_target.h
[27.360s] -- Installing: /home/minji/minji_ws/install/webots_ros2_driver/include/webots/c/webots/pen.h
[27.360s] -- Installing: /home/minji/minji_ws/install/webots_ros2_driver/include/webots/c/webots/gyro.h
[27.360s] -- Installing: /home/minji/minji_ws/install/webots_ros2_driver/include/webots/c/webots/lidar_point.h
[27.360s] -- Installing: /home/minji/minji_ws/install/webots_ros2_driver/include/webots/c/webots/keyboard.h
[27.361s] -- Installing: /home/minji/minji_ws/install/webots_ros2_driver/include/webots/c/webots/touch_sensor.h
[27.361s] -- Installing: /home/minji/minji_ws/install/webots_ros2_driver/include/webots/c/webots/speaker.h
[27.361s] -- Installing: /home/minji/minji_ws/install/webots_ros2_driver/include/webots/c/webots/mouse.h
[27.361s] -- Installing: /home/minji/minji_ws/install/webots_ros2_driver/include/webots/c/webots/utils
[27.361s] -- Installing: /home/minji/minji_ws/install/webots_ros2_driver/include/webots/c/webots/utils/system.h
[27.361s] -- Installing: /home/minji/minji_ws/install/webots_ros2_driver/include/webots/c/webots/utils/string.h
[27.362s] -- Installing: /home/minji/minji_ws/install/webots_ros2_driver/include/webots/c/webots/utils/ansi_codes.h
[27.362s] -- Installing: /home/minji/minji_ws/install/webots_ros2_driver/include/webots/c/webots/utils/motion.h
[27.362s] -- Installing: /home/minji/minji_ws/install/webots_ros2_driver/include/webots/c/webots/skin.h
[27.362s] -- Installing: /home/minji/minji_ws/install/webots_ros2_driver/include/webots/c/webots/display.h
[27.362s] -- Installing: /home/minji/minji_ws/install/webots_ros2_driver/include/webots/c/webots/robot.h
[27.362s] -- Installing: /home/minji/minji_ws/install/webots_ros2_driver/include/webots/c/webots/microphone.h
[27.362s] -- Installing: /home/minji/minji_ws/install/webots_ros2_driver/include/webots/c/webots/gps.h
[27.363s] -- Installing: /home/minji/minji_ws/install/webots_ros2_driver/include/webots/c/webots/camera.h
[27.363s] -- Installing: /home/minji/minji_ws/install/webots_ros2_driver/include/webots/c/webots/supervisor.h
[27.363s] -- Installing: /home/minji/minji_ws/install/webots_ros2_driver/include/webots/c/webots/light_sensor.h
[27.363s] -- Installing: /home/minji/minji_ws/install/webots_ros2_driver/include/webots/c/webots/lidar.h
[27.363s] -- Installing: /home/minji/minji_ws/install/webots_ros2_driver/include/webots/c/webots/types.h
[27.363s] -- Installing: /home/minji/minji_ws/install/webots_ros2_driver/include/webots/c/webots/brake.h
[27.363s] -- Installing: /home/minji/minji_ws/install/webots_ros2_driver/include/webots/c/webots/mouse_state.h
[27.363s] -- Installing: /home/minji/minji_ws/install/webots_ros2_driver/include/webots/c/webots/emitter.h
[27.363s] -- Installing: /home/minji/minji_ws/install/webots_ros2_driver/include/webots/c/webots/position_sensor.h
[27.363s] -- Installing: /home/minji/minji_ws/install/webots_ros2_driver/include/webots/c/webots/distance_sensor.h
[27.363s] -- Installing: /home/minji/minji_ws/install/webots_ros2_driver/include/webots/c/webots/range_finder.h
[27.363s] -- Installing: /home/minji/minji_ws/install/webots_ros2_driver/include/webots/c/webots/remote_control.h
[27.364s] -- Installing: /home/minji/minji_ws/install/webots_ros2_driver/include/webots/c/webots/vehicle
[27.364s] -- Installing: /home/minji/minji_ws/install/webots_ros2_driver/include/webots/c/webots/vehicle/driver.h
[27.364s] -- Installing: /home/minji/minji_ws/install/webots_ros2_driver/include/webots/c/webots/vehicle/car.h
[27.364s] -- Installing: /home/minji/minji_ws/install/webots_ros2_driver/include/webots/c/webots/altimeter.h
[27.364s] -- Installing: /home/minji/minji_ws/install/webots_ros2_driver/include/webots/c/webots/vacuum_gripper.h
[27.364s] -- Installing: /home/minji/minji_ws/install/webots_ros2_driver/include/webots/c/webots/led.h
[27.364s] -- Installing: /home/minji/minji_ws/install/webots_ros2_driver/include/webots/c/webots/nodes.h
[27.364s] -- Installing: /home/minji/minji_ws/install/webots_ros2_driver/include/webots/c/webots/inertial_unit.h
[27.365s] -- Installing: /home/minji/minji_ws/install/webots_ros2_driver/include/webots/c/webots/accelerometer.h
[27.365s] -- Installing: /home/minji/minji_ws/install/webots_ros2_driver/include/webots/c/webots/console.h
[27.365s] -- Installing: /home/minji/minji_ws/install/webots_ros2_driver/include/webots/c/webots/receiver.h
[27.365s] -- Installing: /home/minji/minji_ws/install/webots_ros2_driver/include/webots/c/webots/plugins
[27.365s] -- Installing: /home/minji/minji_ws/install/webots_ros2_driver/include/webots/c/webots/plugins/robot_window
[27.365s] -- Installing: /home/minji/minji_ws/install/webots_ros2_driver/include/webots/c/webots/plugins/robot_window/default.h
[27.365s] -- Installing: /home/minji/minji_ws/install/webots_ros2_driver/include/webots/c/webots/plugins/robot_window/robot_window.h
[27.365s] -- Installing: /home/minji/minji_ws/install/webots_ros2_driver/include/webots/c/webots/plugins/robot_window/robot_wwi.h
[27.366s] -- Installing: /home/minji/minji_ws/install/webots_ros2_driver/include/webots/c/webots/plugins/robot_window/generic_robot_window
[27.366s] -- Installing: /home/minji/minji_ws/install/webots_ros2_driver/include/webots/c/webots/plugins/robot_window/generic_robot_window/generic.h
[27.366s] -- Installing: /home/minji/minji_ws/install/webots_ros2_driver/include/webots/c/webots/camera_recognition_object.h
[27.366s] -- Installing: /home/minji/minji_ws/install/webots_ros2_driver/include/webots/c/webots/device.h
[27.366s] -- Installing: /home/minji/minji_ws/install/webots_ros2_driver/include/webots/c/webots/radio.h
[27.366s] -- Installing: /home/minji/minji_ws/install/webots_ros2_driver/include/webots/c/webots/radar.h
[27.366s] -- Installing: /home/minji/minji_ws/install/webots_ros2_driver/include/webots/c/webots/connector.h
[27.366s] -- Installing: /home/minji/minji_ws/install/webots_ros2_driver/include/webots/c/webots/motor.h
[27.367s] -- Installing: /home/minji/minji_ws/install/webots_ros2_driver/include/webots/c/webots/joystick.h
[27.367s] -- Installing: /home/minji/minji_ws/install/webots_ros2_driver/include/webots/cpp
[27.367s] -- Installing: /home/minji/minji_ws/install/webots_ros2_driver/include/webots/cpp/webots
[27.367s] -- Installing: /home/minji/minji_ws/install/webots_ros2_driver/include/webots/cpp/webots/LightSensor.hpp
[27.367s] -- Installing: /home/minji/minji_ws/install/webots_ros2_driver/include/webots/cpp/webots/Supervisor.hpp
[27.367s] -- Installing: /home/minji/minji_ws/install/webots_ros2_driver/include/webots/cpp/webots/Motor.hpp
[27.367s] -- Installing: /home/minji/minji_ws/install/webots_ros2_driver/include/webots/cpp/webots/RangeFinder.hpp
[27.368s] -- Installing: /home/minji/minji_ws/install/webots_ros2_driver/include/webots/cpp/webots/Accelerometer.hpp
[27.368s] -- Installing: /home/minji/minji_ws/install/webots_ros2_driver/include/webots/cpp/webots/Mouse.hpp
[27.368s] -- Installing: /home/minji/minji_ws/install/webots_ros2_driver/include/webots/cpp/webots/Camera.hpp
[27.368s] -- Installing: /home/minji/minji_ws/install/webots_ros2_driver/include/webots/cpp/webots/utils
[27.368s] -- Installing: /home/minji/minji_ws/install/webots_ros2_driver/include/webots/cpp/webots/utils/AnsiCodes.hpp
[27.368s] -- Installing: /home/minji/minji_ws/install/webots_ros2_driver/include/webots/cpp/webots/utils/Motion.hpp
[27.369s] -- Installing: /home/minji/minji_ws/install/webots_ros2_driver/include/webots/cpp/webots/Skin.hpp
[27.369s] -- Installing: /home/minji/minji_ws/install/webots_ros2_driver/include/webots/cpp/webots/LED.hpp
[27.369s] -- Installing: /home/minji/minji_ws/install/webots_ros2_driver/include/webots/cpp/webots/VacuumGripper.hpp
[27.369s] -- Installing: /home/minji/minji_ws/install/webots_ros2_driver/include/webots/cpp/webots/Speaker.hpp
[27.369s] -- Installing: /home/minji/minji_ws/install/webots_ros2_driver/include/webots/cpp/webots/Robot.hpp
[27.369s] -- Installing: /home/minji/minji_ws/install/webots_ros2_driver/include/webots/cpp/webots/Emitter.hpp
[27.369s] -- Installing: /home/minji/minji_ws/install/webots_ros2_driver/include/webots/cpp/webots/Gyro.hpp
[27.370s] -- Installing: /home/minji/minji_ws/install/webots_ros2_driver/include/webots/cpp/webots/Device.hpp
[27.370s] -- Installing: /home/minji/minji_ws/install/webots_ros2_driver/include/webots/cpp/webots/Brake.hpp
[27.370s] -- Installing: /home/minji/minji_ws/install/webots_ros2_driver/include/webots/cpp/webots/TouchSensor.hpp
[27.370s] -- Installing: /home/minji/minji_ws/install/webots_ros2_driver/include/webots/cpp/webots/PositionSensor.hpp
[27.370s] -- Installing: /home/minji/minji_ws/install/webots_ros2_driver/include/webots/cpp/webots/Field.hpp
[27.370s] -- Installing: /home/minji/minji_ws/install/webots_ros2_driver/include/webots/cpp/webots/DistanceSensor.hpp
[27.371s] -- Installing: /home/minji/minji_ws/install/webots_ros2_driver/include/webots/cpp/webots/vehicle
[27.371s] -- Installing: /home/minji/minji_ws/install/webots_ros2_driver/include/webots/cpp/webots/vehicle/Car.hpp
[27.371s] -- Installing: /home/minji/minji_ws/install/webots_ros2_driver/include/webots/cpp/webots/vehicle/Driver.hpp
[27.371s] -- Installing: /home/minji/minji_ws/install/webots_ros2_driver/include/webots/cpp/webots/Radar.hpp
[27.371s] -- Installing: /home/minji/minji_ws/install/webots_ros2_driver/include/webots/cpp/webots/Joystick.hpp
[27.371s] -- Installing: /home/minji/minji_ws/install/webots_ros2_driver/include/webots/cpp/webots/Display.hpp
[27.372s] -- Installing: /home/minji/minji_ws/install/webots_ros2_driver/include/webots/cpp/webots/Keyboard.hpp
[27.372s] -- Installing: /home/minji/minji_ws/install/webots_ros2_driver/include/webots/cpp/webots/Connector.hpp
[27.372s] -- Installing: /home/minji/minji_ws/install/webots_ros2_driver/include/webots/cpp/webots/InertialUnit.hpp
[27.372s] -- Installing: /home/minji/minji_ws/install/webots_ros2_driver/include/webots/cpp/webots/Altimeter.hpp
[27.372s] -- Installing: /home/minji/minji_ws/install/webots_ros2_driver/include/webots/cpp/webots/Receiver.hpp
[27.372s] -- Installing: /home/minji/minji_ws/install/webots_ros2_driver/include/webots/cpp/webots/Node.hpp
[27.373s] -- Installing: /home/minji/minji_ws/install/webots_ros2_driver/include/webots/cpp/webots/Pen.hpp
[27.373s] -- Installing: /home/minji/minji_ws/install/webots_ros2_driver/include/webots/cpp/webots/GPS.hpp
[27.373s] -- Installing: /home/minji/minji_ws/install/webots_ros2_driver/include/webots/cpp/webots/Compass.hpp
[27.373s] -- Installing: /home/minji/minji_ws/install/webots_ros2_driver/include/webots/cpp/webots/ImageRef.hpp
[27.373s] -- Installing: /home/minji/minji_ws/install/webots_ros2_driver/include/webots/cpp/webots/Lidar.hpp
[27.373s] -- Installing: /home/minji/minji_ws/install/webots_ros2_driver/lib/controller
[27.373s] -- Installing: /home/minji/minji_ws/install/webots_ros2_driver/lib/controller/libgeneric_robot_window.so
[27.374s] -- Installing: /home/minji/minji_ws/install/webots_ros2_driver/lib/controller/libdriver.so
[27.374s] -- Installing: /home/minji/minji_ws/install/webots_ros2_driver/lib/controller/libCppController.so
[27.374s] -- Installing: /home/minji/minji_ws/install/webots_ros2_driver/lib/controller/libController.so
[27.375s] -- Installing: /home/minji/minji_ws/install/webots_ros2_driver/lib/controller/libcar.so
[27.375s] -- Installing: /home/minji/minji_ws/install/webots_ros2_driver/lib/controller/libCppDriver.so
[27.375s] -- Installing: /home/minji/minji_ws/install/webots_ros2_driver/lib/controller/libCppCar.so
[27.375s] -- Installing: /home/minji/minji_ws/install/webots_ros2_driver/lib/controller/.gitignore
[27.376s] -- Installing: /home/minji/minji_ws/install/webots_ros2_driver/share/webots_ros2_driver/webots_ros2_imu.xml
[27.376s] -- Installing: /home/minji/minji_ws/install/webots_ros2_driver/share/webots_ros2_driver/webots_ros2_rgbd.xml
[27.376s] -- Installing: /home/minji/minji_ws/install/webots_ros2_driver/lib/webots_ros2_driver/ros2_supervisor.py
[27.377s] -- Installing: /home/minji/minji_ws/install/webots_ros2_driver/share/webots_ros2_driver/scripts
[27.377s] -- Installing: /home/minji/minji_ws/install/webots_ros2_driver/share/webots_ros2_driver/scripts/webots_tcp_client.py
[27.377s] -- Installing: /home/minji/minji_ws/install/webots_ros2_driver/share/webots_ros2_driver/scripts/webots-controller
[27.377s] -- Installing: /home/minji/minji_ws/install/webots_ros2_driver/share/webots_ros2_driver/environment/library_path.sh
[27.378s] -- Installing: /home/minji/minji_ws/install/webots_ros2_driver/share/webots_ros2_driver/environment/library_path.dsv
[27.378s] -- Installing: /home/minji/minji_ws/install/webots_ros2_driver/share/ament_index/resource_index/package_run_dependencies/webots_ros2_driver
[27.378s] -- Installing: /home/minji/minji_ws/install/webots_ros2_driver/share/ament_index/resource_index/parent_prefix_path/webots_ros2_driver
[27.378s] -- Installing: /home/minji/minji_ws/install/webots_ros2_driver/share/webots_ros2_driver/environment/ament_prefix_path.sh
[27.379s] -- Installing: /home/minji/minji_ws/install/webots_ros2_driver/share/webots_ros2_driver/environment/ament_prefix_path.dsv
[27.379s] -- Installing: /home/minji/minji_ws/install/webots_ros2_driver/share/webots_ros2_driver/environment/path.sh
[27.379s] -- Installing: /home/minji/minji_ws/install/webots_ros2_driver/share/webots_ros2_driver/environment/path.dsv
[27.379s] -- Installing: /home/minji/minji_ws/install/webots_ros2_driver/share/webots_ros2_driver/local_setup.bash
[27.380s] -- Installing: /home/minji/minji_ws/install/webots_ros2_driver/share/webots_ros2_driver/local_setup.sh
[27.380s] -- Installing: /home/minji/minji_ws/install/webots_ros2_driver/share/webots_ros2_driver/local_setup.zsh
[27.380s] -- Installing: /home/minji/minji_ws/install/webots_ros2_driver/share/webots_ros2_driver/local_setup.dsv
[27.380s] -- Installing: /home/minji/minji_ws/install/webots_ros2_driver/share/webots_ros2_driver/package.dsv
[27.381s] -- Installing: /home/minji/minji_ws/install/webots_ros2_driver/share/ament_index/resource_index/packages/webots_ros2_driver
[27.381s] -- Installing: /home/minji/minji_ws/install/webots_ros2_driver/share/ament_index/resource_index/webots_ros2_driver__pluginlib__plugin/webots_ros2_driver
[27.381s] -- Installing: /home/minji/minji_ws/install/webots_ros2_driver/share/webots_ros2_driver/cmake/ament_cmake_export_include_directories-extras.cmake
[27.381s] -- Installing: /home/minji/minji_ws/install/webots_ros2_driver/share/webots_ros2_driver/cmake/ament_cmake_export_dependencies-extras.cmake
[27.382s] -- Installing: /home/minji/minji_ws/install/webots_ros2_driver/share/webots_ros2_driver/cmake/ament_cmake_export_libraries-extras.cmake
[27.382s] -- Installing: /home/minji/minji_ws/install/webots_ros2_driver/share/webots_ros2_driver/cmake/webots_ros2_driverConfig.cmake
[27.382s] -- Installing: /home/minji/minji_ws/install/webots_ros2_driver/share/webots_ros2_driver/cmake/webots_ros2_driverConfig-version.cmake
[27.382s] -- Installing: /home/minji/minji_ws/install/webots_ros2_driver/share/webots_ros2_driver/package.xml
[27.385s] Invoked command in '/home/minji/minji_ws/build/webots_ros2_driver' returned '0': AMENT_PREFIX_PATH=/home/minji/minji_ws/install/webots_ros2_msgs:${AMENT_PREFIX_PATH} CMAKE_PREFIX_PATH=/home/minji/minji_ws/install/webots_ros2_msgs:/usr/local:/opt/ros/humble LD_LIBRARY_PATH=/home/minji/minji_ws/install/webots_ros2_msgs/lib:${LD_LIBRARY_PATH} PYTHONPATH=/home/minji/minji_ws/install/webots_ros2_msgs/local/lib/python3.10/dist-packages:${PYTHONPATH} /usr/bin/cmake --install /home/minji/minji_ws/build/webots_ros2_driver
