[2.053s] Invoking command in '/home/minji/minji_ws/webots_ros2/webots_ros2_epuck': AMENT_PREFIX_PATH=/home/minji/minji_ws/install/webots_ros2_control:/home/minji/minji_ws/install/webots_ros2_driver:/home/minji/minji_ws/install/webots_ros2_msgs:${AMENT_PREFIX_PATH} CMAKE_PREFIX_PATH=/home/minji/minji_ws/install/webots_ros2_control:/home/minji/minji_ws/install/webots_ros2_driver:/home/minji/minji_ws/install/webots_ros2_msgs${CMAKE_PREFIX_PATH} LD_LIBRARY_PATH=/home/minji/minji_ws/install/webots_ros2_control/lib:/home/minji/minji_ws/install/webots_ros2_driver/lib:/home/minji/minji_ws/install/webots_ros2_msgs/lib:${LD_LIBRARY_PATH} PYTHONPATH=/home/minji/minji_ws/build/webots_ros2_epuck/prefix_override:/usr/lib/python3/dist-packages/colcon_core/task/python/colcon_distutils_commands:/home/minji/minji_ws/install/webots_ros2_epuck/lib/python3.10/site-packages:/home/minji/minji_ws/install/webots_ros2_driver/local/lib/python3.10/dist-packages:/home/minji/minji_ws/install/webots_ros2_msgs/local/lib/python3.10/dist-packages:${PYTHONPATH} /usr/bin/python3 -W ignore:setup.py install is deprecated setup.py egg_info --egg-base ../../build/webots_ros2_epuck build --build-base /home/minji/minji_ws/build/webots_ros2_epuck/build install --record /home/minji/minji_ws/build/webots_ros2_epuck/install.log --single-version-externally-managed install_data
[2.353s] running egg_info
[2.354s] writing ../../build/webots_ros2_epuck/webots_ros2_epuck.egg-info/PKG-INFO
[2.354s] writing dependency_links to ../../build/webots_ros2_epuck/webots_ros2_epuck.egg-info/dependency_links.txt
[2.354s] writing entry points to ../../build/webots_ros2_epuck/webots_ros2_epuck.egg-info/entry_points.txt
[2.355s] writing requirements to ../../build/webots_ros2_epuck/webots_ros2_epuck.egg-info/requires.txt
[2.355s] writing top-level names to ../../build/webots_ros2_epuck/webots_ros2_epuck.egg-info/top_level.txt
[2.358s] reading manifest file '../../build/webots_ros2_epuck/webots_ros2_epuck.egg-info/SOURCES.txt'
[2.359s] writing manifest file '../../build/webots_ros2_epuck/webots_ros2_epuck.egg-info/SOURCES.txt'
[2.360s] running build
[2.360s] running build_py
[2.361s] running install
[2.361s] running install_lib
[2.363s] running install_data
[2.364s] running install_egg_info
[2.366s] removing '/home/minji/minji_ws/install/webots_ros2_epuck/lib/python3.10/site-packages/webots_ros2_epuck-2023.1.2-py3.10.egg-info' (and everything under it)
[2.366s] Copying ../../build/webots_ros2_epuck/webots_ros2_epuck.egg-info to /home/minji/minji_ws/install/webots_ros2_epuck/lib/python3.10/site-packages/webots_ros2_epuck-2023.1.2-py3.10.egg-info
[2.368s] running install_scripts
[2.393s] Installing drive_calibrator script to /home/minji/minji_ws/install/webots_ros2_epuck/lib/webots_ros2_epuck
[2.393s] Installing epuck_node script to /home/minji/minji_ws/install/webots_ros2_epuck/lib/webots_ros2_epuck
[2.393s] Installing simple_mapper script to /home/minji/minji_ws/install/webots_ros2_epuck/lib/webots_ros2_epuck
[2.393s] writing list of installed files to '/home/minji/minji_ws/build/webots_ros2_epuck/install.log'
[2.424s] Invoked command in '/home/minji/minji_ws/webots_ros2/webots_ros2_epuck' returned '0': AMENT_PREFIX_PATH=/home/minji/minji_ws/install/webots_ros2_control:/home/minji/minji_ws/install/webots_ros2_driver:/home/minji/minji_ws/install/webots_ros2_msgs:${AMENT_PREFIX_PATH} CMAKE_PREFIX_PATH=/home/minji/minji_ws/install/webots_ros2_control:/home/minji/minji_ws/install/webots_ros2_driver:/home/minji/minji_ws/install/webots_ros2_msgs${CMAKE_PREFIX_PATH} LD_LIBRARY_PATH=/home/minji/minji_ws/install/webots_ros2_control/lib:/home/minji/minji_ws/install/webots_ros2_driver/lib:/home/minji/minji_ws/install/webots_ros2_msgs/lib:${LD_LIBRARY_PATH} PYTHONPATH=/home/minji/minji_ws/build/webots_ros2_epuck/prefix_override:/usr/lib/python3/dist-packages/colcon_core/task/python/colcon_distutils_commands:/home/minji/minji_ws/install/webots_ros2_epuck/lib/python3.10/site-packages:/home/minji/minji_ws/install/webots_ros2_driver/local/lib/python3.10/dist-packages:/home/minji/minji_ws/install/webots_ros2_msgs/local/lib/python3.10/dist-packages:${PYTHONPATH} /usr/bin/python3 -W ignore:setup.py install is deprecated setup.py egg_info --egg-base ../../build/webots_ros2_epuck build --build-base /home/minji/minji_ws/build/webots_ros2_epuck/build install --record /home/minji/minji_ws/build/webots_ros2_epuck/install.log --single-version-externally-managed install_data
