[1.735s] Invoking command in '/home/minji/minji_ws/webots_ros2/webots_ros2_turtlebot': CMAKE_PREFIX_PATH=/home/minji/minji_ws/install/webots_ros2_control:/home/minji/minji_ws/install/webots_ros2_driver:/home/minji/minji_ws/install/webots_ros2_msgs:/home/minji/minji_ws/install/btcpp_ros2_samples:/home/minji/minji_ws/install/btcpp_ros2_project:/home/minji/minji_ws/install/behaviortree_ros2:/home/minji/minji_ws/install/btcpp_ros2_interfaces:/home/minji/my_study/install/webots_ros2_control:/home/minji/my_study/install/webots_ros2_driver:/home/minji/my_study/install/webots_ros2_msgs:/usr/local:/usr/local LD_LIBRARY_PATH=/home/minji/minji_ws/install/webots_ros2_control/lib:/home/minji/minji_ws/install/webots_ros2_driver/lib:/home/minji/minji_ws/install/webots_ros2_msgs/lib:/home/minji/minji_ws/install/behaviortree_ros2/lib:/home/minji/minji_ws/install/btcpp_ros2_interfaces/lib:/home/minji/my_study/install/webots_ros2_control/lib:/home/minji/my_study/install/webots_ros2_driver/lib:/home/minji/my_study/install/webots_ros2_msgs/lib:/opt/ros/humble/opt/rviz_ogre_vendor/lib:/opt/ros/humble/lib/x86_64-linux-gnu:/opt/ros/humble/lib PYTHONPATH=/home/minji/minji_ws/build/webots_ros2_turtlebot/prefix_override:/usr/lib/python3/dist-packages/colcon_core/task/python/colcon_distutils_commands:/home/minji/minji_ws/install/webots_ros2_turtlebot/lib/python3.10/site-packages:${PYTHONPATH} /usr/bin/python3 -W ignore:setup.py install is deprecated setup.py egg_info --egg-base ../../build/webots_ros2_turtlebot build --build-base /home/minji/minji_ws/build/webots_ros2_turtlebot/build install --record /home/minji/minji_ws/build/webots_ros2_turtlebot/install.log --single-version-externally-managed install_data
[2.035s] running egg_info
[2.035s] writing ../../build/webots_ros2_turtlebot/webots_ros2_turtlebot.egg-info/PKG-INFO
[2.035s] writing dependency_links to ../../build/webots_ros2_turtlebot/webots_ros2_turtlebot.egg-info/dependency_links.txt
[2.036s] writing entry points to ../../build/webots_ros2_turtlebot/webots_ros2_turtlebot.egg-info/entry_points.txt
[2.036s] writing requirements to ../../build/webots_ros2_turtlebot/webots_ros2_turtlebot.egg-info/requires.txt
[2.036s] writing top-level names to ../../build/webots_ros2_turtlebot/webots_ros2_turtlebot.egg-info/top_level.txt
[2.038s] reading manifest file '../../build/webots_ros2_turtlebot/webots_ros2_turtlebot.egg-info/SOURCES.txt'
[2.039s] writing manifest file '../../build/webots_ros2_turtlebot/webots_ros2_turtlebot.egg-info/SOURCES.txt'
[2.039s] running build
[2.039s] running build_py
[2.039s] running install
[2.040s] running install_lib
[2.042s] running install_data
[2.042s] running install_egg_info
[2.045s] removing '/home/minji/minji_ws/install/webots_ros2_turtlebot/lib/python3.10/site-packages/webots_ros2_turtlebot-2023.1.2-py3.10.egg-info' (and everything under it)
[2.045s] Copying ../../build/webots_ros2_turtlebot/webots_ros2_turtlebot.egg-info to /home/minji/minji_ws/install/webots_ros2_turtlebot/lib/python3.10/site-packages/webots_ros2_turtlebot-2023.1.2-py3.10.egg-info
[2.046s] running install_scripts
[2.071s] writing list of installed files to '/home/minji/minji_ws/build/webots_ros2_turtlebot/install.log'
[2.104s] Invoked command in '/home/minji/minji_ws/webots_ros2/webots_ros2_turtlebot' returned '0': CMAKE_PREFIX_PATH=/home/minji/minji_ws/install/webots_ros2_control:/home/minji/minji_ws/install/webots_ros2_driver:/home/minji/minji_ws/install/webots_ros2_msgs:/home/minji/minji_ws/install/btcpp_ros2_samples:/home/minji/minji_ws/install/btcpp_ros2_project:/home/minji/minji_ws/install/behaviortree_ros2:/home/minji/minji_ws/install/btcpp_ros2_interfaces:/home/minji/my_study/install/webots_ros2_control:/home/minji/my_study/install/webots_ros2_driver:/home/minji/my_study/install/webots_ros2_msgs:/usr/local:/usr/local LD_LIBRARY_PATH=/home/minji/minji_ws/install/webots_ros2_control/lib:/home/minji/minji_ws/install/webots_ros2_driver/lib:/home/minji/minji_ws/install/webots_ros2_msgs/lib:/home/minji/minji_ws/install/behaviortree_ros2/lib:/home/minji/minji_ws/install/btcpp_ros2_interfaces/lib:/home/minji/my_study/install/webots_ros2_control/lib:/home/minji/my_study/install/webots_ros2_driver/lib:/home/minji/my_study/install/webots_ros2_msgs/lib:/opt/ros/humble/opt/rviz_ogre_vendor/lib:/opt/ros/humble/lib/x86_64-linux-gnu:/opt/ros/humble/lib PYTHONPATH=/home/minji/minji_ws/build/webots_ros2_turtlebot/prefix_override:/usr/lib/python3/dist-packages/colcon_core/task/python/colcon_distutils_commands:/home/minji/minji_ws/install/webots_ros2_turtlebot/lib/python3.10/site-packages:${PYTHONPATH} /usr/bin/python3 -W ignore:setup.py install is deprecated setup.py egg_info --egg-base ../../build/webots_ros2_turtlebot build --build-base /home/minji/minji_ws/build/webots_ros2_turtlebot/build install --record /home/minji/minji_ws/build/webots_ros2_turtlebot/install.log --single-version-externally-managed install_data
