[2.029s] Invoking command in '/home/minji/minji_ws/webots_ros2_ld90': CMAKE_PREFIX_PATH=/home/minji/minji_ws/install/webots_ros2_driver:/home/minji/minji_ws/install/webots_ros2_msgs:/home/minji/minji_ws/install/webots_ros2_control:/home/minji/my_study/install/webots_ros2_control:/home/minji/my_study/install/webots_ros2_driver:/home/minji/my_study/install/webots_ros2_msgs:/usr/local LD_LIBRARY_PATH=/home/minji/minji_ws/install/webots_ros2_driver/lib:/home/minji/minji_ws/install/webots_ros2_msgs/lib:/home/minji/minji_ws/install/webots_ros2_control/lib:/home/minji/my_study/install/webots_ros2_control/lib:/home/minji/my_study/install/webots_ros2_driver/lib:/home/minji/my_study/install/webots_ros2_msgs/lib:/opt/ros/humble/opt/rviz_ogre_vendor/lib:/opt/ros/humble/lib/x86_64-linux-gnu:/opt/ros/humble/lib PYTHONPATH=/home/minji/minji_ws/build/webots_ros2_ld90/prefix_override:/usr/lib/python3/dist-packages/colcon_core/task/python/colcon_distutils_commands:/home/minji/minji_ws/install/webots_ros2_ld90/lib/python3.10/site-packages:${PYTHONPATH} /usr/bin/python3 -W ignore:setup.py install is deprecated setup.py egg_info --egg-base ../build/webots_ros2_ld90 build --build-base /home/minji/minji_ws/build/webots_ros2_ld90/build install --record /home/minji/minji_ws/build/webots_ros2_ld90/install.log --single-version-externally-managed install_data
[2.544s] running egg_info
[2.546s] writing ../build/webots_ros2_ld90/webots_ros2_ld90.egg-info/PKG-INFO
[2.547s] writing dependency_links to ../build/webots_ros2_ld90/webots_ros2_ld90.egg-info/dependency_links.txt
[2.547s] writing entry points to ../build/webots_ros2_ld90/webots_ros2_ld90.egg-info/entry_points.txt
[2.547s] writing requirements to ../build/webots_ros2_ld90/webots_ros2_ld90.egg-info/requires.txt
[2.547s] writing top-level names to ../build/webots_ros2_ld90/webots_ros2_ld90.egg-info/top_level.txt
[2.549s] reading manifest file '../build/webots_ros2_ld90/webots_ros2_ld90.egg-info/SOURCES.txt'
[2.549s] adding license file 'LICENSE'
[2.550s] writing manifest file '../build/webots_ros2_ld90/webots_ros2_ld90.egg-info/SOURCES.txt'
[2.551s] running build
[2.551s] running build_py
[2.551s] running install
[2.551s] running install_lib
[2.553s] running install_data
[2.553s] running install_egg_info
[2.556s] removing '/home/minji/minji_ws/install/webots_ros2_ld90/lib/python3.10/site-packages/webots_ros2_ld90-0.0.0-py3.10.egg-info' (and everything under it)
[2.556s] Copying ../build/webots_ros2_ld90/webots_ros2_ld90.egg-info to /home/minji/minji_ws/install/webots_ros2_ld90/lib/python3.10/site-packages/webots_ros2_ld90-0.0.0-py3.10.egg-info
[2.557s] running install_scripts
[2.583s] writing list of installed files to '/home/minji/minji_ws/build/webots_ros2_ld90/install.log'
[2.615s] Invoked command in '/home/minji/minji_ws/webots_ros2_ld90' returned '0': CMAKE_PREFIX_PATH=/home/minji/minji_ws/install/webots_ros2_driver:/home/minji/minji_ws/install/webots_ros2_msgs:/home/minji/minji_ws/install/webots_ros2_control:/home/minji/my_study/install/webots_ros2_control:/home/minji/my_study/install/webots_ros2_driver:/home/minji/my_study/install/webots_ros2_msgs:/usr/local LD_LIBRARY_PATH=/home/minji/minji_ws/install/webots_ros2_driver/lib:/home/minji/minji_ws/install/webots_ros2_msgs/lib:/home/minji/minji_ws/install/webots_ros2_control/lib:/home/minji/my_study/install/webots_ros2_control/lib:/home/minji/my_study/install/webots_ros2_driver/lib:/home/minji/my_study/install/webots_ros2_msgs/lib:/opt/ros/humble/opt/rviz_ogre_vendor/lib:/opt/ros/humble/lib/x86_64-linux-gnu:/opt/ros/humble/lib PYTHONPATH=/home/minji/minji_ws/build/webots_ros2_ld90/prefix_override:/usr/lib/python3/dist-packages/colcon_core/task/python/colcon_distutils_commands:/home/minji/minji_ws/install/webots_ros2_ld90/lib/python3.10/site-packages:${PYTHONPATH} /usr/bin/python3 -W ignore:setup.py install is deprecated setup.py egg_info --egg-base ../build/webots_ros2_ld90 build --build-base /home/minji/minji_ws/build/webots_ros2_ld90/build install --record /home/minji/minji_ws/build/webots_ros2_ld90/install.log --single-version-externally-managed install_data
