-- The C compiler identification is GNU 11.4.0
-- The CXX compiler identification is GNU 11.4.0
-- Detecting C compiler ABI info
-- Detecting C compiler ABI info - done
-- Check for working C compiler: /usr/bin/cc - skipped
-- Detecting C compile features
-- Detecting C compile features - done
-- Detecting CXX compiler ABI info
-- Detecting CXX compiler ABI info - done
-- Check for working CXX compiler: /usr/bin/c++ - skipped
-- Detecting CXX compile features
-- Detecting CXX compile features - done
-- Found ament_cmake: 1.3.9 (/opt/ros/humble/share/ament_cmake/cmake)
-- Found Python3: /usr/bin/python3 (found version "3.10.12") found components: Interpreter 
-- Found behaviortree_ros2: 0.2.0 (/home/minji/minji_ws/install/behaviortree_ros2/share/behaviortree_ros2/cmake)
-- Found rosidl_generator_c: 3.1.5 (/opt/ros/humble/share/rosidl_generator_c/cmake)
-- Found rosidl_adapter: 3.1.5 (/opt/ros/humble/share/rosidl_adapter/cmake)
-- Found rosidl_generator_cpp: 3.1.5 (/opt/ros/humble/share/rosidl_generator_cpp/cmake)
-- Using all available rosidl_typesupport_c: rosidl_typesupport_fastrtps_c;rosidl_typesupport_introspection_c
-- Using all available rosidl_typesupport_cpp: rosidl_typesupport_fastrtps_cpp;rosidl_typesupport_introspection_cpp
-- Found rmw_implementation_cmake: 6.1.2 (/opt/ros/humble/share/rmw_implementation_cmake/cmake)
-- Found rmw_fastrtps_cpp: 6.2.6 (/opt/ros/humble/share/rmw_fastrtps_cpp/cmake)
-- Found OpenSSL: /usr/lib/x86_64-linux-gnu/libcrypto.so (found version "3.0.2")  
-- Found FastRTPS: /opt/ros/humble/include  
-- Using RMW implementation 'rmw_fastrtps_cpp' as default
-- Looking for pthread.h
-- Looking for pthread.h - found
-- Performing Test CMAKE_HAVE_LIBC_PTHREAD
-- Performing Test CMAKE_HAVE_LIBC_PTHREAD - Success
-- Found Threads: TRUE  
-- Found parameter_traits: 0.3.8 (/opt/ros/humble/share/parameter_traits/cmake)
-- Found rclcpp_lifecycle: 16.0.9 (/opt/ros/humble/share/rclcpp_lifecycle/cmake)
-- Found std_srvs: 4.2.4 (/opt/ros/humble/share/std_srvs/cmake)
-- Configuring done
-- Generating done
-- Build files have been written to: /home/minji/minji_ws/build/btcpp_ros2_samples
[ 11%] [32mBuilding CXX object CMakeFiles/sleep_client.dir/src/sleep_action.cpp.o[0m
[ 16%] [32mBuilding CXX object CMakeFiles/sleep_client.dir/src/sleep_client.cpp.o[0m
[ 16%] [32mBuilding CXX object CMakeFiles/sample_bt_executor.dir/src/sample_bt_executor.cpp.o[0m
[ 22%] [32mBuilding CXX object CMakeFiles/sleep_server.dir/src/sleep_server.cpp.o[0m
[ 27%] [32mBuilding CXX object CMakeFiles/subscriber_test.dir/src/subscriber_test.cpp.o[0m
[ 33%] [32mBuilding CXX object CMakeFiles/sleep_plugin.dir/src/sleep_action.cpp.o[0m
[ 38%] [32mBuilding CXX object CMakeFiles/bool_client.dir/src/bool_client.cpp.o[0m
[ 44%] [32mBuilding CXX object CMakeFiles/bool_server.dir/src/bool_server.cpp.o[0m
[ 50%] [32m[1mLinking CXX executable bool_server[0m
[ 50%] Built target bool_server
[ 55%] [32mBuilding CXX object CMakeFiles/bool_client.dir/src/set_bool_node.cpp.o[0m
[ 61%] [32m[1mLinking CXX executable sleep_server[0m
[ 61%] Built target sleep_server
[ 66%] [32m[1mLinking CXX shared library libsleep_plugin.so[0m
[ 72%] [32m[1mLinking CXX executable sleep_client[0m
[ 72%] Built target sleep_plugin
[ 77%] [32mBuilding CXX object CMakeFiles/sleep_client_dyn.dir/src/sleep_client.cpp.o[0m
[ 77%] Built target sleep_client
[ 83%] [32m[1mLinking CXX executable bool_client[0m
[ 88%] [32m[1mLinking CXX executable sample_bt_executor[0m
[ 88%] Built target bool_client
[ 88%] Built target sample_bt_executor
[ 94%] [32m[1mLinking CXX executable sleep_client_dyn[0m
[ 94%] Built target sleep_client_dyn
[100%] [32m[1mLinking CXX executable subscriber_test[0m
[100%] Built target subscriber_test
-- Install configuration: ""
-- Installing: /home/minji/minji_ws/install/btcpp_ros2_samples/lib/btcpp_ros2_samples/sleep_client
-- Set runtime path of "/home/minji/minji_ws/install/btcpp_ros2_samples/lib/btcpp_ros2_samples/sleep_client" to ""
-- Installing: /home/minji/minji_ws/install/btcpp_ros2_samples/lib/btcpp_ros2_samples/sleep_client_dyn
-- Set runtime path of "/home/minji/minji_ws/install/btcpp_ros2_samples/lib/btcpp_ros2_samples/sleep_client_dyn" to ""
-- Installing: /home/minji/minji_ws/install/btcpp_ros2_samples/lib/btcpp_ros2_samples/sleep_server
-- Set runtime path of "/home/minji/minji_ws/install/btcpp_ros2_samples/lib/btcpp_ros2_samples/sleep_server" to ""
-- Installing: /home/minji/minji_ws/install/btcpp_ros2_samples/lib/btcpp_ros2_samples/libsleep_plugin.so
-- Set runtime path of "/home/minji/minji_ws/install/btcpp_ros2_samples/lib/btcpp_ros2_samples/libsleep_plugin.so" to ""
-- Installing: /home/minji/minji_ws/install/btcpp_ros2_samples/lib/btcpp_ros2_samples/subscriber_test
-- Set runtime path of "/home/minji/minji_ws/install/btcpp_ros2_samples/lib/btcpp_ros2_samples/subscriber_test" to ""
-- Installing: /home/minji/minji_ws/install/btcpp_ros2_samples/lib/btcpp_ros2_samples/sample_bt_executor
-- Set runtime path of "/home/minji/minji_ws/install/btcpp_ros2_samples/lib/btcpp_ros2_samples/sample_bt_executor" to ""
-- Installing: /home/minji/minji_ws/install/btcpp_ros2_samples/lib/btcpp_ros2_samples/bool_client
-- Set runtime path of "/home/minji/minji_ws/install/btcpp_ros2_samples/lib/btcpp_ros2_samples/bool_client" to ""
-- Installing: /home/minji/minji_ws/install/btcpp_ros2_samples/lib/btcpp_ros2_samples/bool_server
-- Set runtime path of "/home/minji/minji_ws/install/btcpp_ros2_samples/lib/btcpp_ros2_samples/bool_server" to ""
-- Installing: /home/minji/minji_ws/install/btcpp_ros2_samples/share/btcpp_ros2_samples/bt_plugins/libsleep_plugin.so
-- Set runtime path of "/home/minji/minji_ws/install/btcpp_ros2_samples/share/btcpp_ros2_samples/bt_plugins/libsleep_plugin.so" to ""
-- Installing: /home/minji/minji_ws/install/btcpp_ros2_samples/share/btcpp_ros2_samples//behavior_trees
-- Installing: /home/minji/minji_ws/install/btcpp_ros2_samples/share/btcpp_ros2_samples//behavior_trees/sleep_action.xml
-- Installing: /home/minji/minji_ws/install/btcpp_ros2_samples/share/btcpp_ros2_samples//behavior_trees/cross_door.xml
-- Installing: /home/minji/minji_ws/install/btcpp_ros2_samples/share/btcpp_ros2_samples//behavior_trees/door_closed.xml
-- Installing: /home/minji/minji_ws/install/btcpp_ros2_samples/share/btcpp_ros2_samples//config
-- Installing: /home/minji/minji_ws/install/btcpp_ros2_samples/share/btcpp_ros2_samples//config/sample_bt_executor.yaml
-- Installing: /home/minji/minji_ws/install/btcpp_ros2_samples/share/btcpp_ros2_samples//launch
-- Installing: /home/minji/minji_ws/install/btcpp_ros2_samples/share/btcpp_ros2_samples//launch/sample_bt_executor.launch.xml
-- Installing: /home/minji/minji_ws/install/btcpp_ros2_samples/share/ament_index/resource_index/package_run_dependencies/btcpp_ros2_samples
-- Installing: /home/minji/minji_ws/install/btcpp_ros2_samples/share/ament_index/resource_index/parent_prefix_path/btcpp_ros2_samples
-- Installing: /home/minji/minji_ws/install/btcpp_ros2_samples/share/btcpp_ros2_samples/environment/ament_prefix_path.sh
-- Installing: /home/minji/minji_ws/install/btcpp_ros2_samples/share/btcpp_ros2_samples/environment/ament_prefix_path.dsv
-- Installing: /home/minji/minji_ws/install/btcpp_ros2_samples/share/btcpp_ros2_samples/environment/path.sh
-- Installing: /home/minji/minji_ws/install/btcpp_ros2_samples/share/btcpp_ros2_samples/environment/path.dsv
-- Installing: /home/minji/minji_ws/install/btcpp_ros2_samples/share/btcpp_ros2_samples/local_setup.bash
-- Installing: /home/minji/minji_ws/install/btcpp_ros2_samples/share/btcpp_ros2_samples/local_setup.sh
-- Installing: /home/minji/minji_ws/install/btcpp_ros2_samples/share/btcpp_ros2_samples/local_setup.zsh
-- Installing: /home/minji/minji_ws/install/btcpp_ros2_samples/share/btcpp_ros2_samples/local_setup.dsv
-- Installing: /home/minji/minji_ws/install/btcpp_ros2_samples/share/btcpp_ros2_samples/package.dsv
-- Installing: /home/minji/minji_ws/install/btcpp_ros2_samples/share/ament_index/resource_index/packages/btcpp_ros2_samples
-- Installing: /home/minji/minji_ws/install/btcpp_ros2_samples/share/btcpp_ros2_samples/cmake/ament_cmake_export_dependencies-extras.cmake
-- Installing: /home/minji/minji_ws/install/btcpp_ros2_samples/share/btcpp_ros2_samples/cmake/btcpp_ros2_samplesConfig.cmake
-- Installing: /home/minji/minji_ws/install/btcpp_ros2_samples/share/btcpp_ros2_samples/cmake/btcpp_ros2_samplesConfig-version.cmake
-- Installing: /home/minji/minji_ws/install/btcpp_ros2_samples/share/btcpp_ros2_samples/package.xml
