[0.015s] Invoking command in '/home/minji/minji_ws/build/btcpp_ros2_samples': AMENT_PREFIX_PATH=/home/minji/minji_ws/install/behaviortree_ros2:/home/minji/minji_ws/install/btcpp_ros2_interfaces:${AMENT_PREFIX_PATH} CMAKE_PREFIX_PATH=/home/minji/minji_ws/install/behaviortree_ros2:/home/minji/minji_ws/install/btcpp_ros2_interfaces:/home/minji/minji_ws/install/webots_ros2_control:/home/minji/minji_ws/install/webots_ros2_driver:/home/minji/minji_ws/install/webots_ros2_msgs:/home/minji/my_study/install/webots_ros2_control:/home/minji/my_study/install/webots_ros2_driver:/home/minji/my_study/install/webots_ros2_msgs:/usr/local:/home/minji/minji_ws/install/webots_ros2:/home/minji/minji_ws/install/webots_ros2_universal_robot:/home/minji/minji_ws/install/webots_ros2_turtlebot:/home/minji/minji_ws/install/webots_ros2_tiago:/home/minji/minji_ws/install/webots_ros2_tests:/home/minji/minji_ws/install/webots_ros2_tesla:/home/minji/minji_ws/install/webots_ros2_mavic:/home/minji/minji_ws/install/webots_ros2_ld90:/home/minji/minji_ws/install/webots_ros2_epuck:/home/minji/my_study/install/webots_ros2:/home/minji/my_study/install/webots_ros2_universal_robot:/home/minji/my_study/install/webots_ros2_turtlebot:/home/minji/my_study/install/webots_ros2_tiago:/home/minji/my_study/install/webots_ros2_tests:/home/minji/my_study/install/webots_ros2_tesla:/home/minji/my_study/install/webots_ros2_mavic:/home/minji/my_study/install/webots_ros2_ld90:/home/minji/my_study/install/webots_ros2_epuck:/opt/ros/humble LD_LIBRARY_PATH=/home/minji/minji_ws/install/behaviortree_ros2/lib:/home/minji/minji_ws/install/btcpp_ros2_interfaces/lib:${LD_LIBRARY_PATH} PYTHONPATH=/home/minji/minji_ws/install/btcpp_ros2_interfaces/local/lib/python3.10/dist-packages:${PYTHONPATH} /usr/bin/cmake /home/minji/minji_ws/src/behaviortree_ros2/btcpp_ros2_samples -DCMAKE_INSTALL_PREFIX=/home/minji/minji_ws/install/btcpp_ros2_samples
[0.079s] -- The C compiler identification is GNU 11.4.0
[0.142s] -- The CXX compiler identification is GNU 11.4.0
[0.151s] -- Detecting C compiler ABI info
[0.231s] -- Detecting C compiler ABI info - done
[0.239s] -- Check for working C compiler: /usr/bin/cc - skipped
[0.239s] -- Detecting C compile features
[0.240s] -- Detecting C compile features - done
[0.243s] -- Detecting CXX compiler ABI info
[0.335s] -- Detecting CXX compiler ABI info - done
[0.343s] -- Check for working CXX compiler: /usr/bin/c++ - skipped
[0.344s] -- Detecting CXX compile features
[0.344s] -- Detecting CXX compile features - done
[0.350s] -- Found ament_cmake: 1.3.9 (/opt/ros/humble/share/ament_cmake/cmake)
[0.579s] -- Found Python3: /usr/bin/python3 (found version "3.10.12") found components: Interpreter 
[0.734s] -- Found behaviortree_ros2: 0.2.0 (/home/minji/minji_ws/install/behaviortree_ros2/share/behaviortree_ros2/cmake)
[0.815s] -- Found rosidl_generator_c: 3.1.5 (/opt/ros/humble/share/rosidl_generator_c/cmake)
[0.825s] -- Found rosidl_adapter: 3.1.5 (/opt/ros/humble/share/rosidl_adapter/cmake)
[0.845s] -- Found rosidl_generator_cpp: 3.1.5 (/opt/ros/humble/share/rosidl_generator_cpp/cmake)
[0.866s] -- Using all available rosidl_typesupport_c: rosidl_typesupport_fastrtps_c;rosidl_typesupport_introspection_c
[0.897s] -- Using all available rosidl_typesupport_cpp: rosidl_typesupport_fastrtps_cpp;rosidl_typesupport_introspection_cpp
[1.003s] -- Found rmw_implementation_cmake: 6.1.2 (/opt/ros/humble/share/rmw_implementation_cmake/cmake)
[1.009s] -- Found rmw_fastrtps_cpp: 6.2.6 (/opt/ros/humble/share/rmw_fastrtps_cpp/cmake)
[1.143s] -- Found OpenSSL: /usr/lib/x86_64-linux-gnu/libcrypto.so (found version "3.0.2")  
[1.177s] -- Found FastRTPS: /opt/ros/humble/include  
[1.237s] -- Using RMW implementation 'rmw_fastrtps_cpp' as default
[1.255s] -- Looking for pthread.h
[1.338s] -- Looking for pthread.h - found
[1.338s] -- Performing Test CMAKE_HAVE_LIBC_PTHREAD
[1.422s] -- Performing Test CMAKE_HAVE_LIBC_PTHREAD - Success
[1.424s] -- Found Threads: TRUE  
[1.838s] -- Found parameter_traits: 0.3.8 (/opt/ros/humble/share/parameter_traits/cmake)
[1.877s] -- Found rclcpp_lifecycle: 16.0.9 (/opt/ros/humble/share/rclcpp_lifecycle/cmake)
[1.938s] -- Found std_srvs: 4.2.4 (/opt/ros/humble/share/std_srvs/cmake)
[2.072s] -- Configuring done
[2.115s] -- Generating done
[2.117s] -- Build files have been written to: /home/minji/minji_ws/build/btcpp_ros2_samples
[2.130s] Invoked command in '/home/minji/minji_ws/build/btcpp_ros2_samples' returned '0': AMENT_PREFIX_PATH=/home/minji/minji_ws/install/behaviortree_ros2:/home/minji/minji_ws/install/btcpp_ros2_interfaces:${AMENT_PREFIX_PATH} CMAKE_PREFIX_PATH=/home/minji/minji_ws/install/behaviortree_ros2:/home/minji/minji_ws/install/btcpp_ros2_interfaces:/home/minji/minji_ws/install/webots_ros2_control:/home/minji/minji_ws/install/webots_ros2_driver:/home/minji/minji_ws/install/webots_ros2_msgs:/home/minji/my_study/install/webots_ros2_control:/home/minji/my_study/install/webots_ros2_driver:/home/minji/my_study/install/webots_ros2_msgs:/usr/local:/home/minji/minji_ws/install/webots_ros2:/home/minji/minji_ws/install/webots_ros2_universal_robot:/home/minji/minji_ws/install/webots_ros2_turtlebot:/home/minji/minji_ws/install/webots_ros2_tiago:/home/minji/minji_ws/install/webots_ros2_tests:/home/minji/minji_ws/install/webots_ros2_tesla:/home/minji/minji_ws/install/webots_ros2_mavic:/home/minji/minji_ws/install/webots_ros2_ld90:/home/minji/minji_ws/install/webots_ros2_epuck:/home/minji/my_study/install/webots_ros2:/home/minji/my_study/install/webots_ros2_universal_robot:/home/minji/my_study/install/webots_ros2_turtlebot:/home/minji/my_study/install/webots_ros2_tiago:/home/minji/my_study/install/webots_ros2_tests:/home/minji/my_study/install/webots_ros2_tesla:/home/minji/my_study/install/webots_ros2_mavic:/home/minji/my_study/install/webots_ros2_ld90:/home/minji/my_study/install/webots_ros2_epuck:/opt/ros/humble LD_LIBRARY_PATH=/home/minji/minji_ws/install/behaviortree_ros2/lib:/home/minji/minji_ws/install/btcpp_ros2_interfaces/lib:${LD_LIBRARY_PATH} PYTHONPATH=/home/minji/minji_ws/install/btcpp_ros2_interfaces/local/lib/python3.10/dist-packages:${PYTHONPATH} /usr/bin/cmake /home/minji/minji_ws/src/behaviortree_ros2/btcpp_ros2_samples -DCMAKE_INSTALL_PREFIX=/home/minji/minji_ws/install/btcpp_ros2_samples
[2.131s] Invoking command in '/home/minji/minji_ws/build/btcpp_ros2_samples': AMENT_PREFIX_PATH=/home/minji/minji_ws/install/behaviortree_ros2:/home/minji/minji_ws/install/btcpp_ros2_interfaces:${AMENT_PREFIX_PATH} CMAKE_PREFIX_PATH=/home/minji/minji_ws/install/behaviortree_ros2:/home/minji/minji_ws/install/btcpp_ros2_interfaces:/home/minji/minji_ws/install/webots_ros2_control:/home/minji/minji_ws/install/webots_ros2_driver:/home/minji/minji_ws/install/webots_ros2_msgs:/home/minji/my_study/install/webots_ros2_control:/home/minji/my_study/install/webots_ros2_driver:/home/minji/my_study/install/webots_ros2_msgs:/usr/local:/home/minji/minji_ws/install/webots_ros2:/home/minji/minji_ws/install/webots_ros2_universal_robot:/home/minji/minji_ws/install/webots_ros2_turtlebot:/home/minji/minji_ws/install/webots_ros2_tiago:/home/minji/minji_ws/install/webots_ros2_tests:/home/minji/minji_ws/install/webots_ros2_tesla:/home/minji/minji_ws/install/webots_ros2_mavic:/home/minji/minji_ws/install/webots_ros2_ld90:/home/minji/minji_ws/install/webots_ros2_epuck:/home/minji/my_study/install/webots_ros2:/home/minji/my_study/install/webots_ros2_universal_robot:/home/minji/my_study/install/webots_ros2_turtlebot:/home/minji/my_study/install/webots_ros2_tiago:/home/minji/my_study/install/webots_ros2_tests:/home/minji/my_study/install/webots_ros2_tesla:/home/minji/my_study/install/webots_ros2_mavic:/home/minji/my_study/install/webots_ros2_ld90:/home/minji/my_study/install/webots_ros2_epuck:/opt/ros/humble LD_LIBRARY_PATH=/home/minji/minji_ws/install/behaviortree_ros2/lib:/home/minji/minji_ws/install/btcpp_ros2_interfaces/lib:${LD_LIBRARY_PATH} PYTHONPATH=/home/minji/minji_ws/install/btcpp_ros2_interfaces/local/lib/python3.10/dist-packages:${PYTHONPATH} /usr/bin/cmake --build /home/minji/minji_ws/build/btcpp_ros2_samples -- -j8 -l8
[2.202s] [ 11%] [32mBuilding CXX object CMakeFiles/sleep_client.dir/src/sleep_action.cpp.o[0m
[2.203s] [ 16%] [32mBuilding CXX object CMakeFiles/sleep_client.dir/src/sleep_client.cpp.o[0m
[2.203s] [ 16%] [32mBuilding CXX object CMakeFiles/sample_bt_executor.dir/src/sample_bt_executor.cpp.o[0m
[2.205s] [ 22%] [32mBuilding CXX object CMakeFiles/sleep_server.dir/src/sleep_server.cpp.o[0m
[2.207s] [ 27%] [32mBuilding CXX object CMakeFiles/subscriber_test.dir/src/subscriber_test.cpp.o[0m
[2.215s] [ 33%] [32mBuilding CXX object CMakeFiles/sleep_plugin.dir/src/sleep_action.cpp.o[0m
[2.217s] [ 38%] [32mBuilding CXX object CMakeFiles/bool_client.dir/src/bool_client.cpp.o[0m
[2.256s] [ 44%] [32mBuilding CXX object CMakeFiles/bool_server.dir/src/bool_server.cpp.o[0m
[10.372s] [ 50%] [32m[1mLinking CXX executable bool_server[0m
[11.016s] [ 50%] Built target bool_server
[11.084s] [ 55%] [32mBuilding CXX object CMakeFiles/bool_client.dir/src/set_bool_node.cpp.o[0m
[13.140s] [ 61%] [32m[1mLinking CXX executable sleep_server[0m
[13.784s] [ 61%] Built target sleep_server
[14.929s] [ 66%] [32m[1mLinking CXX shared library libsleep_plugin.so[0m
[15.054s] [ 72%] [32m[1mLinking CXX executable sleep_client[0m
[15.240s] [ 72%] Built target sleep_plugin
[15.275s] [ 77%] [32mBuilding CXX object CMakeFiles/sleep_client_dyn.dir/src/sleep_client.cpp.o[0m
[15.523s] [ 77%] Built target sleep_client
[19.137s] [ 83%] [32m[1mLinking CXX executable bool_client[0m
[19.170s] [ 88%] [32m[1mLinking CXX executable sample_bt_executor[0m
[19.477s] [ 88%] Built target bool_client
[19.858s] [ 88%] Built target sample_bt_executor
[21.594s] [ 94%] [32m[1mLinking CXX executable sleep_client_dyn[0m
[21.736s] [ 94%] Built target sleep_client_dyn
[21.867s] [100%] [32m[1mLinking CXX executable subscriber_test[0m
[22.254s] [100%] Built target subscriber_test
[22.279s] Invoked command in '/home/minji/minji_ws/build/btcpp_ros2_samples' returned '0': AMENT_PREFIX_PATH=/home/minji/minji_ws/install/behaviortree_ros2:/home/minji/minji_ws/install/btcpp_ros2_interfaces:${AMENT_PREFIX_PATH} CMAKE_PREFIX_PATH=/home/minji/minji_ws/install/behaviortree_ros2:/home/minji/minji_ws/install/btcpp_ros2_interfaces:/home/minji/minji_ws/install/webots_ros2_control:/home/minji/minji_ws/install/webots_ros2_driver:/home/minji/minji_ws/install/webots_ros2_msgs:/home/minji/my_study/install/webots_ros2_control:/home/minji/my_study/install/webots_ros2_driver:/home/minji/my_study/install/webots_ros2_msgs:/usr/local:/home/minji/minji_ws/install/webots_ros2:/home/minji/minji_ws/install/webots_ros2_universal_robot:/home/minji/minji_ws/install/webots_ros2_turtlebot:/home/minji/minji_ws/install/webots_ros2_tiago:/home/minji/minji_ws/install/webots_ros2_tests:/home/minji/minji_ws/install/webots_ros2_tesla:/home/minji/minji_ws/install/webots_ros2_mavic:/home/minji/minji_ws/install/webots_ros2_ld90:/home/minji/minji_ws/install/webots_ros2_epuck:/home/minji/my_study/install/webots_ros2:/home/minji/my_study/install/webots_ros2_universal_robot:/home/minji/my_study/install/webots_ros2_turtlebot:/home/minji/my_study/install/webots_ros2_tiago:/home/minji/my_study/install/webots_ros2_tests:/home/minji/my_study/install/webots_ros2_tesla:/home/minji/my_study/install/webots_ros2_mavic:/home/minji/my_study/install/webots_ros2_ld90:/home/minji/my_study/install/webots_ros2_epuck:/opt/ros/humble LD_LIBRARY_PATH=/home/minji/minji_ws/install/behaviortree_ros2/lib:/home/minji/minji_ws/install/btcpp_ros2_interfaces/lib:${LD_LIBRARY_PATH} PYTHONPATH=/home/minji/minji_ws/install/btcpp_ros2_interfaces/local/lib/python3.10/dist-packages:${PYTHONPATH} /usr/bin/cmake --build /home/minji/minji_ws/build/btcpp_ros2_samples -- -j8 -l8
[22.339s] Invoking command in '/home/minji/minji_ws/build/btcpp_ros2_samples': AMENT_PREFIX_PATH=/home/minji/minji_ws/install/behaviortree_ros2:/home/minji/minji_ws/install/btcpp_ros2_interfaces:${AMENT_PREFIX_PATH} CMAKE_PREFIX_PATH=/home/minji/minji_ws/install/behaviortree_ros2:/home/minji/minji_ws/install/btcpp_ros2_interfaces:/home/minji/minji_ws/install/webots_ros2_control:/home/minji/minji_ws/install/webots_ros2_driver:/home/minji/minji_ws/install/webots_ros2_msgs:/home/minji/my_study/install/webots_ros2_control:/home/minji/my_study/install/webots_ros2_driver:/home/minji/my_study/install/webots_ros2_msgs:/usr/local:/home/minji/minji_ws/install/webots_ros2:/home/minji/minji_ws/install/webots_ros2_universal_robot:/home/minji/minji_ws/install/webots_ros2_turtlebot:/home/minji/minji_ws/install/webots_ros2_tiago:/home/minji/minji_ws/install/webots_ros2_tests:/home/minji/minji_ws/install/webots_ros2_tesla:/home/minji/minji_ws/install/webots_ros2_mavic:/home/minji/minji_ws/install/webots_ros2_ld90:/home/minji/minji_ws/install/webots_ros2_epuck:/home/minji/my_study/install/webots_ros2:/home/minji/my_study/install/webots_ros2_universal_robot:/home/minji/my_study/install/webots_ros2_turtlebot:/home/minji/my_study/install/webots_ros2_tiago:/home/minji/my_study/install/webots_ros2_tests:/home/minji/my_study/install/webots_ros2_tesla:/home/minji/my_study/install/webots_ros2_mavic:/home/minji/my_study/install/webots_ros2_ld90:/home/minji/my_study/install/webots_ros2_epuck:/opt/ros/humble LD_LIBRARY_PATH=/home/minji/minji_ws/install/behaviortree_ros2/lib:/home/minji/minji_ws/install/btcpp_ros2_interfaces/lib:${LD_LIBRARY_PATH} PYTHONPATH=/home/minji/minji_ws/install/btcpp_ros2_interfaces/local/lib/python3.10/dist-packages:${PYTHONPATH} /usr/bin/cmake --install /home/minji/minji_ws/build/btcpp_ros2_samples
[22.351s] -- Install configuration: ""
[22.352s] -- Installing: /home/minji/minji_ws/install/btcpp_ros2_samples/lib/btcpp_ros2_samples/sleep_client
[22.354s] -- Set runtime path of "/home/minji/minji_ws/install/btcpp_ros2_samples/lib/btcpp_ros2_samples/sleep_client" to ""
[22.354s] -- Installing: /home/minji/minji_ws/install/btcpp_ros2_samples/lib/btcpp_ros2_samples/sleep_client_dyn
[22.354s] -- Set runtime path of "/home/minji/minji_ws/install/btcpp_ros2_samples/lib/btcpp_ros2_samples/sleep_client_dyn" to ""
[22.354s] -- Installing: /home/minji/minji_ws/install/btcpp_ros2_samples/lib/btcpp_ros2_samples/sleep_server
[22.355s] -- Set runtime path of "/home/minji/minji_ws/install/btcpp_ros2_samples/lib/btcpp_ros2_samples/sleep_server" to ""
[22.355s] -- Installing: /home/minji/minji_ws/install/btcpp_ros2_samples/lib/btcpp_ros2_samples/libsleep_plugin.so
[22.357s] -- Set runtime path of "/home/minji/minji_ws/install/btcpp_ros2_samples/lib/btcpp_ros2_samples/libsleep_plugin.so" to ""
[22.357s] -- Installing: /home/minji/minji_ws/install/btcpp_ros2_samples/lib/btcpp_ros2_samples/subscriber_test
[22.359s] -- Set runtime path of "/home/minji/minji_ws/install/btcpp_ros2_samples/lib/btcpp_ros2_samples/subscriber_test" to ""
[22.359s] -- Installing: /home/minji/minji_ws/install/btcpp_ros2_samples/lib/btcpp_ros2_samples/sample_bt_executor
[22.362s] -- Set runtime path of "/home/minji/minji_ws/install/btcpp_ros2_samples/lib/btcpp_ros2_samples/sample_bt_executor" to ""
[22.362s] -- Installing: /home/minji/minji_ws/install/btcpp_ros2_samples/lib/btcpp_ros2_samples/bool_client
[22.363s] -- Set runtime path of "/home/minji/minji_ws/install/btcpp_ros2_samples/lib/btcpp_ros2_samples/bool_client" to ""
[22.363s] -- Installing: /home/minji/minji_ws/install/btcpp_ros2_samples/lib/btcpp_ros2_samples/bool_server
[22.363s] -- Set runtime path of "/home/minji/minji_ws/install/btcpp_ros2_samples/lib/btcpp_ros2_samples/bool_server" to ""
[22.363s] -- Installing: /home/minji/minji_ws/install/btcpp_ros2_samples/share/btcpp_ros2_samples/bt_plugins/libsleep_plugin.so
[22.365s] -- Set runtime path of "/home/minji/minji_ws/install/btcpp_ros2_samples/share/btcpp_ros2_samples/bt_plugins/libsleep_plugin.so" to ""
[22.365s] -- Installing: /home/minji/minji_ws/install/btcpp_ros2_samples/share/btcpp_ros2_samples//behavior_trees
[22.365s] -- Installing: /home/minji/minji_ws/install/btcpp_ros2_samples/share/btcpp_ros2_samples//behavior_trees/sleep_action.xml
[22.365s] -- Installing: /home/minji/minji_ws/install/btcpp_ros2_samples/share/btcpp_ros2_samples//behavior_trees/cross_door.xml
[22.365s] -- Installing: /home/minji/minji_ws/install/btcpp_ros2_samples/share/btcpp_ros2_samples//behavior_trees/door_closed.xml
[22.365s] -- Installing: /home/minji/minji_ws/install/btcpp_ros2_samples/share/btcpp_ros2_samples//config
[22.365s] -- Installing: /home/minji/minji_ws/install/btcpp_ros2_samples/share/btcpp_ros2_samples//config/sample_bt_executor.yaml
[22.366s] -- Installing: /home/minji/minji_ws/install/btcpp_ros2_samples/share/btcpp_ros2_samples//launch
[22.366s] -- Installing: /home/minji/minji_ws/install/btcpp_ros2_samples/share/btcpp_ros2_samples//launch/sample_bt_executor.launch.xml
[22.366s] -- Installing: /home/minji/minji_ws/install/btcpp_ros2_samples/share/ament_index/resource_index/package_run_dependencies/btcpp_ros2_samples
[22.366s] -- Installing: /home/minji/minji_ws/install/btcpp_ros2_samples/share/ament_index/resource_index/parent_prefix_path/btcpp_ros2_samples
[22.366s] -- Installing: /home/minji/minji_ws/install/btcpp_ros2_samples/share/btcpp_ros2_samples/environment/ament_prefix_path.sh
[22.366s] -- Installing: /home/minji/minji_ws/install/btcpp_ros2_samples/share/btcpp_ros2_samples/environment/ament_prefix_path.dsv
[22.366s] -- Installing: /home/minji/minji_ws/install/btcpp_ros2_samples/share/btcpp_ros2_samples/environment/path.sh
[22.366s] -- Installing: /home/minji/minji_ws/install/btcpp_ros2_samples/share/btcpp_ros2_samples/environment/path.dsv
[22.366s] -- Installing: /home/minji/minji_ws/install/btcpp_ros2_samples/share/btcpp_ros2_samples/local_setup.bash
[22.366s] -- Installing: /home/minji/minji_ws/install/btcpp_ros2_samples/share/btcpp_ros2_samples/local_setup.sh
[22.366s] -- Installing: /home/minji/minji_ws/install/btcpp_ros2_samples/share/btcpp_ros2_samples/local_setup.zsh
[22.367s] -- Installing: /home/minji/minji_ws/install/btcpp_ros2_samples/share/btcpp_ros2_samples/local_setup.dsv
[22.367s] -- Installing: /home/minji/minji_ws/install/btcpp_ros2_samples/share/btcpp_ros2_samples/package.dsv
[22.367s] -- Installing: /home/minji/minji_ws/install/btcpp_ros2_samples/share/ament_index/resource_index/packages/btcpp_ros2_samples
[22.367s] -- Installing: /home/minji/minji_ws/install/btcpp_ros2_samples/share/btcpp_ros2_samples/cmake/ament_cmake_export_dependencies-extras.cmake
[22.367s] -- Installing: /home/minji/minji_ws/install/btcpp_ros2_samples/share/btcpp_ros2_samples/cmake/btcpp_ros2_samplesConfig.cmake
[22.367s] -- Installing: /home/minji/minji_ws/install/btcpp_ros2_samples/share/btcpp_ros2_samples/cmake/btcpp_ros2_samplesConfig-version.cmake
[22.367s] -- Installing: /home/minji/minji_ws/install/btcpp_ros2_samples/share/btcpp_ros2_samples/package.xml
[22.369s] Invoked command in '/home/minji/minji_ws/build/btcpp_ros2_samples' returned '0': AMENT_PREFIX_PATH=/home/minji/minji_ws/install/behaviortree_ros2:/home/minji/minji_ws/install/btcpp_ros2_interfaces:${AMENT_PREFIX_PATH} CMAKE_PREFIX_PATH=/home/minji/minji_ws/install/behaviortree_ros2:/home/minji/minji_ws/install/btcpp_ros2_interfaces:/home/minji/minji_ws/install/webots_ros2_control:/home/minji/minji_ws/install/webots_ros2_driver:/home/minji/minji_ws/install/webots_ros2_msgs:/home/minji/my_study/install/webots_ros2_control:/home/minji/my_study/install/webots_ros2_driver:/home/minji/my_study/install/webots_ros2_msgs:/usr/local:/home/minji/minji_ws/install/webots_ros2:/home/minji/minji_ws/install/webots_ros2_universal_robot:/home/minji/minji_ws/install/webots_ros2_turtlebot:/home/minji/minji_ws/install/webots_ros2_tiago:/home/minji/minji_ws/install/webots_ros2_tests:/home/minji/minji_ws/install/webots_ros2_tesla:/home/minji/minji_ws/install/webots_ros2_mavic:/home/minji/minji_ws/install/webots_ros2_ld90:/home/minji/minji_ws/install/webots_ros2_epuck:/home/minji/my_study/install/webots_ros2:/home/minji/my_study/install/webots_ros2_universal_robot:/home/minji/my_study/install/webots_ros2_turtlebot:/home/minji/my_study/install/webots_ros2_tiago:/home/minji/my_study/install/webots_ros2_tests:/home/minji/my_study/install/webots_ros2_tesla:/home/minji/my_study/install/webots_ros2_mavic:/home/minji/my_study/install/webots_ros2_ld90:/home/minji/my_study/install/webots_ros2_epuck:/opt/ros/humble LD_LIBRARY_PATH=/home/minji/minji_ws/install/behaviortree_ros2/lib:/home/minji/minji_ws/install/btcpp_ros2_interfaces/lib:${LD_LIBRARY_PATH} PYTHONPATH=/home/minji/minji_ws/install/btcpp_ros2_interfaces/local/lib/python3.10/dist-packages:${PYTHONPATH} /usr/bin/cmake --install /home/minji/minji_ws/build/btcpp_ros2_samples
