[2.092s] Invoking command in '/home/minji/test_folder/Test_in_Simulation/webots_ros2_ld90': CMAKE_PREFIX_PATH=/home/minji/test_folder/Test_in_Simulation/install/webots_ros2_driver:/home/minji/test_folder/Test_in_Simulation/install/webots_ros2_msgs:/home/minji/minji_ws/install/webots_ros2_control:/home/minji/minji_ws/install/webots_ros2_driver:/home/minji/minji_ws/install/webots_ros2_msgs:/home/minji/minji_ws/install/btcpp_ros2_samples:/home/minji/minji_ws/install/btcpp_ros2_project:/home/minji/minji_ws/install/behaviortree_ros2:/home/minji/minji_ws/install/btcpp_ros2_interfaces:/home/minji/test_folder/Test_in_Simulation/install/webots_ros2_control:/home/minji/my_study/install/webots_ros2_control:/home/minji/my_study/install/webots_ros2_driver:/home/minji/my_study/install/webots_ros2_msgs:/usr/local LD_LIBRARY_PATH=/home/minji/test_folder/Test_in_Simulation/install/webots_ros2_driver/lib:/home/minji/test_folder/Test_in_Simulation/install/webots_ros2_msgs/lib:/home/minji/minji_ws/install/webots_ros2_control/lib:/home/minji/minji_ws/install/webots_ros2_driver/lib:/home/minji/minji_ws/install/webots_ros2_msgs/lib:/home/minji/minji_ws/install/behaviortree_ros2/lib:/home/minji/minji_ws/install/btcpp_ros2_interfaces/lib:/home/minji/test_folder/Test_in_Simulation/install/webots_ros2_control/lib:/home/minji/my_study/install/webots_ros2_control/lib:/home/minji/my_study/install/webots_ros2_driver/lib:/home/minji/my_study/install/webots_ros2_msgs/lib:/opt/ros/humble/opt/rviz_ogre_vendor/lib:/opt/ros/humble/lib/x86_64-linux-gnu:/opt/ros/humble/lib PYTHONPATH=/home/minji/test_folder/Test_in_Simulation/build/webots_ros2_ld90/prefix_override:/usr/lib/python3/dist-packages/colcon_core/task/python/colcon_distutils_commands:/home/minji/test_folder/Test_in_Simulation/install/webots_ros2_ld90/lib/python3.10/site-packages:${PYTHONPATH} /usr/bin/python3 -W ignore:setup.py install is deprecated setup.py egg_info --egg-base ../build/webots_ros2_ld90 build --build-base /home/minji/test_folder/Test_in_Simulation/build/webots_ros2_ld90/build install --record /home/minji/test_folder/Test_in_Simulation/build/webots_ros2_ld90/install.log --single-version-externally-managed install_data
[2.517s] running egg_info
[2.518s] writing ../build/webots_ros2_ld90/webots_ros2_ld90.egg-info/PKG-INFO
[2.518s] writing dependency_links to ../build/webots_ros2_ld90/webots_ros2_ld90.egg-info/dependency_links.txt
[2.518s] writing entry points to ../build/webots_ros2_ld90/webots_ros2_ld90.egg-info/entry_points.txt
[2.518s] writing requirements to ../build/webots_ros2_ld90/webots_ros2_ld90.egg-info/requires.txt
[2.518s] writing top-level names to ../build/webots_ros2_ld90/webots_ros2_ld90.egg-info/top_level.txt
[2.521s] reading manifest file '../build/webots_ros2_ld90/webots_ros2_ld90.egg-info/SOURCES.txt'
[2.521s] adding license file 'LICENSE'
[2.522s] writing manifest file '../build/webots_ros2_ld90/webots_ros2_ld90.egg-info/SOURCES.txt'
[2.522s] running build
[2.522s] running build_py
[2.523s] running install
[2.523s] running install_lib
[2.525s] running install_data
[2.526s] copying protos/LD90.proto -> /home/minji/test_folder/Test_in_Simulation/install/webots_ros2_ld90/share/webots_ros2_ld90/protos
[2.526s] running install_egg_info
[2.529s] removing '/home/minji/test_folder/Test_in_Simulation/install/webots_ros2_ld90/lib/python3.10/site-packages/webots_ros2_ld90-0.0.0-py3.10.egg-info' (and everything under it)
[2.529s] Copying ../build/webots_ros2_ld90/webots_ros2_ld90.egg-info to /home/minji/test_folder/Test_in_Simulation/install/webots_ros2_ld90/lib/python3.10/site-packages/webots_ros2_ld90-0.0.0-py3.10.egg-info
[2.530s] running install_scripts
[2.561s] writing list of installed files to '/home/minji/test_folder/Test_in_Simulation/build/webots_ros2_ld90/install.log'
[2.600s] Invoked command in '/home/minji/test_folder/Test_in_Simulation/webots_ros2_ld90' returned '0': CMAKE_PREFIX_PATH=/home/minji/test_folder/Test_in_Simulation/install/webots_ros2_driver:/home/minji/test_folder/Test_in_Simulation/install/webots_ros2_msgs:/home/minji/minji_ws/install/webots_ros2_control:/home/minji/minji_ws/install/webots_ros2_driver:/home/minji/minji_ws/install/webots_ros2_msgs:/home/minji/minji_ws/install/btcpp_ros2_samples:/home/minji/minji_ws/install/btcpp_ros2_project:/home/minji/minji_ws/install/behaviortree_ros2:/home/minji/minji_ws/install/btcpp_ros2_interfaces:/home/minji/test_folder/Test_in_Simulation/install/webots_ros2_control:/home/minji/my_study/install/webots_ros2_control:/home/minji/my_study/install/webots_ros2_driver:/home/minji/my_study/install/webots_ros2_msgs:/usr/local LD_LIBRARY_PATH=/home/minji/test_folder/Test_in_Simulation/install/webots_ros2_driver/lib:/home/minji/test_folder/Test_in_Simulation/install/webots_ros2_msgs/lib:/home/minji/minji_ws/install/webots_ros2_control/lib:/home/minji/minji_ws/install/webots_ros2_driver/lib:/home/minji/minji_ws/install/webots_ros2_msgs/lib:/home/minji/minji_ws/install/behaviortree_ros2/lib:/home/minji/minji_ws/install/btcpp_ros2_interfaces/lib:/home/minji/test_folder/Test_in_Simulation/install/webots_ros2_control/lib:/home/minji/my_study/install/webots_ros2_control/lib:/home/minji/my_study/install/webots_ros2_driver/lib:/home/minji/my_study/install/webots_ros2_msgs/lib:/opt/ros/humble/opt/rviz_ogre_vendor/lib:/opt/ros/humble/lib/x86_64-linux-gnu:/opt/ros/humble/lib PYTHONPATH=/home/minji/test_folder/Test_in_Simulation/build/webots_ros2_ld90/prefix_override:/usr/lib/python3/dist-packages/colcon_core/task/python/colcon_distutils_commands:/home/minji/test_folder/Test_in_Simulation/install/webots_ros2_ld90/lib/python3.10/site-packages:${PYTHONPATH} /usr/bin/python3 -W ignore:setup.py install is deprecated setup.py egg_info --egg-base ../build/webots_ros2_ld90 build --build-base /home/minji/test_folder/Test_in_Simulation/build/webots_ros2_ld90/build install --record /home/minji/test_folder/Test_in_Simulation/build/webots_ros2_ld90/install.log --single-version-externally-managed install_data
