[0.121s] DEBUG:colcon:Command line arguments: ['/usr/bin/colcon', 'build']
[0.121s] DEBUG:colcon:Parsed command line arguments: Namespace(log_base=None, log_level=None, verb_name='build', build_base='build', install_base='install', merge_install=False, symlink_install=False, test_result_base=None, continue_on_error=False, executor='parallel', parallel_workers=8, event_handlers=None, ignore_user_meta=False, metas=['./colcon.meta'], base_paths=['.'], packages_ignore=None, packages_ignore_regex=None, paths=None, packages_up_to=None, packages_up_to_regex=None, packages_above=None, packages_above_and_dependencies=None, packages_above_depth=None, packages_select_by_dep=None, packages_skip_by_dep=None, packages_skip_up_to=None, packages_select_build_failed=False, packages_skip_build_finished=False, packages_select_test_failures=False, packages_skip_test_passed=False, packages_select=None, packages_skip=None, packages_select_regex=None, packages_skip_regex=None, packages_start=None, packages_end=None, allow_overriding=[], cmake_args=None, cmake_target=None, cmake_target_skip_unavailable=False, cmake_clean_cache=False, cmake_clean_first=False, cmake_force_configure=False, ament_cmake_args=None, catkin_cmake_args=None, catkin_skip_building_tests=False, mixin_files=None, mixin=None, verb_parser=<colcon_mixin.mixin.mixin_argument.MixinArgumentDecorator object at 0x7caf783faef0>, verb_extension=<colcon_core.verb.build.BuildVerb object at 0x7caf783fa860>, main=<bound method BuildVerb.main of <colcon_core.verb.build.BuildVerb object at 0x7caf783fa860>>, mixin_verb=('build',))
[0.313s] Level 1:colcon.colcon_core.package_discovery:discover_packages(colcon_meta) check parameters
[0.313s] Level 1:colcon.colcon_core.package_discovery:discover_packages(recursive) check parameters
[0.313s] Level 1:colcon.colcon_core.package_discovery:discover_packages(ignore) check parameters
[0.313s] Level 1:colcon.colcon_core.package_discovery:discover_packages(path) check parameters
[0.313s] Level 1:colcon.colcon_core.package_discovery:discover_packages(colcon_meta) discover
[0.313s] Level 1:colcon.colcon_core.package_discovery:discover_packages(recursive) discover
[0.314s] INFO:colcon.colcon_core.package_discovery:Crawling recursively for packages in '/home/minji/minji_ws'
[0.314s] Level 1:colcon.colcon_core.package_identification:_identify(.) by extensions ['ignore', 'ignore_ament_install']
[0.314s] Level 1:colcon.colcon_core.package_identification:_identify(.) by extension 'ignore'
[0.314s] Level 1:colcon.colcon_core.package_identification:_identify(.) by extension 'ignore_ament_install'
[0.314s] Level 1:colcon.colcon_core.package_identification:_identify(.) by extensions ['colcon_pkg']
[0.314s] Level 1:colcon.colcon_core.package_identification:_identify(.) by extension 'colcon_pkg'
[0.314s] Level 1:colcon.colcon_core.package_identification:_identify(.) by extensions ['colcon_meta']
[0.314s] Level 1:colcon.colcon_core.package_identification:_identify(.) by extension 'colcon_meta'
[0.314s] Level 1:colcon.colcon_core.package_identification:_identify(.) by extensions ['ros']
[0.314s] Level 1:colcon.colcon_core.package_identification:_identify(.) by extension 'ros'
[0.323s] Level 1:colcon.colcon_core.package_identification:_identify(.) by extensions ['cmake', 'python']
[0.323s] Level 1:colcon.colcon_core.package_identification:_identify(.) by extension 'cmake'
[0.323s] Level 1:colcon.colcon_core.package_identification:_identify(.) by extension 'python'
[0.323s] Level 1:colcon.colcon_core.package_identification:_identify(.) by extensions ['python_setup_py']
[0.323s] Level 1:colcon.colcon_core.package_identification:_identify(.) by extension 'python_setup_py'
[0.324s] Level 1:colcon.colcon_core.package_identification:_identify(build) by extensions ['ignore', 'ignore_ament_install']
[0.324s] Level 1:colcon.colcon_core.package_identification:_identify(build) by extension 'ignore'
[0.324s] Level 1:colcon.colcon_core.package_identification:_identify(build) ignored
[0.324s] Level 1:colcon.colcon_core.package_identification:_identify(install) by extensions ['ignore', 'ignore_ament_install']
[0.324s] Level 1:colcon.colcon_core.package_identification:_identify(install) by extension 'ignore'
[0.324s] Level 1:colcon.colcon_core.package_identification:_identify(install) ignored
[0.324s] Level 1:colcon.colcon_core.package_identification:_identify(log) by extensions ['ignore', 'ignore_ament_install']
[0.324s] Level 1:colcon.colcon_core.package_identification:_identify(log) by extension 'ignore'
[0.324s] Level 1:colcon.colcon_core.package_identification:_identify(log) ignored
[0.324s] Level 1:colcon.colcon_core.package_identification:_identify(webots_ros2) by extensions ['ignore', 'ignore_ament_install']
[0.324s] Level 1:colcon.colcon_core.package_identification:_identify(webots_ros2) by extension 'ignore'
[0.324s] Level 1:colcon.colcon_core.package_identification:_identify(webots_ros2) by extension 'ignore_ament_install'
[0.324s] Level 1:colcon.colcon_core.package_identification:_identify(webots_ros2) by extensions ['colcon_pkg']
[0.324s] Level 1:colcon.colcon_core.package_identification:_identify(webots_ros2) by extension 'colcon_pkg'
[0.324s] Level 1:colcon.colcon_core.package_identification:_identify(webots_ros2) by extensions ['colcon_meta']
[0.324s] Level 1:colcon.colcon_core.package_identification:_identify(webots_ros2) by extension 'colcon_meta'
[0.324s] Level 1:colcon.colcon_core.package_identification:_identify(webots_ros2) by extensions ['ros']
[0.324s] Level 1:colcon.colcon_core.package_identification:_identify(webots_ros2) by extension 'ros'
[0.324s] Level 1:colcon.colcon_core.package_identification:_identify(webots_ros2) by extensions ['cmake', 'python']
[0.324s] Level 1:colcon.colcon_core.package_identification:_identify(webots_ros2) by extension 'cmake'
[0.324s] Level 1:colcon.colcon_core.package_identification:_identify(webots_ros2) by extension 'python'
[0.324s] Level 1:colcon.colcon_core.package_identification:_identify(webots_ros2) by extensions ['python_setup_py']
[0.324s] Level 1:colcon.colcon_core.package_identification:_identify(webots_ros2) by extension 'python_setup_py'
[0.324s] Level 1:colcon.colcon_core.package_identification:_identify(webots_ros2/images) by extensions ['ignore', 'ignore_ament_install']
[0.324s] Level 1:colcon.colcon_core.package_identification:_identify(webots_ros2/images) by extension 'ignore'
[0.324s] Level 1:colcon.colcon_core.package_identification:_identify(webots_ros2/images) by extension 'ignore_ament_install'
[0.324s] Level 1:colcon.colcon_core.package_identification:_identify(webots_ros2/images) by extensions ['colcon_pkg']
[0.324s] Level 1:colcon.colcon_core.package_identification:_identify(webots_ros2/images) by extension 'colcon_pkg'
[0.325s] Level 1:colcon.colcon_core.package_identification:_identify(webots_ros2/images) by extensions ['colcon_meta']
[0.325s] Level 1:colcon.colcon_core.package_identification:_identify(webots_ros2/images) by extension 'colcon_meta'
[0.325s] Level 1:colcon.colcon_core.package_identification:_identify(webots_ros2/images) by extensions ['ros']
[0.325s] Level 1:colcon.colcon_core.package_identification:_identify(webots_ros2/images) by extension 'ros'
[0.325s] Level 1:colcon.colcon_core.package_identification:_identify(webots_ros2/images) by extensions ['cmake', 'python']
[0.325s] Level 1:colcon.colcon_core.package_identification:_identify(webots_ros2/images) by extension 'cmake'
[0.325s] Level 1:colcon.colcon_core.package_identification:_identify(webots_ros2/images) by extension 'python'
[0.325s] Level 1:colcon.colcon_core.package_identification:_identify(webots_ros2/images) by extensions ['python_setup_py']
[0.325s] Level 1:colcon.colcon_core.package_identification:_identify(webots_ros2/images) by extension 'python_setup_py'
[0.325s] Level 1:colcon.colcon_core.package_identification:_identify(webots_ros2/scripts) by extensions ['ignore', 'ignore_ament_install']
[0.325s] Level 1:colcon.colcon_core.package_identification:_identify(webots_ros2/scripts) by extension 'ignore'
[0.325s] Level 1:colcon.colcon_core.package_identification:_identify(webots_ros2/scripts) by extension 'ignore_ament_install'
[0.325s] Level 1:colcon.colcon_core.package_identification:_identify(webots_ros2/scripts) by extensions ['colcon_pkg']
[0.325s] Level 1:colcon.colcon_core.package_identification:_identify(webots_ros2/scripts) by extension 'colcon_pkg'
[0.325s] Level 1:colcon.colcon_core.package_identification:_identify(webots_ros2/scripts) by extensions ['colcon_meta']
[0.325s] Level 1:colcon.colcon_core.package_identification:_identify(webots_ros2/scripts) by extension 'colcon_meta'
[0.325s] Level 1:colcon.colcon_core.package_identification:_identify(webots_ros2/scripts) by extensions ['ros']
[0.325s] Level 1:colcon.colcon_core.package_identification:_identify(webots_ros2/scripts) by extension 'ros'
[0.325s] Level 1:colcon.colcon_core.package_identification:_identify(webots_ros2/scripts) by extensions ['cmake', 'python']
[0.325s] Level 1:colcon.colcon_core.package_identification:_identify(webots_ros2/scripts) by extension 'cmake'
[0.325s] Level 1:colcon.colcon_core.package_identification:_identify(webots_ros2/scripts) by extension 'python'
[0.325s] Level 1:colcon.colcon_core.package_identification:_identify(webots_ros2/scripts) by extensions ['python_setup_py']
[0.325s] Level 1:colcon.colcon_core.package_identification:_identify(webots_ros2/scripts) by extension 'python_setup_py'
[0.325s] Level 1:colcon.colcon_core.package_identification:_identify(webots_ros2/tests) by extensions ['ignore', 'ignore_ament_install']
[0.325s] Level 1:colcon.colcon_core.package_identification:_identify(webots_ros2/tests) by extension 'ignore'
[0.325s] Level 1:colcon.colcon_core.package_identification:_identify(webots_ros2/tests) by extension 'ignore_ament_install'
[0.325s] Level 1:colcon.colcon_core.package_identification:_identify(webots_ros2/tests) by extensions ['colcon_pkg']
[0.325s] Level 1:colcon.colcon_core.package_identification:_identify(webots_ros2/tests) by extension 'colcon_pkg'
[0.325s] Level 1:colcon.colcon_core.package_identification:_identify(webots_ros2/tests) by extensions ['colcon_meta']
[0.325s] Level 1:colcon.colcon_core.package_identification:_identify(webots_ros2/tests) by extension 'colcon_meta'
[0.325s] Level 1:colcon.colcon_core.package_identification:_identify(webots_ros2/tests) by extensions ['ros']
[0.325s] Level 1:colcon.colcon_core.package_identification:_identify(webots_ros2/tests) by extension 'ros'
[0.325s] Level 1:colcon.colcon_core.package_identification:_identify(webots_ros2/tests) by extensions ['cmake', 'python']
[0.325s] Level 1:colcon.colcon_core.package_identification:_identify(webots_ros2/tests) by extension 'cmake'
[0.325s] Level 1:colcon.colcon_core.package_identification:_identify(webots_ros2/tests) by extension 'python'
[0.326s] Level 1:colcon.colcon_core.package_identification:_identify(webots_ros2/tests) by extensions ['python_setup_py']
[0.326s] Level 1:colcon.colcon_core.package_identification:_identify(webots_ros2/tests) by extension 'python_setup_py'
[0.326s] Level 1:colcon.colcon_core.package_identification:_identify(webots_ros2/tests/sources) by extensions ['ignore', 'ignore_ament_install']
[0.326s] Level 1:colcon.colcon_core.package_identification:_identify(webots_ros2/tests/sources) by extension 'ignore'
[0.326s] Level 1:colcon.colcon_core.package_identification:_identify(webots_ros2/tests/sources) by extension 'ignore_ament_install'
[0.326s] Level 1:colcon.colcon_core.package_identification:_identify(webots_ros2/tests/sources) by extensions ['colcon_pkg']
[0.326s] Level 1:colcon.colcon_core.package_identification:_identify(webots_ros2/tests/sources) by extension 'colcon_pkg'
[0.326s] Level 1:colcon.colcon_core.package_identification:_identify(webots_ros2/tests/sources) by extensions ['colcon_meta']
[0.326s] Level 1:colcon.colcon_core.package_identification:_identify(webots_ros2/tests/sources) by extension 'colcon_meta'
[0.326s] Level 1:colcon.colcon_core.package_identification:_identify(webots_ros2/tests/sources) by extensions ['ros']
[0.326s] Level 1:colcon.colcon_core.package_identification:_identify(webots_ros2/tests/sources) by extension 'ros'
[0.326s] Level 1:colcon.colcon_core.package_identification:_identify(webots_ros2/tests/sources) by extensions ['cmake', 'python']
[0.326s] Level 1:colcon.colcon_core.package_identification:_identify(webots_ros2/tests/sources) by extension 'cmake'
[0.326s] Level 1:colcon.colcon_core.package_identification:_identify(webots_ros2/tests/sources) by extension 'python'
[0.326s] Level 1:colcon.colcon_core.package_identification:_identify(webots_ros2/tests/sources) by extensions ['python_setup_py']
[0.326s] Level 1:colcon.colcon_core.package_identification:_identify(webots_ros2/tests/sources) by extension 'python_setup_py'
[0.326s] Level 1:colcon.colcon_core.package_identification:_identify(webots_ros2/webots_ros2) by extensions ['ignore', 'ignore_ament_install']
[0.326s] Level 1:colcon.colcon_core.package_identification:_identify(webots_ros2/webots_ros2) by extension 'ignore'
[0.326s] Level 1:colcon.colcon_core.package_identification:_identify(webots_ros2/webots_ros2) by extension 'ignore_ament_install'
[0.326s] Level 1:colcon.colcon_core.package_identification:_identify(webots_ros2/webots_ros2) by extensions ['colcon_pkg']
[0.326s] Level 1:colcon.colcon_core.package_identification:_identify(webots_ros2/webots_ros2) by extension 'colcon_pkg'
[0.326s] Level 1:colcon.colcon_core.package_identification:_identify(webots_ros2/webots_ros2) by extensions ['colcon_meta']
[0.326s] Level 1:colcon.colcon_core.package_identification:_identify(webots_ros2/webots_ros2) by extension 'colcon_meta'
[0.326s] Level 1:colcon.colcon_core.package_identification:_identify(webots_ros2/webots_ros2) by extensions ['ros']
[0.326s] Level 1:colcon.colcon_core.package_identification:_identify(webots_ros2/webots_ros2) by extension 'ros'
[0.329s] DEBUG:colcon.colcon_core.package_identification:Package 'webots_ros2/webots_ros2' with type 'ros.ament_python' and name 'webots_ros2'
[0.329s] Level 1:colcon.colcon_core.package_identification:_identify(webots_ros2/webots_ros2_control) by extensions ['ignore', 'ignore_ament_install']
[0.329s] Level 1:colcon.colcon_core.package_identification:_identify(webots_ros2/webots_ros2_control) by extension 'ignore'
[0.329s] Level 1:colcon.colcon_core.package_identification:_identify(webots_ros2/webots_ros2_control) by extension 'ignore_ament_install'
[0.329s] Level 1:colcon.colcon_core.package_identification:_identify(webots_ros2/webots_ros2_control) by extensions ['colcon_pkg']
[0.329s] Level 1:colcon.colcon_core.package_identification:_identify(webots_ros2/webots_ros2_control) by extension 'colcon_pkg'
[0.329s] Level 1:colcon.colcon_core.package_identification:_identify(webots_ros2/webots_ros2_control) by extensions ['colcon_meta']
[0.329s] Level 1:colcon.colcon_core.package_identification:_identify(webots_ros2/webots_ros2_control) by extension 'colcon_meta'
[0.329s] Level 1:colcon.colcon_core.package_identification:_identify(webots_ros2/webots_ros2_control) by extensions ['ros']
[0.329s] Level 1:colcon.colcon_core.package_identification:_identify(webots_ros2/webots_ros2_control) by extension 'ros'
[0.330s] DEBUG:colcon.colcon_core.package_identification:Package 'webots_ros2/webots_ros2_control' with type 'ros.ament_cmake' and name 'webots_ros2_control'
[0.330s] Level 1:colcon.colcon_core.package_identification:_identify(webots_ros2/webots_ros2_driver) by extensions ['ignore', 'ignore_ament_install']
[0.330s] Level 1:colcon.colcon_core.package_identification:_identify(webots_ros2/webots_ros2_driver) by extension 'ignore'
[0.330s] Level 1:colcon.colcon_core.package_identification:_identify(webots_ros2/webots_ros2_driver) by extension 'ignore_ament_install'
[0.330s] Level 1:colcon.colcon_core.package_identification:_identify(webots_ros2/webots_ros2_driver) by extensions ['colcon_pkg']
[0.330s] Level 1:colcon.colcon_core.package_identification:_identify(webots_ros2/webots_ros2_driver) by extension 'colcon_pkg'
[0.330s] Level 1:colcon.colcon_core.package_identification:_identify(webots_ros2/webots_ros2_driver) by extensions ['colcon_meta']
[0.330s] Level 1:colcon.colcon_core.package_identification:_identify(webots_ros2/webots_ros2_driver) by extension 'colcon_meta'
[0.330s] Level 1:colcon.colcon_core.package_identification:_identify(webots_ros2/webots_ros2_driver) by extensions ['ros']
[0.330s] Level 1:colcon.colcon_core.package_identification:_identify(webots_ros2/webots_ros2_driver) by extension 'ros'
[0.331s] DEBUG:colcon.colcon_core.package_identification:Package 'webots_ros2/webots_ros2_driver' with type 'ros.ament_cmake' and name 'webots_ros2_driver'
[0.331s] Level 1:colcon.colcon_core.package_identification:_identify(webots_ros2/webots_ros2_epuck) by extensions ['ignore', 'ignore_ament_install']
[0.331s] Level 1:colcon.colcon_core.package_identification:_identify(webots_ros2/webots_ros2_epuck) by extension 'ignore'
[0.331s] Level 1:colcon.colcon_core.package_identification:_identify(webots_ros2/webots_ros2_epuck) by extension 'ignore_ament_install'
[0.331s] Level 1:colcon.colcon_core.package_identification:_identify(webots_ros2/webots_ros2_epuck) by extensions ['colcon_pkg']
[0.331s] Level 1:colcon.colcon_core.package_identification:_identify(webots_ros2/webots_ros2_epuck) by extension 'colcon_pkg'
[0.331s] Level 1:colcon.colcon_core.package_identification:_identify(webots_ros2/webots_ros2_epuck) by extensions ['colcon_meta']
[0.331s] Level 1:colcon.colcon_core.package_identification:_identify(webots_ros2/webots_ros2_epuck) by extension 'colcon_meta'
[0.331s] Level 1:colcon.colcon_core.package_identification:_identify(webots_ros2/webots_ros2_epuck) by extensions ['ros']
[0.331s] Level 1:colcon.colcon_core.package_identification:_identify(webots_ros2/webots_ros2_epuck) by extension 'ros'
[0.332s] DEBUG:colcon.colcon_core.package_identification:Package 'webots_ros2/webots_ros2_epuck' with type 'ros.ament_python' and name 'webots_ros2_epuck'
[0.332s] Level 1:colcon.colcon_core.package_identification:_identify(webots_ros2/webots_ros2_mavic) by extensions ['ignore', 'ignore_ament_install']
[0.332s] Level 1:colcon.colcon_core.package_identification:_identify(webots_ros2/webots_ros2_mavic) by extension 'ignore'
[0.332s] Level 1:colcon.colcon_core.package_identification:_identify(webots_ros2/webots_ros2_mavic) by extension 'ignore_ament_install'
[0.332s] Level 1:colcon.colcon_core.package_identification:_identify(webots_ros2/webots_ros2_mavic) by extensions ['colcon_pkg']
[0.332s] Level 1:colcon.colcon_core.package_identification:_identify(webots_ros2/webots_ros2_mavic) by extension 'colcon_pkg'
[0.332s] Level 1:colcon.colcon_core.package_identification:_identify(webots_ros2/webots_ros2_mavic) by extensions ['colcon_meta']
[0.332s] Level 1:colcon.colcon_core.package_identification:_identify(webots_ros2/webots_ros2_mavic) by extension 'colcon_meta'
[0.332s] Level 1:colcon.colcon_core.package_identification:_identify(webots_ros2/webots_ros2_mavic) by extensions ['ros']
[0.332s] Level 1:colcon.colcon_core.package_identification:_identify(webots_ros2/webots_ros2_mavic) by extension 'ros'
[0.332s] DEBUG:colcon.colcon_core.package_identification:Package 'webots_ros2/webots_ros2_mavic' with type 'ros.ament_python' and name 'webots_ros2_mavic'
[0.332s] Level 1:colcon.colcon_core.package_identification:_identify(webots_ros2/webots_ros2_msgs) by extensions ['ignore', 'ignore_ament_install']
[0.332s] Level 1:colcon.colcon_core.package_identification:_identify(webots_ros2/webots_ros2_msgs) by extension 'ignore'
[0.333s] Level 1:colcon.colcon_core.package_identification:_identify(webots_ros2/webots_ros2_msgs) by extension 'ignore_ament_install'
[0.333s] Level 1:colcon.colcon_core.package_identification:_identify(webots_ros2/webots_ros2_msgs) by extensions ['colcon_pkg']
[0.333s] Level 1:colcon.colcon_core.package_identification:_identify(webots_ros2/webots_ros2_msgs) by extension 'colcon_pkg'
[0.333s] Level 1:colcon.colcon_core.package_identification:_identify(webots_ros2/webots_ros2_msgs) by extensions ['colcon_meta']
[0.333s] Level 1:colcon.colcon_core.package_identification:_identify(webots_ros2/webots_ros2_msgs) by extension 'colcon_meta'
[0.333s] Level 1:colcon.colcon_core.package_identification:_identify(webots_ros2/webots_ros2_msgs) by extensions ['ros']
[0.333s] Level 1:colcon.colcon_core.package_identification:_identify(webots_ros2/webots_ros2_msgs) by extension 'ros'
[0.333s] DEBUG:colcon.colcon_core.package_identification:Package 'webots_ros2/webots_ros2_msgs' with type 'ros.ament_cmake' and name 'webots_ros2_msgs'
[0.333s] Level 1:colcon.colcon_core.package_identification:_identify(webots_ros2/webots_ros2_tesla) by extensions ['ignore', 'ignore_ament_install']
[0.333s] Level 1:colcon.colcon_core.package_identification:_identify(webots_ros2/webots_ros2_tesla) by extension 'ignore'
[0.333s] Level 1:colcon.colcon_core.package_identification:_identify(webots_ros2/webots_ros2_tesla) by extension 'ignore_ament_install'
[0.333s] Level 1:colcon.colcon_core.package_identification:_identify(webots_ros2/webots_ros2_tesla) by extensions ['colcon_pkg']
[0.333s] Level 1:colcon.colcon_core.package_identification:_identify(webots_ros2/webots_ros2_tesla) by extension 'colcon_pkg'
[0.333s] Level 1:colcon.colcon_core.package_identification:_identify(webots_ros2/webots_ros2_tesla) by extensions ['colcon_meta']
[0.333s] Level 1:colcon.colcon_core.package_identification:_identify(webots_ros2/webots_ros2_tesla) by extension 'colcon_meta'
[0.333s] Level 1:colcon.colcon_core.package_identification:_identify(webots_ros2/webots_ros2_tesla) by extensions ['ros']
[0.333s] Level 1:colcon.colcon_core.package_identification:_identify(webots_ros2/webots_ros2_tesla) by extension 'ros'
[0.334s] DEBUG:colcon.colcon_core.package_identification:Package 'webots_ros2/webots_ros2_tesla' with type 'ros.ament_python' and name 'webots_ros2_tesla'
[0.334s] Level 1:colcon.colcon_core.package_identification:_identify(webots_ros2/webots_ros2_tests) by extensions ['ignore', 'ignore_ament_install']
[0.334s] Level 1:colcon.colcon_core.package_identification:_identify(webots_ros2/webots_ros2_tests) by extension 'ignore'
[0.334s] Level 1:colcon.colcon_core.package_identification:_identify(webots_ros2/webots_ros2_tests) by extension 'ignore_ament_install'
[0.334s] Level 1:colcon.colcon_core.package_identification:_identify(webots_ros2/webots_ros2_tests) by extensions ['colcon_pkg']
[0.334s] Level 1:colcon.colcon_core.package_identification:_identify(webots_ros2/webots_ros2_tests) by extension 'colcon_pkg'
[0.334s] Level 1:colcon.colcon_core.package_identification:_identify(webots_ros2/webots_ros2_tests) by extensions ['colcon_meta']
[0.334s] Level 1:colcon.colcon_core.package_identification:_identify(webots_ros2/webots_ros2_tests) by extension 'colcon_meta'
[0.334s] Level 1:colcon.colcon_core.package_identification:_identify(webots_ros2/webots_ros2_tests) by extensions ['ros']
[0.334s] Level 1:colcon.colcon_core.package_identification:_identify(webots_ros2/webots_ros2_tests) by extension 'ros'
[0.335s] DEBUG:colcon.colcon_core.package_identification:Package 'webots_ros2/webots_ros2_tests' with type 'ros.ament_python' and name 'webots_ros2_tests'
[0.335s] Level 1:colcon.colcon_core.package_identification:_identify(webots_ros2/webots_ros2_tiago) by extensions ['ignore', 'ignore_ament_install']
[0.335s] Level 1:colcon.colcon_core.package_identification:_identify(webots_ros2/webots_ros2_tiago) by extension 'ignore'
[0.335s] Level 1:colcon.colcon_core.package_identification:_identify(webots_ros2/webots_ros2_tiago) by extension 'ignore_ament_install'
[0.335s] Level 1:colcon.colcon_core.package_identification:_identify(webots_ros2/webots_ros2_tiago) by extensions ['colcon_pkg']
[0.335s] Level 1:colcon.colcon_core.package_identification:_identify(webots_ros2/webots_ros2_tiago) by extension 'colcon_pkg'
[0.335s] Level 1:colcon.colcon_core.package_identification:_identify(webots_ros2/webots_ros2_tiago) by extensions ['colcon_meta']
[0.335s] Level 1:colcon.colcon_core.package_identification:_identify(webots_ros2/webots_ros2_tiago) by extension 'colcon_meta'
[0.335s] Level 1:colcon.colcon_core.package_identification:_identify(webots_ros2/webots_ros2_tiago) by extensions ['ros']
[0.335s] Level 1:colcon.colcon_core.package_identification:_identify(webots_ros2/webots_ros2_tiago) by extension 'ros'
[0.335s] DEBUG:colcon.colcon_core.package_identification:Package 'webots_ros2/webots_ros2_tiago' with type 'ros.ament_python' and name 'webots_ros2_tiago'
[0.335s] Level 1:colcon.colcon_core.package_identification:_identify(webots_ros2/webots_ros2_turtlebot) by extensions ['ignore', 'ignore_ament_install']
[0.335s] Level 1:colcon.colcon_core.package_identification:_identify(webots_ros2/webots_ros2_turtlebot) by extension 'ignore'
[0.335s] Level 1:colcon.colcon_core.package_identification:_identify(webots_ros2/webots_ros2_turtlebot) by extension 'ignore_ament_install'
[0.336s] Level 1:colcon.colcon_core.package_identification:_identify(webots_ros2/webots_ros2_turtlebot) by extensions ['colcon_pkg']
[0.336s] Level 1:colcon.colcon_core.package_identification:_identify(webots_ros2/webots_ros2_turtlebot) by extension 'colcon_pkg'
[0.336s] Level 1:colcon.colcon_core.package_identification:_identify(webots_ros2/webots_ros2_turtlebot) by extensions ['colcon_meta']
[0.336s] Level 1:colcon.colcon_core.package_identification:_identify(webots_ros2/webots_ros2_turtlebot) by extension 'colcon_meta'
[0.336s] Level 1:colcon.colcon_core.package_identification:_identify(webots_ros2/webots_ros2_turtlebot) by extensions ['ros']
[0.336s] Level 1:colcon.colcon_core.package_identification:_identify(webots_ros2/webots_ros2_turtlebot) by extension 'ros'
[0.336s] DEBUG:colcon.colcon_core.package_identification:Package 'webots_ros2/webots_ros2_turtlebot' with type 'ros.ament_python' and name 'webots_ros2_turtlebot'
[0.336s] Level 1:colcon.colcon_core.package_identification:_identify(webots_ros2/webots_ros2_universal_robot) by extensions ['ignore', 'ignore_ament_install']
[0.336s] Level 1:colcon.colcon_core.package_identification:_identify(webots_ros2/webots_ros2_universal_robot) by extension 'ignore'
[0.336s] Level 1:colcon.colcon_core.package_identification:_identify(webots_ros2/webots_ros2_universal_robot) by extension 'ignore_ament_install'
[0.336s] Level 1:colcon.colcon_core.package_identification:_identify(webots_ros2/webots_ros2_universal_robot) by extensions ['colcon_pkg']
[0.336s] Level 1:colcon.colcon_core.package_identification:_identify(webots_ros2/webots_ros2_universal_robot) by extension 'colcon_pkg'
[0.336s] Level 1:colcon.colcon_core.package_identification:_identify(webots_ros2/webots_ros2_universal_robot) by extensions ['colcon_meta']
[0.336s] Level 1:colcon.colcon_core.package_identification:_identify(webots_ros2/webots_ros2_universal_robot) by extension 'colcon_meta'
[0.336s] Level 1:colcon.colcon_core.package_identification:_identify(webots_ros2/webots_ros2_universal_robot) by extensions ['ros']
[0.336s] Level 1:colcon.colcon_core.package_identification:_identify(webots_ros2/webots_ros2_universal_robot) by extension 'ros'
[0.337s] DEBUG:colcon.colcon_core.package_identification:Package 'webots_ros2/webots_ros2_universal_robot' with type 'ros.ament_python' and name 'webots_ros2_universal_robot'
[0.338s] Level 1:colcon.colcon_core.package_identification:_identify(webots_ros2_ld90) by extensions ['ignore', 'ignore_ament_install']
[0.338s] Level 1:colcon.colcon_core.package_identification:_identify(webots_ros2_ld90) by extension 'ignore'
[0.338s] Level 1:colcon.colcon_core.package_identification:_identify(webots_ros2_ld90) by extension 'ignore_ament_install'
[0.338s] Level 1:colcon.colcon_core.package_identification:_identify(webots_ros2_ld90) by extensions ['colcon_pkg']
[0.338s] Level 1:colcon.colcon_core.package_identification:_identify(webots_ros2_ld90) by extension 'colcon_pkg'
[0.338s] Level 1:colcon.colcon_core.package_identification:_identify(webots_ros2_ld90) by extensions ['colcon_meta']
[0.338s] Level 1:colcon.colcon_core.package_identification:_identify(webots_ros2_ld90) by extension 'colcon_meta'
[0.338s] Level 1:colcon.colcon_core.package_identification:_identify(webots_ros2_ld90) by extensions ['ros']
[0.338s] Level 1:colcon.colcon_core.package_identification:_identify(webots_ros2_ld90) by extension 'ros'
[0.338s] DEBUG:colcon.colcon_core.package_identification:Package 'webots_ros2_ld90' with type 'ros.ament_python' and name 'webots_ros2_ld90'
[0.338s] Level 1:colcon.colcon_core.package_discovery:discover_packages(recursive) using defaults
[0.338s] Level 1:colcon.colcon_core.package_discovery:discover_packages(ignore) discover
[0.338s] Level 1:colcon.colcon_core.package_discovery:discover_packages(ignore) using defaults
[0.338s] Level 1:colcon.colcon_core.package_discovery:discover_packages(path) discover
[0.338s] Level 1:colcon.colcon_core.package_discovery:discover_packages(path) using defaults
[0.361s] Level 1:colcon.colcon_core.package_discovery:discover_packages(prefix_path) check parameters
[0.361s] Level 1:colcon.colcon_core.package_discovery:discover_packages(prefix_path) discover
[0.363s] DEBUG:colcon.colcon_installed_package_information.package_discovery:Found 373 installed packages in /opt/ros/humble
[0.365s] Level 1:colcon.colcon_core.package_discovery:discover_packages(prefix_path) using defaults
[0.405s] Level 5:colcon.colcon_core.verb:set package 'webots_ros2_msgs' build argument 'cmake_args' from command line to 'None'
[0.405s] Level 5:colcon.colcon_core.verb:set package 'webots_ros2_msgs' build argument 'cmake_target' from command line to 'None'
[0.405s] Level 5:colcon.colcon_core.verb:set package 'webots_ros2_msgs' build argument 'cmake_target_skip_unavailable' from command line to 'False'
[0.405s] Level 5:colcon.colcon_core.verb:set package 'webots_ros2_msgs' build argument 'cmake_clean_cache' from command line to 'False'
[0.405s] Level 5:colcon.colcon_core.verb:set package 'webots_ros2_msgs' build argument 'cmake_clean_first' from command line to 'False'
[0.405s] Level 5:colcon.colcon_core.verb:set package 'webots_ros2_msgs' build argument 'cmake_force_configure' from command line to 'False'
[0.405s] Level 5:colcon.colcon_core.verb:set package 'webots_ros2_msgs' build argument 'ament_cmake_args' from command line to 'None'
[0.405s] Level 5:colcon.colcon_core.verb:set package 'webots_ros2_msgs' build argument 'catkin_cmake_args' from command line to 'None'
[0.405s] Level 5:colcon.colcon_core.verb:set package 'webots_ros2_msgs' build argument 'catkin_skip_building_tests' from command line to 'False'
[0.405s] DEBUG:colcon.colcon_core.verb:Building package 'webots_ros2_msgs' with the following arguments: {'ament_cmake_args': None, 'build_base': '/home/minji/minji_ws/build/webots_ros2_msgs', 'catkin_cmake_args': None, 'catkin_skip_building_tests': False, 'cmake_args': None, 'cmake_clean_cache': False, 'cmake_clean_first': False, 'cmake_force_configure': False, 'cmake_target': None, 'cmake_target_skip_unavailable': False, 'install_base': '/home/minji/minji_ws/install/webots_ros2_msgs', 'merge_install': False, 'path': '/home/minji/minji_ws/webots_ros2/webots_ros2_msgs', 'symlink_install': False, 'test_result_base': None}
[0.405s] Level 5:colcon.colcon_core.verb:set package 'webots_ros2_driver' build argument 'cmake_args' from command line to 'None'
[0.405s] Level 5:colcon.colcon_core.verb:set package 'webots_ros2_driver' build argument 'cmake_target' from command line to 'None'
[0.405s] Level 5:colcon.colcon_core.verb:set package 'webots_ros2_driver' build argument 'cmake_target_skip_unavailable' from command line to 'False'
[0.405s] Level 5:colcon.colcon_core.verb:set package 'webots_ros2_driver' build argument 'cmake_clean_cache' from command line to 'False'
[0.405s] Level 5:colcon.colcon_core.verb:set package 'webots_ros2_driver' build argument 'cmake_clean_first' from command line to 'False'
[0.405s] Level 5:colcon.colcon_core.verb:set package 'webots_ros2_driver' build argument 'cmake_force_configure' from command line to 'False'
[0.405s] Level 5:colcon.colcon_core.verb:set package 'webots_ros2_driver' build argument 'ament_cmake_args' from command line to 'None'
[0.405s] Level 5:colcon.colcon_core.verb:set package 'webots_ros2_driver' build argument 'catkin_cmake_args' from command line to 'None'
[0.405s] Level 5:colcon.colcon_core.verb:set package 'webots_ros2_driver' build argument 'catkin_skip_building_tests' from command line to 'False'
[0.405s] DEBUG:colcon.colcon_core.verb:Building package 'webots_ros2_driver' with the following arguments: {'ament_cmake_args': None, 'build_base': '/home/minji/minji_ws/build/webots_ros2_driver', 'catkin_cmake_args': None, 'catkin_skip_building_tests': False, 'cmake_args': None, 'cmake_clean_cache': False, 'cmake_clean_first': False, 'cmake_force_configure': False, 'cmake_target': None, 'cmake_target_skip_unavailable': False, 'install_base': '/home/minji/minji_ws/install/webots_ros2_driver', 'merge_install': False, 'path': '/home/minji/minji_ws/webots_ros2/webots_ros2_driver', 'symlink_install': False, 'test_result_base': None}
[0.405s] Level 5:colcon.colcon_core.verb:set package 'webots_ros2_control' build argument 'cmake_args' from command line to 'None'
[0.405s] Level 5:colcon.colcon_core.verb:set package 'webots_ros2_control' build argument 'cmake_target' from command line to 'None'
[0.406s] Level 5:colcon.colcon_core.verb:set package 'webots_ros2_control' build argument 'cmake_target_skip_unavailable' from command line to 'False'
[0.406s] Level 5:colcon.colcon_core.verb:set package 'webots_ros2_control' build argument 'cmake_clean_cache' from command line to 'False'
[0.406s] Level 5:colcon.colcon_core.verb:set package 'webots_ros2_control' build argument 'cmake_clean_first' from command line to 'False'
[0.406s] Level 5:colcon.colcon_core.verb:set package 'webots_ros2_control' build argument 'cmake_force_configure' from command line to 'False'
[0.406s] Level 5:colcon.colcon_core.verb:set package 'webots_ros2_control' build argument 'ament_cmake_args' from command line to 'None'
[0.406s] Level 5:colcon.colcon_core.verb:set package 'webots_ros2_control' build argument 'catkin_cmake_args' from command line to 'None'
[0.406s] Level 5:colcon.colcon_core.verb:set package 'webots_ros2_control' build argument 'catkin_skip_building_tests' from command line to 'False'
[0.406s] DEBUG:colcon.colcon_core.verb:Building package 'webots_ros2_control' with the following arguments: {'ament_cmake_args': None, 'build_base': '/home/minji/minji_ws/build/webots_ros2_control', 'catkin_cmake_args': None, 'catkin_skip_building_tests': False, 'cmake_args': None, 'cmake_clean_cache': False, 'cmake_clean_first': False, 'cmake_force_configure': False, 'cmake_target': None, 'cmake_target_skip_unavailable': False, 'install_base': '/home/minji/minji_ws/install/webots_ros2_control', 'merge_install': False, 'path': '/home/minji/minji_ws/webots_ros2/webots_ros2_control', 'symlink_install': False, 'test_result_base': None}
[0.406s] Level 5:colcon.colcon_core.verb:set package 'webots_ros2_ld90' build argument 'cmake_args' from command line to 'None'
[0.406s] Level 5:colcon.colcon_core.verb:set package 'webots_ros2_ld90' build argument 'cmake_target' from command line to 'None'
[0.406s] Level 5:colcon.colcon_core.verb:set package 'webots_ros2_ld90' build argument 'cmake_target_skip_unavailable' from command line to 'False'
[0.406s] Level 5:colcon.colcon_core.verb:set package 'webots_ros2_ld90' build argument 'cmake_clean_cache' from command line to 'False'
[0.406s] Level 5:colcon.colcon_core.verb:set package 'webots_ros2_ld90' build argument 'cmake_clean_first' from command line to 'False'
[0.406s] Level 5:colcon.colcon_core.verb:set package 'webots_ros2_ld90' build argument 'cmake_force_configure' from command line to 'False'
[0.406s] Level 5:colcon.colcon_core.verb:set package 'webots_ros2_ld90' build argument 'ament_cmake_args' from command line to 'None'
[0.406s] Level 5:colcon.colcon_core.verb:set package 'webots_ros2_ld90' build argument 'catkin_cmake_args' from command line to 'None'
[0.406s] Level 5:colcon.colcon_core.verb:set package 'webots_ros2_ld90' build argument 'catkin_skip_building_tests' from command line to 'False'
[0.406s] DEBUG:colcon.colcon_core.verb:Building package 'webots_ros2_ld90' with the following arguments: {'ament_cmake_args': None, 'build_base': '/home/minji/minji_ws/build/webots_ros2_ld90', 'catkin_cmake_args': None, 'catkin_skip_building_tests': False, 'cmake_args': None, 'cmake_clean_cache': False, 'cmake_clean_first': False, 'cmake_force_configure': False, 'cmake_target': None, 'cmake_target_skip_unavailable': False, 'install_base': '/home/minji/minji_ws/install/webots_ros2_ld90', 'merge_install': False, 'path': '/home/minji/minji_ws/webots_ros2_ld90', 'symlink_install': False, 'test_result_base': None}
[0.406s] Level 5:colcon.colcon_core.verb:set package 'webots_ros2_mavic' build argument 'cmake_args' from command line to 'None'
[0.406s] Level 5:colcon.colcon_core.verb:set package 'webots_ros2_mavic' build argument 'cmake_target' from command line to 'None'
[0.406s] Level 5:colcon.colcon_core.verb:set package 'webots_ros2_mavic' build argument 'cmake_target_skip_unavailable' from command line to 'False'
[0.406s] Level 5:colcon.colcon_core.verb:set package 'webots_ros2_mavic' build argument 'cmake_clean_cache' from command line to 'False'
[0.406s] Level 5:colcon.colcon_core.verb:set package 'webots_ros2_mavic' build argument 'cmake_clean_first' from command line to 'False'
[0.406s] Level 5:colcon.colcon_core.verb:set package 'webots_ros2_mavic' build argument 'cmake_force_configure' from command line to 'False'
[0.406s] Level 5:colcon.colcon_core.verb:set package 'webots_ros2_mavic' build argument 'ament_cmake_args' from command line to 'None'
[0.406s] Level 5:colcon.colcon_core.verb:set package 'webots_ros2_mavic' build argument 'catkin_cmake_args' from command line to 'None'
[0.406s] Level 5:colcon.colcon_core.verb:set package 'webots_ros2_mavic' build argument 'catkin_skip_building_tests' from command line to 'False'
[0.406s] DEBUG:colcon.colcon_core.verb:Building package 'webots_ros2_mavic' with the following arguments: {'ament_cmake_args': None, 'build_base': '/home/minji/minji_ws/build/webots_ros2_mavic', 'catkin_cmake_args': None, 'catkin_skip_building_tests': False, 'cmake_args': None, 'cmake_clean_cache': False, 'cmake_clean_first': False, 'cmake_force_configure': False, 'cmake_target': None, 'cmake_target_skip_unavailable': False, 'install_base': '/home/minji/minji_ws/install/webots_ros2_mavic', 'merge_install': False, 'path': '/home/minji/minji_ws/webots_ros2/webots_ros2_mavic', 'symlink_install': False, 'test_result_base': None}
[0.406s] Level 5:colcon.colcon_core.verb:set package 'webots_ros2_tesla' build argument 'cmake_args' from command line to 'None'
[0.406s] Level 5:colcon.colcon_core.verb:set package 'webots_ros2_tesla' build argument 'cmake_target' from command line to 'None'
[0.407s] Level 5:colcon.colcon_core.verb:set package 'webots_ros2_tesla' build argument 'cmake_target_skip_unavailable' from command line to 'False'
[0.407s] Level 5:colcon.colcon_core.verb:set package 'webots_ros2_tesla' build argument 'cmake_clean_cache' from command line to 'False'
[0.407s] Level 5:colcon.colcon_core.verb:set package 'webots_ros2_tesla' build argument 'cmake_clean_first' from command line to 'False'
[0.407s] Level 5:colcon.colcon_core.verb:set package 'webots_ros2_tesla' build argument 'cmake_force_configure' from command line to 'False'
[0.407s] Level 5:colcon.colcon_core.verb:set package 'webots_ros2_tesla' build argument 'ament_cmake_args' from command line to 'None'
[0.407s] Level 5:colcon.colcon_core.verb:set package 'webots_ros2_tesla' build argument 'catkin_cmake_args' from command line to 'None'
[0.407s] Level 5:colcon.colcon_core.verb:set package 'webots_ros2_tesla' build argument 'catkin_skip_building_tests' from command line to 'False'
[0.407s] DEBUG:colcon.colcon_core.verb:Building package 'webots_ros2_tesla' with the following arguments: {'ament_cmake_args': None, 'build_base': '/home/minji/minji_ws/build/webots_ros2_tesla', 'catkin_cmake_args': None, 'catkin_skip_building_tests': False, 'cmake_args': None, 'cmake_clean_cache': False, 'cmake_clean_first': False, 'cmake_force_configure': False, 'cmake_target': None, 'cmake_target_skip_unavailable': False, 'install_base': '/home/minji/minji_ws/install/webots_ros2_tesla', 'merge_install': False, 'path': '/home/minji/minji_ws/webots_ros2/webots_ros2_tesla', 'symlink_install': False, 'test_result_base': None}
[0.407s] Level 5:colcon.colcon_core.verb:set package 'webots_ros2_epuck' build argument 'cmake_args' from command line to 'None'
[0.407s] Level 5:colcon.colcon_core.verb:set package 'webots_ros2_epuck' build argument 'cmake_target' from command line to 'None'
[0.407s] Level 5:colcon.colcon_core.verb:set package 'webots_ros2_epuck' build argument 'cmake_target_skip_unavailable' from command line to 'False'
[0.407s] Level 5:colcon.colcon_core.verb:set package 'webots_ros2_epuck' build argument 'cmake_clean_cache' from command line to 'False'
[0.407s] Level 5:colcon.colcon_core.verb:set package 'webots_ros2_epuck' build argument 'cmake_clean_first' from command line to 'False'
[0.407s] Level 5:colcon.colcon_core.verb:set package 'webots_ros2_epuck' build argument 'cmake_force_configure' from command line to 'False'
[0.407s] Level 5:colcon.colcon_core.verb:set package 'webots_ros2_epuck' build argument 'ament_cmake_args' from command line to 'None'
[0.407s] Level 5:colcon.colcon_core.verb:set package 'webots_ros2_epuck' build argument 'catkin_cmake_args' from command line to 'None'
[0.407s] Level 5:colcon.colcon_core.verb:set package 'webots_ros2_epuck' build argument 'catkin_skip_building_tests' from command line to 'False'
[0.407s] DEBUG:colcon.colcon_core.verb:Building package 'webots_ros2_epuck' with the following arguments: {'ament_cmake_args': None, 'build_base': '/home/minji/minji_ws/build/webots_ros2_epuck', 'catkin_cmake_args': None, 'catkin_skip_building_tests': False, 'cmake_args': None, 'cmake_clean_cache': False, 'cmake_clean_first': False, 'cmake_force_configure': False, 'cmake_target': None, 'cmake_target_skip_unavailable': False, 'install_base': '/home/minji/minji_ws/install/webots_ros2_epuck', 'merge_install': False, 'path': '/home/minji/minji_ws/webots_ros2/webots_ros2_epuck', 'symlink_install': False, 'test_result_base': None}
[0.407s] Level 5:colcon.colcon_core.verb:set package 'webots_ros2_tiago' build argument 'cmake_args' from command line to 'None'
[0.407s] Level 5:colcon.colcon_core.verb:set package 'webots_ros2_tiago' build argument 'cmake_target' from command line to 'None'
[0.407s] Level 5:colcon.colcon_core.verb:set package 'webots_ros2_tiago' build argument 'cmake_target_skip_unavailable' from command line to 'False'
[0.407s] Level 5:colcon.colcon_core.verb:set package 'webots_ros2_tiago' build argument 'cmake_clean_cache' from command line to 'False'
[0.407s] Level 5:colcon.colcon_core.verb:set package 'webots_ros2_tiago' build argument 'cmake_clean_first' from command line to 'False'
[0.407s] Level 5:colcon.colcon_core.verb:set package 'webots_ros2_tiago' build argument 'cmake_force_configure' from command line to 'False'
[0.407s] Level 5:colcon.colcon_core.verb:set package 'webots_ros2_tiago' build argument 'ament_cmake_args' from command line to 'None'
[0.407s] Level 5:colcon.colcon_core.verb:set package 'webots_ros2_tiago' build argument 'catkin_cmake_args' from command line to 'None'
[0.407s] Level 5:colcon.colcon_core.verb:set package 'webots_ros2_tiago' build argument 'catkin_skip_building_tests' from command line to 'False'
[0.407s] DEBUG:colcon.colcon_core.verb:Building package 'webots_ros2_tiago' with the following arguments: {'ament_cmake_args': None, 'build_base': '/home/minji/minji_ws/build/webots_ros2_tiago', 'catkin_cmake_args': None, 'catkin_skip_building_tests': False, 'cmake_args': None, 'cmake_clean_cache': False, 'cmake_clean_first': False, 'cmake_force_configure': False, 'cmake_target': None, 'cmake_target_skip_unavailable': False, 'install_base': '/home/minji/minji_ws/install/webots_ros2_tiago', 'merge_install': False, 'path': '/home/minji/minji_ws/webots_ros2/webots_ros2_tiago', 'symlink_install': False, 'test_result_base': None}
[0.407s] Level 5:colcon.colcon_core.verb:set package 'webots_ros2_turtlebot' build argument 'cmake_args' from command line to 'None'
[0.407s] Level 5:colcon.colcon_core.verb:set package 'webots_ros2_turtlebot' build argument 'cmake_target' from command line to 'None'
[0.408s] Level 5:colcon.colcon_core.verb:set package 'webots_ros2_turtlebot' build argument 'cmake_target_skip_unavailable' from command line to 'False'
[0.408s] Level 5:colcon.colcon_core.verb:set package 'webots_ros2_turtlebot' build argument 'cmake_clean_cache' from command line to 'False'
[0.408s] Level 5:colcon.colcon_core.verb:set package 'webots_ros2_turtlebot' build argument 'cmake_clean_first' from command line to 'False'
[0.408s] Level 5:colcon.colcon_core.verb:set package 'webots_ros2_turtlebot' build argument 'cmake_force_configure' from command line to 'False'
[0.408s] Level 5:colcon.colcon_core.verb:set package 'webots_ros2_turtlebot' build argument 'ament_cmake_args' from command line to 'None'
[0.408s] Level 5:colcon.colcon_core.verb:set package 'webots_ros2_turtlebot' build argument 'catkin_cmake_args' from command line to 'None'
[0.408s] Level 5:colcon.colcon_core.verb:set package 'webots_ros2_turtlebot' build argument 'catkin_skip_building_tests' from command line to 'False'
[0.408s] DEBUG:colcon.colcon_core.verb:Building package 'webots_ros2_turtlebot' with the following arguments: {'ament_cmake_args': None, 'build_base': '/home/minji/minji_ws/build/webots_ros2_turtlebot', 'catkin_cmake_args': None, 'catkin_skip_building_tests': False, 'cmake_args': None, 'cmake_clean_cache': False, 'cmake_clean_first': False, 'cmake_force_configure': False, 'cmake_target': None, 'cmake_target_skip_unavailable': False, 'install_base': '/home/minji/minji_ws/install/webots_ros2_turtlebot', 'merge_install': False, 'path': '/home/minji/minji_ws/webots_ros2/webots_ros2_turtlebot', 'symlink_install': False, 'test_result_base': None}
[0.408s] Level 5:colcon.colcon_core.verb:set package 'webots_ros2_universal_robot' build argument 'cmake_args' from command line to 'None'
[0.408s] Level 5:colcon.colcon_core.verb:set package 'webots_ros2_universal_robot' build argument 'cmake_target' from command line to 'None'
[0.408s] Level 5:colcon.colcon_core.verb:set package 'webots_ros2_universal_robot' build argument 'cmake_target_skip_unavailable' from command line to 'False'
[0.408s] Level 5:colcon.colcon_core.verb:set package 'webots_ros2_universal_robot' build argument 'cmake_clean_cache' from command line to 'False'
[0.408s] Level 5:colcon.colcon_core.verb:set package 'webots_ros2_universal_robot' build argument 'cmake_clean_first' from command line to 'False'
[0.408s] Level 5:colcon.colcon_core.verb:set package 'webots_ros2_universal_robot' build argument 'cmake_force_configure' from command line to 'False'
[0.408s] Level 5:colcon.colcon_core.verb:set package 'webots_ros2_universal_robot' build argument 'ament_cmake_args' from command line to 'None'
[0.408s] Level 5:colcon.colcon_core.verb:set package 'webots_ros2_universal_robot' build argument 'catkin_cmake_args' from command line to 'None'
[0.408s] Level 5:colcon.colcon_core.verb:set package 'webots_ros2_universal_robot' build argument 'catkin_skip_building_tests' from command line to 'False'
[0.408s] DEBUG:colcon.colcon_core.verb:Building package 'webots_ros2_universal_robot' with the following arguments: {'ament_cmake_args': None, 'build_base': '/home/minji/minji_ws/build/webots_ros2_universal_robot', 'catkin_cmake_args': None, 'catkin_skip_building_tests': False, 'cmake_args': None, 'cmake_clean_cache': False, 'cmake_clean_first': False, 'cmake_force_configure': False, 'cmake_target': None, 'cmake_target_skip_unavailable': False, 'install_base': '/home/minji/minji_ws/install/webots_ros2_universal_robot', 'merge_install': False, 'path': '/home/minji/minji_ws/webots_ros2/webots_ros2_universal_robot', 'symlink_install': False, 'test_result_base': None}
[0.408s] Level 5:colcon.colcon_core.verb:set package 'webots_ros2_tests' build argument 'cmake_args' from command line to 'None'
[0.408s] Level 5:colcon.colcon_core.verb:set package 'webots_ros2_tests' build argument 'cmake_target' from command line to 'None'
[0.408s] Level 5:colcon.colcon_core.verb:set package 'webots_ros2_tests' build argument 'cmake_target_skip_unavailable' from command line to 'False'
[0.408s] Level 5:colcon.colcon_core.verb:set package 'webots_ros2_tests' build argument 'cmake_clean_cache' from command line to 'False'
[0.408s] Level 5:colcon.colcon_core.verb:set package 'webots_ros2_tests' build argument 'cmake_clean_first' from command line to 'False'
[0.408s] Level 5:colcon.colcon_core.verb:set package 'webots_ros2_tests' build argument 'cmake_force_configure' from command line to 'False'
[0.408s] Level 5:colcon.colcon_core.verb:set package 'webots_ros2_tests' build argument 'ament_cmake_args' from command line to 'None'
[0.408s] Level 5:colcon.colcon_core.verb:set package 'webots_ros2_tests' build argument 'catkin_cmake_args' from command line to 'None'
[0.408s] Level 5:colcon.colcon_core.verb:set package 'webots_ros2_tests' build argument 'catkin_skip_building_tests' from command line to 'False'
[0.408s] DEBUG:colcon.colcon_core.verb:Building package 'webots_ros2_tests' with the following arguments: {'ament_cmake_args': None, 'build_base': '/home/minji/minji_ws/build/webots_ros2_tests', 'catkin_cmake_args': None, 'catkin_skip_building_tests': False, 'cmake_args': None, 'cmake_clean_cache': False, 'cmake_clean_first': False, 'cmake_force_configure': False, 'cmake_target': None, 'cmake_target_skip_unavailable': False, 'install_base': '/home/minji/minji_ws/install/webots_ros2_tests', 'merge_install': False, 'path': '/home/minji/minji_ws/webots_ros2/webots_ros2_tests', 'symlink_install': False, 'test_result_base': None}
[0.408s] Level 5:colcon.colcon_core.verb:set package 'webots_ros2' build argument 'cmake_args' from command line to 'None'
[0.409s] Level 5:colcon.colcon_core.verb:set package 'webots_ros2' build argument 'cmake_target' from command line to 'None'
[0.409s] Level 5:colcon.colcon_core.verb:set package 'webots_ros2' build argument 'cmake_target_skip_unavailable' from command line to 'False'
[0.409s] Level 5:colcon.colcon_core.verb:set package 'webots_ros2' build argument 'cmake_clean_cache' from command line to 'False'
[0.409s] Level 5:colcon.colcon_core.verb:set package 'webots_ros2' build argument 'cmake_clean_first' from command line to 'False'
[0.409s] Level 5:colcon.colcon_core.verb:set package 'webots_ros2' build argument 'cmake_force_configure' from command line to 'False'
[0.409s] Level 5:colcon.colcon_core.verb:set package 'webots_ros2' build argument 'ament_cmake_args' from command line to 'None'
[0.409s] Level 5:colcon.colcon_core.verb:set package 'webots_ros2' build argument 'catkin_cmake_args' from command line to 'None'
[0.409s] Level 5:colcon.colcon_core.verb:set package 'webots_ros2' build argument 'catkin_skip_building_tests' from command line to 'False'
[0.409s] DEBUG:colcon.colcon_core.verb:Building package 'webots_ros2' with the following arguments: {'ament_cmake_args': None, 'build_base': '/home/minji/minji_ws/build/webots_ros2', 'catkin_cmake_args': None, 'catkin_skip_building_tests': False, 'cmake_args': None, 'cmake_clean_cache': False, 'cmake_clean_first': False, 'cmake_force_configure': False, 'cmake_target': None, 'cmake_target_skip_unavailable': False, 'install_base': '/home/minji/minji_ws/install/webots_ros2', 'merge_install': False, 'path': '/home/minji/minji_ws/webots_ros2/webots_ros2', 'symlink_install': False, 'test_result_base': None}
[0.409s] INFO:colcon.colcon_core.executor:Executing jobs using 'parallel' executor
[0.409s] DEBUG:colcon.colcon_parallel_executor.executor.parallel:run_until_complete
[0.410s] INFO:colcon.colcon_ros.task.ament_cmake.build:Building ROS package in '/home/minji/minji_ws/webots_ros2/webots_ros2_msgs' with build type 'ament_cmake'
[0.410s] INFO:colcon.colcon_cmake.task.cmake.build:Building CMake package in '/home/minji/minji_ws/webots_ros2/webots_ros2_msgs'
[0.413s] INFO:colcon.colcon_core.plugin_system:Skipping extension 'colcon_core.shell.bat': Not used on non-Windows systems
[0.413s] INFO:colcon.colcon_core.shell:Skip shell extension 'powershell' for command environment: Not usable outside of PowerShell
[0.413s] DEBUG:colcon.colcon_core.shell:Skip shell extension 'dsv' for command environment
[0.418s] DEBUG:colcon.colcon_core.event_handler.log_command:Invoking command in '/home/minji/minji_ws/build/webots_ros2_msgs': CMAKE_PREFIX_PATH=${CMAKE_PREFIX_PATH}:/opt/ros/humble /usr/bin/cmake /home/minji/minji_ws/webots_ros2/webots_ros2_msgs -DCMAKE_INSTALL_PREFIX=/home/minji/minji_ws/install/webots_ros2_msgs
[1.985s] DEBUG:colcon.colcon_core.event_handler.log_command:Invoked command in '/home/minji/minji_ws/build/webots_ros2_msgs' returned '0': CMAKE_PREFIX_PATH=${CMAKE_PREFIX_PATH}:/opt/ros/humble /usr/bin/cmake /home/minji/minji_ws/webots_ros2/webots_ros2_msgs -DCMAKE_INSTALL_PREFIX=/home/minji/minji_ws/install/webots_ros2_msgs
[1.986s] DEBUG:colcon.colcon_core.event_handler.log_command:Invoking command in '/home/minji/minji_ws/build/webots_ros2_msgs': CMAKE_PREFIX_PATH=${CMAKE_PREFIX_PATH}:/opt/ros/humble /usr/bin/cmake --build /home/minji/minji_ws/build/webots_ros2_msgs -- -j8 -l8
[9.757s] DEBUG:colcon.colcon_core.event_handler.log_command:Invoked command in '/home/minji/minji_ws/build/webots_ros2_msgs' returned '0': CMAKE_PREFIX_PATH=${CMAKE_PREFIX_PATH}:/opt/ros/humble /usr/bin/cmake --build /home/minji/minji_ws/build/webots_ros2_msgs -- -j8 -l8
[9.925s] DEBUG:colcon.colcon_core.event_handler.log_command:Invoking command in '/home/minji/minji_ws/build/webots_ros2_msgs': CMAKE_PREFIX_PATH=${CMAKE_PREFIX_PATH}:/opt/ros/humble /usr/bin/cmake --install /home/minji/minji_ws/build/webots_ros2_msgs
[9.995s] Level 1:colcon.colcon_core.environment:create_environment_scripts_only(webots_ros2_msgs)
[9.995s] DEBUG:colcon.colcon_core.event_handler.log_command:Invoked command in '/home/minji/minji_ws/build/webots_ros2_msgs' returned '0': CMAKE_PREFIX_PATH=${CMAKE_PREFIX_PATH}:/opt/ros/humble /usr/bin/cmake --install /home/minji/minji_ws/build/webots_ros2_msgs
[9.999s] Level 1:colcon.colcon_core.environment:checking '/home/minji/minji_ws/install/webots_ros2_msgs' for CMake module files
[9.999s] Level 1:colcon.colcon_core.environment:checking '/home/minji/minji_ws/install/webots_ros2_msgs' for CMake config files
[10.000s] Level 1:colcon.colcon_core.shell:create_environment_hook('webots_ros2_msgs', 'cmake_prefix_path')
[10.000s] INFO:colcon.colcon_core.shell:Creating environment hook '/home/minji/minji_ws/install/webots_ros2_msgs/share/webots_ros2_msgs/hook/cmake_prefix_path.ps1'
[10.000s] INFO:colcon.colcon_core.shell:Creating environment descriptor '/home/minji/minji_ws/install/webots_ros2_msgs/share/webots_ros2_msgs/hook/cmake_prefix_path.dsv'
[10.001s] INFO:colcon.colcon_core.shell:Creating environment hook '/home/minji/minji_ws/install/webots_ros2_msgs/share/webots_ros2_msgs/hook/cmake_prefix_path.sh'
[10.002s] Level 1:colcon.colcon_core.environment:checking '/home/minji/minji_ws/install/webots_ros2_msgs/lib'
[10.002s] Level 1:colcon.colcon_core.shell:create_environment_hook('webots_ros2_msgs', 'ld_library_path_lib')
[10.002s] INFO:colcon.colcon_core.shell:Creating environment hook '/home/minji/minji_ws/install/webots_ros2_msgs/share/webots_ros2_msgs/hook/ld_library_path_lib.ps1'
[10.002s] INFO:colcon.colcon_core.shell:Creating environment descriptor '/home/minji/minji_ws/install/webots_ros2_msgs/share/webots_ros2_msgs/hook/ld_library_path_lib.dsv'
[10.002s] INFO:colcon.colcon_core.shell:Creating environment hook '/home/minji/minji_ws/install/webots_ros2_msgs/share/webots_ros2_msgs/hook/ld_library_path_lib.sh'
[10.002s] Level 1:colcon.colcon_core.environment:checking '/home/minji/minji_ws/install/webots_ros2_msgs/bin'
[10.002s] Level 1:colcon.colcon_core.environment:checking '/home/minji/minji_ws/install/webots_ros2_msgs/lib/pkgconfig/webots_ros2_msgs.pc'
[10.003s] Level 1:colcon.colcon_core.environment:checking '/home/minji/minji_ws/install/webots_ros2_msgs/lib/python3.10/site-packages'
[10.003s] Level 1:colcon.colcon_core.environment:checking '/home/minji/minji_ws/install/webots_ros2_msgs/bin'
[10.003s] INFO:colcon.colcon_core.shell:Creating package script '/home/minji/minji_ws/install/webots_ros2_msgs/share/webots_ros2_msgs/package.ps1'
[10.004s] INFO:colcon.colcon_core.shell:Creating package descriptor '/home/minji/minji_ws/install/webots_ros2_msgs/share/webots_ros2_msgs/package.dsv'
[10.004s] INFO:colcon.colcon_core.shell:Creating package script '/home/minji/minji_ws/install/webots_ros2_msgs/share/webots_ros2_msgs/package.sh'
[10.005s] INFO:colcon.colcon_core.shell:Creating package script '/home/minji/minji_ws/install/webots_ros2_msgs/share/webots_ros2_msgs/package.bash'
[10.006s] INFO:colcon.colcon_core.shell:Creating package script '/home/minji/minji_ws/install/webots_ros2_msgs/share/webots_ros2_msgs/package.zsh'
[10.006s] Level 1:colcon.colcon_core.environment:create_file_with_runtime_dependencies(/home/minji/minji_ws/install/webots_ros2_msgs/share/colcon-core/packages/webots_ros2_msgs)
[10.224s] Level 1:colcon.colcon_core.environment:create_environment_scripts_only(webots_ros2_msgs)
[10.224s] Level 1:colcon.colcon_core.environment:checking '/home/minji/minji_ws/install/webots_ros2_msgs' for CMake module files
[10.225s] Level 1:colcon.colcon_core.environment:checking '/home/minji/minji_ws/install/webots_ros2_msgs' for CMake config files
[10.225s] Level 1:colcon.colcon_core.shell:create_environment_hook('webots_ros2_msgs', 'cmake_prefix_path')
[10.225s] INFO:colcon.colcon_core.shell:Creating environment hook '/home/minji/minji_ws/install/webots_ros2_msgs/share/webots_ros2_msgs/hook/cmake_prefix_path.ps1'
[10.226s] INFO:colcon.colcon_core.shell:Creating environment descriptor '/home/minji/minji_ws/install/webots_ros2_msgs/share/webots_ros2_msgs/hook/cmake_prefix_path.dsv'
[10.226s] INFO:colcon.colcon_core.shell:Creating environment hook '/home/minji/minji_ws/install/webots_ros2_msgs/share/webots_ros2_msgs/hook/cmake_prefix_path.sh'
[10.226s] Level 1:colcon.colcon_core.environment:checking '/home/minji/minji_ws/install/webots_ros2_msgs/lib'
[10.226s] Level 1:colcon.colcon_core.shell:create_environment_hook('webots_ros2_msgs', 'ld_library_path_lib')
[10.227s] INFO:colcon.colcon_core.shell:Creating environment hook '/home/minji/minji_ws/install/webots_ros2_msgs/share/webots_ros2_msgs/hook/ld_library_path_lib.ps1'
[10.227s] INFO:colcon.colcon_core.shell:Creating environment descriptor '/home/minji/minji_ws/install/webots_ros2_msgs/share/webots_ros2_msgs/hook/ld_library_path_lib.dsv'
[10.227s] INFO:colcon.colcon_core.shell:Creating environment hook '/home/minji/minji_ws/install/webots_ros2_msgs/share/webots_ros2_msgs/hook/ld_library_path_lib.sh'
[10.227s] Level 1:colcon.colcon_core.environment:checking '/home/minji/minji_ws/install/webots_ros2_msgs/bin'
[10.227s] Level 1:colcon.colcon_core.environment:checking '/home/minji/minji_ws/install/webots_ros2_msgs/lib/pkgconfig/webots_ros2_msgs.pc'
[10.228s] Level 1:colcon.colcon_core.environment:checking '/home/minji/minji_ws/install/webots_ros2_msgs/lib/python3.10/site-packages'
[10.228s] Level 1:colcon.colcon_core.environment:checking '/home/minji/minji_ws/install/webots_ros2_msgs/bin'
[10.228s] INFO:colcon.colcon_core.shell:Creating package script '/home/minji/minji_ws/install/webots_ros2_msgs/share/webots_ros2_msgs/package.ps1'
[10.229s] INFO:colcon.colcon_core.shell:Creating package descriptor '/home/minji/minji_ws/install/webots_ros2_msgs/share/webots_ros2_msgs/package.dsv'
[10.229s] INFO:colcon.colcon_core.shell:Creating package script '/home/minji/minji_ws/install/webots_ros2_msgs/share/webots_ros2_msgs/package.sh'
[10.230s] INFO:colcon.colcon_core.shell:Creating package script '/home/minji/minji_ws/install/webots_ros2_msgs/share/webots_ros2_msgs/package.bash'
[10.230s] INFO:colcon.colcon_core.shell:Creating package script '/home/minji/minji_ws/install/webots_ros2_msgs/share/webots_ros2_msgs/package.zsh'
[10.231s] Level 1:colcon.colcon_core.environment:create_file_with_runtime_dependencies(/home/minji/minji_ws/install/webots_ros2_msgs/share/colcon-core/packages/webots_ros2_msgs)
[10.231s] INFO:colcon.colcon_ros.task.ament_cmake.build:Building ROS package in '/home/minji/minji_ws/webots_ros2/webots_ros2_driver' with build type 'ament_cmake'
[10.231s] INFO:colcon.colcon_cmake.task.cmake.build:Building CMake package in '/home/minji/minji_ws/webots_ros2/webots_ros2_driver'
[10.231s] INFO:colcon.colcon_core.shell:Skip shell extension 'powershell' for command environment: Not usable outside of PowerShell
[10.231s] DEBUG:colcon.colcon_core.shell:Skip shell extension 'dsv' for command environment
[10.242s] DEBUG:colcon.colcon_core.event_handler.log_command:Invoking command in '/home/minji/minji_ws/build/webots_ros2_driver': AMENT_PREFIX_PATH=/home/minji/minji_ws/install/webots_ros2_msgs:${AMENT_PREFIX_PATH} CMAKE_PREFIX_PATH=/home/minji/minji_ws/install/webots_ros2_msgs:/usr/local:/opt/ros/humble LD_LIBRARY_PATH=/home/minji/minji_ws/install/webots_ros2_msgs/lib:${LD_LIBRARY_PATH} PYTHONPATH=/home/minji/minji_ws/install/webots_ros2_msgs/local/lib/python3.10/dist-packages:${PYTHONPATH} /usr/bin/cmake /home/minji/minji_ws/webots_ros2/webots_ros2_driver -DCMAKE_INSTALL_PREFIX=/home/minji/minji_ws/install/webots_ros2_driver
[12.108s] DEBUG:colcon.colcon_core.event_handler.log_command:Invoked command in '/home/minji/minji_ws/build/webots_ros2_driver' returned '0': AMENT_PREFIX_PATH=/home/minji/minji_ws/install/webots_ros2_msgs:${AMENT_PREFIX_PATH} CMAKE_PREFIX_PATH=/home/minji/minji_ws/install/webots_ros2_msgs:/usr/local:/opt/ros/humble LD_LIBRARY_PATH=/home/minji/minji_ws/install/webots_ros2_msgs/lib:${LD_LIBRARY_PATH} PYTHONPATH=/home/minji/minji_ws/install/webots_ros2_msgs/local/lib/python3.10/dist-packages:${PYTHONPATH} /usr/bin/cmake /home/minji/minji_ws/webots_ros2/webots_ros2_driver -DCMAKE_INSTALL_PREFIX=/home/minji/minji_ws/install/webots_ros2_driver
[12.110s] DEBUG:colcon.colcon_core.event_handler.log_command:Invoking command in '/home/minji/minji_ws/build/webots_ros2_driver': AMENT_PREFIX_PATH=/home/minji/minji_ws/install/webots_ros2_msgs:${AMENT_PREFIX_PATH} CMAKE_PREFIX_PATH=/home/minji/minji_ws/install/webots_ros2_msgs:/usr/local:/opt/ros/humble LD_LIBRARY_PATH=/home/minji/minji_ws/install/webots_ros2_msgs/lib:${LD_LIBRARY_PATH} PYTHONPATH=/home/minji/minji_ws/install/webots_ros2_msgs/local/lib/python3.10/dist-packages:${PYTHONPATH} /usr/bin/cmake --build /home/minji/minji_ws/build/webots_ros2_driver -- -j8 -l8
