[0.007s] Invoking command in '/home/minji/minji_ws/build/btcpp_ros2_project': AMENT_PREFIX_PATH=/home/minji/minji_ws/install/behaviortree_ros2:/home/minji/minji_ws/install/btcpp_ros2_interfaces:${AMENT_PREFIX_PATH} CMAKE_PREFIX_PATH=/home/minji/minji_ws/install/behaviortree_ros2:/home/minji/minji_ws/install/btcpp_ros2_interfaces:/usr/local:/opt/ros/humble LD_LIBRARY_PATH=/home/minji/minji_ws/install/behaviortree_ros2/lib:/home/minji/minji_ws/install/btcpp_ros2_interfaces/lib:${LD_LIBRARY_PATH} PYTHONPATH=/home/minji/minji_ws/install/btcpp_ros2_interfaces/local/lib/python3.10/dist-packages:${PYTHONPATH} /usr/bin/cmake --build /home/minji/minji_ws/build/btcpp_ros2_project -- -j8 -l8
[0.042s] [35m[1mConsolidate compiler generated dependencies of target capture_image_plugin[0m
[0.043s] [35m[1mConsolidate compiler generated dependencies of target project_bt_executor[0m
[0.073s] [ 50%] Built target project_bt_executor
[0.073s] [100%] Built target capture_image_plugin
[0.098s] Invoked command in '/home/minji/minji_ws/build/btcpp_ros2_project' returned '0': AMENT_PREFIX_PATH=/home/minji/minji_ws/install/behaviortree_ros2:/home/minji/minji_ws/install/btcpp_ros2_interfaces:${AMENT_PREFIX_PATH} CMAKE_PREFIX_PATH=/home/minji/minji_ws/install/behaviortree_ros2:/home/minji/minji_ws/install/btcpp_ros2_interfaces:/usr/local:/opt/ros/humble LD_LIBRARY_PATH=/home/minji/minji_ws/install/behaviortree_ros2/lib:/home/minji/minji_ws/install/btcpp_ros2_interfaces/lib:${LD_LIBRARY_PATH} PYTHONPATH=/home/minji/minji_ws/install/btcpp_ros2_interfaces/local/lib/python3.10/dist-packages:${PYTHONPATH} /usr/bin/cmake --build /home/minji/minji_ws/build/btcpp_ros2_project -- -j8 -l8
[0.119s] Invoking command in '/home/minji/minji_ws/build/btcpp_ros2_project': AMENT_PREFIX_PATH=/home/minji/minji_ws/install/behaviortree_ros2:/home/minji/minji_ws/install/btcpp_ros2_interfaces:${AMENT_PREFIX_PATH} CMAKE_PREFIX_PATH=/home/minji/minji_ws/install/behaviortree_ros2:/home/minji/minji_ws/install/btcpp_ros2_interfaces:/usr/local:/opt/ros/humble LD_LIBRARY_PATH=/home/minji/minji_ws/install/behaviortree_ros2/lib:/home/minji/minji_ws/install/btcpp_ros2_interfaces/lib:${LD_LIBRARY_PATH} PYTHONPATH=/home/minji/minji_ws/install/btcpp_ros2_interfaces/local/lib/python3.10/dist-packages:${PYTHONPATH} /usr/bin/cmake --install /home/minji/minji_ws/build/btcpp_ros2_project
[0.125s] -- Install configuration: ""
[0.125s] -- Up-to-date: /home/minji/minji_ws/install/btcpp_ros2_project/lib/btcpp_ros2_project/libcapture_image_plugin.so
[0.126s] -- Up-to-date: /home/minji/minji_ws/install/btcpp_ros2_project/lib/btcpp_ros2_project/project_bt_executor
[0.126s] -- Up-to-date: /home/minji/minji_ws/install/btcpp_ros2_project/share/btcpp_ros2_project/bt_plugins/libcapture_image_plugin.so
[0.126s] -- Up-to-date: /home/minji/minji_ws/install/btcpp_ros2_project/share/btcpp_ros2_project//behavior_trees
[0.126s] -- Up-to-date: /home/minji/minji_ws/install/btcpp_ros2_project/share/btcpp_ros2_project//behavior_trees/inspection_tree.xml
[0.126s] -- Up-to-date: /home/minji/minji_ws/install/btcpp_ros2_project/share/btcpp_ros2_project//config
[0.126s] -- Up-to-date: /home/minji/minji_ws/install/btcpp_ros2_project/share/btcpp_ros2_project//config/project_bt_executor.yaml
[0.127s] -- Up-to-date: /home/minji/minji_ws/install/btcpp_ros2_project/share/btcpp_ros2_project//launch
[0.127s] -- Up-to-date: /home/minji/minji_ws/install/btcpp_ros2_project/share/btcpp_ros2_project//launch/project_bt_executor.launch.xml
[0.127s] -- Up-to-date: /home/minji/minji_ws/install/btcpp_ros2_project/share/ament_index/resource_index/package_run_dependencies/btcpp_ros2_project
[0.127s] -- Up-to-date: /home/minji/minji_ws/install/btcpp_ros2_project/share/ament_index/resource_index/parent_prefix_path/btcpp_ros2_project
[0.127s] -- Up-to-date: /home/minji/minji_ws/install/btcpp_ros2_project/share/btcpp_ros2_project/environment/ament_prefix_path.sh
[0.127s] -- Up-to-date: /home/minji/minji_ws/install/btcpp_ros2_project/share/btcpp_ros2_project/environment/ament_prefix_path.dsv
[0.127s] -- Up-to-date: /home/minji/minji_ws/install/btcpp_ros2_project/share/btcpp_ros2_project/environment/path.sh
[0.127s] -- Up-to-date: /home/minji/minji_ws/install/btcpp_ros2_project/share/btcpp_ros2_project/environment/path.dsv
[0.127s] -- Up-to-date: /home/minji/minji_ws/install/btcpp_ros2_project/share/btcpp_ros2_project/local_setup.bash
[0.127s] -- Up-to-date: /home/minji/minji_ws/install/btcpp_ros2_project/share/btcpp_ros2_project/local_setup.sh
[0.127s] -- Up-to-date: /home/minji/minji_ws/install/btcpp_ros2_project/share/btcpp_ros2_project/local_setup.zsh
[0.127s] -- Up-to-date: /home/minji/minji_ws/install/btcpp_ros2_project/share/btcpp_ros2_project/local_setup.dsv
[0.127s] -- Installing: /home/minji/minji_ws/install/btcpp_ros2_project/share/btcpp_ros2_project/package.dsv
[0.127s] -- Up-to-date: /home/minji/minji_ws/install/btcpp_ros2_project/share/ament_index/resource_index/packages/btcpp_ros2_project
[0.127s] -- Up-to-date: /home/minji/minji_ws/install/btcpp_ros2_project/share/btcpp_ros2_project/cmake/ament_cmake_export_dependencies-extras.cmake
[0.127s] -- Up-to-date: /home/minji/minji_ws/install/btcpp_ros2_project/share/btcpp_ros2_project/cmake/btcpp_ros2_projectConfig.cmake
[0.127s] -- Up-to-date: /home/minji/minji_ws/install/btcpp_ros2_project/share/btcpp_ros2_project/cmake/btcpp_ros2_projectConfig-version.cmake
[0.127s] -- Up-to-date: /home/minji/minji_ws/install/btcpp_ros2_project/share/btcpp_ros2_project/package.xml
[0.129s] Invoked command in '/home/minji/minji_ws/build/btcpp_ros2_project' returned '0': AMENT_PREFIX_PATH=/home/minji/minji_ws/install/behaviortree_ros2:/home/minji/minji_ws/install/btcpp_ros2_interfaces:${AMENT_PREFIX_PATH} CMAKE_PREFIX_PATH=/home/minji/minji_ws/install/behaviortree_ros2:/home/minji/minji_ws/install/btcpp_ros2_interfaces:/usr/local:/opt/ros/humble LD_LIBRARY_PATH=/home/minji/minji_ws/install/behaviortree_ros2/lib:/home/minji/minji_ws/install/btcpp_ros2_interfaces/lib:${LD_LIBRARY_PATH} PYTHONPATH=/home/minji/minji_ws/install/btcpp_ros2_interfaces/local/lib/python3.10/dist-packages:${PYTHONPATH} /usr/bin/cmake --install /home/minji/minji_ws/build/btcpp_ros2_project
