[1.500s] Invoking command in '/home/minji/minji_ws/webots_ros2/webots_ros2_epuck': CMAKE_PREFIX_PATH=/home/minji/minji_ws/install/webots_ros2_control:/home/minji/minji_ws/install/webots_ros2_driver:/home/minji/minji_ws/install/webots_ros2_msgs:/home/minji/my_study/install/webots_ros2_control:/home/minji/my_study/install/webots_ros2_driver:/home/minji/my_study/install/webots_ros2_msgs:/usr/local PYTHONPATH=/home/minji/minji_ws/build/webots_ros2_epuck/prefix_override:/usr/lib/python3/dist-packages/colcon_core/task/python/colcon_distutils_commands:/home/minji/minji_ws/install/webots_ros2_epuck/lib/python3.10/site-packages:${PYTHONPATH} /usr/bin/python3 -W ignore:setup.py install is deprecated setup.py egg_info --egg-base ../../build/webots_ros2_epuck build --build-base /home/minji/minji_ws/build/webots_ros2_epuck/build install --record /home/minji/minji_ws/build/webots_ros2_epuck/install.log --single-version-externally-managed install_data
[1.728s] running egg_info
[1.729s] writing ../../build/webots_ros2_epuck/webots_ros2_epuck.egg-info/PKG-INFO
[1.729s] writing dependency_links to ../../build/webots_ros2_epuck/webots_ros2_epuck.egg-info/dependency_links.txt
[1.729s] writing entry points to ../../build/webots_ros2_epuck/webots_ros2_epuck.egg-info/entry_points.txt
[1.729s] writing requirements to ../../build/webots_ros2_epuck/webots_ros2_epuck.egg-info/requires.txt
[1.730s] writing top-level names to ../../build/webots_ros2_epuck/webots_ros2_epuck.egg-info/top_level.txt
[1.731s] reading manifest file '../../build/webots_ros2_epuck/webots_ros2_epuck.egg-info/SOURCES.txt'
[1.732s] writing manifest file '../../build/webots_ros2_epuck/webots_ros2_epuck.egg-info/SOURCES.txt'
[1.732s] running build
[1.732s] running build_py
[1.733s] running install
[1.733s] running install_lib
[1.735s] running install_data
[1.735s] running install_egg_info
[1.737s] removing '/home/minji/minji_ws/install/webots_ros2_epuck/lib/python3.10/site-packages/webots_ros2_epuck-2023.1.2-py3.10.egg-info' (and everything under it)
[1.737s] Copying ../../build/webots_ros2_epuck/webots_ros2_epuck.egg-info to /home/minji/minji_ws/install/webots_ros2_epuck/lib/python3.10/site-packages/webots_ros2_epuck-2023.1.2-py3.10.egg-info
[1.738s] running install_scripts
[1.756s] Installing drive_calibrator script to /home/minji/minji_ws/install/webots_ros2_epuck/lib/webots_ros2_epuck
[1.756s] Installing epuck_node script to /home/minji/minji_ws/install/webots_ros2_epuck/lib/webots_ros2_epuck
[1.756s] Installing simple_mapper script to /home/minji/minji_ws/install/webots_ros2_epuck/lib/webots_ros2_epuck
[1.756s] writing list of installed files to '/home/minji/minji_ws/build/webots_ros2_epuck/install.log'
[1.781s] Invoked command in '/home/minji/minji_ws/webots_ros2/webots_ros2_epuck' returned '0': CMAKE_PREFIX_PATH=/home/minji/minji_ws/install/webots_ros2_control:/home/minji/minji_ws/install/webots_ros2_driver:/home/minji/minji_ws/install/webots_ros2_msgs:/home/minji/my_study/install/webots_ros2_control:/home/minji/my_study/install/webots_ros2_driver:/home/minji/my_study/install/webots_ros2_msgs:/usr/local PYTHONPATH=/home/minji/minji_ws/build/webots_ros2_epuck/prefix_override:/usr/lib/python3/dist-packages/colcon_core/task/python/colcon_distutils_commands:/home/minji/minji_ws/install/webots_ros2_epuck/lib/python3.10/site-packages:${PYTHONPATH} /usr/bin/python3 -W ignore:setup.py install is deprecated setup.py egg_info --egg-base ../../build/webots_ros2_epuck build --build-base /home/minji/minji_ws/build/webots_ros2_epuck/build install --record /home/minji/minji_ws/build/webots_ros2_epuck/install.log --single-version-externally-managed install_data
