[1.443s] Invoking command in '/home/minji/minji_ws/webots_ros2/webots_ros2_epuck': AMENT_PREFIX_PATH=/home/minji/minji_ws/install/webots_ros2_control:/home/minji/minji_ws/install/webots_ros2_driver:/home/minji/minji_ws/install/webots_ros2_msgs:${AMENT_PREFIX_PATH} CMAKE_PREFIX_PATH=/home/minji/minji_ws/install/webots_ros2_control:/home/minji/minji_ws/install/webots_ros2_driver:/home/minji/minji_ws/install/webots_ros2_msgs:/home/minji/my_study/install/webots_ros2_control:/home/minji/my_study/install/webots_ros2_driver:/home/minji/my_study/install/webots_ros2_msgs:/usr/local LD_LIBRARY_PATH=/home/minji/minji_ws/install/webots_ros2_control/lib:/home/minji/minji_ws/install/webots_ros2_driver/lib:/home/minji/minji_ws/install/webots_ros2_msgs/lib:${LD_LIBRARY_PATH} PYTHONPATH=/home/minji/minji_ws/build/webots_ros2_epuck/prefix_override:/usr/lib/python3/dist-packages/colcon_core/task/python/colcon_distutils_commands:/home/minji/minji_ws/install/webots_ros2_epuck/lib/python3.10/site-packages:/home/minji/minji_ws/install/webots_ros2_driver/local/lib/python3.10/dist-packages:/home/minji/minji_ws/install/webots_ros2_msgs/local/lib/python3.10/dist-packages:${PYTHONPATH} /usr/bin/python3 -W ignore:setup.py install is deprecated setup.py egg_info --egg-base ../../build/webots_ros2_epuck build --build-base /home/minji/minji_ws/build/webots_ros2_epuck/build install --record /home/minji/minji_ws/build/webots_ros2_epuck/install.log --single-version-externally-managed install_data
[1.664s] running egg_info
[1.665s] writing ../../build/webots_ros2_epuck/webots_ros2_epuck.egg-info/PKG-INFO
[1.665s] writing dependency_links to ../../build/webots_ros2_epuck/webots_ros2_epuck.egg-info/dependency_links.txt
[1.665s] writing entry points to ../../build/webots_ros2_epuck/webots_ros2_epuck.egg-info/entry_points.txt
[1.665s] writing requirements to ../../build/webots_ros2_epuck/webots_ros2_epuck.egg-info/requires.txt
[1.665s] writing top-level names to ../../build/webots_ros2_epuck/webots_ros2_epuck.egg-info/top_level.txt
[1.668s] reading manifest file '../../build/webots_ros2_epuck/webots_ros2_epuck.egg-info/SOURCES.txt'
[1.669s] writing manifest file '../../build/webots_ros2_epuck/webots_ros2_epuck.egg-info/SOURCES.txt'
[1.669s] running build
[1.669s] running build_py
[1.669s] running install
[1.669s] running install_lib
[1.671s] running install_data
[1.671s] running install_egg_info
[1.673s] removing '/home/minji/minji_ws/install/webots_ros2_epuck/lib/python3.10/site-packages/webots_ros2_epuck-2023.1.2-py3.10.egg-info' (and everything under it)
[1.673s] Copying ../../build/webots_ros2_epuck/webots_ros2_epuck.egg-info to /home/minji/minji_ws/install/webots_ros2_epuck/lib/python3.10/site-packages/webots_ros2_epuck-2023.1.2-py3.10.egg-info
[1.673s] running install_scripts
[1.692s] Installing drive_calibrator script to /home/minji/minji_ws/install/webots_ros2_epuck/lib/webots_ros2_epuck
[1.692s] Installing epuck_node script to /home/minji/minji_ws/install/webots_ros2_epuck/lib/webots_ros2_epuck
[1.692s] Installing simple_mapper script to /home/minji/minji_ws/install/webots_ros2_epuck/lib/webots_ros2_epuck
[1.692s] writing list of installed files to '/home/minji/minji_ws/build/webots_ros2_epuck/install.log'
[1.717s] Invoked command in '/home/minji/minji_ws/webots_ros2/webots_ros2_epuck' returned '0': AMENT_PREFIX_PATH=/home/minji/minji_ws/install/webots_ros2_control:/home/minji/minji_ws/install/webots_ros2_driver:/home/minji/minji_ws/install/webots_ros2_msgs:${AMENT_PREFIX_PATH} CMAKE_PREFIX_PATH=/home/minji/minji_ws/install/webots_ros2_control:/home/minji/minji_ws/install/webots_ros2_driver:/home/minji/minji_ws/install/webots_ros2_msgs:/home/minji/my_study/install/webots_ros2_control:/home/minji/my_study/install/webots_ros2_driver:/home/minji/my_study/install/webots_ros2_msgs:/usr/local LD_LIBRARY_PATH=/home/minji/minji_ws/install/webots_ros2_control/lib:/home/minji/minji_ws/install/webots_ros2_driver/lib:/home/minji/minji_ws/install/webots_ros2_msgs/lib:${LD_LIBRARY_PATH} PYTHONPATH=/home/minji/minji_ws/build/webots_ros2_epuck/prefix_override:/usr/lib/python3/dist-packages/colcon_core/task/python/colcon_distutils_commands:/home/minji/minji_ws/install/webots_ros2_epuck/lib/python3.10/site-packages:/home/minji/minji_ws/install/webots_ros2_driver/local/lib/python3.10/dist-packages:/home/minji/minji_ws/install/webots_ros2_msgs/local/lib/python3.10/dist-packages:${PYTHONPATH} /usr/bin/python3 -W ignore:setup.py install is deprecated setup.py egg_info --egg-base ../../build/webots_ros2_epuck build --build-base /home/minji/minji_ws/build/webots_ros2_epuck/build install --record /home/minji/minji_ws/build/webots_ros2_epuck/install.log --single-version-externally-managed install_data
