[2.005s] Invoking command in '/home/minji/minji_ws/webots_ros2/webots_ros2_turtlebot': AMENT_PREFIX_PATH=/home/minji/minji_ws/install/webots_ros2_control:/home/minji/minji_ws/install/webots_ros2_driver:/home/minji/minji_ws/install/webots_ros2_msgs:${AMENT_PREFIX_PATH} CMAKE_PREFIX_PATH=/home/minji/minji_ws/install/webots_ros2_control:/home/minji/minji_ws/install/webots_ros2_driver:/home/minji/minji_ws/install/webots_ros2_msgs${CMAKE_PREFIX_PATH} LD_LIBRARY_PATH=/home/minji/minji_ws/install/webots_ros2_control/lib:/home/minji/minji_ws/install/webots_ros2_driver/lib:/home/minji/minji_ws/install/webots_ros2_msgs/lib:${LD_LIBRARY_PATH} PYTHONPATH=/home/minji/minji_ws/build/webots_ros2_turtlebot/prefix_override:/usr/lib/python3/dist-packages/colcon_core/task/python/colcon_distutils_commands:/home/minji/minji_ws/install/webots_ros2_turtlebot/lib/python3.10/site-packages:/home/minji/minji_ws/install/webots_ros2_driver/local/lib/python3.10/dist-packages:/home/minji/minji_ws/install/webots_ros2_msgs/local/lib/python3.10/dist-packages:${PYTHONPATH} /usr/bin/python3 -W ignore:setup.py install is deprecated setup.py egg_info --egg-base ../../build/webots_ros2_turtlebot build --build-base /home/minji/minji_ws/build/webots_ros2_turtlebot/build install --record /home/minji/minji_ws/build/webots_ros2_turtlebot/install.log --single-version-externally-managed install_data
[2.306s] running egg_info
[2.306s] writing ../../build/webots_ros2_turtlebot/webots_ros2_turtlebot.egg-info/PKG-INFO
[2.307s] writing dependency_links to ../../build/webots_ros2_turtlebot/webots_ros2_turtlebot.egg-info/dependency_links.txt
[2.307s] writing entry points to ../../build/webots_ros2_turtlebot/webots_ros2_turtlebot.egg-info/entry_points.txt
[2.307s] writing requirements to ../../build/webots_ros2_turtlebot/webots_ros2_turtlebot.egg-info/requires.txt
[2.308s] writing top-level names to ../../build/webots_ros2_turtlebot/webots_ros2_turtlebot.egg-info/top_level.txt
[2.311s] reading manifest file '../../build/webots_ros2_turtlebot/webots_ros2_turtlebot.egg-info/SOURCES.txt'
[2.312s] writing manifest file '../../build/webots_ros2_turtlebot/webots_ros2_turtlebot.egg-info/SOURCES.txt'
[2.312s] running build
[2.312s] running build_py
[2.313s] running install
[2.313s] running install_lib
[2.315s] running install_data
[2.316s] running install_egg_info
[2.318s] removing '/home/minji/minji_ws/install/webots_ros2_turtlebot/lib/python3.10/site-packages/webots_ros2_turtlebot-2023.1.2-py3.10.egg-info' (and everything under it)
[2.318s] Copying ../../build/webots_ros2_turtlebot/webots_ros2_turtlebot.egg-info to /home/minji/minji_ws/install/webots_ros2_turtlebot/lib/python3.10/site-packages/webots_ros2_turtlebot-2023.1.2-py3.10.egg-info
[2.319s] running install_scripts
[2.344s] writing list of installed files to '/home/minji/minji_ws/build/webots_ros2_turtlebot/install.log'
[2.375s] Invoked command in '/home/minji/minji_ws/webots_ros2/webots_ros2_turtlebot' returned '0': AMENT_PREFIX_PATH=/home/minji/minji_ws/install/webots_ros2_control:/home/minji/minji_ws/install/webots_ros2_driver:/home/minji/minji_ws/install/webots_ros2_msgs:${AMENT_PREFIX_PATH} CMAKE_PREFIX_PATH=/home/minji/minji_ws/install/webots_ros2_control:/home/minji/minji_ws/install/webots_ros2_driver:/home/minji/minji_ws/install/webots_ros2_msgs${CMAKE_PREFIX_PATH} LD_LIBRARY_PATH=/home/minji/minji_ws/install/webots_ros2_control/lib:/home/minji/minji_ws/install/webots_ros2_driver/lib:/home/minji/minji_ws/install/webots_ros2_msgs/lib:${LD_LIBRARY_PATH} PYTHONPATH=/home/minji/minji_ws/build/webots_ros2_turtlebot/prefix_override:/usr/lib/python3/dist-packages/colcon_core/task/python/colcon_distutils_commands:/home/minji/minji_ws/install/webots_ros2_turtlebot/lib/python3.10/site-packages:/home/minji/minji_ws/install/webots_ros2_driver/local/lib/python3.10/dist-packages:/home/minji/minji_ws/install/webots_ros2_msgs/local/lib/python3.10/dist-packages:${PYTHONPATH} /usr/bin/python3 -W ignore:setup.py install is deprecated setup.py egg_info --egg-base ../../build/webots_ros2_turtlebot build --build-base /home/minji/minji_ws/build/webots_ros2_turtlebot/build install --record /home/minji/minji_ws/build/webots_ros2_turtlebot/install.log --single-version-externally-managed install_data
