/home/minji/minji_ws/install/webots_ros2_universal_robot/lib/python3.10/site-packages/webots_ros2_universal_robot/__init__.py
/home/minji/minji_ws/install/webots_ros2_universal_robot/lib/python3.10/site-packages/webots_ros2_universal_robot/ur5e_controller.py
/home/minji/minji_ws/install/webots_ros2_universal_robot/lib/python3.10/site-packages/webots_ros2_universal_robot/abb_controller.py
/home/minji/minji_ws/install/webots_ros2_universal_robot/lib/python3.10/site-packages/webots_ros2_universal_robot/follow_joint_trajectory_client.py
/home/minji/minji_ws/install/webots_ros2_universal_robot/lib/python3.10/site-packages/webots_ros2_universal_robot/__pycache__/__init__.cpython-310.pyc
/home/minji/minji_ws/install/webots_ros2_universal_robot/lib/python3.10/site-packages/webots_ros2_universal_robot/__pycache__/ur5e_controller.cpython-310.pyc
/home/minji/minji_ws/install/webots_ros2_universal_robot/lib/python3.10/site-packages/webots_ros2_universal_robot/__pycache__/abb_controller.cpython-310.pyc
/home/minji/minji_ws/install/webots_ros2_universal_robot/lib/python3.10/site-packages/webots_ros2_universal_robot/__pycache__/follow_joint_trajectory_client.cpython-310.pyc
/home/minji/minji_ws/install/webots_ros2_universal_robot/share/ament_index/resource_index/packages/webots_ros2_universal_robot
/home/minji/minji_ws/install/webots_ros2_universal_robot/share/webots_ros2_universal_robot/launch/robot_nodes_launch.py
/home/minji/minji_ws/install/webots_ros2_universal_robot/share/webots_ros2_universal_robot/launch/robot_world_launch.py
/home/minji/minji_ws/install/webots_ros2_universal_robot/share/webots_ros2_universal_robot/launch/robot_moveit_nodes_launch.py
/home/minji/minji_ws/install/webots_ros2_universal_robot/share/webots_ros2_universal_robot/launch/multirobot_launch.py
/home/minji/minji_ws/install/webots_ros2_universal_robot/share/webots_ros2_universal_robot/worlds/universal_robot.wbt
/home/minji/minji_ws/install/webots_ros2_universal_robot/share/webots_ros2_universal_robot/worlds/.universal_robot.wbproj
/home/minji/minji_ws/install/webots_ros2_universal_robot/share/webots_ros2_universal_robot/worlds/robotic_arms.wbt
/home/minji/minji_ws/install/webots_ros2_universal_robot/share/webots_ros2_universal_robot/worlds/.robotic_arms.wbproj
/home/minji/minji_ws/install/webots_ros2_universal_robot/share/webots_ros2_universal_robot/package.xml
/home/minji/minji_ws/install/webots_ros2_universal_robot/share/webots_ros2_universal_robot/resource/ros2_control_abb_config.yaml
/home/minji/minji_ws/install/webots_ros2_universal_robot/share/webots_ros2_universal_robot/resource/moveit_ur5e.srdf
/home/minji/minji_ws/install/webots_ros2_universal_robot/share/webots_ros2_universal_robot/resource/moveit_movegroup.yaml
/home/minji/minji_ws/install/webots_ros2_universal_robot/share/webots_ros2_universal_robot/resource/moveit_kinematics.yaml
/home/minji/minji_ws/install/webots_ros2_universal_robot/share/webots_ros2_universal_robot/resource/webots_abb_description.urdf
/home/minji/minji_ws/install/webots_ros2_universal_robot/share/webots_ros2_universal_robot/resource/ur5e_with_gripper.urdf
/home/minji/minji_ws/install/webots_ros2_universal_robot/share/webots_ros2_universal_robot/resource/moveit_controllers.yaml
/home/minji/minji_ws/install/webots_ros2_universal_robot/share/webots_ros2_universal_robot/resource/moveit_visualization.rviz
/home/minji/minji_ws/install/webots_ros2_universal_robot/share/webots_ros2_universal_robot/resource/ros2_control_config.yaml
/home/minji/minji_ws/install/webots_ros2_universal_robot/share/webots_ros2_universal_robot/resource/ur5e_with_gripper.urdf.xacro
/home/minji/minji_ws/install/webots_ros2_universal_robot/share/webots_ros2_universal_robot/resource/Universal_Robots_ROS2_Driver/ur_description/urdf/ur.urdf.xacro
/home/minji/minji_ws/install/webots_ros2_universal_robot/share/webots_ros2_universal_robot/resource/Universal_Robots_ROS2_Driver/ur_description/urdf/ur_macro.xacro
/home/minji/minji_ws/install/webots_ros2_universal_robot/share/webots_ros2_universal_robot/resource/Universal_Robots_ROS2_Driver/ur_description/urdf/ur.ros2_control.xacro
/home/minji/minji_ws/install/webots_ros2_universal_robot/share/webots_ros2_universal_robot/resource/Universal_Robots_ROS2_Driver/ur_description/urdf/inc/ur_common.xacro
/home/minji/minji_ws/install/webots_ros2_universal_robot/share/webots_ros2_universal_robot/resource/Universal_Robots_ROS2_Driver/ur_description/urdf/inc/ur_transmissions.xacro
/home/minji/minji_ws/install/webots_ros2_universal_robot/share/webots_ros2_universal_robot/resource/Universal_Robots_ROS2_Driver/ur_description/config/initial_positions.yaml
/home/minji/minji_ws/install/webots_ros2_universal_robot/share/webots_ros2_universal_robot/resource/Universal_Robots_ROS2_Driver/ur_description/config/ur5e/visual_parameters.yaml
/home/minji/minji_ws/install/webots_ros2_universal_robot/share/webots_ros2_universal_robot/resource/Universal_Robots_ROS2_Driver/ur_description/config/ur5e/default_kinematics.yaml
/home/minji/minji_ws/install/webots_ros2_universal_robot/share/webots_ros2_universal_robot/resource/Universal_Robots_ROS2_Driver/ur_description/config/ur5e/joint_limits.yaml
/home/minji/minji_ws/install/webots_ros2_universal_robot/share/webots_ros2_universal_robot/resource/Universal_Robots_ROS2_Driver/ur_description/config/ur5e/physical_parameters.yaml
/home/minji/minji_ws/install/webots_ros2_universal_robot/share/webots_ros2_universal_robot/resource/Universal_Robots_ROS2_Driver/ur_description/meshes/ur5e/collision/wrist1.stl
/home/minji/minji_ws/install/webots_ros2_universal_robot/share/webots_ros2_universal_robot/resource/Universal_Robots_ROS2_Driver/ur_description/meshes/ur5e/collision/wrist3.stl
/home/minji/minji_ws/install/webots_ros2_universal_robot/share/webots_ros2_universal_robot/resource/Universal_Robots_ROS2_Driver/ur_description/meshes/ur5e/collision/shoulder.stl
/home/minji/minji_ws/install/webots_ros2_universal_robot/share/webots_ros2_universal_robot/resource/Universal_Robots_ROS2_Driver/ur_description/meshes/ur5e/collision/base.stl
/home/minji/minji_ws/install/webots_ros2_universal_robot/share/webots_ros2_universal_robot/resource/Universal_Robots_ROS2_Driver/ur_description/meshes/ur5e/collision/wrist2.stl
/home/minji/minji_ws/install/webots_ros2_universal_robot/share/webots_ros2_universal_robot/resource/Universal_Robots_ROS2_Driver/ur_description/meshes/ur5e/collision/upperarm.stl
/home/minji/minji_ws/install/webots_ros2_universal_robot/share/webots_ros2_universal_robot/resource/Universal_Robots_ROS2_Driver/ur_description/meshes/ur5e/collision/forearm.stl
/home/minji/minji_ws/install/webots_ros2_universal_robot/share/webots_ros2_universal_robot/resource/Universal_Robots_ROS2_Driver/ur_description/meshes/ur5e/visual/wrist1.dae
/home/minji/minji_ws/install/webots_ros2_universal_robot/share/webots_ros2_universal_robot/resource/Universal_Robots_ROS2_Driver/ur_description/meshes/ur5e/visual/wrist3.dae
/home/minji/minji_ws/install/webots_ros2_universal_robot/share/webots_ros2_universal_robot/resource/Universal_Robots_ROS2_Driver/ur_description/meshes/ur5e/visual/base.dae
/home/minji/minji_ws/install/webots_ros2_universal_robot/share/webots_ros2_universal_robot/resource/Universal_Robots_ROS2_Driver/ur_description/meshes/ur5e/visual/shoulder.dae
/home/minji/minji_ws/install/webots_ros2_universal_robot/share/webots_ros2_universal_robot/resource/Universal_Robots_ROS2_Driver/ur_description/meshes/ur5e/visual/forearm.dae
/home/minji/minji_ws/install/webots_ros2_universal_robot/share/webots_ros2_universal_robot/resource/Universal_Robots_ROS2_Driver/ur_description/meshes/ur5e/visual/wrist2.dae
/home/minji/minji_ws/install/webots_ros2_universal_robot/share/webots_ros2_universal_robot/resource/Universal_Robots_ROS2_Driver/ur_description/meshes/ur5e/visual/upperarm.dae
/home/minji/minji_ws/install/webots_ros2_universal_robot/share/webots_ros2_universal_robot/resource/robotiq/robotiq_3f_gripper_visualization/meshes/robotiq-3f-gripper_articulated/collision/link_3.STL
/home/minji/minji_ws/install/webots_ros2_universal_robot/share/webots_ros2_universal_robot/resource/robotiq/robotiq_3f_gripper_visualization/meshes/robotiq-3f-gripper_articulated/collision/palm.STL
/home/minji/minji_ws/install/webots_ros2_universal_robot/share/webots_ros2_universal_robot/resource/robotiq/robotiq_3f_gripper_visualization/meshes/robotiq-3f-gripper_articulated/collision/link_0.STL
/home/minji/minji_ws/install/webots_ros2_universal_robot/share/webots_ros2_universal_robot/resource/robotiq/robotiq_3f_gripper_visualization/meshes/robotiq-3f-gripper_articulated/collision/link_1.STL
/home/minji/minji_ws/install/webots_ros2_universal_robot/share/webots_ros2_universal_robot/resource/robotiq/robotiq_3f_gripper_visualization/meshes/robotiq-3f-gripper_articulated/collision/link_2.STL
/home/minji/minji_ws/install/webots_ros2_universal_robot/share/webots_ros2_universal_robot/resource/robotiq/robotiq_3f_gripper_visualization/meshes/robotiq-3f-gripper_articulated/visual/palm.dae
/home/minji/minji_ws/install/webots_ros2_universal_robot/share/webots_ros2_universal_robot/resource/robotiq/robotiq_3f_gripper_visualization/meshes/robotiq-3f-gripper_articulated/visual/link_1.dae
/home/minji/minji_ws/install/webots_ros2_universal_robot/share/webots_ros2_universal_robot/resource/robotiq/robotiq_3f_gripper_visualization/meshes/robotiq-3f-gripper_articulated/visual/link_3.dae
/home/minji/minji_ws/install/webots_ros2_universal_robot/share/webots_ros2_universal_robot/resource/robotiq/robotiq_3f_gripper_visualization/meshes/robotiq-3f-gripper_articulated/visual/link_0.dae
/home/minji/minji_ws/install/webots_ros2_universal_robot/share/webots_ros2_universal_robot/resource/robotiq/robotiq_3f_gripper_visualization/meshes/robotiq-3f-gripper_articulated/visual/link_2.dae
/home/minji/minji_ws/install/webots_ros2_universal_robot/share/webots_ros2_universal_robot/resource/robotiq/robotiq_3f_gripper_visualization/cfg/robotiq-3f-gripper_articulated_macro.xacro
/home/minji/minji_ws/install/webots_ros2_universal_robot/share/webots_ros2_universal_robot/resource/robotiq/robotiq_3f_gripper_visualization/cfg/robotiq-3f-gripper_finger_articulated_macro.xacro
/home/minji/minji_ws/install/webots_ros2_universal_robot/lib/python3.10/site-packages/webots_ros2_universal_robot-2023.1.2-py3.10.egg-info/top_level.txt
/home/minji/minji_ws/install/webots_ros2_universal_robot/lib/python3.10/site-packages/webots_ros2_universal_robot-2023.1.2-py3.10.egg-info/zip-safe
/home/minji/minji_ws/install/webots_ros2_universal_robot/lib/python3.10/site-packages/webots_ros2_universal_robot-2023.1.2-py3.10.egg-info/entry_points.txt
/home/minji/minji_ws/install/webots_ros2_universal_robot/lib/python3.10/site-packages/webots_ros2_universal_robot-2023.1.2-py3.10.egg-info/requires.txt
/home/minji/minji_ws/install/webots_ros2_universal_robot/lib/python3.10/site-packages/webots_ros2_universal_robot-2023.1.2-py3.10.egg-info/SOURCES.txt
/home/minji/minji_ws/install/webots_ros2_universal_robot/lib/python3.10/site-packages/webots_ros2_universal_robot-2023.1.2-py3.10.egg-info/PKG-INFO
/home/minji/minji_ws/install/webots_ros2_universal_robot/lib/python3.10/site-packages/webots_ros2_universal_robot-2023.1.2-py3.10.egg-info/dependency_links.txt
/home/minji/minji_ws/install/webots_ros2_universal_robot/lib/webots_ros2_universal_robot/abb_controller
/home/minji/minji_ws/install/webots_ros2_universal_robot/lib/webots_ros2_universal_robot/ur5e_controller
