[1.670s] Invoking command in '/home/minji/test_folder/Test_in_Simulation/webots_ros2/webots_ros2_epuck': CMAKE_PREFIX_PATH=/home/minji/test_folder/Test_in_Simulation/install/webots_ros2_control:/home/minji/test_folder/Test_in_Simulation/install/webots_ros2_driver:/home/minji/test_folder/Test_in_Simulation/install/webots_ros2_msgs:/home/minji/minji_ws/install/webots_ros2_control:/home/minji/minji_ws/install/webots_ros2_driver:/home/minji/minji_ws/install/webots_ros2_msgs:/home/minji/minji_ws/install/btcpp_ros2_project:/home/minji/minji_ws/install/btcpp_ros2_samples:/home/minji/minji_ws/install/behaviortree_ros2:/home/minji/minji_ws/install/btcpp_ros2_interfaces:/home/minji/my_study/install/webots_ros2_control:/home/minji/my_study/install/webots_ros2_driver:/home/minji/my_study/install/webots_ros2_msgs:/usr/local PYTHONPATH=/home/minji/test_folder/Test_in_Simulation/build/webots_ros2_epuck/prefix_override:/usr/lib/python3/dist-packages/colcon_core/task/python/colcon_distutils_commands:/home/minji/test_folder/Test_in_Simulation/install/webots_ros2_epuck/lib/python3.10/site-packages:${PYTHONPATH} /usr/bin/python3 -W ignore:setup.py install is deprecated setup.py egg_info --egg-base ../../build/webots_ros2_epuck build --build-base /home/minji/test_folder/Test_in_Simulation/build/webots_ros2_epuck/build install --record /home/minji/test_folder/Test_in_Simulation/build/webots_ros2_epuck/install.log --single-version-externally-managed install_data
[1.955s] running egg_info
[1.956s] writing ../../build/webots_ros2_epuck/webots_ros2_epuck.egg-info/PKG-INFO
[1.956s] writing dependency_links to ../../build/webots_ros2_epuck/webots_ros2_epuck.egg-info/dependency_links.txt
[1.956s] writing entry points to ../../build/webots_ros2_epuck/webots_ros2_epuck.egg-info/entry_points.txt
[1.956s] writing requirements to ../../build/webots_ros2_epuck/webots_ros2_epuck.egg-info/requires.txt
[1.957s] writing top-level names to ../../build/webots_ros2_epuck/webots_ros2_epuck.egg-info/top_level.txt
[1.959s] reading manifest file '../../build/webots_ros2_epuck/webots_ros2_epuck.egg-info/SOURCES.txt'
[1.965s] writing manifest file '../../build/webots_ros2_epuck/webots_ros2_epuck.egg-info/SOURCES.txt'
[1.965s] running build
[1.966s] running build_py
[1.966s] running install
[1.966s] running install_lib
[1.968s] running install_data
[1.969s] running install_egg_info
[1.972s] removing '/home/minji/test_folder/Test_in_Simulation/install/webots_ros2_epuck/lib/python3.10/site-packages/webots_ros2_epuck-2023.1.2-py3.10.egg-info' (and everything under it)
[1.972s] Copying ../../build/webots_ros2_epuck/webots_ros2_epuck.egg-info to /home/minji/test_folder/Test_in_Simulation/install/webots_ros2_epuck/lib/python3.10/site-packages/webots_ros2_epuck-2023.1.2-py3.10.egg-info
[1.973s] running install_scripts
[2.000s] Installing drive_calibrator script to /home/minji/test_folder/Test_in_Simulation/install/webots_ros2_epuck/lib/webots_ros2_epuck
[2.000s] Installing epuck_node script to /home/minji/test_folder/Test_in_Simulation/install/webots_ros2_epuck/lib/webots_ros2_epuck
[2.001s] Installing simple_mapper script to /home/minji/test_folder/Test_in_Simulation/install/webots_ros2_epuck/lib/webots_ros2_epuck
[2.001s] writing list of installed files to '/home/minji/test_folder/Test_in_Simulation/build/webots_ros2_epuck/install.log'
[2.034s] Invoked command in '/home/minji/test_folder/Test_in_Simulation/webots_ros2/webots_ros2_epuck' returned '0': CMAKE_PREFIX_PATH=/home/minji/test_folder/Test_in_Simulation/install/webots_ros2_control:/home/minji/test_folder/Test_in_Simulation/install/webots_ros2_driver:/home/minji/test_folder/Test_in_Simulation/install/webots_ros2_msgs:/home/minji/minji_ws/install/webots_ros2_control:/home/minji/minji_ws/install/webots_ros2_driver:/home/minji/minji_ws/install/webots_ros2_msgs:/home/minji/minji_ws/install/btcpp_ros2_project:/home/minji/minji_ws/install/btcpp_ros2_samples:/home/minji/minji_ws/install/behaviortree_ros2:/home/minji/minji_ws/install/btcpp_ros2_interfaces:/home/minji/my_study/install/webots_ros2_control:/home/minji/my_study/install/webots_ros2_driver:/home/minji/my_study/install/webots_ros2_msgs:/usr/local PYTHONPATH=/home/minji/test_folder/Test_in_Simulation/build/webots_ros2_epuck/prefix_override:/usr/lib/python3/dist-packages/colcon_core/task/python/colcon_distutils_commands:/home/minji/test_folder/Test_in_Simulation/install/webots_ros2_epuck/lib/python3.10/site-packages:${PYTHONPATH} /usr/bin/python3 -W ignore:setup.py install is deprecated setup.py egg_info --egg-base ../../build/webots_ros2_epuck build --build-base /home/minji/test_folder/Test_in_Simulation/build/webots_ros2_epuck/build install --record /home/minji/test_folder/Test_in_Simulation/build/webots_ros2_epuck/install.log --single-version-externally-managed install_data
