[0.016s] Invoking command in '/home/minji/minji_ws/build/webots_ros2_control': AMENT_PREFIX_PATH=/home/minji/minji_ws/install/webots_ros2_driver:/home/minji/minji_ws/install/webots_ros2_msgs:${AMENT_PREFIX_PATH} CMAKE_PREFIX_PATH=/home/minji/minji_ws/install/webots_ros2_driver:/home/minji/minji_ws/install/webots_ros2_msgs:/usr/local:/opt/ros/humble LD_LIBRARY_PATH=/home/minji/minji_ws/install/webots_ros2_driver/lib:/home/minji/minji_ws/install/webots_ros2_msgs/lib:${LD_LIBRARY_PATH} PYTHONPATH=/home/minji/minji_ws/install/webots_ros2_driver/local/lib/python3.10/dist-packages:/home/minji/minji_ws/install/webots_ros2_msgs/local/lib/python3.10/dist-packages:${PYTHONPATH} /usr/bin/cmake --build /home/minji/minji_ws/build/webots_ros2_control -- -j8 -l8
[0.475s] [ 25%] [32m[1mLinking CXX shared library libwebots_ros2_control_system.so[0m
[0.475s] [ 50%] [32m[1mLinking CXX shared library libwebots_ros2_control.so[0m
[0.475s] [ 75%] Built target webots_ros2_control_system
[0.475s] [100%] Built target webots_ros2_control
[0.731s] Invoked command in '/home/minji/minji_ws/build/webots_ros2_control' returned '0': AMENT_PREFIX_PATH=/home/minji/minji_ws/install/webots_ros2_driver:/home/minji/minji_ws/install/webots_ros2_msgs:${AMENT_PREFIX_PATH} CMAKE_PREFIX_PATH=/home/minji/minji_ws/install/webots_ros2_driver:/home/minji/minji_ws/install/webots_ros2_msgs:/usr/local:/opt/ros/humble LD_LIBRARY_PATH=/home/minji/minji_ws/install/webots_ros2_driver/lib:/home/minji/minji_ws/install/webots_ros2_msgs/lib:${LD_LIBRARY_PATH} PYTHONPATH=/home/minji/minji_ws/install/webots_ros2_driver/local/lib/python3.10/dist-packages:/home/minji/minji_ws/install/webots_ros2_msgs/local/lib/python3.10/dist-packages:${PYTHONPATH} /usr/bin/cmake --build /home/minji/minji_ws/build/webots_ros2_control -- -j8 -l8
[0.760s] Invoking command in '/home/minji/minji_ws/build/webots_ros2_control': AMENT_PREFIX_PATH=/home/minji/minji_ws/install/webots_ros2_driver:/home/minji/minji_ws/install/webots_ros2_msgs:${AMENT_PREFIX_PATH} CMAKE_PREFIX_PATH=/home/minji/minji_ws/install/webots_ros2_driver:/home/minji/minji_ws/install/webots_ros2_msgs:/usr/local:/opt/ros/humble LD_LIBRARY_PATH=/home/minji/minji_ws/install/webots_ros2_driver/lib:/home/minji/minji_ws/install/webots_ros2_msgs/lib:${LD_LIBRARY_PATH} PYTHONPATH=/home/minji/minji_ws/install/webots_ros2_driver/local/lib/python3.10/dist-packages:/home/minji/minji_ws/install/webots_ros2_msgs/local/lib/python3.10/dist-packages:${PYTHONPATH} /usr/bin/cmake --install /home/minji/minji_ws/build/webots_ros2_control
[0.769s] -- Install configuration: ""
[0.769s] -- Up-to-date: /home/minji/minji_ws/install/webots_ros2_control/share/webots_ros2_control/webots_ros2_control.xml
[0.769s] -- Up-to-date: /home/minji/minji_ws/install/webots_ros2_control/share/webots_ros2_control/webots_ros2_control_system.xml
[0.769s] -- Installing: /home/minji/minji_ws/install/webots_ros2_control/lib/libwebots_ros2_control.so
[0.772s] -- Set runtime path of "/home/minji/minji_ws/install/webots_ros2_control/lib/libwebots_ros2_control.so" to ""
[0.772s] -- Installing: /home/minji/minji_ws/install/webots_ros2_control/lib/libwebots_ros2_control_system.so
[0.773s] -- Set runtime path of "/home/minji/minji_ws/install/webots_ros2_control/lib/libwebots_ros2_control_system.so" to ""
[0.773s] -- Up-to-date: /home/minji/minji_ws/install/webots_ros2_control/include
[0.773s] -- Up-to-date: /home/minji/minji_ws/install/webots_ros2_control/include/webots_ros2_control
[0.774s] -- Up-to-date: /home/minji/minji_ws/install/webots_ros2_control/include/webots_ros2_control/Ros2ControlSystem.hpp
[0.774s] -- Up-to-date: /home/minji/minji_ws/install/webots_ros2_control/include/webots_ros2_control/Ros2Control.hpp
[0.774s] -- Up-to-date: /home/minji/minji_ws/install/webots_ros2_control/include/webots_ros2_control/Ros2ControlSystemInterface.hpp
[0.774s] -- Up-to-date: /home/minji/minji_ws/install/webots_ros2_control/share/webots_ros2_control/environment/library_path.sh
[0.774s] -- Up-to-date: /home/minji/minji_ws/install/webots_ros2_control/share/webots_ros2_control/environment/library_path.dsv
[0.774s] -- Up-to-date: /home/minji/minji_ws/install/webots_ros2_control/share/ament_index/resource_index/package_run_dependencies/webots_ros2_control
[0.774s] -- Up-to-date: /home/minji/minji_ws/install/webots_ros2_control/share/ament_index/resource_index/parent_prefix_path/webots_ros2_control
[0.774s] -- Up-to-date: /home/minji/minji_ws/install/webots_ros2_control/share/webots_ros2_control/environment/ament_prefix_path.sh
[0.775s] -- Up-to-date: /home/minji/minji_ws/install/webots_ros2_control/share/webots_ros2_control/environment/ament_prefix_path.dsv
[0.775s] -- Up-to-date: /home/minji/minji_ws/install/webots_ros2_control/share/webots_ros2_control/environment/path.sh
[0.775s] -- Up-to-date: /home/minji/minji_ws/install/webots_ros2_control/share/webots_ros2_control/environment/path.dsv
[0.775s] -- Up-to-date: /home/minji/minji_ws/install/webots_ros2_control/share/webots_ros2_control/local_setup.bash
[0.775s] -- Up-to-date: /home/minji/minji_ws/install/webots_ros2_control/share/webots_ros2_control/local_setup.sh
[0.775s] -- Up-to-date: /home/minji/minji_ws/install/webots_ros2_control/share/webots_ros2_control/local_setup.zsh
[0.775s] -- Up-to-date: /home/minji/minji_ws/install/webots_ros2_control/share/webots_ros2_control/local_setup.dsv
[0.775s] -- Installing: /home/minji/minji_ws/install/webots_ros2_control/share/webots_ros2_control/package.dsv
[0.775s] -- Up-to-date: /home/minji/minji_ws/install/webots_ros2_control/share/ament_index/resource_index/packages/webots_ros2_control
[0.776s] -- Up-to-date: /home/minji/minji_ws/install/webots_ros2_control/share/ament_index/resource_index/webots_ros2_driver__pluginlib__plugin/webots_ros2_control
[0.776s] -- Up-to-date: /home/minji/minji_ws/install/webots_ros2_control/share/ament_index/resource_index/webots_ros2_control__pluginlib__plugin/webots_ros2_control
[0.776s] -- Up-to-date: /home/minji/minji_ws/install/webots_ros2_control/share/webots_ros2_control/cmake/ament_cmake_export_include_directories-extras.cmake
[0.776s] -- Up-to-date: /home/minji/minji_ws/install/webots_ros2_control/share/webots_ros2_control/cmake/ament_cmake_export_dependencies-extras.cmake
[0.776s] -- Up-to-date: /home/minji/minji_ws/install/webots_ros2_control/share/webots_ros2_control/cmake/ament_cmake_export_libraries-extras.cmake
[0.776s] -- Up-to-date: /home/minji/minji_ws/install/webots_ros2_control/share/webots_ros2_control/cmake/webots_ros2_controlConfig.cmake
[0.776s] -- Up-to-date: /home/minji/minji_ws/install/webots_ros2_control/share/webots_ros2_control/cmake/webots_ros2_controlConfig-version.cmake
[0.776s] -- Up-to-date: /home/minji/minji_ws/install/webots_ros2_control/share/webots_ros2_control/package.xml
[0.779s] Invoked command in '/home/minji/minji_ws/build/webots_ros2_control' returned '0': AMENT_PREFIX_PATH=/home/minji/minji_ws/install/webots_ros2_driver:/home/minji/minji_ws/install/webots_ros2_msgs:${AMENT_PREFIX_PATH} CMAKE_PREFIX_PATH=/home/minji/minji_ws/install/webots_ros2_driver:/home/minji/minji_ws/install/webots_ros2_msgs:/usr/local:/opt/ros/humble LD_LIBRARY_PATH=/home/minji/minji_ws/install/webots_ros2_driver/lib:/home/minji/minji_ws/install/webots_ros2_msgs/lib:${LD_LIBRARY_PATH} PYTHONPATH=/home/minji/minji_ws/install/webots_ros2_driver/local/lib/python3.10/dist-packages:/home/minji/minji_ws/install/webots_ros2_msgs/local/lib/python3.10/dist-packages:${PYTHONPATH} /usr/bin/cmake --install /home/minji/minji_ws/build/webots_ros2_control
