[1.246s] Invoking command in '/home/minji/test_folder/Test_in_Simulation/webots_ros2/webots_ros2_universal_robot': AMENT_PREFIX_PATH=/home/minji/test_folder/Test_in_Simulation/install/webots_ros2_control:/home/minji/test_folder/Test_in_Simulation/install/webots_ros2_driver:/home/minji/test_folder/Test_in_Simulation/install/webots_ros2_msgs:${AMENT_PREFIX_PATH} CMAKE_PREFIX_PATH=/home/minji/test_folder/Test_in_Simulation/install/webots_ros2_control:/home/minji/test_folder/Test_in_Simulation/install/webots_ros2_driver:/home/minji/test_folder/Test_in_Simulation/install/webots_ros2_msgs:${CMAKE_PREFIX_PATH} LD_LIBRARY_PATH=/home/minji/test_folder/Test_in_Simulation/install/webots_ros2_control/lib:/home/minji/test_folder/Test_in_Simulation/install/webots_ros2_driver/lib:/home/minji/test_folder/Test_in_Simulation/install/webots_ros2_msgs/lib:${LD_LIBRARY_PATH} PYTHONPATH=/home/minji/test_folder/Test_in_Simulation/build/webots_ros2_universal_robot/prefix_override:/usr/lib/python3/dist-packages/colcon_core/task/python/colcon_distutils_commands:/home/minji/test_folder/Test_in_Simulation/install/webots_ros2_universal_robot/lib/python3.10/site-packages:/home/minji/test_folder/Test_in_Simulation/install/webots_ros2_driver/local/lib/python3.10/dist-packages:/home/minji/test_folder/Test_in_Simulation/install/webots_ros2_msgs/local/lib/python3.10/dist-packages:${PYTHONPATH} /usr/bin/python3 -W ignore:setup.py install is deprecated setup.py egg_info --egg-base ../../build/webots_ros2_universal_robot build --build-base /home/minji/test_folder/Test_in_Simulation/build/webots_ros2_universal_robot/build install --record /home/minji/test_folder/Test_in_Simulation/build/webots_ros2_universal_robot/install.log --single-version-externally-managed install_data
[1.484s] running egg_info
[1.484s] creating ../../build/webots_ros2_universal_robot/webots_ros2_universal_robot.egg-info
[1.484s] writing ../../build/webots_ros2_universal_robot/webots_ros2_universal_robot.egg-info/PKG-INFO
[1.485s] writing dependency_links to ../../build/webots_ros2_universal_robot/webots_ros2_universal_robot.egg-info/dependency_links.txt
[1.485s] writing entry points to ../../build/webots_ros2_universal_robot/webots_ros2_universal_robot.egg-info/entry_points.txt
[1.485s] writing requirements to ../../build/webots_ros2_universal_robot/webots_ros2_universal_robot.egg-info/requires.txt
[1.485s] writing top-level names to ../../build/webots_ros2_universal_robot/webots_ros2_universal_robot.egg-info/top_level.txt
[1.485s] writing manifest file '../../build/webots_ros2_universal_robot/webots_ros2_universal_robot.egg-info/SOURCES.txt'
[1.486s] reading manifest file '../../build/webots_ros2_universal_robot/webots_ros2_universal_robot.egg-info/SOURCES.txt'
[1.487s] writing manifest file '../../build/webots_ros2_universal_robot/webots_ros2_universal_robot.egg-info/SOURCES.txt'
[1.488s] running build
[1.488s] running build_py
[1.488s] creating /home/minji/test_folder/Test_in_Simulation/build/webots_ros2_universal_robot/build
[1.488s] creating /home/minji/test_folder/Test_in_Simulation/build/webots_ros2_universal_robot/build/lib
[1.488s] creating /home/minji/test_folder/Test_in_Simulation/build/webots_ros2_universal_robot/build/lib/webots_ros2_universal_robot
[1.488s] copying webots_ros2_universal_robot/__init__.py -> /home/minji/test_folder/Test_in_Simulation/build/webots_ros2_universal_robot/build/lib/webots_ros2_universal_robot
[1.488s] copying webots_ros2_universal_robot/ur5e_controller.py -> /home/minji/test_folder/Test_in_Simulation/build/webots_ros2_universal_robot/build/lib/webots_ros2_universal_robot
[1.489s] copying webots_ros2_universal_robot/abb_controller.py -> /home/minji/test_folder/Test_in_Simulation/build/webots_ros2_universal_robot/build/lib/webots_ros2_universal_robot
[1.489s] copying webots_ros2_universal_robot/follow_joint_trajectory_client.py -> /home/minji/test_folder/Test_in_Simulation/build/webots_ros2_universal_robot/build/lib/webots_ros2_universal_robot
[1.489s] running install
[1.489s] running install_lib
[1.489s] creating /home/minji/test_folder/Test_in_Simulation/install/webots_ros2_universal_robot/lib/python3.10/site-packages/webots_ros2_universal_robot
[1.489s] copying /home/minji/test_folder/Test_in_Simulation/build/webots_ros2_universal_robot/build/lib/webots_ros2_universal_robot/__init__.py -> /home/minji/test_folder/Test_in_Simulation/install/webots_ros2_universal_robot/lib/python3.10/site-packages/webots_ros2_universal_robot
[1.490s] copying /home/minji/test_folder/Test_in_Simulation/build/webots_ros2_universal_robot/build/lib/webots_ros2_universal_robot/ur5e_controller.py -> /home/minji/test_folder/Test_in_Simulation/install/webots_ros2_universal_robot/lib/python3.10/site-packages/webots_ros2_universal_robot
[1.490s] copying /home/minji/test_folder/Test_in_Simulation/build/webots_ros2_universal_robot/build/lib/webots_ros2_universal_robot/abb_controller.py -> /home/minji/test_folder/Test_in_Simulation/install/webots_ros2_universal_robot/lib/python3.10/site-packages/webots_ros2_universal_robot
[1.490s] copying /home/minji/test_folder/Test_in_Simulation/build/webots_ros2_universal_robot/build/lib/webots_ros2_universal_robot/follow_joint_trajectory_client.py -> /home/minji/test_folder/Test_in_Simulation/install/webots_ros2_universal_robot/lib/python3.10/site-packages/webots_ros2_universal_robot
[1.491s] byte-compiling /home/minji/test_folder/Test_in_Simulation/install/webots_ros2_universal_robot/lib/python3.10/site-packages/webots_ros2_universal_robot/__init__.py to __init__.cpython-310.pyc
[1.491s] byte-compiling /home/minji/test_folder/Test_in_Simulation/install/webots_ros2_universal_robot/lib/python3.10/site-packages/webots_ros2_universal_robot/ur5e_controller.py to ur5e_controller.cpython-310.pyc
[1.492s] byte-compiling /home/minji/test_folder/Test_in_Simulation/install/webots_ros2_universal_robot/lib/python3.10/site-packages/webots_ros2_universal_robot/abb_controller.py to abb_controller.cpython-310.pyc
[1.492s] byte-compiling /home/minji/test_folder/Test_in_Simulation/install/webots_ros2_universal_robot/lib/python3.10/site-packages/webots_ros2_universal_robot/follow_joint_trajectory_client.py to follow_joint_trajectory_client.cpython-310.pyc
[1.493s] running install_data
[1.493s] creating /home/minji/test_folder/Test_in_Simulation/install/webots_ros2_universal_robot/share/ament_index
[1.493s] creating /home/minji/test_folder/Test_in_Simulation/install/webots_ros2_universal_robot/share/ament_index/resource_index
[1.493s] creating /home/minji/test_folder/Test_in_Simulation/install/webots_ros2_universal_robot/share/ament_index/resource_index/packages
[1.493s] copying resource/webots_ros2_universal_robot -> /home/minji/test_folder/Test_in_Simulation/install/webots_ros2_universal_robot/share/ament_index/resource_index/packages
[1.493s] creating /home/minji/test_folder/Test_in_Simulation/install/webots_ros2_universal_robot/share/webots_ros2_universal_robot/launch
[1.493s] copying launch/robot_launch/robot_nodes_launch.py -> /home/minji/test_folder/Test_in_Simulation/install/webots_ros2_universal_robot/share/webots_ros2_universal_robot/launch
[1.493s] copying launch/robot_launch/robot_world_launch.py -> /home/minji/test_folder/Test_in_Simulation/install/webots_ros2_universal_robot/share/webots_ros2_universal_robot/launch
[1.494s] copying launch/robot_launch/robot_moveit_nodes_launch.py -> /home/minji/test_folder/Test_in_Simulation/install/webots_ros2_universal_robot/share/webots_ros2_universal_robot/launch
[1.494s] copying launch/multirobot_launch.py -> /home/minji/test_folder/Test_in_Simulation/install/webots_ros2_universal_robot/share/webots_ros2_universal_robot/launch
[1.494s] creating /home/minji/test_folder/Test_in_Simulation/install/webots_ros2_universal_robot/share/webots_ros2_universal_robot/worlds
[1.494s] copying worlds/universal_robot.wbt -> /home/minji/test_folder/Test_in_Simulation/install/webots_ros2_universal_robot/share/webots_ros2_universal_robot/worlds
[1.494s] copying worlds/.universal_robot.wbproj -> /home/minji/test_folder/Test_in_Simulation/install/webots_ros2_universal_robot/share/webots_ros2_universal_robot/worlds
[1.495s] copying worlds/robotic_arms.wbt -> /home/minji/test_folder/Test_in_Simulation/install/webots_ros2_universal_robot/share/webots_ros2_universal_robot/worlds
[1.495s] copying worlds/.robotic_arms.wbproj -> /home/minji/test_folder/Test_in_Simulation/install/webots_ros2_universal_robot/share/webots_ros2_universal_robot/worlds
[1.495s] copying package.xml -> /home/minji/test_folder/Test_in_Simulation/install/webots_ros2_universal_robot/share/webots_ros2_universal_robot
[1.495s] creating /home/minji/test_folder/Test_in_Simulation/install/webots_ros2_universal_robot/share/webots_ros2_universal_robot/resource
[1.495s] copying resource/ros2_control_abb_config.yaml -> /home/minji/test_folder/Test_in_Simulation/install/webots_ros2_universal_robot/share/webots_ros2_universal_robot/resource
[1.495s] copying resource/moveit_ur5e.srdf -> /home/minji/test_folder/Test_in_Simulation/install/webots_ros2_universal_robot/share/webots_ros2_universal_robot/resource
[1.496s] copying resource/moveit_movegroup.yaml -> /home/minji/test_folder/Test_in_Simulation/install/webots_ros2_universal_robot/share/webots_ros2_universal_robot/resource
[1.496s] copying resource/moveit_kinematics.yaml -> /home/minji/test_folder/Test_in_Simulation/install/webots_ros2_universal_robot/share/webots_ros2_universal_robot/resource
[1.496s] copying resource/webots_abb_description.urdf -> /home/minji/test_folder/Test_in_Simulation/install/webots_ros2_universal_robot/share/webots_ros2_universal_robot/resource
[1.496s] copying resource/ur5e_with_gripper.urdf -> /home/minji/test_folder/Test_in_Simulation/install/webots_ros2_universal_robot/share/webots_ros2_universal_robot/resource
[1.496s] copying resource/moveit_controllers.yaml -> /home/minji/test_folder/Test_in_Simulation/install/webots_ros2_universal_robot/share/webots_ros2_universal_robot/resource
[1.497s] copying resource/moveit_visualization.rviz -> /home/minji/test_folder/Test_in_Simulation/install/webots_ros2_universal_robot/share/webots_ros2_universal_robot/resource
[1.497s] copying resource/ros2_control_config.yaml -> /home/minji/test_folder/Test_in_Simulation/install/webots_ros2_universal_robot/share/webots_ros2_universal_robot/resource
[1.497s] copying resource/ur5e_with_gripper.urdf.xacro -> /home/minji/test_folder/Test_in_Simulation/install/webots_ros2_universal_robot/share/webots_ros2_universal_robot/resource
[1.497s] creating /home/minji/test_folder/Test_in_Simulation/install/webots_ros2_universal_robot/share/webots_ros2_universal_robot/resource/Universal_Robots_ROS2_Driver
[1.497s] creating /home/minji/test_folder/Test_in_Simulation/install/webots_ros2_universal_robot/share/webots_ros2_universal_robot/resource/Universal_Robots_ROS2_Driver/ur_description
[1.497s] creating /home/minji/test_folder/Test_in_Simulation/install/webots_ros2_universal_robot/share/webots_ros2_universal_robot/resource/Universal_Robots_ROS2_Driver/ur_description/urdf
[1.497s] copying resource/Universal_Robots_ROS2_Driver/ur_description/urdf/ur.urdf.xacro -> /home/minji/test_folder/Test_in_Simulation/install/webots_ros2_universal_robot/share/webots_ros2_universal_robot/resource/Universal_Robots_ROS2_Driver/ur_description/urdf
[1.498s] copying resource/Universal_Robots_ROS2_Driver/ur_description/urdf/ur_macro.xacro -> /home/minji/test_folder/Test_in_Simulation/install/webots_ros2_universal_robot/share/webots_ros2_universal_robot/resource/Universal_Robots_ROS2_Driver/ur_description/urdf
[1.498s] copying resource/Universal_Robots_ROS2_Driver/ur_description/urdf/ur.ros2_control.xacro -> /home/minji/test_folder/Test_in_Simulation/install/webots_ros2_universal_robot/share/webots_ros2_universal_robot/resource/Universal_Robots_ROS2_Driver/ur_description/urdf
[1.498s] creating /home/minji/test_folder/Test_in_Simulation/install/webots_ros2_universal_robot/share/webots_ros2_universal_robot/resource/Universal_Robots_ROS2_Driver/ur_description/urdf/inc
[1.498s] copying resource/Universal_Robots_ROS2_Driver/ur_description/urdf/inc/ur_common.xacro -> /home/minji/test_folder/Test_in_Simulation/install/webots_ros2_universal_robot/share/webots_ros2_universal_robot/resource/Universal_Robots_ROS2_Driver/ur_description/urdf/inc
[1.498s] copying resource/Universal_Robots_ROS2_Driver/ur_description/urdf/inc/ur_transmissions.xacro -> /home/minji/test_folder/Test_in_Simulation/install/webots_ros2_universal_robot/share/webots_ros2_universal_robot/resource/Universal_Robots_ROS2_Driver/ur_description/urdf/inc
[1.498s] creating /home/minji/test_folder/Test_in_Simulation/install/webots_ros2_universal_robot/share/webots_ros2_universal_robot/resource/Universal_Robots_ROS2_Driver/ur_description/config
[1.499s] copying resource/Universal_Robots_ROS2_Driver/ur_description/config/initial_positions.yaml -> /home/minji/test_folder/Test_in_Simulation/install/webots_ros2_universal_robot/share/webots_ros2_universal_robot/resource/Universal_Robots_ROS2_Driver/ur_description/config
[1.499s] creating /home/minji/test_folder/Test_in_Simulation/install/webots_ros2_universal_robot/share/webots_ros2_universal_robot/resource/Universal_Robots_ROS2_Driver/ur_description/config/ur5e
[1.499s] copying resource/Universal_Robots_ROS2_Driver/ur_description/config/ur5e/visual_parameters.yaml -> /home/minji/test_folder/Test_in_Simulation/install/webots_ros2_universal_robot/share/webots_ros2_universal_robot/resource/Universal_Robots_ROS2_Driver/ur_description/config/ur5e
[1.499s] copying resource/Universal_Robots_ROS2_Driver/ur_description/config/ur5e/default_kinematics.yaml -> /home/minji/test_folder/Test_in_Simulation/install/webots_ros2_universal_robot/share/webots_ros2_universal_robot/resource/Universal_Robots_ROS2_Driver/ur_description/config/ur5e
[1.499s] copying resource/Universal_Robots_ROS2_Driver/ur_description/config/ur5e/joint_limits.yaml -> /home/minji/test_folder/Test_in_Simulation/install/webots_ros2_universal_robot/share/webots_ros2_universal_robot/resource/Universal_Robots_ROS2_Driver/ur_description/config/ur5e
[1.499s] copying resource/Universal_Robots_ROS2_Driver/ur_description/config/ur5e/physical_parameters.yaml -> /home/minji/test_folder/Test_in_Simulation/install/webots_ros2_universal_robot/share/webots_ros2_universal_robot/resource/Universal_Robots_ROS2_Driver/ur_description/config/ur5e
[1.499s] creating /home/minji/test_folder/Test_in_Simulation/install/webots_ros2_universal_robot/share/webots_ros2_universal_robot/resource/Universal_Robots_ROS2_Driver/ur_description/meshes
[1.499s] creating /home/minji/test_folder/Test_in_Simulation/install/webots_ros2_universal_robot/share/webots_ros2_universal_robot/resource/Universal_Robots_ROS2_Driver/ur_description/meshes/ur5e
[1.499s] creating /home/minji/test_folder/Test_in_Simulation/install/webots_ros2_universal_robot/share/webots_ros2_universal_robot/resource/Universal_Robots_ROS2_Driver/ur_description/meshes/ur5e/collision
[1.499s] copying resource/Universal_Robots_ROS2_Driver/ur_description/meshes/ur5e/collision/wrist1.stl -> /home/minji/test_folder/Test_in_Simulation/install/webots_ros2_universal_robot/share/webots_ros2_universal_robot/resource/Universal_Robots_ROS2_Driver/ur_description/meshes/ur5e/collision
[1.500s] copying resource/Universal_Robots_ROS2_Driver/ur_description/meshes/ur5e/collision/wrist3.stl -> /home/minji/test_folder/Test_in_Simulation/install/webots_ros2_universal_robot/share/webots_ros2_universal_robot/resource/Universal_Robots_ROS2_Driver/ur_description/meshes/ur5e/collision
[1.500s] copying resource/Universal_Robots_ROS2_Driver/ur_description/meshes/ur5e/collision/shoulder.stl -> /home/minji/test_folder/Test_in_Simulation/install/webots_ros2_universal_robot/share/webots_ros2_universal_robot/resource/Universal_Robots_ROS2_Driver/ur_description/meshes/ur5e/collision
[1.500s] copying resource/Universal_Robots_ROS2_Driver/ur_description/meshes/ur5e/collision/base.stl -> /home/minji/test_folder/Test_in_Simulation/install/webots_ros2_universal_robot/share/webots_ros2_universal_robot/resource/Universal_Robots_ROS2_Driver/ur_description/meshes/ur5e/collision
[1.500s] copying resource/Universal_Robots_ROS2_Driver/ur_description/meshes/ur5e/collision/wrist2.stl -> /home/minji/test_folder/Test_in_Simulation/install/webots_ros2_universal_robot/share/webots_ros2_universal_robot/resource/Universal_Robots_ROS2_Driver/ur_description/meshes/ur5e/collision
[1.500s] copying resource/Universal_Robots_ROS2_Driver/ur_description/meshes/ur5e/collision/upperarm.stl -> /home/minji/test_folder/Test_in_Simulation/install/webots_ros2_universal_robot/share/webots_ros2_universal_robot/resource/Universal_Robots_ROS2_Driver/ur_description/meshes/ur5e/collision
[1.500s] copying resource/Universal_Robots_ROS2_Driver/ur_description/meshes/ur5e/collision/forearm.stl -> /home/minji/test_folder/Test_in_Simulation/install/webots_ros2_universal_robot/share/webots_ros2_universal_robot/resource/Universal_Robots_ROS2_Driver/ur_description/meshes/ur5e/collision
[1.501s] creating /home/minji/test_folder/Test_in_Simulation/install/webots_ros2_universal_robot/share/webots_ros2_universal_robot/resource/Universal_Robots_ROS2_Driver/ur_description/meshes/ur5e/visual
[1.501s] copying resource/Universal_Robots_ROS2_Driver/ur_description/meshes/ur5e/visual/wrist1.dae -> /home/minji/test_folder/Test_in_Simulation/install/webots_ros2_universal_robot/share/webots_ros2_universal_robot/resource/Universal_Robots_ROS2_Driver/ur_description/meshes/ur5e/visual
[1.503s] copying resource/Universal_Robots_ROS2_Driver/ur_description/meshes/ur5e/visual/wrist3.dae -> /home/minji/test_folder/Test_in_Simulation/install/webots_ros2_universal_robot/share/webots_ros2_universal_robot/resource/Universal_Robots_ROS2_Driver/ur_description/meshes/ur5e/visual
[1.503s] copying resource/Universal_Robots_ROS2_Driver/ur_description/meshes/ur5e/visual/base.dae -> /home/minji/test_folder/Test_in_Simulation/install/webots_ros2_universal_robot/share/webots_ros2_universal_robot/resource/Universal_Robots_ROS2_Driver/ur_description/meshes/ur5e/visual
[1.504s] copying resource/Universal_Robots_ROS2_Driver/ur_description/meshes/ur5e/visual/shoulder.dae -> /home/minji/test_folder/Test_in_Simulation/install/webots_ros2_universal_robot/share/webots_ros2_universal_robot/resource/Universal_Robots_ROS2_Driver/ur_description/meshes/ur5e/visual
[1.507s] copying resource/Universal_Robots_ROS2_Driver/ur_description/meshes/ur5e/visual/forearm.dae -> /home/minji/test_folder/Test_in_Simulation/install/webots_ros2_universal_robot/share/webots_ros2_universal_robot/resource/Universal_Robots_ROS2_Driver/ur_description/meshes/ur5e/visual
[1.509s] copying resource/Universal_Robots_ROS2_Driver/ur_description/meshes/ur5e/visual/wrist2.dae -> /home/minji/test_folder/Test_in_Simulation/install/webots_ros2_universal_robot/share/webots_ros2_universal_robot/resource/Universal_Robots_ROS2_Driver/ur_description/meshes/ur5e/visual
[1.511s] copying resource/Universal_Robots_ROS2_Driver/ur_description/meshes/ur5e/visual/upperarm.dae -> /home/minji/test_folder/Test_in_Simulation/install/webots_ros2_universal_robot/share/webots_ros2_universal_robot/resource/Universal_Robots_ROS2_Driver/ur_description/meshes/ur5e/visual
[1.516s] creating /home/minji/test_folder/Test_in_Simulation/install/webots_ros2_universal_robot/share/webots_ros2_universal_robot/resource/robotiq
[1.516s] creating /home/minji/test_folder/Test_in_Simulation/install/webots_ros2_universal_robot/share/webots_ros2_universal_robot/resource/robotiq/robotiq_3f_gripper_visualization
[1.516s] creating /home/minji/test_folder/Test_in_Simulation/install/webots_ros2_universal_robot/share/webots_ros2_universal_robot/resource/robotiq/robotiq_3f_gripper_visualization/meshes
[1.516s] creating /home/minji/test_folder/Test_in_Simulation/install/webots_ros2_universal_robot/share/webots_ros2_universal_robot/resource/robotiq/robotiq_3f_gripper_visualization/meshes/robotiq-3f-gripper_articulated
[1.516s] creating /home/minji/test_folder/Test_in_Simulation/install/webots_ros2_universal_robot/share/webots_ros2_universal_robot/resource/robotiq/robotiq_3f_gripper_visualization/meshes/robotiq-3f-gripper_articulated/collision
[1.516s] copying resource/robotiq/robotiq_3f_gripper_visualization/meshes/robotiq-3f-gripper_articulated/collision/link_3.STL -> /home/minji/test_folder/Test_in_Simulation/install/webots_ros2_universal_robot/share/webots_ros2_universal_robot/resource/robotiq/robotiq_3f_gripper_visualization/meshes/robotiq-3f-gripper_articulated/collision
[1.516s] copying resource/robotiq/robotiq_3f_gripper_visualization/meshes/robotiq-3f-gripper_articulated/collision/palm.STL -> /home/minji/test_folder/Test_in_Simulation/install/webots_ros2_universal_robot/share/webots_ros2_universal_robot/resource/robotiq/robotiq_3f_gripper_visualization/meshes/robotiq-3f-gripper_articulated/collision
[1.517s] copying resource/robotiq/robotiq_3f_gripper_visualization/meshes/robotiq-3f-gripper_articulated/collision/link_0.STL -> /home/minji/test_folder/Test_in_Simulation/install/webots_ros2_universal_robot/share/webots_ros2_universal_robot/resource/robotiq/robotiq_3f_gripper_visualization/meshes/robotiq-3f-gripper_articulated/collision
[1.517s] copying resource/robotiq/robotiq_3f_gripper_visualization/meshes/robotiq-3f-gripper_articulated/collision/link_1.STL -> /home/minji/test_folder/Test_in_Simulation/install/webots_ros2_universal_robot/share/webots_ros2_universal_robot/resource/robotiq/robotiq_3f_gripper_visualization/meshes/robotiq-3f-gripper_articulated/collision
[1.517s] copying resource/robotiq/robotiq_3f_gripper_visualization/meshes/robotiq-3f-gripper_articulated/collision/link_2.STL -> /home/minji/test_folder/Test_in_Simulation/install/webots_ros2_universal_robot/share/webots_ros2_universal_robot/resource/robotiq/robotiq_3f_gripper_visualization/meshes/robotiq-3f-gripper_articulated/collision
[1.517s] creating /home/minji/test_folder/Test_in_Simulation/install/webots_ros2_universal_robot/share/webots_ros2_universal_robot/resource/robotiq/robotiq_3f_gripper_visualization/meshes/robotiq-3f-gripper_articulated/visual
[1.517s] copying resource/robotiq/robotiq_3f_gripper_visualization/meshes/robotiq-3f-gripper_articulated/visual/palm.dae -> /home/minji/test_folder/Test_in_Simulation/install/webots_ros2_universal_robot/share/webots_ros2_universal_robot/resource/robotiq/robotiq_3f_gripper_visualization/meshes/robotiq-3f-gripper_articulated/visual
[1.519s] copying resource/robotiq/robotiq_3f_gripper_visualization/meshes/robotiq-3f-gripper_articulated/visual/link_1.dae -> /home/minji/test_folder/Test_in_Simulation/install/webots_ros2_universal_robot/share/webots_ros2_universal_robot/resource/robotiq/robotiq_3f_gripper_visualization/meshes/robotiq-3f-gripper_articulated/visual
[1.520s] copying resource/robotiq/robotiq_3f_gripper_visualization/meshes/robotiq-3f-gripper_articulated/visual/link_3.dae -> /home/minji/test_folder/Test_in_Simulation/install/webots_ros2_universal_robot/share/webots_ros2_universal_robot/resource/robotiq/robotiq_3f_gripper_visualization/meshes/robotiq-3f-gripper_articulated/visual
[1.520s] copying resource/robotiq/robotiq_3f_gripper_visualization/meshes/robotiq-3f-gripper_articulated/visual/link_0.dae -> /home/minji/test_folder/Test_in_Simulation/install/webots_ros2_universal_robot/share/webots_ros2_universal_robot/resource/robotiq/robotiq_3f_gripper_visualization/meshes/robotiq-3f-gripper_articulated/visual
[1.521s] copying resource/robotiq/robotiq_3f_gripper_visualization/meshes/robotiq-3f-gripper_articulated/visual/link_2.dae -> /home/minji/test_folder/Test_in_Simulation/install/webots_ros2_universal_robot/share/webots_ros2_universal_robot/resource/robotiq/robotiq_3f_gripper_visualization/meshes/robotiq-3f-gripper_articulated/visual
[1.521s] creating /home/minji/test_folder/Test_in_Simulation/install/webots_ros2_universal_robot/share/webots_ros2_universal_robot/resource/robotiq/robotiq_3f_gripper_visualization/cfg
[1.521s] copying resource/robotiq/robotiq_3f_gripper_visualization/cfg/robotiq-3f-gripper_articulated_macro.xacro -> /home/minji/test_folder/Test_in_Simulation/install/webots_ros2_universal_robot/share/webots_ros2_universal_robot/resource/robotiq/robotiq_3f_gripper_visualization/cfg
[1.521s] copying resource/robotiq/robotiq_3f_gripper_visualization/cfg/robotiq-3f-gripper_finger_articulated_macro.xacro -> /home/minji/test_folder/Test_in_Simulation/install/webots_ros2_universal_robot/share/webots_ros2_universal_robot/resource/robotiq/robotiq_3f_gripper_visualization/cfg
[1.521s] running install_egg_info
[1.523s] Copying ../../build/webots_ros2_universal_robot/webots_ros2_universal_robot.egg-info to /home/minji/test_folder/Test_in_Simulation/install/webots_ros2_universal_robot/lib/python3.10/site-packages/webots_ros2_universal_robot-2023.1.2-py3.10.egg-info
[1.524s] running install_scripts
[1.542s] Installing abb_controller script to /home/minji/test_folder/Test_in_Simulation/install/webots_ros2_universal_robot/lib/webots_ros2_universal_robot
[1.543s] Installing ur5e_controller script to /home/minji/test_folder/Test_in_Simulation/install/webots_ros2_universal_robot/lib/webots_ros2_universal_robot
[1.543s] writing list of installed files to '/home/minji/test_folder/Test_in_Simulation/build/webots_ros2_universal_robot/install.log'
[1.572s] Invoked command in '/home/minji/test_folder/Test_in_Simulation/webots_ros2/webots_ros2_universal_robot' returned '0': AMENT_PREFIX_PATH=/home/minji/test_folder/Test_in_Simulation/install/webots_ros2_control:/home/minji/test_folder/Test_in_Simulation/install/webots_ros2_driver:/home/minji/test_folder/Test_in_Simulation/install/webots_ros2_msgs:${AMENT_PREFIX_PATH} CMAKE_PREFIX_PATH=/home/minji/test_folder/Test_in_Simulation/install/webots_ros2_control:/home/minji/test_folder/Test_in_Simulation/install/webots_ros2_driver:/home/minji/test_folder/Test_in_Simulation/install/webots_ros2_msgs:${CMAKE_PREFIX_PATH} LD_LIBRARY_PATH=/home/minji/test_folder/Test_in_Simulation/install/webots_ros2_control/lib:/home/minji/test_folder/Test_in_Simulation/install/webots_ros2_driver/lib:/home/minji/test_folder/Test_in_Simulation/install/webots_ros2_msgs/lib:${LD_LIBRARY_PATH} PYTHONPATH=/home/minji/test_folder/Test_in_Simulation/build/webots_ros2_universal_robot/prefix_override:/usr/lib/python3/dist-packages/colcon_core/task/python/colcon_distutils_commands:/home/minji/test_folder/Test_in_Simulation/install/webots_ros2_universal_robot/lib/python3.10/site-packages:/home/minji/test_folder/Test_in_Simulation/install/webots_ros2_driver/local/lib/python3.10/dist-packages:/home/minji/test_folder/Test_in_Simulation/install/webots_ros2_msgs/local/lib/python3.10/dist-packages:${PYTHONPATH} /usr/bin/python3 -W ignore:setup.py install is deprecated setup.py egg_info --egg-base ../../build/webots_ros2_universal_robot build --build-base /home/minji/test_folder/Test_in_Simulation/build/webots_ros2_universal_robot/build install --record /home/minji/test_folder/Test_in_Simulation/build/webots_ros2_universal_robot/install.log --single-version-externally-managed install_data
