[1.607s] Invoking command in '/home/minji/minji_ws/webots_ros2/webots_ros2_tesla': AMENT_PREFIX_PATH=/home/minji/minji_ws/install/webots_ros2_driver:/home/minji/minji_ws/install/webots_ros2_msgs:${AMENT_PREFIX_PATH} CMAKE_PREFIX_PATH=/home/minji/minji_ws/install/webots_ros2_driver:/home/minji/minji_ws/install/webots_ros2_msgs:/home/minji/my_study/install/webots_ros2_control:/home/minji/my_study/install/webots_ros2_driver:/home/minji/my_study/install/webots_ros2_msgs:/usr/local LD_LIBRARY_PATH=/home/minji/minji_ws/install/webots_ros2_driver/lib:/home/minji/minji_ws/install/webots_ros2_msgs/lib:${LD_LIBRARY_PATH} PYTHONPATH=/home/minji/minji_ws/build/webots_ros2_tesla/prefix_override:/usr/lib/python3/dist-packages/colcon_core/task/python/colcon_distutils_commands:/home/minji/minji_ws/install/webots_ros2_tesla/lib/python3.10/site-packages:/home/minji/minji_ws/install/webots_ros2_driver/local/lib/python3.10/dist-packages:/home/minji/minji_ws/install/webots_ros2_msgs/local/lib/python3.10/dist-packages:${PYTHONPATH} /usr/bin/python3 -W ignore:setup.py install is deprecated setup.py egg_info --egg-base ../../build/webots_ros2_tesla build --build-base /home/minji/minji_ws/build/webots_ros2_tesla/build install --record /home/minji/minji_ws/build/webots_ros2_tesla/install.log --single-version-externally-managed install_data
[1.974s] running egg_info
[1.975s] writing ../../build/webots_ros2_tesla/webots_ros2_tesla.egg-info/PKG-INFO
[1.976s] writing dependency_links to ../../build/webots_ros2_tesla/webots_ros2_tesla.egg-info/dependency_links.txt
[1.976s] writing entry points to ../../build/webots_ros2_tesla/webots_ros2_tesla.egg-info/entry_points.txt
[1.976s] writing requirements to ../../build/webots_ros2_tesla/webots_ros2_tesla.egg-info/requires.txt
[1.976s] writing top-level names to ../../build/webots_ros2_tesla/webots_ros2_tesla.egg-info/top_level.txt
[1.980s] reading manifest file '../../build/webots_ros2_tesla/webots_ros2_tesla.egg-info/SOURCES.txt'
[1.981s] writing manifest file '../../build/webots_ros2_tesla/webots_ros2_tesla.egg-info/SOURCES.txt'
[1.982s] running build
[1.982s] running build_py
[1.982s] running install
[1.983s] running install_lib
[1.984s] running install_data
[1.985s] running install_egg_info
[1.989s] removing '/home/minji/minji_ws/install/webots_ros2_tesla/lib/python3.10/site-packages/webots_ros2_tesla-2023.1.2-py3.10.egg-info' (and everything under it)
[1.990s] Copying ../../build/webots_ros2_tesla/webots_ros2_tesla.egg-info to /home/minji/minji_ws/install/webots_ros2_tesla/lib/python3.10/site-packages/webots_ros2_tesla-2023.1.2-py3.10.egg-info
[1.990s] running install_scripts
[2.019s] Installing lane_follower script to /home/minji/minji_ws/install/webots_ros2_tesla/lib/webots_ros2_tesla
[2.019s] writing list of installed files to '/home/minji/minji_ws/build/webots_ros2_tesla/install.log'
[2.060s] Invoked command in '/home/minji/minji_ws/webots_ros2/webots_ros2_tesla' returned '0': AMENT_PREFIX_PATH=/home/minji/minji_ws/install/webots_ros2_driver:/home/minji/minji_ws/install/webots_ros2_msgs:${AMENT_PREFIX_PATH} CMAKE_PREFIX_PATH=/home/minji/minji_ws/install/webots_ros2_driver:/home/minji/minji_ws/install/webots_ros2_msgs:/home/minji/my_study/install/webots_ros2_control:/home/minji/my_study/install/webots_ros2_driver:/home/minji/my_study/install/webots_ros2_msgs:/usr/local LD_LIBRARY_PATH=/home/minji/minji_ws/install/webots_ros2_driver/lib:/home/minji/minji_ws/install/webots_ros2_msgs/lib:${LD_LIBRARY_PATH} PYTHONPATH=/home/minji/minji_ws/build/webots_ros2_tesla/prefix_override:/usr/lib/python3/dist-packages/colcon_core/task/python/colcon_distutils_commands:/home/minji/minji_ws/install/webots_ros2_tesla/lib/python3.10/site-packages:/home/minji/minji_ws/install/webots_ros2_driver/local/lib/python3.10/dist-packages:/home/minji/minji_ws/install/webots_ros2_msgs/local/lib/python3.10/dist-packages:${PYTHONPATH} /usr/bin/python3 -W ignore:setup.py install is deprecated setup.py egg_info --egg-base ../../build/webots_ros2_tesla build --build-base /home/minji/minji_ws/build/webots_ros2_tesla/build install --record /home/minji/minji_ws/build/webots_ros2_tesla/install.log --single-version-externally-managed install_data
