[0.020s] Invoking command in '/home/minji/minji_ws/build/webots_ros2_control': CMAKE_PREFIX_PATH=/home/minji/minji_ws/install/webots_ros2_driver:/home/minji/minji_ws/install/webots_ros2_msgs:/home/minji/minji_ws/install/webots_ros2_control:/home/minji/minji_ws/install/btcpp_ros2_samples:/home/minji/minji_ws/install/btcpp_ros2_project:/home/minji/minji_ws/install/behaviortree_ros2:/home/minji/minji_ws/install/btcpp_ros2_interfaces:/usr/local:/home/minji/minji_ws/install/webots_ros2:/home/minji/minji_ws/install/webots_ros2_universal_robot:/home/minji/minji_ws/install/webots_ros2_turtlebot:/home/minji/minji_ws/install/webots_ros2_tiago:/home/minji/minji_ws/install/webots_ros2_tests:/home/minji/minji_ws/install/webots_ros2_tesla:/home/minji/minji_ws/install/webots_ros2_mavic:/home/minji/minji_ws/install/webots_ros2_ld90:/home/minji/minji_ws/install/webots_ros2_epuck:/opt/ros/humble LD_LIBRARY_PATH=/home/minji/minji_ws/install/webots_ros2_driver/lib:/home/minji/minji_ws/install/webots_ros2_msgs/lib:/home/minji/minji_ws/install/webots_ros2_control/lib:/home/minji/minji_ws/install/behaviortree_ros2/lib:/home/minji/minji_ws/install/btcpp_ros2_interfaces/lib:/opt/ros/humble/opt/rviz_ogre_vendor/lib:/opt/ros/humble/lib/x86_64-linux-gnu:/opt/ros/humble/lib /usr/bin/cmake --build /home/minji/minji_ws/build/webots_ros2_control -- -j8 -l8
[0.435s] [ 50%] [32m[1mLinking CXX shared library libwebots_ros2_control.so[0m
[0.436s] [ 50%] [32m[1mLinking CXX shared library libwebots_ros2_control_system.so[0m
[0.436s] [ 75%] Built target webots_ros2_control_system
[0.436s] [100%] Built target webots_ros2_control
[0.633s] Invoked command in '/home/minji/minji_ws/build/webots_ros2_control' returned '0': CMAKE_PREFIX_PATH=/home/minji/minji_ws/install/webots_ros2_driver:/home/minji/minji_ws/install/webots_ros2_msgs:/home/minji/minji_ws/install/webots_ros2_control:/home/minji/minji_ws/install/btcpp_ros2_samples:/home/minji/minji_ws/install/btcpp_ros2_project:/home/minji/minji_ws/install/behaviortree_ros2:/home/minji/minji_ws/install/btcpp_ros2_interfaces:/usr/local:/home/minji/minji_ws/install/webots_ros2:/home/minji/minji_ws/install/webots_ros2_universal_robot:/home/minji/minji_ws/install/webots_ros2_turtlebot:/home/minji/minji_ws/install/webots_ros2_tiago:/home/minji/minji_ws/install/webots_ros2_tests:/home/minji/minji_ws/install/webots_ros2_tesla:/home/minji/minji_ws/install/webots_ros2_mavic:/home/minji/minji_ws/install/webots_ros2_ld90:/home/minji/minji_ws/install/webots_ros2_epuck:/opt/ros/humble LD_LIBRARY_PATH=/home/minji/minji_ws/install/webots_ros2_driver/lib:/home/minji/minji_ws/install/webots_ros2_msgs/lib:/home/minji/minji_ws/install/webots_ros2_control/lib:/home/minji/minji_ws/install/behaviortree_ros2/lib:/home/minji/minji_ws/install/btcpp_ros2_interfaces/lib:/opt/ros/humble/opt/rviz_ogre_vendor/lib:/opt/ros/humble/lib/x86_64-linux-gnu:/opt/ros/humble/lib /usr/bin/cmake --build /home/minji/minji_ws/build/webots_ros2_control -- -j8 -l8
[0.655s] Invoking command in '/home/minji/minji_ws/build/webots_ros2_control': CMAKE_PREFIX_PATH=/home/minji/minji_ws/install/webots_ros2_driver:/home/minji/minji_ws/install/webots_ros2_msgs:/home/minji/minji_ws/install/webots_ros2_control:/home/minji/minji_ws/install/btcpp_ros2_samples:/home/minji/minji_ws/install/btcpp_ros2_project:/home/minji/minji_ws/install/behaviortree_ros2:/home/minji/minji_ws/install/btcpp_ros2_interfaces:/usr/local:/home/minji/minji_ws/install/webots_ros2:/home/minji/minji_ws/install/webots_ros2_universal_robot:/home/minji/minji_ws/install/webots_ros2_turtlebot:/home/minji/minji_ws/install/webots_ros2_tiago:/home/minji/minji_ws/install/webots_ros2_tests:/home/minji/minji_ws/install/webots_ros2_tesla:/home/minji/minji_ws/install/webots_ros2_mavic:/home/minji/minji_ws/install/webots_ros2_ld90:/home/minji/minji_ws/install/webots_ros2_epuck:/opt/ros/humble LD_LIBRARY_PATH=/home/minji/minji_ws/install/webots_ros2_driver/lib:/home/minji/minji_ws/install/webots_ros2_msgs/lib:/home/minji/minji_ws/install/webots_ros2_control/lib:/home/minji/minji_ws/install/behaviortree_ros2/lib:/home/minji/minji_ws/install/btcpp_ros2_interfaces/lib:/opt/ros/humble/opt/rviz_ogre_vendor/lib:/opt/ros/humble/lib/x86_64-linux-gnu:/opt/ros/humble/lib /usr/bin/cmake --install /home/minji/minji_ws/build/webots_ros2_control
[0.661s] -- Install configuration: ""
[0.661s] -- Up-to-date: /home/minji/minji_ws/install/webots_ros2_control/share/webots_ros2_control/webots_ros2_control.xml
[0.661s] -- Up-to-date: /home/minji/minji_ws/install/webots_ros2_control/share/webots_ros2_control/webots_ros2_control_system.xml
[0.661s] -- Installing: /home/minji/minji_ws/install/webots_ros2_control/lib/libwebots_ros2_control.so
[0.663s] -- Set runtime path of "/home/minji/minji_ws/install/webots_ros2_control/lib/libwebots_ros2_control.so" to ""
[0.663s] -- Installing: /home/minji/minji_ws/install/webots_ros2_control/lib/libwebots_ros2_control_system.so
[0.664s] -- Set runtime path of "/home/minji/minji_ws/install/webots_ros2_control/lib/libwebots_ros2_control_system.so" to ""
[0.664s] -- Up-to-date: /home/minji/minji_ws/install/webots_ros2_control/include
[0.664s] -- Up-to-date: /home/minji/minji_ws/install/webots_ros2_control/include/webots_ros2_control
[0.664s] -- Up-to-date: /home/minji/minji_ws/install/webots_ros2_control/include/webots_ros2_control/Ros2ControlSystem.hpp
[0.664s] -- Up-to-date: /home/minji/minji_ws/install/webots_ros2_control/include/webots_ros2_control/Ros2Control.hpp
[0.664s] -- Up-to-date: /home/minji/minji_ws/install/webots_ros2_control/include/webots_ros2_control/Ros2ControlSystemInterface.hpp
[0.664s] -- Up-to-date: /home/minji/minji_ws/install/webots_ros2_control/share/webots_ros2_control/environment/library_path.sh
[0.664s] -- Up-to-date: /home/minji/minji_ws/install/webots_ros2_control/share/webots_ros2_control/environment/library_path.dsv
[0.664s] -- Up-to-date: /home/minji/minji_ws/install/webots_ros2_control/share/ament_index/resource_index/package_run_dependencies/webots_ros2_control
[0.665s] -- Up-to-date: /home/minji/minji_ws/install/webots_ros2_control/share/ament_index/resource_index/parent_prefix_path/webots_ros2_control
[0.665s] -- Up-to-date: /home/minji/minji_ws/install/webots_ros2_control/share/webots_ros2_control/environment/ament_prefix_path.sh
[0.665s] -- Up-to-date: /home/minji/minji_ws/install/webots_ros2_control/share/webots_ros2_control/environment/ament_prefix_path.dsv
[0.665s] -- Up-to-date: /home/minji/minji_ws/install/webots_ros2_control/share/webots_ros2_control/environment/path.sh
[0.665s] -- Up-to-date: /home/minji/minji_ws/install/webots_ros2_control/share/webots_ros2_control/environment/path.dsv
[0.665s] -- Up-to-date: /home/minji/minji_ws/install/webots_ros2_control/share/webots_ros2_control/local_setup.bash
[0.665s] -- Up-to-date: /home/minji/minji_ws/install/webots_ros2_control/share/webots_ros2_control/local_setup.sh
[0.665s] -- Up-to-date: /home/minji/minji_ws/install/webots_ros2_control/share/webots_ros2_control/local_setup.zsh
[0.665s] -- Up-to-date: /home/minji/minji_ws/install/webots_ros2_control/share/webots_ros2_control/local_setup.dsv
[0.665s] -- Installing: /home/minji/minji_ws/install/webots_ros2_control/share/webots_ros2_control/package.dsv
[0.665s] -- Up-to-date: /home/minji/minji_ws/install/webots_ros2_control/share/ament_index/resource_index/packages/webots_ros2_control
[0.665s] -- Up-to-date: /home/minji/minji_ws/install/webots_ros2_control/share/ament_index/resource_index/webots_ros2_driver__pluginlib__plugin/webots_ros2_control
[0.666s] -- Up-to-date: /home/minji/minji_ws/install/webots_ros2_control/share/ament_index/resource_index/webots_ros2_control__pluginlib__plugin/webots_ros2_control
[0.666s] -- Up-to-date: /home/minji/minji_ws/install/webots_ros2_control/share/webots_ros2_control/cmake/ament_cmake_export_include_directories-extras.cmake
[0.666s] -- Up-to-date: /home/minji/minji_ws/install/webots_ros2_control/share/webots_ros2_control/cmake/ament_cmake_export_dependencies-extras.cmake
[0.666s] -- Up-to-date: /home/minji/minji_ws/install/webots_ros2_control/share/webots_ros2_control/cmake/ament_cmake_export_libraries-extras.cmake
[0.666s] -- Up-to-date: /home/minji/minji_ws/install/webots_ros2_control/share/webots_ros2_control/cmake/webots_ros2_controlConfig.cmake
[0.666s] -- Up-to-date: /home/minji/minji_ws/install/webots_ros2_control/share/webots_ros2_control/cmake/webots_ros2_controlConfig-version.cmake
[0.667s] -- Up-to-date: /home/minji/minji_ws/install/webots_ros2_control/share/webots_ros2_control/package.xml
[0.668s] Invoked command in '/home/minji/minji_ws/build/webots_ros2_control' returned '0': CMAKE_PREFIX_PATH=/home/minji/minji_ws/install/webots_ros2_driver:/home/minji/minji_ws/install/webots_ros2_msgs:/home/minji/minji_ws/install/webots_ros2_control:/home/minji/minji_ws/install/btcpp_ros2_samples:/home/minji/minji_ws/install/btcpp_ros2_project:/home/minji/minji_ws/install/behaviortree_ros2:/home/minji/minji_ws/install/btcpp_ros2_interfaces:/usr/local:/home/minji/minji_ws/install/webots_ros2:/home/minji/minji_ws/install/webots_ros2_universal_robot:/home/minji/minji_ws/install/webots_ros2_turtlebot:/home/minji/minji_ws/install/webots_ros2_tiago:/home/minji/minji_ws/install/webots_ros2_tests:/home/minji/minji_ws/install/webots_ros2_tesla:/home/minji/minji_ws/install/webots_ros2_mavic:/home/minji/minji_ws/install/webots_ros2_ld90:/home/minji/minji_ws/install/webots_ros2_epuck:/opt/ros/humble LD_LIBRARY_PATH=/home/minji/minji_ws/install/webots_ros2_driver/lib:/home/minji/minji_ws/install/webots_ros2_msgs/lib:/home/minji/minji_ws/install/webots_ros2_control/lib:/home/minji/minji_ws/install/behaviortree_ros2/lib:/home/minji/minji_ws/install/btcpp_ros2_interfaces/lib:/opt/ros/humble/opt/rviz_ogre_vendor/lib:/opt/ros/humble/lib/x86_64-linux-gnu:/opt/ros/humble/lib /usr/bin/cmake --install /home/minji/minji_ws/build/webots_ros2_control
