[1.092s] Invoking command in '/home/minji/minji_ws/webots_ros2/webots_ros2_tiago': AMENT_PREFIX_PATH=/home/minji/minji_ws/install/webots_ros2_control:/home/minji/minji_ws/install/webots_ros2_driver:/home/minji/minji_ws/install/webots_ros2_msgs:${AMENT_PREFIX_PATH} CMAKE_PREFIX_PATH=/home/minji/minji_ws/install/webots_ros2_control:/home/minji/minji_ws/install/webots_ros2_driver:/home/minji/minji_ws/install/webots_ros2_msgs${CMAKE_PREFIX_PATH} LD_LIBRARY_PATH=/home/minji/minji_ws/install/webots_ros2_control/lib:/home/minji/minji_ws/install/webots_ros2_driver/lib:/home/minji/minji_ws/install/webots_ros2_msgs/lib:${LD_LIBRARY_PATH} PYTHONPATH=/home/minji/minji_ws/build/webots_ros2_tiago/prefix_override:/usr/lib/python3/dist-packages/colcon_core/task/python/colcon_distutils_commands:/home/minji/minji_ws/install/webots_ros2_tiago/lib/python3.10/site-packages:/home/minji/minji_ws/install/webots_ros2_driver/local/lib/python3.10/dist-packages:/home/minji/minji_ws/install/webots_ros2_msgs/local/lib/python3.10/dist-packages:${PYTHONPATH} /usr/bin/python3 -W ignore:setup.py install is deprecated setup.py egg_info --egg-base ../../build/webots_ros2_tiago build --build-base /home/minji/minji_ws/build/webots_ros2_tiago/build install --record /home/minji/minji_ws/build/webots_ros2_tiago/install.log --single-version-externally-managed install_data
[1.365s] running egg_info
[1.366s] creating ../../build/webots_ros2_tiago/webots_ros2_tiago.egg-info
[1.366s] writing ../../build/webots_ros2_tiago/webots_ros2_tiago.egg-info/PKG-INFO
[1.366s] writing dependency_links to ../../build/webots_ros2_tiago/webots_ros2_tiago.egg-info/dependency_links.txt
[1.366s] writing entry points to ../../build/webots_ros2_tiago/webots_ros2_tiago.egg-info/entry_points.txt
[1.366s] writing requirements to ../../build/webots_ros2_tiago/webots_ros2_tiago.egg-info/requires.txt
[1.367s] writing top-level names to ../../build/webots_ros2_tiago/webots_ros2_tiago.egg-info/top_level.txt
[1.367s] writing manifest file '../../build/webots_ros2_tiago/webots_ros2_tiago.egg-info/SOURCES.txt'
[1.370s] reading manifest file '../../build/webots_ros2_tiago/webots_ros2_tiago.egg-info/SOURCES.txt'
[1.371s] writing manifest file '../../build/webots_ros2_tiago/webots_ros2_tiago.egg-info/SOURCES.txt'
[1.371s] running build
[1.371s] running install
[1.371s] running install_data
[1.372s] creating /home/minji/minji_ws/install/webots_ros2_tiago/share/ament_index
[1.372s] creating /home/minji/minji_ws/install/webots_ros2_tiago/share/ament_index/resource_index
[1.372s] creating /home/minji/minji_ws/install/webots_ros2_tiago/share/ament_index/resource_index/packages
[1.372s] copying resource/webots_ros2_tiago -> /home/minji/minji_ws/install/webots_ros2_tiago/share/ament_index/resource_index/packages
[1.373s] creating /home/minji/minji_ws/install/webots_ros2_tiago/share/webots_ros2_tiago/launch
[1.373s] copying launch/robot_launch.py -> /home/minji/minji_ws/install/webots_ros2_tiago/share/webots_ros2_tiago/launch
[1.373s] copying launch/robot_bringup_launch.py -> /home/minji/minji_ws/install/webots_ros2_tiago/share/webots_ros2_tiago/launch
[1.374s] creating /home/minji/minji_ws/install/webots_ros2_tiago/share/webots_ros2_tiago/resource
[1.374s] copying resource/tiago_webots.urdf -> /home/minji/minji_ws/install/webots_ros2_tiago/share/webots_ros2_tiago/resource
[1.374s] copying resource/tiago_bringup_webots.urdf -> /home/minji/minji_ws/install/webots_ros2_tiago/share/webots_ros2_tiago/resource
[1.374s] copying resource/ros2_control.yml -> /home/minji/minji_ws/install/webots_ros2_tiago/share/webots_ros2_tiago/resource
[1.374s] copying resource/ros2_control_bringup.yml -> /home/minji/minji_ws/install/webots_ros2_tiago/share/webots_ros2_tiago/resource
[1.374s] copying resource/nav2_params.yaml -> /home/minji/minji_ws/install/webots_ros2_tiago/share/webots_ros2_tiago/resource
[1.374s] copying resource/nav2_params_iron.yaml -> /home/minji/minji_ws/install/webots_ros2_tiago/share/webots_ros2_tiago/resource
[1.374s] copying resource/default.rviz -> /home/minji/minji_ws/install/webots_ros2_tiago/share/webots_ros2_tiago/resource
[1.375s] copying resource/default_bringup.rviz -> /home/minji/minji_ws/install/webots_ros2_tiago/share/webots_ros2_tiago/resource
[1.375s] copying resource/map.pgm -> /home/minji/minji_ws/install/webots_ros2_tiago/share/webots_ros2_tiago/resource
[1.376s] copying resource/map.yaml -> /home/minji/minji_ws/install/webots_ros2_tiago/share/webots_ros2_tiago/resource
[1.376s] copying resource/cartographer.lua -> /home/minji/minji_ws/install/webots_ros2_tiago/share/webots_ros2_tiago/resource
[1.376s] copying resource/slam_toolbox_params.yaml -> /home/minji/minji_ws/install/webots_ros2_tiago/share/webots_ros2_tiago/resource
[1.377s] copying package.xml -> /home/minji/minji_ws/install/webots_ros2_tiago/share/webots_ros2_tiago
[1.377s] creating /home/minji/minji_ws/install/webots_ros2_tiago/share/webots_ros2_tiago/worlds
[1.377s] copying worlds/default.wbt -> /home/minji/minji_ws/install/webots_ros2_tiago/share/webots_ros2_tiago/worlds
[1.377s] copying worlds/.default.wbproj -> /home/minji/minji_ws/install/webots_ros2_tiago/share/webots_ros2_tiago/worlds
[1.377s] copying worlds/default_bringup.wbt -> /home/minji/minji_ws/install/webots_ros2_tiago/share/webots_ros2_tiago/worlds
[1.377s] copying worlds/.default_bringup.wbproj -> /home/minji/minji_ws/install/webots_ros2_tiago/share/webots_ros2_tiago/worlds
[1.378s] running install_egg_info
[1.382s] Copying ../../build/webots_ros2_tiago/webots_ros2_tiago.egg-info to /home/minji/minji_ws/install/webots_ros2_tiago/lib/python3.10/site-packages/webots_ros2_tiago-2023.1.2-py3.10.egg-info
[1.383s] running install_scripts
[1.403s] writing list of installed files to '/home/minji/minji_ws/build/webots_ros2_tiago/install.log'
[1.436s] Invoked command in '/home/minji/minji_ws/webots_ros2/webots_ros2_tiago' returned '0': AMENT_PREFIX_PATH=/home/minji/minji_ws/install/webots_ros2_control:/home/minji/minji_ws/install/webots_ros2_driver:/home/minji/minji_ws/install/webots_ros2_msgs:${AMENT_PREFIX_PATH} CMAKE_PREFIX_PATH=/home/minji/minji_ws/install/webots_ros2_control:/home/minji/minji_ws/install/webots_ros2_driver:/home/minji/minji_ws/install/webots_ros2_msgs${CMAKE_PREFIX_PATH} LD_LIBRARY_PATH=/home/minji/minji_ws/install/webots_ros2_control/lib:/home/minji/minji_ws/install/webots_ros2_driver/lib:/home/minji/minji_ws/install/webots_ros2_msgs/lib:${LD_LIBRARY_PATH} PYTHONPATH=/home/minji/minji_ws/build/webots_ros2_tiago/prefix_override:/usr/lib/python3/dist-packages/colcon_core/task/python/colcon_distutils_commands:/home/minji/minji_ws/install/webots_ros2_tiago/lib/python3.10/site-packages:/home/minji/minji_ws/install/webots_ros2_driver/local/lib/python3.10/dist-packages:/home/minji/minji_ws/install/webots_ros2_msgs/local/lib/python3.10/dist-packages:${PYTHONPATH} /usr/bin/python3 -W ignore:setup.py install is deprecated setup.py egg_info --egg-base ../../build/webots_ros2_tiago build --build-base /home/minji/minji_ws/build/webots_ros2_tiago/build install --record /home/minji/minji_ws/build/webots_ros2_tiago/install.log --single-version-externally-managed install_data
