[0.017s] Invoking command in '/home/minji/minji_ws/build/webots_ros2_driver': CMAKE_PREFIX_PATH=/home/minji/minji_ws/install/webots_ros2_msgs:/home/minji/minji_ws/install/webots_ros2_control:/home/minji/minji_ws/install/webots_ros2_driver:/home/minji/minji_ws/install/btcpp_ros2_samples:/home/minji/minji_ws/install/btcpp_ros2_project:/home/minji/minji_ws/install/behaviortree_ros2:/home/minji/minji_ws/install/btcpp_ros2_interfaces:/usr/local:/home/minji/minji_ws/install/webots_ros2:/home/minji/minji_ws/install/webots_ros2_universal_robot:/home/minji/minji_ws/install/webots_ros2_turtlebot:/home/minji/minji_ws/install/webots_ros2_tiago:/home/minji/minji_ws/install/webots_ros2_tests:/home/minji/minji_ws/install/webots_ros2_tesla:/home/minji/minji_ws/install/webots_ros2_mavic:/home/minji/minji_ws/install/webots_ros2_ld90:/home/minji/minji_ws/install/webots_ros2_epuck:/opt/ros/humble LD_LIBRARY_PATH=/home/minji/minji_ws/install/webots_ros2_msgs/lib:/home/minji/minji_ws/install/webots_ros2_control/lib:/home/minji/minji_ws/install/webots_ros2_driver/lib:/home/minji/minji_ws/install/behaviortree_ros2/lib:/home/minji/minji_ws/install/btcpp_ros2_interfaces/lib:/opt/ros/humble/opt/rviz_ogre_vendor/lib:/opt/ros/humble/lib/x86_64-linux-gnu:/opt/ros/humble/lib /usr/bin/cmake --build /home/minji/minji_ws/build/webots_ros2_driver -- -j8 -l8
[0.107s] [  0%] Built target ament_cmake_python_copy_webots_ros2_driver
[0.110s] [  0%] Built target ament_cmake_python_copy_controller
[0.116s] [  0%] Built target ament_cmake_python_copy_vehicle
[0.569s] running egg_info
[0.571s] writing controller.egg-info/PKG-INFO
[0.571s] writing dependency_links to controller.egg-info/dependency_links.txt
[0.571s] writing top-level names to controller.egg-info/top_level.txt
[0.573s] reading manifest file 'controller.egg-info/SOURCES.txt'
[0.575s] writing manifest file 'controller.egg-info/SOURCES.txt'
[0.609s] [  0%] Built target ament_cmake_python_build_controller_egg
[0.665s] running egg_info
[0.666s] writing webots_ros2_driver.egg-info/PKG-INFO
[0.666s] writing dependency_links to webots_ros2_driver.egg-info/dependency_links.txt
[0.667s] writing top-level names to webots_ros2_driver.egg-info/top_level.txt
[0.669s] reading manifest file 'webots_ros2_driver.egg-info/SOURCES.txt'
[0.669s] running egg_info
[0.670s] writing manifest file 'webots_ros2_driver.egg-info/SOURCES.txt'
[0.670s] writing vehicle.egg-info/PKG-INFO
[0.670s] writing dependency_links to vehicle.egg-info/dependency_links.txt
[0.671s] writing top-level names to vehicle.egg-info/top_level.txt
[0.673s] reading manifest file 'vehicle.egg-info/SOURCES.txt'
[0.674s] writing manifest file 'vehicle.egg-info/SOURCES.txt'
[0.702s] [  0%] Built target ament_cmake_python_build_webots_ros2_driver_egg
[0.705s] [  0%] Built target ament_cmake_python_build_vehicle_egg
[0.781s] [  0%] Built target compile-lib-controller
[0.877s] [  0%] Built target compile-generic-window
[1.432s] [  0%] Built target compile-lib-vehicle
[1.464s] [ 14%] Built target webots_ros2_driver_rgbd
[1.464s] [ 29%] Built target webots_ros2_driver_imu
[1.486s] [100%] Built target driver
[1.499s] Invoked command in '/home/minji/minji_ws/build/webots_ros2_driver' returned '0': CMAKE_PREFIX_PATH=/home/minji/minji_ws/install/webots_ros2_msgs:/home/minji/minji_ws/install/webots_ros2_control:/home/minji/minji_ws/install/webots_ros2_driver:/home/minji/minji_ws/install/btcpp_ros2_samples:/home/minji/minji_ws/install/btcpp_ros2_project:/home/minji/minji_ws/install/behaviortree_ros2:/home/minji/minji_ws/install/btcpp_ros2_interfaces:/usr/local:/home/minji/minji_ws/install/webots_ros2:/home/minji/minji_ws/install/webots_ros2_universal_robot:/home/minji/minji_ws/install/webots_ros2_turtlebot:/home/minji/minji_ws/install/webots_ros2_tiago:/home/minji/minji_ws/install/webots_ros2_tests:/home/minji/minji_ws/install/webots_ros2_tesla:/home/minji/minji_ws/install/webots_ros2_mavic:/home/minji/minji_ws/install/webots_ros2_ld90:/home/minji/minji_ws/install/webots_ros2_epuck:/opt/ros/humble LD_LIBRARY_PATH=/home/minji/minji_ws/install/webots_ros2_msgs/lib:/home/minji/minji_ws/install/webots_ros2_control/lib:/home/minji/minji_ws/install/webots_ros2_driver/lib:/home/minji/minji_ws/install/behaviortree_ros2/lib:/home/minji/minji_ws/install/btcpp_ros2_interfaces/lib:/opt/ros/humble/opt/rviz_ogre_vendor/lib:/opt/ros/humble/lib/x86_64-linux-gnu:/opt/ros/humble/lib /usr/bin/cmake --build /home/minji/minji_ws/build/webots_ros2_driver -- -j8 -l8
[1.600s] Invoking command in '/home/minji/minji_ws/build/webots_ros2_driver': CMAKE_PREFIX_PATH=/home/minji/minji_ws/install/webots_ros2_msgs:/home/minji/minji_ws/install/webots_ros2_control:/home/minji/minji_ws/install/webots_ros2_driver:/home/minji/minji_ws/install/btcpp_ros2_samples:/home/minji/minji_ws/install/btcpp_ros2_project:/home/minji/minji_ws/install/behaviortree_ros2:/home/minji/minji_ws/install/btcpp_ros2_interfaces:/usr/local:/home/minji/minji_ws/install/webots_ros2:/home/minji/minji_ws/install/webots_ros2_universal_robot:/home/minji/minji_ws/install/webots_ros2_turtlebot:/home/minji/minji_ws/install/webots_ros2_tiago:/home/minji/minji_ws/install/webots_ros2_tests:/home/minji/minji_ws/install/webots_ros2_tesla:/home/minji/minji_ws/install/webots_ros2_mavic:/home/minji/minji_ws/install/webots_ros2_ld90:/home/minji/minji_ws/install/webots_ros2_epuck:/opt/ros/humble LD_LIBRARY_PATH=/home/minji/minji_ws/install/webots_ros2_msgs/lib:/home/minji/minji_ws/install/webots_ros2_control/lib:/home/minji/minji_ws/install/webots_ros2_driver/lib:/home/minji/minji_ws/install/behaviortree_ros2/lib:/home/minji/minji_ws/install/btcpp_ros2_interfaces/lib:/opt/ros/humble/opt/rviz_ogre_vendor/lib:/opt/ros/humble/lib/x86_64-linux-gnu:/opt/ros/humble/lib /usr/bin/cmake --install /home/minji/minji_ws/build/webots_ros2_driver
[1.609s] -- Install configuration: ""
[1.609s] -- Up-to-date: /home/minji/minji_ws/install/webots_ros2_driver/share/webots_ros2_driver/environment/pythonpath.sh
[1.609s] -- Up-to-date: /home/minji/minji_ws/install/webots_ros2_driver/share/webots_ros2_driver/environment/pythonpath.dsv
[1.610s] -- Up-to-date: /home/minji/minji_ws/install/webots_ros2_driver/local/lib/python3.10/dist-packages/controller-2023.1.2-py3.10.egg-info
[1.610s] -- Installing: /home/minji/minji_ws/install/webots_ros2_driver/local/lib/python3.10/dist-packages/controller-2023.1.2-py3.10.egg-info/top_level.txt
[1.610s] -- Installing: /home/minji/minji_ws/install/webots_ros2_driver/local/lib/python3.10/dist-packages/controller-2023.1.2-py3.10.egg-info/SOURCES.txt
[1.610s] -- Installing: /home/minji/minji_ws/install/webots_ros2_driver/local/lib/python3.10/dist-packages/controller-2023.1.2-py3.10.egg-info/PKG-INFO
[1.610s] -- Installing: /home/minji/minji_ws/install/webots_ros2_driver/local/lib/python3.10/dist-packages/controller-2023.1.2-py3.10.egg-info/dependency_links.txt
[1.611s] -- Up-to-date: /home/minji/minji_ws/install/webots_ros2_driver/local/lib/python3.10/dist-packages/controller
[1.611s] -- Up-to-date: /home/minji/minji_ws/install/webots_ros2_driver/local/lib/python3.10/dist-packages/controller/node.py
[1.611s] -- Up-to-date: /home/minji/minji_ws/install/webots_ros2_driver/local/lib/python3.10/dist-packages/controller/lidar_point.py
[1.611s] -- Up-to-date: /home/minji/minji_ws/install/webots_ros2_driver/local/lib/python3.10/dist-packages/controller/receiver.py
[1.611s] -- Up-to-date: /home/minji/minji_ws/install/webots_ros2_driver/local/lib/python3.10/dist-packages/controller/__init__.py
[1.611s] -- Up-to-date: /home/minji/minji_ws/install/webots_ros2_driver/local/lib/python3.10/dist-packages/controller/keyboard.py
[1.611s] -- Up-to-date: /home/minji/minji_ws/install/webots_ros2_driver/local/lib/python3.10/dist-packages/controller/led.py
[1.611s] -- Up-to-date: /home/minji/minji_ws/install/webots_ros2_driver/local/lib/python3.10/dist-packages/controller/gyro.py
[1.612s] -- Up-to-date: /home/minji/minji_ws/install/webots_ros2_driver/local/lib/python3.10/dist-packages/controller/supervisor.py
[1.612s] -- Up-to-date: /home/minji/minji_ws/install/webots_ros2_driver/local/lib/python3.10/dist-packages/controller/altimeter.py
[1.612s] -- Up-to-date: /home/minji/minji_ws/install/webots_ros2_driver/local/lib/python3.10/dist-packages/controller/robot.py
[1.612s] -- Up-to-date: /home/minji/minji_ws/install/webots_ros2_driver/local/lib/python3.10/dist-packages/controller/position_sensor.py
[1.612s] -- Up-to-date: /home/minji/minji_ws/install/webots_ros2_driver/local/lib/python3.10/dist-packages/controller/constants.py
[1.612s] -- Up-to-date: /home/minji/minji_ws/install/webots_ros2_driver/local/lib/python3.10/dist-packages/controller/speaker.py
[1.612s] -- Up-to-date: /home/minji/minji_ws/install/webots_ros2_driver/local/lib/python3.10/dist-packages/controller/accelerometer.py
[1.612s] -- Up-to-date: /home/minji/minji_ws/install/webots_ros2_driver/local/lib/python3.10/dist-packages/controller/motor.py
[1.612s] -- Up-to-date: /home/minji/minji_ws/install/webots_ros2_driver/local/lib/python3.10/dist-packages/controller/vacuum_gripper.py
[1.612s] -- Up-to-date: /home/minji/minji_ws/install/webots_ros2_driver/local/lib/python3.10/dist-packages/controller/pen.py
[1.612s] -- Up-to-date: /home/minji/minji_ws/install/webots_ros2_driver/local/lib/python3.10/dist-packages/controller/radar_target.py
[1.613s] -- Up-to-date: /home/minji/minji_ws/install/webots_ros2_driver/local/lib/python3.10/dist-packages/controller/motion.py
[1.613s] -- Up-to-date: /home/minji/minji_ws/install/webots_ros2_driver/local/lib/python3.10/dist-packages/controller/inertial_unit.py
[1.613s] -- Up-to-date: /home/minji/minji_ws/install/webots_ros2_driver/local/lib/python3.10/dist-packages/controller/joystick.py
[1.613s] -- Up-to-date: /home/minji/minji_ws/install/webots_ros2_driver/local/lib/python3.10/dist-packages/controller/ansi_codes.py
[1.613s] -- Up-to-date: /home/minji/minji_ws/install/webots_ros2_driver/local/lib/python3.10/dist-packages/controller/skin.py
[1.613s] -- Up-to-date: /home/minji/minji_ws/install/webots_ros2_driver/local/lib/python3.10/dist-packages/controller/range_finder.py
[1.613s] -- Up-to-date: /home/minji/minji_ws/install/webots_ros2_driver/local/lib/python3.10/dist-packages/controller/sensor.py
[1.613s] -- Up-to-date: /home/minji/minji_ws/install/webots_ros2_driver/local/lib/python3.10/dist-packages/controller/gps.py
[1.613s] -- Up-to-date: /home/minji/minji_ws/install/webots_ros2_driver/local/lib/python3.10/dist-packages/controller/emitter.py
[1.613s] -- Up-to-date: /home/minji/minji_ws/install/webots_ros2_driver/local/lib/python3.10/dist-packages/controller/compass.py
[1.613s] -- Up-to-date: /home/minji/minji_ws/install/webots_ros2_driver/local/lib/python3.10/dist-packages/controller/camera.py
[1.613s] -- Up-to-date: /home/minji/minji_ws/install/webots_ros2_driver/local/lib/python3.10/dist-packages/controller/device.py
[1.613s] -- Up-to-date: /home/minji/minji_ws/install/webots_ros2_driver/local/lib/python3.10/dist-packages/controller/touch_sensor.py
[1.613s] -- Up-to-date: /home/minji/minji_ws/install/webots_ros2_driver/local/lib/python3.10/dist-packages/controller/connector.py
[1.614s] -- Up-to-date: /home/minji/minji_ws/install/webots_ros2_driver/local/lib/python3.10/dist-packages/controller/lidar.py
[1.614s] -- Up-to-date: /home/minji/minji_ws/install/webots_ros2_driver/local/lib/python3.10/dist-packages/controller/wb.py
[1.614s] -- Up-to-date: /home/minji/minji_ws/install/webots_ros2_driver/local/lib/python3.10/dist-packages/controller/radar.py
[1.614s] -- Up-to-date: /home/minji/minji_ws/install/webots_ros2_driver/local/lib/python3.10/dist-packages/controller/field.py
[1.614s] -- Up-to-date: /home/minji/minji_ws/install/webots_ros2_driver/local/lib/python3.10/dist-packages/controller/brake.py
[1.614s] -- Up-to-date: /home/minji/minji_ws/install/webots_ros2_driver/local/lib/python3.10/dist-packages/controller/light_sensor.py
[1.614s] -- Up-to-date: /home/minji/minji_ws/install/webots_ros2_driver/local/lib/python3.10/dist-packages/controller/distance_sensor.py
[1.614s] -- Up-to-date: /home/minji/minji_ws/install/webots_ros2_driver/local/lib/python3.10/dist-packages/controller/display.py
[1.614s] -- Up-to-date: /home/minji/minji_ws/install/webots_ros2_driver/local/lib/python3.10/dist-packages/controller/mouse.py
[1.655s] Listing '/home/minji/minji_ws/install/webots_ros2_driver/local/lib/python3.10/dist-packages/controller'...
[1.660s] -- Up-to-date: /home/minji/minji_ws/install/webots_ros2_driver/local/lib/python3.10/dist-packages/vehicle-2023.1.2-py3.10.egg-info
[1.660s] -- Installing: /home/minji/minji_ws/install/webots_ros2_driver/local/lib/python3.10/dist-packages/vehicle-2023.1.2-py3.10.egg-info/top_level.txt
[1.660s] -- Installing: /home/minji/minji_ws/install/webots_ros2_driver/local/lib/python3.10/dist-packages/vehicle-2023.1.2-py3.10.egg-info/SOURCES.txt
[1.660s] -- Installing: /home/minji/minji_ws/install/webots_ros2_driver/local/lib/python3.10/dist-packages/vehicle-2023.1.2-py3.10.egg-info/PKG-INFO
[1.661s] -- Installing: /home/minji/minji_ws/install/webots_ros2_driver/local/lib/python3.10/dist-packages/vehicle-2023.1.2-py3.10.egg-info/dependency_links.txt
[1.661s] -- Up-to-date: /home/minji/minji_ws/install/webots_ros2_driver/local/lib/python3.10/dist-packages/vehicle
[1.661s] -- Up-to-date: /home/minji/minji_ws/install/webots_ros2_driver/local/lib/python3.10/dist-packages/vehicle/__init__.py
[1.661s] -- Up-to-date: /home/minji/minji_ws/install/webots_ros2_driver/local/lib/python3.10/dist-packages/vehicle/driver.py
[1.661s] -- Up-to-date: /home/minji/minji_ws/install/webots_ros2_driver/local/lib/python3.10/dist-packages/vehicle/car.py
[1.704s] Listing '/home/minji/minji_ws/install/webots_ros2_driver/local/lib/python3.10/dist-packages/vehicle'...
[1.708s] -- Up-to-date: /home/minji/minji_ws/install/webots_ros2_driver/local/lib/python3.10/dist-packages/webots_ros2_driver-2023.1.2-py3.10.egg-info
[1.709s] -- Installing: /home/minji/minji_ws/install/webots_ros2_driver/local/lib/python3.10/dist-packages/webots_ros2_driver-2023.1.2-py3.10.egg-info/top_level.txt
[1.709s] -- Installing: /home/minji/minji_ws/install/webots_ros2_driver/local/lib/python3.10/dist-packages/webots_ros2_driver-2023.1.2-py3.10.egg-info/SOURCES.txt
[1.709s] -- Installing: /home/minji/minji_ws/install/webots_ros2_driver/local/lib/python3.10/dist-packages/webots_ros2_driver-2023.1.2-py3.10.egg-info/PKG-INFO
[1.709s] -- Installing: /home/minji/minji_ws/install/webots_ros2_driver/local/lib/python3.10/dist-packages/webots_ros2_driver-2023.1.2-py3.10.egg-info/dependency_links.txt
[1.709s] -- Up-to-date: /home/minji/minji_ws/install/webots_ros2_driver/local/lib/python3.10/dist-packages/webots_ros2_driver
[1.709s] -- Up-to-date: /home/minji/minji_ws/install/webots_ros2_driver/local/lib/python3.10/dist-packages/webots_ros2_driver/__init__.py
[1.709s] -- Up-to-date: /home/minji/minji_ws/install/webots_ros2_driver/local/lib/python3.10/dist-packages/webots_ros2_driver/utils.py
[1.709s] -- Up-to-date: /home/minji/minji_ws/install/webots_ros2_driver/local/lib/python3.10/dist-packages/webots_ros2_driver/webots_controller.py
[1.709s] -- Up-to-date: /home/minji/minji_ws/install/webots_ros2_driver/local/lib/python3.10/dist-packages/webots_ros2_driver/urdf_spawner.py
[1.709s] -- Up-to-date: /home/minji/minji_ws/install/webots_ros2_driver/local/lib/python3.10/dist-packages/webots_ros2_driver/webots_launcher.py
[1.710s] -- Up-to-date: /home/minji/minji_ws/install/webots_ros2_driver/local/lib/python3.10/dist-packages/webots_ros2_driver/ros2_supervisor.py
[1.710s] -- Up-to-date: /home/minji/minji_ws/install/webots_ros2_driver/local/lib/python3.10/dist-packages/webots_ros2_driver/wait_for_controller_connection.py
[1.752s] Listing '/home/minji/minji_ws/install/webots_ros2_driver/local/lib/python3.10/dist-packages/webots_ros2_driver'...
[1.757s] -- Up-to-date: /home/minji/minji_ws/install/webots_ros2_driver/include
[1.757s] -- Up-to-date: /home/minji/minji_ws/install/webots_ros2_driver/include/webots_ros2_driver
[1.757s] -- Up-to-date: /home/minji/minji_ws/install/webots_ros2_driver/include/webots_ros2_driver/utils
[1.757s] -- Up-to-date: /home/minji/minji_ws/install/webots_ros2_driver/include/webots_ros2_driver/utils/Utils.hpp
[1.757s] -- Up-to-date: /home/minji/minji_ws/install/webots_ros2_driver/include/webots_ros2_driver/utils/Math.hpp
[1.757s] -- Up-to-date: /home/minji/minji_ws/install/webots_ros2_driver/include/webots_ros2_driver/PythonPlugin.hpp
[1.757s] -- Up-to-date: /home/minji/minji_ws/install/webots_ros2_driver/include/webots_ros2_driver/PluginInterface.hpp
[1.758s] -- Up-to-date: /home/minji/minji_ws/install/webots_ros2_driver/include/webots_ros2_driver/plugins
[1.758s] -- Up-to-date: /home/minji/minji_ws/install/webots_ros2_driver/include/webots_ros2_driver/plugins/Ros2SensorPlugin.hpp
[1.758s] -- Up-to-date: /home/minji/minji_ws/install/webots_ros2_driver/include/webots_ros2_driver/plugins/dynamic
[1.758s] -- Up-to-date: /home/minji/minji_ws/install/webots_ros2_driver/include/webots_ros2_driver/plugins/dynamic/Ros2IMU.hpp
[1.758s] -- Up-to-date: /home/minji/minji_ws/install/webots_ros2_driver/include/webots_ros2_driver/plugins/dynamic/Ros2RGBD.hpp
[1.758s] -- Up-to-date: /home/minji/minji_ws/install/webots_ros2_driver/include/webots_ros2_driver/plugins/static
[1.758s] -- Up-to-date: /home/minji/minji_ws/install/webots_ros2_driver/include/webots_ros2_driver/plugins/static/Ros2VacuumGripper.hpp
[1.758s] -- Up-to-date: /home/minji/minji_ws/install/webots_ros2_driver/include/webots_ros2_driver/plugins/static/Ros2Compass.hpp
[1.758s] -- Up-to-date: /home/minji/minji_ws/install/webots_ros2_driver/include/webots_ros2_driver/plugins/static/Ros2GPS.hpp
[1.758s] -- Up-to-date: /home/minji/minji_ws/install/webots_ros2_driver/include/webots_ros2_driver/plugins/static/Ros2LED.hpp
[1.759s] -- Up-to-date: /home/minji/minji_ws/install/webots_ros2_driver/include/webots_ros2_driver/plugins/static/Ros2Camera.hpp
[1.759s] -- Up-to-date: /home/minji/minji_ws/install/webots_ros2_driver/include/webots_ros2_driver/plugins/static/Ros2Emitter.hpp
[1.759s] -- Up-to-date: /home/minji/minji_ws/install/webots_ros2_driver/include/webots_ros2_driver/plugins/static/Ros2Pen.hpp
[1.759s] -- Up-to-date: /home/minji/minji_ws/install/webots_ros2_driver/include/webots_ros2_driver/plugins/static/Ros2Lidar.hpp
[1.759s] -- Up-to-date: /home/minji/minji_ws/install/webots_ros2_driver/include/webots_ros2_driver/plugins/static/Ros2Receiver.hpp
[1.759s] -- Up-to-date: /home/minji/minji_ws/install/webots_ros2_driver/include/webots_ros2_driver/plugins/static/Ros2LightSensor.hpp
[1.759s] -- Up-to-date: /home/minji/minji_ws/install/webots_ros2_driver/include/webots_ros2_driver/plugins/static/Ros2DistanceSensor.hpp
[1.759s] -- Up-to-date: /home/minji/minji_ws/install/webots_ros2_driver/include/webots_ros2_driver/plugins/static/Ros2RangeFinder.hpp
[1.759s] -- Up-to-date: /home/minji/minji_ws/install/webots_ros2_driver/include/webots_ros2_driver/WebotsNode.hpp
[1.759s] -- Up-to-date: /home/minji/minji_ws/install/webots_ros2_driver/lib/webots_ros2_driver/driver
[1.760s] -- Up-to-date: /home/minji/minji_ws/install/webots_ros2_driver/lib/libwebots_ros2_driver_imu.so
[1.760s] -- Up-to-date: /home/minji/minji_ws/install/webots_ros2_driver/lib/libwebots_ros2_driver_rgbd.so
[1.760s] -- Up-to-date: /home/minji/minji_ws/install/webots_ros2_driver/include/webots/c
[1.760s] -- Up-to-date: /home/minji/minji_ws/install/webots_ros2_driver/include/webots/c/webots
[1.760s] -- Up-to-date: /home/minji/minji_ws/install/webots_ros2_driver/include/webots/c/webots/contact_point.h
[1.760s] -- Up-to-date: /home/minji/minji_ws/install/webots_ros2_driver/include/webots/c/webots/compass.h
[1.760s] -- Up-to-date: /home/minji/minji_ws/install/webots_ros2_driver/include/webots/c/webots/radar_target.h
[1.760s] -- Up-to-date: /home/minji/minji_ws/install/webots_ros2_driver/include/webots/c/webots/pen.h
[1.760s] -- Up-to-date: /home/minji/minji_ws/install/webots_ros2_driver/include/webots/c/webots/gyro.h
[1.760s] -- Up-to-date: /home/minji/minji_ws/install/webots_ros2_driver/include/webots/c/webots/lidar_point.h
[1.760s] -- Up-to-date: /home/minji/minji_ws/install/webots_ros2_driver/include/webots/c/webots/keyboard.h
[1.760s] -- Up-to-date: /home/minji/minji_ws/install/webots_ros2_driver/include/webots/c/webots/touch_sensor.h
[1.760s] -- Up-to-date: /home/minji/minji_ws/install/webots_ros2_driver/include/webots/c/webots/speaker.h
[1.760s] -- Up-to-date: /home/minji/minji_ws/install/webots_ros2_driver/include/webots/c/webots/mouse.h
[1.760s] -- Up-to-date: /home/minji/minji_ws/install/webots_ros2_driver/include/webots/c/webots/utils
[1.760s] -- Up-to-date: /home/minji/minji_ws/install/webots_ros2_driver/include/webots/c/webots/utils/system.h
[1.761s] -- Up-to-date: /home/minji/minji_ws/install/webots_ros2_driver/include/webots/c/webots/utils/string.h
[1.761s] -- Up-to-date: /home/minji/minji_ws/install/webots_ros2_driver/include/webots/c/webots/utils/ansi_codes.h
[1.761s] -- Up-to-date: /home/minji/minji_ws/install/webots_ros2_driver/include/webots/c/webots/utils/motion.h
[1.761s] -- Up-to-date: /home/minji/minji_ws/install/webots_ros2_driver/include/webots/c/webots/skin.h
[1.761s] -- Up-to-date: /home/minji/minji_ws/install/webots_ros2_driver/include/webots/c/webots/display.h
[1.761s] -- Up-to-date: /home/minji/minji_ws/install/webots_ros2_driver/include/webots/c/webots/robot.h
[1.761s] -- Up-to-date: /home/minji/minji_ws/install/webots_ros2_driver/include/webots/c/webots/microphone.h
[1.761s] -- Up-to-date: /home/minji/minji_ws/install/webots_ros2_driver/include/webots/c/webots/gps.h
[1.761s] -- Up-to-date: /home/minji/minji_ws/install/webots_ros2_driver/include/webots/c/webots/camera.h
[1.761s] -- Up-to-date: /home/minji/minji_ws/install/webots_ros2_driver/include/webots/c/webots/supervisor.h
[1.761s] -- Up-to-date: /home/minji/minji_ws/install/webots_ros2_driver/include/webots/c/webots/light_sensor.h
[1.761s] -- Up-to-date: /home/minji/minji_ws/install/webots_ros2_driver/include/webots/c/webots/lidar.h
[1.762s] -- Up-to-date: /home/minji/minji_ws/install/webots_ros2_driver/include/webots/c/webots/types.h
[1.762s] -- Up-to-date: /home/minji/minji_ws/install/webots_ros2_driver/include/webots/c/webots/brake.h
[1.762s] -- Up-to-date: /home/minji/minji_ws/install/webots_ros2_driver/include/webots/c/webots/mouse_state.h
[1.762s] -- Up-to-date: /home/minji/minji_ws/install/webots_ros2_driver/include/webots/c/webots/emitter.h
[1.762s] -- Up-to-date: /home/minji/minji_ws/install/webots_ros2_driver/include/webots/c/webots/position_sensor.h
[1.762s] -- Up-to-date: /home/minji/minji_ws/install/webots_ros2_driver/include/webots/c/webots/distance_sensor.h
[1.762s] -- Up-to-date: /home/minji/minji_ws/install/webots_ros2_driver/include/webots/c/webots/range_finder.h
[1.762s] -- Up-to-date: /home/minji/minji_ws/install/webots_ros2_driver/include/webots/c/webots/remote_control.h
[1.762s] -- Up-to-date: /home/minji/minji_ws/install/webots_ros2_driver/include/webots/c/webots/vehicle
[1.762s] -- Up-to-date: /home/minji/minji_ws/install/webots_ros2_driver/include/webots/c/webots/vehicle/driver.h
[1.762s] -- Up-to-date: /home/minji/minji_ws/install/webots_ros2_driver/include/webots/c/webots/vehicle/car.h
[1.762s] -- Up-to-date: /home/minji/minji_ws/install/webots_ros2_driver/include/webots/c/webots/altimeter.h
[1.762s] -- Up-to-date: /home/minji/minji_ws/install/webots_ros2_driver/include/webots/c/webots/vacuum_gripper.h
[1.762s] -- Up-to-date: /home/minji/minji_ws/install/webots_ros2_driver/include/webots/c/webots/led.h
[1.762s] -- Up-to-date: /home/minji/minji_ws/install/webots_ros2_driver/include/webots/c/webots/nodes.h
[1.762s] -- Up-to-date: /home/minji/minji_ws/install/webots_ros2_driver/include/webots/c/webots/inertial_unit.h
[1.763s] -- Up-to-date: /home/minji/minji_ws/install/webots_ros2_driver/include/webots/c/webots/accelerometer.h
[1.763s] -- Up-to-date: /home/minji/minji_ws/install/webots_ros2_driver/include/webots/c/webots/console.h
[1.763s] -- Up-to-date: /home/minji/minji_ws/install/webots_ros2_driver/include/webots/c/webots/receiver.h
[1.763s] -- Up-to-date: /home/minji/minji_ws/install/webots_ros2_driver/include/webots/c/webots/plugins
[1.763s] -- Up-to-date: /home/minji/minji_ws/install/webots_ros2_driver/include/webots/c/webots/plugins/robot_window
[1.763s] -- Up-to-date: /home/minji/minji_ws/install/webots_ros2_driver/include/webots/c/webots/plugins/robot_window/default.h
[1.763s] -- Up-to-date: /home/minji/minji_ws/install/webots_ros2_driver/include/webots/c/webots/plugins/robot_window/robot_window.h
[1.763s] -- Up-to-date: /home/minji/minji_ws/install/webots_ros2_driver/include/webots/c/webots/plugins/robot_window/robot_wwi.h
[1.763s] -- Up-to-date: /home/minji/minji_ws/install/webots_ros2_driver/include/webots/c/webots/plugins/robot_window/generic_robot_window
[1.763s] -- Up-to-date: /home/minji/minji_ws/install/webots_ros2_driver/include/webots/c/webots/plugins/robot_window/generic_robot_window/generic.h
[1.763s] -- Up-to-date: /home/minji/minji_ws/install/webots_ros2_driver/include/webots/c/webots/camera_recognition_object.h
[1.763s] -- Up-to-date: /home/minji/minji_ws/install/webots_ros2_driver/include/webots/c/webots/device.h
[1.763s] -- Up-to-date: /home/minji/minji_ws/install/webots_ros2_driver/include/webots/c/webots/radio.h
[1.763s] -- Up-to-date: /home/minji/minji_ws/install/webots_ros2_driver/include/webots/c/webots/radar.h
[1.764s] -- Up-to-date: /home/minji/minji_ws/install/webots_ros2_driver/include/webots/c/webots/connector.h
[1.764s] -- Up-to-date: /home/minji/minji_ws/install/webots_ros2_driver/include/webots/c/webots/motor.h
[1.764s] -- Up-to-date: /home/minji/minji_ws/install/webots_ros2_driver/include/webots/c/webots/joystick.h
[1.764s] -- Up-to-date: /home/minji/minji_ws/install/webots_ros2_driver/include/webots/cpp
[1.764s] -- Up-to-date: /home/minji/minji_ws/install/webots_ros2_driver/include/webots/cpp/webots
[1.764s] -- Up-to-date: /home/minji/minji_ws/install/webots_ros2_driver/include/webots/cpp/webots/LightSensor.hpp
[1.764s] -- Up-to-date: /home/minji/minji_ws/install/webots_ros2_driver/include/webots/cpp/webots/Supervisor.hpp
[1.764s] -- Up-to-date: /home/minji/minji_ws/install/webots_ros2_driver/include/webots/cpp/webots/Motor.hpp
[1.764s] -- Up-to-date: /home/minji/minji_ws/install/webots_ros2_driver/include/webots/cpp/webots/RangeFinder.hpp
[1.764s] -- Up-to-date: /home/minji/minji_ws/install/webots_ros2_driver/include/webots/cpp/webots/Accelerometer.hpp
[1.764s] -- Up-to-date: /home/minji/minji_ws/install/webots_ros2_driver/include/webots/cpp/webots/Mouse.hpp
[1.764s] -- Up-to-date: /home/minji/minji_ws/install/webots_ros2_driver/include/webots/cpp/webots/Camera.hpp
[1.764s] -- Up-to-date: /home/minji/minji_ws/install/webots_ros2_driver/include/webots/cpp/webots/utils
[1.764s] -- Up-to-date: /home/minji/minji_ws/install/webots_ros2_driver/include/webots/cpp/webots/utils/AnsiCodes.hpp
[1.764s] -- Up-to-date: /home/minji/minji_ws/install/webots_ros2_driver/include/webots/cpp/webots/utils/Motion.hpp
[1.764s] -- Up-to-date: /home/minji/minji_ws/install/webots_ros2_driver/include/webots/cpp/webots/Skin.hpp
[1.765s] -- Up-to-date: /home/minji/minji_ws/install/webots_ros2_driver/include/webots/cpp/webots/LED.hpp
[1.765s] -- Up-to-date: /home/minji/minji_ws/install/webots_ros2_driver/include/webots/cpp/webots/VacuumGripper.hpp
[1.765s] -- Up-to-date: /home/minji/minji_ws/install/webots_ros2_driver/include/webots/cpp/webots/Speaker.hpp
[1.765s] -- Up-to-date: /home/minji/minji_ws/install/webots_ros2_driver/include/webots/cpp/webots/Robot.hpp
[1.765s] -- Up-to-date: /home/minji/minji_ws/install/webots_ros2_driver/include/webots/cpp/webots/Emitter.hpp
[1.765s] -- Up-to-date: /home/minji/minji_ws/install/webots_ros2_driver/include/webots/cpp/webots/Gyro.hpp
[1.765s] -- Up-to-date: /home/minji/minji_ws/install/webots_ros2_driver/include/webots/cpp/webots/Device.hpp
[1.765s] -- Up-to-date: /home/minji/minji_ws/install/webots_ros2_driver/include/webots/cpp/webots/Brake.hpp
[1.765s] -- Up-to-date: /home/minji/minji_ws/install/webots_ros2_driver/include/webots/cpp/webots/TouchSensor.hpp
[1.765s] -- Up-to-date: /home/minji/minji_ws/install/webots_ros2_driver/include/webots/cpp/webots/PositionSensor.hpp
[1.765s] -- Up-to-date: /home/minji/minji_ws/install/webots_ros2_driver/include/webots/cpp/webots/Field.hpp
[1.765s] -- Up-to-date: /home/minji/minji_ws/install/webots_ros2_driver/include/webots/cpp/webots/DistanceSensor.hpp
[1.765s] -- Up-to-date: /home/minji/minji_ws/install/webots_ros2_driver/include/webots/cpp/webots/vehicle
[1.765s] -- Up-to-date: /home/minji/minji_ws/install/webots_ros2_driver/include/webots/cpp/webots/vehicle/Car.hpp
[1.766s] -- Up-to-date: /home/minji/minji_ws/install/webots_ros2_driver/include/webots/cpp/webots/vehicle/Driver.hpp
[1.766s] -- Up-to-date: /home/minji/minji_ws/install/webots_ros2_driver/include/webots/cpp/webots/Radar.hpp
[1.766s] -- Up-to-date: /home/minji/minji_ws/install/webots_ros2_driver/include/webots/cpp/webots/Joystick.hpp
[1.766s] -- Up-to-date: /home/minji/minji_ws/install/webots_ros2_driver/include/webots/cpp/webots/Display.hpp
[1.766s] -- Up-to-date: /home/minji/minji_ws/install/webots_ros2_driver/include/webots/cpp/webots/Keyboard.hpp
[1.766s] -- Up-to-date: /home/minji/minji_ws/install/webots_ros2_driver/include/webots/cpp/webots/Connector.hpp
[1.766s] -- Up-to-date: /home/minji/minji_ws/install/webots_ros2_driver/include/webots/cpp/webots/InertialUnit.hpp
[1.766s] -- Up-to-date: /home/minji/minji_ws/install/webots_ros2_driver/include/webots/cpp/webots/Altimeter.hpp
[1.766s] -- Up-to-date: /home/minji/minji_ws/install/webots_ros2_driver/include/webots/cpp/webots/Receiver.hpp
[1.766s] -- Up-to-date: /home/minji/minji_ws/install/webots_ros2_driver/include/webots/cpp/webots/Node.hpp
[1.766s] -- Up-to-date: /home/minji/minji_ws/install/webots_ros2_driver/include/webots/cpp/webots/Pen.hpp
[1.766s] -- Up-to-date: /home/minji/minji_ws/install/webots_ros2_driver/include/webots/cpp/webots/GPS.hpp
[1.766s] -- Up-to-date: /home/minji/minji_ws/install/webots_ros2_driver/include/webots/cpp/webots/Compass.hpp
[1.766s] -- Up-to-date: /home/minji/minji_ws/install/webots_ros2_driver/include/webots/cpp/webots/ImageRef.hpp
[1.766s] -- Up-to-date: /home/minji/minji_ws/install/webots_ros2_driver/include/webots/cpp/webots/Lidar.hpp
[1.766s] -- Up-to-date: /home/minji/minji_ws/install/webots_ros2_driver/lib/controller
[1.767s] -- Installing: /home/minji/minji_ws/install/webots_ros2_driver/lib/controller/libgeneric_robot_window.so
[1.767s] -- Installing: /home/minji/minji_ws/install/webots_ros2_driver/lib/controller/libdriver.so
[1.767s] -- Up-to-date: /home/minji/minji_ws/install/webots_ros2_driver/lib/controller/libCppController.so
[1.767s] -- Up-to-date: /home/minji/minji_ws/install/webots_ros2_driver/lib/controller/libController.so
[1.767s] -- Installing: /home/minji/minji_ws/install/webots_ros2_driver/lib/controller/libcar.so
[1.767s] -- Installing: /home/minji/minji_ws/install/webots_ros2_driver/lib/controller/libCppDriver.so
[1.767s] -- Installing: /home/minji/minji_ws/install/webots_ros2_driver/lib/controller/libCppCar.so
[1.767s] -- Up-to-date: /home/minji/minji_ws/install/webots_ros2_driver/lib/controller/.gitignore
[1.767s] -- Up-to-date: /home/minji/minji_ws/install/webots_ros2_driver/share/webots_ros2_driver/webots_ros2_imu.xml
[1.767s] -- Up-to-date: /home/minji/minji_ws/install/webots_ros2_driver/share/webots_ros2_driver/webots_ros2_rgbd.xml
[1.767s] -- Up-to-date: /home/minji/minji_ws/install/webots_ros2_driver/lib/webots_ros2_driver/ros2_supervisor.py
[1.767s] -- Up-to-date: /home/minji/minji_ws/install/webots_ros2_driver/share/webots_ros2_driver/scripts
[1.767s] -- Up-to-date: /home/minji/minji_ws/install/webots_ros2_driver/share/webots_ros2_driver/scripts/webots_tcp_client.py
[1.768s] -- Up-to-date: /home/minji/minji_ws/install/webots_ros2_driver/share/webots_ros2_driver/scripts/webots-controller
[1.768s] -- Up-to-date: /home/minji/minji_ws/install/webots_ros2_driver/share/webots_ros2_driver/environment/library_path.sh
[1.768s] -- Up-to-date: /home/minji/minji_ws/install/webots_ros2_driver/share/webots_ros2_driver/environment/library_path.dsv
[1.768s] -- Up-to-date: /home/minji/minji_ws/install/webots_ros2_driver/share/ament_index/resource_index/package_run_dependencies/webots_ros2_driver
[1.768s] -- Up-to-date: /home/minji/minji_ws/install/webots_ros2_driver/share/ament_index/resource_index/parent_prefix_path/webots_ros2_driver
[1.768s] -- Up-to-date: /home/minji/minji_ws/install/webots_ros2_driver/share/webots_ros2_driver/environment/ament_prefix_path.sh
[1.768s] -- Up-to-date: /home/minji/minji_ws/install/webots_ros2_driver/share/webots_ros2_driver/environment/ament_prefix_path.dsv
[1.768s] -- Up-to-date: /home/minji/minji_ws/install/webots_ros2_driver/share/webots_ros2_driver/environment/path.sh
[1.768s] -- Up-to-date: /home/minji/minji_ws/install/webots_ros2_driver/share/webots_ros2_driver/environment/path.dsv
[1.768s] -- Up-to-date: /home/minji/minji_ws/install/webots_ros2_driver/share/webots_ros2_driver/local_setup.bash
[1.768s] -- Up-to-date: /home/minji/minji_ws/install/webots_ros2_driver/share/webots_ros2_driver/local_setup.sh
[1.768s] -- Up-to-date: /home/minji/minji_ws/install/webots_ros2_driver/share/webots_ros2_driver/local_setup.zsh
[1.769s] -- Up-to-date: /home/minji/minji_ws/install/webots_ros2_driver/share/webots_ros2_driver/local_setup.dsv
[1.769s] -- Installing: /home/minji/minji_ws/install/webots_ros2_driver/share/webots_ros2_driver/package.dsv
[1.769s] -- Up-to-date: /home/minji/minji_ws/install/webots_ros2_driver/share/ament_index/resource_index/packages/webots_ros2_driver
[1.769s] -- Up-to-date: /home/minji/minji_ws/install/webots_ros2_driver/share/ament_index/resource_index/webots_ros2_driver__pluginlib__plugin/webots_ros2_driver
[1.769s] -- Up-to-date: /home/minji/minji_ws/install/webots_ros2_driver/share/webots_ros2_driver/cmake/ament_cmake_export_include_directories-extras.cmake
[1.769s] -- Up-to-date: /home/minji/minji_ws/install/webots_ros2_driver/share/webots_ros2_driver/cmake/ament_cmake_export_dependencies-extras.cmake
[1.769s] -- Up-to-date: /home/minji/minji_ws/install/webots_ros2_driver/share/webots_ros2_driver/cmake/ament_cmake_export_libraries-extras.cmake
[1.769s] -- Up-to-date: /home/minji/minji_ws/install/webots_ros2_driver/share/webots_ros2_driver/cmake/webots_ros2_driverConfig.cmake
[1.769s] -- Up-to-date: /home/minji/minji_ws/install/webots_ros2_driver/share/webots_ros2_driver/cmake/webots_ros2_driverConfig-version.cmake
[1.769s] -- Up-to-date: /home/minji/minji_ws/install/webots_ros2_driver/share/webots_ros2_driver/package.xml
[1.771s] Invoked command in '/home/minji/minji_ws/build/webots_ros2_driver' returned '0': CMAKE_PREFIX_PATH=/home/minji/minji_ws/install/webots_ros2_msgs:/home/minji/minji_ws/install/webots_ros2_control:/home/minji/minji_ws/install/webots_ros2_driver:/home/minji/minji_ws/install/btcpp_ros2_samples:/home/minji/minji_ws/install/btcpp_ros2_project:/home/minji/minji_ws/install/behaviortree_ros2:/home/minji/minji_ws/install/btcpp_ros2_interfaces:/usr/local:/home/minji/minji_ws/install/webots_ros2:/home/minji/minji_ws/install/webots_ros2_universal_robot:/home/minji/minji_ws/install/webots_ros2_turtlebot:/home/minji/minji_ws/install/webots_ros2_tiago:/home/minji/minji_ws/install/webots_ros2_tests:/home/minji/minji_ws/install/webots_ros2_tesla:/home/minji/minji_ws/install/webots_ros2_mavic:/home/minji/minji_ws/install/webots_ros2_ld90:/home/minji/minji_ws/install/webots_ros2_epuck:/opt/ros/humble LD_LIBRARY_PATH=/home/minji/minji_ws/install/webots_ros2_msgs/lib:/home/minji/minji_ws/install/webots_ros2_control/lib:/home/minji/minji_ws/install/webots_ros2_driver/lib:/home/minji/minji_ws/install/behaviortree_ros2/lib:/home/minji/minji_ws/install/btcpp_ros2_interfaces/lib:/opt/ros/humble/opt/rviz_ogre_vendor/lib:/opt/ros/humble/lib/x86_64-linux-gnu:/opt/ros/humble/lib /usr/bin/cmake --install /home/minji/minji_ws/build/webots_ros2_driver
