[0.030s] Invoking command in '/home/minji/minji_ws/build/webots_ros2_control': CMAKE_PREFIX_PATH=/home/minji/minji_ws/install/webots_ros2_driver:/home/minji/minji_ws/install/webots_ros2_msgs:/home/minji/minji_ws/install/webots_ros2_control:/home/minji/minji_ws/install/btcpp_ros2_samples:/home/minji/minji_ws/install/btcpp_ros2_project:/home/minji/minji_ws/install/behaviortree_ros2:/home/minji/minji_ws/install/btcpp_ros2_interfaces:/usr/local:/home/minji/minji_ws/install/webots_ros2:/home/minji/minji_ws/install/webots_ros2_universal_robot:/home/minji/minji_ws/install/webots_ros2_turtlebot:/home/minji/minji_ws/install/webots_ros2_tiago:/home/minji/minji_ws/install/webots_ros2_tests:/home/minji/minji_ws/install/webots_ros2_tesla:/home/minji/minji_ws/install/webots_ros2_mavic:/home/minji/minji_ws/install/webots_ros2_ld90:/home/minji/minji_ws/install/webots_ros2_epuck:/opt/ros/humble LD_LIBRARY_PATH=/home/minji/minji_ws/install/webots_ros2_driver/lib:/home/minji/minji_ws/install/webots_ros2_msgs/lib:/home/minji/minji_ws/install/webots_ros2_control/lib:/home/minji/minji_ws/install/behaviortree_ros2/lib:/home/minji/minji_ws/install/btcpp_ros2_interfaces/lib:/opt/ros/humble/opt/rviz_ogre_vendor/lib:/opt/ros/humble/lib/x86_64-linux-gnu:/opt/ros/humble/lib /usr/bin/cmake --build /home/minji/minji_ws/build/webots_ros2_control -- -j8 -l8
[0.757s] [ 25%] [32m[1mLinking CXX shared library libwebots_ros2_control_system.so[0m
[0.757s] [ 50%] [32m[1mLinking CXX shared library libwebots_ros2_control.so[0m
[0.757s] [ 75%] Built target webots_ros2_control_system
[0.757s] [100%] Built target webots_ros2_control
[1.090s] Invoked command in '/home/minji/minji_ws/build/webots_ros2_control' returned '0': CMAKE_PREFIX_PATH=/home/minji/minji_ws/install/webots_ros2_driver:/home/minji/minji_ws/install/webots_ros2_msgs:/home/minji/minji_ws/install/webots_ros2_control:/home/minji/minji_ws/install/btcpp_ros2_samples:/home/minji/minji_ws/install/btcpp_ros2_project:/home/minji/minji_ws/install/behaviortree_ros2:/home/minji/minji_ws/install/btcpp_ros2_interfaces:/usr/local:/home/minji/minji_ws/install/webots_ros2:/home/minji/minji_ws/install/webots_ros2_universal_robot:/home/minji/minji_ws/install/webots_ros2_turtlebot:/home/minji/minji_ws/install/webots_ros2_tiago:/home/minji/minji_ws/install/webots_ros2_tests:/home/minji/minji_ws/install/webots_ros2_tesla:/home/minji/minji_ws/install/webots_ros2_mavic:/home/minji/minji_ws/install/webots_ros2_ld90:/home/minji/minji_ws/install/webots_ros2_epuck:/opt/ros/humble LD_LIBRARY_PATH=/home/minji/minji_ws/install/webots_ros2_driver/lib:/home/minji/minji_ws/install/webots_ros2_msgs/lib:/home/minji/minji_ws/install/webots_ros2_control/lib:/home/minji/minji_ws/install/behaviortree_ros2/lib:/home/minji/minji_ws/install/btcpp_ros2_interfaces/lib:/opt/ros/humble/opt/rviz_ogre_vendor/lib:/opt/ros/humble/lib/x86_64-linux-gnu:/opt/ros/humble/lib /usr/bin/cmake --build /home/minji/minji_ws/build/webots_ros2_control -- -j8 -l8
[1.130s] Invoking command in '/home/minji/minji_ws/build/webots_ros2_control': CMAKE_PREFIX_PATH=/home/minji/minji_ws/install/webots_ros2_driver:/home/minji/minji_ws/install/webots_ros2_msgs:/home/minji/minji_ws/install/webots_ros2_control:/home/minji/minji_ws/install/btcpp_ros2_samples:/home/minji/minji_ws/install/btcpp_ros2_project:/home/minji/minji_ws/install/behaviortree_ros2:/home/minji/minji_ws/install/btcpp_ros2_interfaces:/usr/local:/home/minji/minji_ws/install/webots_ros2:/home/minji/minji_ws/install/webots_ros2_universal_robot:/home/minji/minji_ws/install/webots_ros2_turtlebot:/home/minji/minji_ws/install/webots_ros2_tiago:/home/minji/minji_ws/install/webots_ros2_tests:/home/minji/minji_ws/install/webots_ros2_tesla:/home/minji/minji_ws/install/webots_ros2_mavic:/home/minji/minji_ws/install/webots_ros2_ld90:/home/minji/minji_ws/install/webots_ros2_epuck:/opt/ros/humble LD_LIBRARY_PATH=/home/minji/minji_ws/install/webots_ros2_driver/lib:/home/minji/minji_ws/install/webots_ros2_msgs/lib:/home/minji/minji_ws/install/webots_ros2_control/lib:/home/minji/minji_ws/install/behaviortree_ros2/lib:/home/minji/minji_ws/install/btcpp_ros2_interfaces/lib:/opt/ros/humble/opt/rviz_ogre_vendor/lib:/opt/ros/humble/lib/x86_64-linux-gnu:/opt/ros/humble/lib /usr/bin/cmake --install /home/minji/minji_ws/build/webots_ros2_control
[1.140s] -- Install configuration: ""
[1.140s] -- Up-to-date: /home/minji/minji_ws/install/webots_ros2_control/share/webots_ros2_control/webots_ros2_control.xml
[1.140s] -- Up-to-date: /home/minji/minji_ws/install/webots_ros2_control/share/webots_ros2_control/webots_ros2_control_system.xml
[1.140s] -- Installing: /home/minji/minji_ws/install/webots_ros2_control/lib/libwebots_ros2_control.so
[1.143s] -- Set runtime path of "/home/minji/minji_ws/install/webots_ros2_control/lib/libwebots_ros2_control.so" to ""
[1.144s] -- Installing: /home/minji/minji_ws/install/webots_ros2_control/lib/libwebots_ros2_control_system.so
[1.145s] -- Set runtime path of "/home/minji/minji_ws/install/webots_ros2_control/lib/libwebots_ros2_control_system.so" to ""
[1.145s] -- Up-to-date: /home/minji/minji_ws/install/webots_ros2_control/include
[1.145s] -- Up-to-date: /home/minji/minji_ws/install/webots_ros2_control/include/webots_ros2_control
[1.145s] -- Up-to-date: /home/minji/minji_ws/install/webots_ros2_control/include/webots_ros2_control/Ros2ControlSystem.hpp
[1.146s] -- Up-to-date: /home/minji/minji_ws/install/webots_ros2_control/include/webots_ros2_control/Ros2Control.hpp
[1.146s] -- Up-to-date: /home/minji/minji_ws/install/webots_ros2_control/include/webots_ros2_control/Ros2ControlSystemInterface.hpp
[1.146s] -- Up-to-date: /home/minji/minji_ws/install/webots_ros2_control/share/webots_ros2_control/environment/library_path.sh
[1.146s] -- Up-to-date: /home/minji/minji_ws/install/webots_ros2_control/share/webots_ros2_control/environment/library_path.dsv
[1.146s] -- Up-to-date: /home/minji/minji_ws/install/webots_ros2_control/share/ament_index/resource_index/package_run_dependencies/webots_ros2_control
[1.146s] -- Up-to-date: /home/minji/minji_ws/install/webots_ros2_control/share/ament_index/resource_index/parent_prefix_path/webots_ros2_control
[1.146s] -- Up-to-date: /home/minji/minji_ws/install/webots_ros2_control/share/webots_ros2_control/environment/ament_prefix_path.sh
[1.146s] -- Up-to-date: /home/minji/minji_ws/install/webots_ros2_control/share/webots_ros2_control/environment/ament_prefix_path.dsv
[1.147s] -- Up-to-date: /home/minji/minji_ws/install/webots_ros2_control/share/webots_ros2_control/environment/path.sh
[1.147s] -- Up-to-date: /home/minji/minji_ws/install/webots_ros2_control/share/webots_ros2_control/environment/path.dsv
[1.147s] -- Up-to-date: /home/minji/minji_ws/install/webots_ros2_control/share/webots_ros2_control/local_setup.bash
[1.147s] -- Up-to-date: /home/minji/minji_ws/install/webots_ros2_control/share/webots_ros2_control/local_setup.sh
[1.147s] -- Up-to-date: /home/minji/minji_ws/install/webots_ros2_control/share/webots_ros2_control/local_setup.zsh
[1.147s] -- Up-to-date: /home/minji/minji_ws/install/webots_ros2_control/share/webots_ros2_control/local_setup.dsv
[1.147s] -- Installing: /home/minji/minji_ws/install/webots_ros2_control/share/webots_ros2_control/package.dsv
[1.148s] -- Up-to-date: /home/minji/minji_ws/install/webots_ros2_control/share/ament_index/resource_index/packages/webots_ros2_control
[1.148s] -- Up-to-date: /home/minji/minji_ws/install/webots_ros2_control/share/ament_index/resource_index/webots_ros2_driver__pluginlib__plugin/webots_ros2_control
[1.148s] -- Up-to-date: /home/minji/minji_ws/install/webots_ros2_control/share/ament_index/resource_index/webots_ros2_control__pluginlib__plugin/webots_ros2_control
[1.148s] -- Up-to-date: /home/minji/minji_ws/install/webots_ros2_control/share/webots_ros2_control/cmake/ament_cmake_export_include_directories-extras.cmake
[1.148s] -- Up-to-date: /home/minji/minji_ws/install/webots_ros2_control/share/webots_ros2_control/cmake/ament_cmake_export_dependencies-extras.cmake
[1.149s] -- Up-to-date: /home/minji/minji_ws/install/webots_ros2_control/share/webots_ros2_control/cmake/ament_cmake_export_libraries-extras.cmake
[1.150s] -- Up-to-date: /home/minji/minji_ws/install/webots_ros2_control/share/webots_ros2_control/cmake/webots_ros2_controlConfig.cmake
[1.150s] -- Up-to-date: /home/minji/minji_ws/install/webots_ros2_control/share/webots_ros2_control/cmake/webots_ros2_controlConfig-version.cmake
[1.150s] -- Up-to-date: /home/minji/minji_ws/install/webots_ros2_control/share/webots_ros2_control/package.xml
[1.151s] Invoked command in '/home/minji/minji_ws/build/webots_ros2_control' returned '0': CMAKE_PREFIX_PATH=/home/minji/minji_ws/install/webots_ros2_driver:/home/minji/minji_ws/install/webots_ros2_msgs:/home/minji/minji_ws/install/webots_ros2_control:/home/minji/minji_ws/install/btcpp_ros2_samples:/home/minji/minji_ws/install/btcpp_ros2_project:/home/minji/minji_ws/install/behaviortree_ros2:/home/minji/minji_ws/install/btcpp_ros2_interfaces:/usr/local:/home/minji/minji_ws/install/webots_ros2:/home/minji/minji_ws/install/webots_ros2_universal_robot:/home/minji/minji_ws/install/webots_ros2_turtlebot:/home/minji/minji_ws/install/webots_ros2_tiago:/home/minji/minji_ws/install/webots_ros2_tests:/home/minji/minji_ws/install/webots_ros2_tesla:/home/minji/minji_ws/install/webots_ros2_mavic:/home/minji/minji_ws/install/webots_ros2_ld90:/home/minji/minji_ws/install/webots_ros2_epuck:/opt/ros/humble LD_LIBRARY_PATH=/home/minji/minji_ws/install/webots_ros2_driver/lib:/home/minji/minji_ws/install/webots_ros2_msgs/lib:/home/minji/minji_ws/install/webots_ros2_control/lib:/home/minji/minji_ws/install/behaviortree_ros2/lib:/home/minji/minji_ws/install/btcpp_ros2_interfaces/lib:/opt/ros/humble/opt/rviz_ogre_vendor/lib:/opt/ros/humble/lib/x86_64-linux-gnu:/opt/ros/humble/lib /usr/bin/cmake --install /home/minji/minji_ws/build/webots_ros2_control
