[2.733s] Invoking command in '/home/minji/minji_ws/webots_ros2/webots_ros2_tesla': CMAKE_PREFIX_PATH=/home/minji/minji_ws/install/webots_ros2_driver:/home/minji/minji_ws/install/webots_ros2_msgs:/home/minji/minji_ws/install/btcpp_ros2_samples:/home/minji/minji_ws/install/btcpp_ros2_project:/home/minji/minji_ws/install/behaviortree_ros2:/home/minji/minji_ws/install/btcpp_ros2_interfaces:/home/minji/minji_ws/install/webots_ros2_control:/home/minji/my_study/install/webots_ros2_control:/home/minji/my_study/install/webots_ros2_driver:/home/minji/my_study/install/webots_ros2_msgs:/usr/local:/usr/local LD_LIBRARY_PATH=/home/minji/minji_ws/install/webots_ros2_driver/lib:/home/minji/minji_ws/install/webots_ros2_msgs/lib:/home/minji/minji_ws/install/behaviortree_ros2/lib:/home/minji/minji_ws/install/btcpp_ros2_interfaces/lib:/home/minji/minji_ws/install/webots_ros2_control/lib:/home/minji/my_study/install/webots_ros2_control/lib:/home/minji/my_study/install/webots_ros2_driver/lib:/home/minji/my_study/install/webots_ros2_msgs/lib:/opt/ros/humble/opt/rviz_ogre_vendor/lib:/opt/ros/humble/lib/x86_64-linux-gnu:/opt/ros/humble/lib PYTHONPATH=/home/minji/minji_ws/build/webots_ros2_tesla/prefix_override:/usr/lib/python3/dist-packages/colcon_core/task/python/colcon_distutils_commands:/home/minji/minji_ws/install/webots_ros2_tesla/lib/python3.10/site-packages:${PYTHONPATH} /usr/bin/python3 -W ignore:setup.py install is deprecated setup.py egg_info --egg-base ../../build/webots_ros2_tesla build --build-base /home/minji/minji_ws/build/webots_ros2_tesla/build install --record /home/minji/minji_ws/build/webots_ros2_tesla/install.log --single-version-externally-managed install_data
[3.160s] running egg_info
[3.162s] writing ../../build/webots_ros2_tesla/webots_ros2_tesla.egg-info/PKG-INFO
[3.162s] writing dependency_links to ../../build/webots_ros2_tesla/webots_ros2_tesla.egg-info/dependency_links.txt
[3.162s] writing entry points to ../../build/webots_ros2_tesla/webots_ros2_tesla.egg-info/entry_points.txt
[3.162s] writing requirements to ../../build/webots_ros2_tesla/webots_ros2_tesla.egg-info/requires.txt
[3.163s] writing top-level names to ../../build/webots_ros2_tesla/webots_ros2_tesla.egg-info/top_level.txt
[3.166s] reading manifest file '../../build/webots_ros2_tesla/webots_ros2_tesla.egg-info/SOURCES.txt'
[3.167s] writing manifest file '../../build/webots_ros2_tesla/webots_ros2_tesla.egg-info/SOURCES.txt'
[3.168s] running build
[3.168s] running build_py
[3.169s] running install
[3.170s] running install_lib
[3.172s] running install_data
[3.172s] running install_egg_info
[3.175s] removing '/home/minji/minji_ws/install/webots_ros2_tesla/lib/python3.10/site-packages/webots_ros2_tesla-2023.1.2-py3.10.egg-info' (and everything under it)
[3.176s] Copying ../../build/webots_ros2_tesla/webots_ros2_tesla.egg-info to /home/minji/minji_ws/install/webots_ros2_tesla/lib/python3.10/site-packages/webots_ros2_tesla-2023.1.2-py3.10.egg-info
[3.178s] running install_scripts
[3.209s] Installing lane_follower script to /home/minji/minji_ws/install/webots_ros2_tesla/lib/webots_ros2_tesla
[3.210s] writing list of installed files to '/home/minji/minji_ws/build/webots_ros2_tesla/install.log'
[3.249s] Invoked command in '/home/minji/minji_ws/webots_ros2/webots_ros2_tesla' returned '0': CMAKE_PREFIX_PATH=/home/minji/minji_ws/install/webots_ros2_driver:/home/minji/minji_ws/install/webots_ros2_msgs:/home/minji/minji_ws/install/btcpp_ros2_samples:/home/minji/minji_ws/install/btcpp_ros2_project:/home/minji/minji_ws/install/behaviortree_ros2:/home/minji/minji_ws/install/btcpp_ros2_interfaces:/home/minji/minji_ws/install/webots_ros2_control:/home/minji/my_study/install/webots_ros2_control:/home/minji/my_study/install/webots_ros2_driver:/home/minji/my_study/install/webots_ros2_msgs:/usr/local:/usr/local LD_LIBRARY_PATH=/home/minji/minji_ws/install/webots_ros2_driver/lib:/home/minji/minji_ws/install/webots_ros2_msgs/lib:/home/minji/minji_ws/install/behaviortree_ros2/lib:/home/minji/minji_ws/install/btcpp_ros2_interfaces/lib:/home/minji/minji_ws/install/webots_ros2_control/lib:/home/minji/my_study/install/webots_ros2_control/lib:/home/minji/my_study/install/webots_ros2_driver/lib:/home/minji/my_study/install/webots_ros2_msgs/lib:/opt/ros/humble/opt/rviz_ogre_vendor/lib:/opt/ros/humble/lib/x86_64-linux-gnu:/opt/ros/humble/lib PYTHONPATH=/home/minji/minji_ws/build/webots_ros2_tesla/prefix_override:/usr/lib/python3/dist-packages/colcon_core/task/python/colcon_distutils_commands:/home/minji/minji_ws/install/webots_ros2_tesla/lib/python3.10/site-packages:${PYTHONPATH} /usr/bin/python3 -W ignore:setup.py install is deprecated setup.py egg_info --egg-base ../../build/webots_ros2_tesla build --build-base /home/minji/minji_ws/build/webots_ros2_tesla/build install --record /home/minji/minji_ws/build/webots_ros2_tesla/install.log --single-version-externally-managed install_data
