[0.020s] Invoking command in '/home/minji/minji_ws/build/webots_ros2_control': AMENT_PREFIX_PATH=/home/minji/minji_ws/install/webots_ros2_driver:/home/minji/minji_ws/install/webots_ros2_msgs:${AMENT_PREFIX_PATH} CMAKE_PREFIX_PATH=/home/minji/minji_ws/install/webots_ros2_driver:/home/minji/minji_ws/install/webots_ros2_msgs:/usr/local:/opt/ros/humble LD_LIBRARY_PATH=/home/minji/minji_ws/install/webots_ros2_driver/lib:/home/minji/minji_ws/install/webots_ros2_msgs/lib:${LD_LIBRARY_PATH} PYTHONPATH=/home/minji/minji_ws/install/webots_ros2_driver/local/lib/python3.10/dist-packages:/home/minji/minji_ws/install/webots_ros2_msgs/local/lib/python3.10/dist-packages:${PYTHONPATH} /usr/bin/cmake /home/minji/minji_ws/webots_ros2/webots_ros2_control -DCMAKE_INSTALL_PREFIX=/home/minji/minji_ws/install/webots_ros2_control
[0.501s] -- The C compiler identification is GNU 11.4.0
[0.502s] -- The CXX compiler identification is GNU 11.4.0
[0.502s] -- Detecting C compiler ABI info
[0.502s] -- Detecting C compiler ABI info - done
[0.502s] -- Check for working C compiler: /usr/bin/cc - skipped
[0.502s] -- Detecting C compile features
[0.502s] -- Detecting C compile features - done
[0.502s] -- Detecting CXX compiler ABI info
[0.502s] -- Detecting CXX compiler ABI info - done
[0.502s] -- Check for working CXX compiler: /usr/bin/c++ - skipped
[0.502s] -- Detecting CXX compile features
[0.502s] -- Detecting CXX compile features - done
[0.502s] -- Found ament_cmake: 1.3.9 (/opt/ros/humble/share/ament_cmake/cmake)
[0.502s] -- Found Python3: /usr/bin/python3 (found version "3.10.12") found components: Interpreter 
[0.538s] -- Found hardware_interface: 2.41.0 (/opt/ros/humble/share/hardware_interface/cmake)
[0.584s] -- Found rosidl_generator_c: 3.1.5 (/opt/ros/humble/share/rosidl_generator_c/cmake)
[0.590s] -- Found rosidl_adapter: 3.1.5 (/opt/ros/humble/share/rosidl_adapter/cmake)
[0.601s] -- Found rosidl_generator_cpp: 3.1.5 (/opt/ros/humble/share/rosidl_generator_cpp/cmake)
[0.617s] -- Using all available rosidl_typesupport_c: rosidl_typesupport_fastrtps_c;rosidl_typesupport_introspection_c
[0.639s] -- Using all available rosidl_typesupport_cpp: rosidl_typesupport_fastrtps_cpp;rosidl_typesupport_introspection_cpp
[1.249s] -- Found rmw_implementation_cmake: 6.1.2 (/opt/ros/humble/share/rmw_implementation_cmake/cmake)
[1.253s] -- Found rmw_fastrtps_cpp: 6.2.6 (/opt/ros/humble/share/rmw_fastrtps_cpp/cmake)
[1.294s] -- Found TinyXML2 via Config file: TinyXML2_DIR-NOTFOUND
[1.347s] -- Found OpenSSL: /usr/lib/x86_64-linux-gnu/libcrypto.so (found version "3.0.2")  
[1.352s] -- Found TinyXML2 via Config file: TinyXML2_DIR-NOTFOUND
[1.374s] -- Found FastRTPS: /opt/ros/humble/include  
[1.391s] -- Found TinyXML2 via Config file: TinyXML2_DIR-NOTFOUND
[1.403s] -- Found TinyXML2 via Config file: TinyXML2_DIR-NOTFOUND
[1.419s] -- Using RMW implementation 'rmw_fastrtps_cpp' as default
[1.438s] -- Looking for pthread.h
[1.505s] -- Looking for pthread.h - found
[1.505s] -- Performing Test CMAKE_HAVE_LIBC_PTHREAD
[1.565s] -- Performing Test CMAKE_HAVE_LIBC_PTHREAD - Success
[1.565s] -- Found Threads: TRUE  
[1.686s] -- Found controller_manager: 2.41.0 (/opt/ros/humble/share/controller_manager/cmake)
[2.001s] -- Found webots_ros2_driver: 2023.1.2 (/home/minji/minji_ws/install/webots_ros2_driver/share/webots_ros2_driver/cmake)
[2.029s] -- Found eigen3_cmake_module: 0.1.1 (/opt/ros/humble/share/eigen3_cmake_module/cmake)
[2.030s] -- Found Eigen3: TRUE (found version "3.4.0") 
[2.030s] -- Ensuring Eigen3 include directory is part of orocos-kdl CMake target
[4.024s] -- Configuring done
[4.100s] -- Generating done
[4.102s] -- Build files have been written to: /home/minji/minji_ws/build/webots_ros2_control
[4.114s] Invoked command in '/home/minji/minji_ws/build/webots_ros2_control' returned '0': AMENT_PREFIX_PATH=/home/minji/minji_ws/install/webots_ros2_driver:/home/minji/minji_ws/install/webots_ros2_msgs:${AMENT_PREFIX_PATH} CMAKE_PREFIX_PATH=/home/minji/minji_ws/install/webots_ros2_driver:/home/minji/minji_ws/install/webots_ros2_msgs:/usr/local:/opt/ros/humble LD_LIBRARY_PATH=/home/minji/minji_ws/install/webots_ros2_driver/lib:/home/minji/minji_ws/install/webots_ros2_msgs/lib:${LD_LIBRARY_PATH} PYTHONPATH=/home/minji/minji_ws/install/webots_ros2_driver/local/lib/python3.10/dist-packages:/home/minji/minji_ws/install/webots_ros2_msgs/local/lib/python3.10/dist-packages:${PYTHONPATH} /usr/bin/cmake /home/minji/minji_ws/webots_ros2/webots_ros2_control -DCMAKE_INSTALL_PREFIX=/home/minji/minji_ws/install/webots_ros2_control
[4.116s] Invoking command in '/home/minji/minji_ws/build/webots_ros2_control': AMENT_PREFIX_PATH=/home/minji/minji_ws/install/webots_ros2_driver:/home/minji/minji_ws/install/webots_ros2_msgs:${AMENT_PREFIX_PATH} CMAKE_PREFIX_PATH=/home/minji/minji_ws/install/webots_ros2_driver:/home/minji/minji_ws/install/webots_ros2_msgs:/usr/local:/opt/ros/humble LD_LIBRARY_PATH=/home/minji/minji_ws/install/webots_ros2_driver/lib:/home/minji/minji_ws/install/webots_ros2_msgs/lib:${LD_LIBRARY_PATH} PYTHONPATH=/home/minji/minji_ws/install/webots_ros2_driver/local/lib/python3.10/dist-packages:/home/minji/minji_ws/install/webots_ros2_msgs/local/lib/python3.10/dist-packages:${PYTHONPATH} /usr/bin/cmake --build /home/minji/minji_ws/build/webots_ros2_control -- -j8 -l8
[4.172s] [ 50%] [32mBuilding CXX object CMakeFiles/webots_ros2_control_system.dir/src/Ros2ControlSystem.cpp.o[0m
[4.172s] [ 50%] [32mBuilding CXX object CMakeFiles/webots_ros2_control.dir/src/Ros2Control.cpp.o[0m
[8.007s] [ 75%] [32m[1mLinking CXX shared library libwebots_ros2_control_system.so[0m
[8.138s] [ 75%] Built target webots_ros2_control_system
[9.600s] [100%] [32m[1mLinking CXX shared library libwebots_ros2_control.so[0m
[9.857s] [100%] Built target webots_ros2_control
[9.865s] Invoked command in '/home/minji/minji_ws/build/webots_ros2_control' returned '0': AMENT_PREFIX_PATH=/home/minji/minji_ws/install/webots_ros2_driver:/home/minji/minji_ws/install/webots_ros2_msgs:${AMENT_PREFIX_PATH} CMAKE_PREFIX_PATH=/home/minji/minji_ws/install/webots_ros2_driver:/home/minji/minji_ws/install/webots_ros2_msgs:/usr/local:/opt/ros/humble LD_LIBRARY_PATH=/home/minji/minji_ws/install/webots_ros2_driver/lib:/home/minji/minji_ws/install/webots_ros2_msgs/lib:${LD_LIBRARY_PATH} PYTHONPATH=/home/minji/minji_ws/install/webots_ros2_driver/local/lib/python3.10/dist-packages:/home/minji/minji_ws/install/webots_ros2_msgs/local/lib/python3.10/dist-packages:${PYTHONPATH} /usr/bin/cmake --build /home/minji/minji_ws/build/webots_ros2_control -- -j8 -l8
[9.884s] Invoking command in '/home/minji/minji_ws/build/webots_ros2_control': AMENT_PREFIX_PATH=/home/minji/minji_ws/install/webots_ros2_driver:/home/minji/minji_ws/install/webots_ros2_msgs:${AMENT_PREFIX_PATH} CMAKE_PREFIX_PATH=/home/minji/minji_ws/install/webots_ros2_driver:/home/minji/minji_ws/install/webots_ros2_msgs:/usr/local:/opt/ros/humble LD_LIBRARY_PATH=/home/minji/minji_ws/install/webots_ros2_driver/lib:/home/minji/minji_ws/install/webots_ros2_msgs/lib:${LD_LIBRARY_PATH} PYTHONPATH=/home/minji/minji_ws/install/webots_ros2_driver/local/lib/python3.10/dist-packages:/home/minji/minji_ws/install/webots_ros2_msgs/local/lib/python3.10/dist-packages:${PYTHONPATH} /usr/bin/cmake --install /home/minji/minji_ws/build/webots_ros2_control
[9.890s] -- Install configuration: ""
[9.890s] -- Installing: /home/minji/minji_ws/install/webots_ros2_control/share/webots_ros2_control/webots_ros2_control.xml
[9.891s] -- Installing: /home/minji/minji_ws/install/webots_ros2_control/share/webots_ros2_control/webots_ros2_control_system.xml
[9.891s] -- Installing: /home/minji/minji_ws/install/webots_ros2_control/lib/libwebots_ros2_control.so
[9.893s] -- Set runtime path of "/home/minji/minji_ws/install/webots_ros2_control/lib/libwebots_ros2_control.so" to ""
[9.893s] -- Installing: /home/minji/minji_ws/install/webots_ros2_control/lib/libwebots_ros2_control_system.so
[9.894s] -- Set runtime path of "/home/minji/minji_ws/install/webots_ros2_control/lib/libwebots_ros2_control_system.so" to ""
[9.894s] -- Installing: /home/minji/minji_ws/install/webots_ros2_control/include
[9.894s] -- Installing: /home/minji/minji_ws/install/webots_ros2_control/include/webots_ros2_control
[9.894s] -- Installing: /home/minji/minji_ws/install/webots_ros2_control/include/webots_ros2_control/Ros2ControlSystem.hpp
[9.894s] -- Installing: /home/minji/minji_ws/install/webots_ros2_control/include/webots_ros2_control/Ros2Control.hpp
[9.894s] -- Installing: /home/minji/minji_ws/install/webots_ros2_control/include/webots_ros2_control/Ros2ControlSystemInterface.hpp
[9.895s] -- Installing: /home/minji/minji_ws/install/webots_ros2_control/share/webots_ros2_control/environment/library_path.sh
[9.895s] -- Installing: /home/minji/minji_ws/install/webots_ros2_control/share/webots_ros2_control/environment/library_path.dsv
[9.895s] -- Installing: /home/minji/minji_ws/install/webots_ros2_control/share/ament_index/resource_index/package_run_dependencies/webots_ros2_control
[9.895s] -- Installing: /home/minji/minji_ws/install/webots_ros2_control/share/ament_index/resource_index/parent_prefix_path/webots_ros2_control
[9.895s] -- Installing: /home/minji/minji_ws/install/webots_ros2_control/share/webots_ros2_control/environment/ament_prefix_path.sh
[9.895s] -- Installing: /home/minji/minji_ws/install/webots_ros2_control/share/webots_ros2_control/environment/ament_prefix_path.dsv
[9.896s] -- Installing: /home/minji/minji_ws/install/webots_ros2_control/share/webots_ros2_control/environment/path.sh
[9.896s] -- Installing: /home/minji/minji_ws/install/webots_ros2_control/share/webots_ros2_control/environment/path.dsv
[9.896s] -- Installing: /home/minji/minji_ws/install/webots_ros2_control/share/webots_ros2_control/local_setup.bash
[9.896s] -- Installing: /home/minji/minji_ws/install/webots_ros2_control/share/webots_ros2_control/local_setup.sh
[9.896s] -- Installing: /home/minji/minji_ws/install/webots_ros2_control/share/webots_ros2_control/local_setup.zsh
[9.896s] -- Installing: /home/minji/minji_ws/install/webots_ros2_control/share/webots_ros2_control/local_setup.dsv
[9.896s] -- Installing: /home/minji/minji_ws/install/webots_ros2_control/share/webots_ros2_control/package.dsv
[9.897s] -- Installing: /home/minji/minji_ws/install/webots_ros2_control/share/ament_index/resource_index/packages/webots_ros2_control
[9.897s] -- Installing: /home/minji/minji_ws/install/webots_ros2_control/share/ament_index/resource_index/webots_ros2_driver__pluginlib__plugin/webots_ros2_control
[9.897s] -- Installing: /home/minji/minji_ws/install/webots_ros2_control/share/ament_index/resource_index/webots_ros2_control__pluginlib__plugin/webots_ros2_control
[9.897s] -- Installing: /home/minji/minji_ws/install/webots_ros2_control/share/webots_ros2_control/cmake/ament_cmake_export_include_directories-extras.cmake
[9.897s] -- Installing: /home/minji/minji_ws/install/webots_ros2_control/share/webots_ros2_control/cmake/ament_cmake_export_dependencies-extras.cmake
[9.897s] -- Installing: /home/minji/minji_ws/install/webots_ros2_control/share/webots_ros2_control/cmake/ament_cmake_export_libraries-extras.cmake
[9.897s] -- Installing: /home/minji/minji_ws/install/webots_ros2_control/share/webots_ros2_control/cmake/webots_ros2_controlConfig.cmake
[9.898s] -- Installing: /home/minji/minji_ws/install/webots_ros2_control/share/webots_ros2_control/cmake/webots_ros2_controlConfig-version.cmake
[9.898s] -- Installing: /home/minji/minji_ws/install/webots_ros2_control/share/webots_ros2_control/package.xml
[9.899s] Invoked command in '/home/minji/minji_ws/build/webots_ros2_control' returned '0': AMENT_PREFIX_PATH=/home/minji/minji_ws/install/webots_ros2_driver:/home/minji/minji_ws/install/webots_ros2_msgs:${AMENT_PREFIX_PATH} CMAKE_PREFIX_PATH=/home/minji/minji_ws/install/webots_ros2_driver:/home/minji/minji_ws/install/webots_ros2_msgs:/usr/local:/opt/ros/humble LD_LIBRARY_PATH=/home/minji/minji_ws/install/webots_ros2_driver/lib:/home/minji/minji_ws/install/webots_ros2_msgs/lib:${LD_LIBRARY_PATH} PYTHONPATH=/home/minji/minji_ws/install/webots_ros2_driver/local/lib/python3.10/dist-packages:/home/minji/minji_ws/install/webots_ros2_msgs/local/lib/python3.10/dist-packages:${PYTHONPATH} /usr/bin/cmake --install /home/minji/minji_ws/build/webots_ros2_control
