-- The C compiler identification is GNU 11.4.0
-- The CXX compiler identification is GNU 11.4.0
-- Detecting C compiler ABI info
-- Detecting C compiler ABI info - done
-- Check for working C compiler: /usr/bin/cc - skipped
-- Detecting C compile features
-- Detecting C compile features - done
-- Detecting CXX compiler ABI info
-- Detecting CXX compiler ABI info - done
-- Check for working CXX compiler: /usr/bin/c++ - skipped
-- Detecting CXX compile features
-- Detecting CXX compile features - done
-- Found ament_cmake: 1.3.9 (/opt/ros/humble/share/ament_cmake/cmake)
-- Found Python3: /usr/bin/python3 (found version "3.10.12") found components: Interpreter 
-- Found rosgraph_msgs: 1.2.1 (/opt/ros/humble/share/rosgraph_msgs/cmake)
-- Found rosidl_generator_c: 3.1.5 (/opt/ros/humble/share/rosidl_generator_c/cmake)
-- Found rosidl_adapter: 3.1.5 (/opt/ros/humble/share/rosidl_adapter/cmake)
-- Found rosidl_generator_cpp: 3.1.5 (/opt/ros/humble/share/rosidl_generator_cpp/cmake)
-- Using all available rosidl_typesupport_c: rosidl_typesupport_fastrtps_c;rosidl_typesupport_introspection_c
-- Using all available rosidl_typesupport_cpp: rosidl_typesupport_fastrtps_cpp;rosidl_typesupport_introspection_cpp
-- Found rclcpp: 16.0.9 (/opt/ros/humble/share/rclcpp/cmake)
-- Found rmw_implementation_cmake: 6.1.2 (/opt/ros/humble/share/rmw_implementation_cmake/cmake)
-- Found rmw_fastrtps_cpp: 6.2.6 (/opt/ros/humble/share/rmw_fastrtps_cpp/cmake)
-- Found OpenSSL: /usr/lib/x86_64-linux-gnu/libcrypto.so (found version "3.0.2")  
-- Found FastRTPS: /opt/ros/humble/include  
-- Using RMW implementation 'rmw_fastrtps_cpp' as default
-- Looking for pthread.h
-- Looking for pthread.h - found
-- Performing Test CMAKE_HAVE_LIBC_PTHREAD
-- Performing Test CMAKE_HAVE_LIBC_PTHREAD - Success
-- Found Threads: TRUE  
-- Found pluginlib: 5.1.0 (/opt/ros/humble/share/pluginlib/cmake)
-- Found sensor_msgs: 4.2.4 (/opt/ros/humble/share/sensor_msgs/cmake)
-- Found tf2_geometry_msgs: 0.25.7 (/opt/ros/humble/share/tf2_geometry_msgs/cmake)
-- Found eigen3_cmake_module: 0.1.1 (/opt/ros/humble/share/eigen3_cmake_module/cmake)
-- Found Eigen3: TRUE (found version "3.4.0") 
-- Ensuring Eigen3 include directory is part of orocos-kdl CMake target
-- Found vision_msgs: 4.1.1 (/opt/ros/humble/share/vision_msgs/cmake)
-- Found webots_ros2_msgs: 2023.1.2 (/home/minji/minji_ws/install/webots_ros2_msgs/share/webots_ros2_msgs/cmake)
-- Found TinyXML2 via Config file: TinyXML2_DIR-NOTFOUND
-- Found Python: /usr/include/python3.10 (found suitable exact version "3.10.12") found components: Development Development.Module Development.Embed 
-- Configuring done
-- Generating done
-- Build files have been written to: /home/minji/minji_ws/build/webots_ros2_driver
[  0%] Built target ament_cmake_python_copy_vehicle
[  0%] Built target ament_cmake_python_copy_webots_ros2_driver
[  0%] Built target ament_cmake_python_copy_controller
running egg_info
running egg_info
creating webots_ros2_driver.egg-info
writing webots_ros2_driver.egg-info/PKG-INFO
creating vehicle.egg-info
writing dependency_links to webots_ros2_driver.egg-info/dependency_links.txt
writing top-level names to webots_ros2_driver.egg-info/top_level.txt
writing vehicle.egg-info/PKG-INFO
writing manifest file 'webots_ros2_driver.egg-info/SOURCES.txt'
writing dependency_links to vehicle.egg-info/dependency_links.txt
writing top-level names to vehicle.egg-info/top_level.txt
writing manifest file 'vehicle.egg-info/SOURCES.txt'
running egg_info
creating controller.egg-info
reading manifest file 'webots_ros2_driver.egg-info/SOURCES.txt'
writing controller.egg-info/PKG-INFO
writing dependency_links to controller.egg-info/dependency_links.txt
writing top-level names to controller.egg-info/top_level.txt
writing manifest file 'webots_ros2_driver.egg-info/SOURCES.txt'
writing manifest file 'controller.egg-info/SOURCES.txt'
reading manifest file 'vehicle.egg-info/SOURCES.txt'
writing manifest file 'vehicle.egg-info/SOURCES.txt'
reading manifest file 'controller.egg-info/SOURCES.txt'
writing manifest file 'controller.egg-info/SOURCES.txt'
[  0%] Built target ament_cmake_python_build_webots_ros2_driver_egg
[  0%] Built target ament_cmake_python_build_vehicle_egg
[  0%] Built target ament_cmake_python_build_controller_egg
[  0%] Built target compile-lib-controller
[  0%] Built target compile-generic-window
[  0%] Built target compile-lib-vehicle
[ 22%] [32mBuilding CXX object CMakeFiles/driver.dir/src/WebotsNode.cpp.o[0m
[ 22%] [32mBuilding CXX object CMakeFiles/webots_ros2_driver_imu.dir/src/utils/Utils.cpp.o[0m
[ 22%] [32mBuilding CXX object CMakeFiles/webots_ros2_driver_imu.dir/src/plugins/dynamic/Ros2IMU.cpp.o[0m
[ 22%] [32mBuilding CXX object CMakeFiles/webots_ros2_driver_rgbd.dir/src/plugins/dynamic/Ros2RGBD.cpp.o[0m
[ 25%] [32mBuilding CXX object CMakeFiles/driver.dir/src/Driver.cpp.o[0m
[ 25%] [32mBuilding CXX object CMakeFiles/webots_ros2_driver_imu.dir/src/plugins/Ros2SensorPlugin.cpp.o[0m
[ 29%] [32mBuilding CXX object CMakeFiles/webots_ros2_driver_rgbd.dir/src/utils/Utils.cpp.o[0m
[ 22%] [32mBuilding CXX object CMakeFiles/webots_ros2_driver_rgbd.dir/src/plugins/Ros2SensorPlugin.cpp.o[0m
[ 33%] [32mBuilding CXX object CMakeFiles/driver.dir/src/plugins/Ros2SensorPlugin.cpp.o[0m
[ 37%] [32mBuilding CXX object CMakeFiles/driver.dir/src/PythonPlugin.cpp.o[0m
[ 40%] [32mBuilding CXX object CMakeFiles/driver.dir/src/plugins/static/Ros2Lidar.cpp.o[0m
[ 44%] [32mBuilding CXX object CMakeFiles/driver.dir/src/plugins/static/Ros2LED.cpp.o[0m
[ 48%] [32mBuilding CXX object CMakeFiles/driver.dir/src/plugins/static/Ros2Pen.cpp.o[0m
[ 51%] [32mBuilding CXX object CMakeFiles/driver.dir/src/plugins/static/Ros2Camera.cpp.o[0m
[ 55%] [32mBuilding CXX object CMakeFiles/driver.dir/src/plugins/static/Ros2GPS.cpp.o[0m
[ 59%] [32m[1mLinking CXX shared library libwebots_ros2_driver_imu.so[0m
[ 62%] [32m[1mLinking CXX shared library libwebots_ros2_driver_rgbd.so[0m
[ 62%] Built target webots_ros2_driver_imu
[ 66%] [32mBuilding CXX object CMakeFiles/driver.dir/src/plugins/static/Ros2RangeFinder.cpp.o[0m
[ 66%] Built target webots_ros2_driver_rgbd
[ 70%] [32mBuilding CXX object CMakeFiles/driver.dir/src/plugins/static/Ros2DistanceSensor.cpp.o[0m
