[0.009s] Invoking command in '/home/minji/test_folder/Test_in_Simulation/build/webots_ros2_msgs': CMAKE_PREFIX_PATH=${CMAKE_PREFIX_PATH}:/home/minji/minji_ws/install/webots_ros2:/home/minji/minji_ws/install/webots_ros2_universal_robot:/home/minji/minji_ws/install/webots_ros2_turtlebot:/home/minji/minji_ws/install/webots_ros2_tiago:/home/minji/minji_ws/install/webots_ros2_tests:/home/minji/minji_ws/install/webots_ros2_tesla:/home/minji/minji_ws/install/webots_ros2_mavic:/home/minji/minji_ws/install/webots_ros2_ld90:/home/minji/minji_ws/install/webots_ros2_epuck:/home/minji/test_folder/Test_in_Simulation/install/webots_ros2:/home/minji/test_folder/Test_in_Simulation/install/webots_ros2_universal_robot:/home/minji/test_folder/Test_in_Simulation/install/webots_ros2_turtlebot:/home/minji/test_folder/Test_in_Simulation/install/webots_ros2_tiago:/home/minji/test_folder/Test_in_Simulation/install/webots_ros2_tests:/home/minji/test_folder/Test_in_Simulation/install/webots_ros2_tesla:/home/minji/test_folder/Test_in_Simulation/install/webots_ros2_mavic:/home/minji/test_folder/Test_in_Simulation/install/webots_ros2_ld90:/home/minji/test_folder/Test_in_Simulation/install/webots_ros2_epuck:/home/minji/my_study/install/webots_ros2:/home/minji/my_study/install/webots_ros2_universal_robot:/home/minji/my_study/install/webots_ros2_turtlebot:/home/minji/my_study/install/webots_ros2_tiago:/home/minji/my_study/install/webots_ros2_tests:/home/minji/my_study/install/webots_ros2_tesla:/home/minji/my_study/install/webots_ros2_mavic:/home/minji/my_study/install/webots_ros2_ld90:/home/minji/my_study/install/webots_ros2_epuck:/opt/ros/humble /usr/bin/cmake --build /home/minji/test_folder/Test_in_Simulation/build/webots_ros2_msgs -- -j8 -l8
[0.054s] [  0%] Built target webots_ros2_msgs__cpp
[0.056s] [ 12%] Built target webots_ros2_msgs__rosidl_generator_c
[0.065s] [ 12%] Built target ament_cmake_python_copy_webots_ros2_msgs
[0.082s] [ 32%] Built target webots_ros2_msgs__rosidl_typesupport_introspection_c
[0.083s] [ 36%] Built target webots_ros2_msgs__rosidl_typesupport_c
[0.085s] [ 53%] Built target webots_ros2_msgs__rosidl_typesupport_cpp
[0.085s] [ 60%] Built target webots_ros2_msgs__rosidl_typesupport_introspection_cpp
[0.089s] [ 71%] Built target webots_ros2_msgs__rosidl_typesupport_fastrtps_cpp
[0.093s] [ 83%] Built target webots_ros2_msgs__rosidl_typesupport_fastrtps_c
[0.110s] [ 83%] Built target webots_ros2_msgs
[0.128s] [ 84%] Built target webots_ros2_msgs__py
[0.149s] [ 95%] Built target webots_ros2_msgs__rosidl_generator_py
[0.168s] [ 96%] Built target webots_ros2_msgs__rosidl_typesupport_c__pyext
[0.170s] [ 98%] Built target webots_ros2_msgs__rosidl_typesupport_fastrtps_c__pyext
[0.171s] [100%] Built target webots_ros2_msgs__rosidl_typesupport_introspection_c__pyext
[0.290s] running egg_info
[0.291s] writing webots_ros2_msgs.egg-info/PKG-INFO
[0.291s] writing dependency_links to webots_ros2_msgs.egg-info/dependency_links.txt
[0.291s] writing top-level names to webots_ros2_msgs.egg-info/top_level.txt
[0.293s] reading manifest file 'webots_ros2_msgs.egg-info/SOURCES.txt'
[0.293s] writing manifest file 'webots_ros2_msgs.egg-info/SOURCES.txt'
[0.312s] [100%] Built target ament_cmake_python_build_webots_ros2_msgs_egg
[0.322s] Invoked command in '/home/minji/test_folder/Test_in_Simulation/build/webots_ros2_msgs' returned '0': CMAKE_PREFIX_PATH=${CMAKE_PREFIX_PATH}:/home/minji/minji_ws/install/webots_ros2:/home/minji/minji_ws/install/webots_ros2_universal_robot:/home/minji/minji_ws/install/webots_ros2_turtlebot:/home/minji/minji_ws/install/webots_ros2_tiago:/home/minji/minji_ws/install/webots_ros2_tests:/home/minji/minji_ws/install/webots_ros2_tesla:/home/minji/minji_ws/install/webots_ros2_mavic:/home/minji/minji_ws/install/webots_ros2_ld90:/home/minji/minji_ws/install/webots_ros2_epuck:/home/minji/test_folder/Test_in_Simulation/install/webots_ros2:/home/minji/test_folder/Test_in_Simulation/install/webots_ros2_universal_robot:/home/minji/test_folder/Test_in_Simulation/install/webots_ros2_turtlebot:/home/minji/test_folder/Test_in_Simulation/install/webots_ros2_tiago:/home/minji/test_folder/Test_in_Simulation/install/webots_ros2_tests:/home/minji/test_folder/Test_in_Simulation/install/webots_ros2_tesla:/home/minji/test_folder/Test_in_Simulation/install/webots_ros2_mavic:/home/minji/test_folder/Test_in_Simulation/install/webots_ros2_ld90:/home/minji/test_folder/Test_in_Simulation/install/webots_ros2_epuck:/home/minji/my_study/install/webots_ros2:/home/minji/my_study/install/webots_ros2_universal_robot:/home/minji/my_study/install/webots_ros2_turtlebot:/home/minji/my_study/install/webots_ros2_tiago:/home/minji/my_study/install/webots_ros2_tests:/home/minji/my_study/install/webots_ros2_tesla:/home/minji/my_study/install/webots_ros2_mavic:/home/minji/my_study/install/webots_ros2_ld90:/home/minji/my_study/install/webots_ros2_epuck:/opt/ros/humble /usr/bin/cmake --build /home/minji/test_folder/Test_in_Simulation/build/webots_ros2_msgs -- -j8 -l8
[0.733s] Invoking command in '/home/minji/test_folder/Test_in_Simulation/build/webots_ros2_msgs': CMAKE_PREFIX_PATH=${CMAKE_PREFIX_PATH}:/home/minji/minji_ws/install/webots_ros2:/home/minji/minji_ws/install/webots_ros2_universal_robot:/home/minji/minji_ws/install/webots_ros2_turtlebot:/home/minji/minji_ws/install/webots_ros2_tiago:/home/minji/minji_ws/install/webots_ros2_tests:/home/minji/minji_ws/install/webots_ros2_tesla:/home/minji/minji_ws/install/webots_ros2_mavic:/home/minji/minji_ws/install/webots_ros2_ld90:/home/minji/minji_ws/install/webots_ros2_epuck:/home/minji/test_folder/Test_in_Simulation/install/webots_ros2:/home/minji/test_folder/Test_in_Simulation/install/webots_ros2_universal_robot:/home/minji/test_folder/Test_in_Simulation/install/webots_ros2_turtlebot:/home/minji/test_folder/Test_in_Simulation/install/webots_ros2_tiago:/home/minji/test_folder/Test_in_Simulation/install/webots_ros2_tests:/home/minji/test_folder/Test_in_Simulation/install/webots_ros2_tesla:/home/minji/test_folder/Test_in_Simulation/install/webots_ros2_mavic:/home/minji/test_folder/Test_in_Simulation/install/webots_ros2_ld90:/home/minji/test_folder/Test_in_Simulation/install/webots_ros2_epuck:/home/minji/my_study/install/webots_ros2:/home/minji/my_study/install/webots_ros2_universal_robot:/home/minji/my_study/install/webots_ros2_turtlebot:/home/minji/my_study/install/webots_ros2_tiago:/home/minji/my_study/install/webots_ros2_tests:/home/minji/my_study/install/webots_ros2_tesla:/home/minji/my_study/install/webots_ros2_mavic:/home/minji/my_study/install/webots_ros2_ld90:/home/minji/my_study/install/webots_ros2_epuck:/opt/ros/humble /usr/bin/cmake --install /home/minji/test_folder/Test_in_Simulation/build/webots_ros2_msgs
[0.740s] -- Install configuration: ""
[0.740s] -- Up-to-date: /home/minji/test_folder/Test_in_Simulation/install/webots_ros2_msgs/share/ament_index/resource_index/rosidl_interfaces/webots_ros2_msgs
[0.740s] -- Up-to-date: /home/minji/test_folder/Test_in_Simulation/install/webots_ros2_msgs/include/webots_ros2_msgs/webots_ros2_msgs
[0.740s] -- Up-to-date: /home/minji/test_folder/Test_in_Simulation/install/webots_ros2_msgs/include/webots_ros2_msgs/webots_ros2_msgs/msg
[0.740s] -- Up-to-date: /home/minji/test_folder/Test_in_Simulation/install/webots_ros2_msgs/include/webots_ros2_msgs/webots_ros2_msgs/msg/string_stamped.h
[0.740s] -- Up-to-date: /home/minji/test_folder/Test_in_Simulation/install/webots_ros2_msgs/include/webots_ros2_msgs/webots_ros2_msgs/msg/bool_stamped.h
[0.740s] -- Up-to-date: /home/minji/test_folder/Test_in_Simulation/install/webots_ros2_msgs/include/webots_ros2_msgs/webots_ros2_msgs/msg/camera_recognition_objects.h
[0.740s] -- Up-to-date: /home/minji/test_folder/Test_in_Simulation/install/webots_ros2_msgs/include/webots_ros2_msgs/webots_ros2_msgs/msg/pen_ink_properties.h
[0.740s] -- Up-to-date: /home/minji/test_folder/Test_in_Simulation/install/webots_ros2_msgs/include/webots_ros2_msgs/webots_ros2_msgs/msg/detail
[0.740s] -- Up-to-date: /home/minji/test_folder/Test_in_Simulation/install/webots_ros2_msgs/include/webots_ros2_msgs/webots_ros2_msgs/msg/detail/camera_recognition_objects__functions.c
[0.740s] -- Up-to-date: /home/minji/test_folder/Test_in_Simulation/install/webots_ros2_msgs/include/webots_ros2_msgs/webots_ros2_msgs/msg/detail/camera_recognition_object__struct.h
[0.740s] -- Up-to-date: /home/minji/test_folder/Test_in_Simulation/install/webots_ros2_msgs/include/webots_ros2_msgs/webots_ros2_msgs/msg/detail/bool_stamped__functions.h
[0.741s] -- Up-to-date: /home/minji/test_folder/Test_in_Simulation/install/webots_ros2_msgs/include/webots_ros2_msgs/webots_ros2_msgs/msg/detail/camera_recognition_objects__functions.h
[0.741s] -- Up-to-date: /home/minji/test_folder/Test_in_Simulation/install/webots_ros2_msgs/include/webots_ros2_msgs/webots_ros2_msgs/msg/detail/urdf_robot__functions.h
[0.741s] -- Up-to-date: /home/minji/test_folder/Test_in_Simulation/install/webots_ros2_msgs/include/webots_ros2_msgs/webots_ros2_msgs/msg/detail/string_stamped__struct.h
[0.741s] -- Up-to-date: /home/minji/test_folder/Test_in_Simulation/install/webots_ros2_msgs/include/webots_ros2_msgs/webots_ros2_msgs/msg/detail/urdf_robot__type_support.h
[0.741s] -- Up-to-date: /home/minji/test_folder/Test_in_Simulation/install/webots_ros2_msgs/include/webots_ros2_msgs/webots_ros2_msgs/msg/detail/bool_stamped__struct.h
[0.741s] -- Up-to-date: /home/minji/test_folder/Test_in_Simulation/install/webots_ros2_msgs/include/webots_ros2_msgs/webots_ros2_msgs/msg/detail/camera_recognition_object__type_support.h
[0.741s] -- Up-to-date: /home/minji/test_folder/Test_in_Simulation/install/webots_ros2_msgs/include/webots_ros2_msgs/webots_ros2_msgs/msg/detail/bool_stamped__functions.c
[0.741s] -- Up-to-date: /home/minji/test_folder/Test_in_Simulation/install/webots_ros2_msgs/include/webots_ros2_msgs/webots_ros2_msgs/msg/detail/float_stamped__functions.h
[0.741s] -- Up-to-date: /home/minji/test_folder/Test_in_Simulation/install/webots_ros2_msgs/include/webots_ros2_msgs/webots_ros2_msgs/msg/detail/urdf_robot__functions.c
[0.741s] -- Up-to-date: /home/minji/test_folder/Test_in_Simulation/install/webots_ros2_msgs/include/webots_ros2_msgs/webots_ros2_msgs/msg/detail/float_stamped__functions.c
[0.741s] -- Up-to-date: /home/minji/test_folder/Test_in_Simulation/install/webots_ros2_msgs/include/webots_ros2_msgs/webots_ros2_msgs/msg/detail/urdf_robot__struct.h
[0.741s] -- Up-to-date: /home/minji/test_folder/Test_in_Simulation/install/webots_ros2_msgs/include/webots_ros2_msgs/webots_ros2_msgs/msg/detail/string_stamped__type_support.h
[0.742s] -- Up-to-date: /home/minji/test_folder/Test_in_Simulation/install/webots_ros2_msgs/include/webots_ros2_msgs/webots_ros2_msgs/msg/detail/camera_recognition_objects__struct.h
[0.742s] -- Up-to-date: /home/minji/test_folder/Test_in_Simulation/install/webots_ros2_msgs/include/webots_ros2_msgs/webots_ros2_msgs/msg/detail/string_stamped__functions.h
[0.742s] -- Up-to-date: /home/minji/test_folder/Test_in_Simulation/install/webots_ros2_msgs/include/webots_ros2_msgs/webots_ros2_msgs/msg/detail/pen_ink_properties__struct.h
[0.742s] -- Up-to-date: /home/minji/test_folder/Test_in_Simulation/install/webots_ros2_msgs/include/webots_ros2_msgs/webots_ros2_msgs/msg/detail/pen_ink_properties__type_support.h
[0.742s] -- Up-to-date: /home/minji/test_folder/Test_in_Simulation/install/webots_ros2_msgs/include/webots_ros2_msgs/webots_ros2_msgs/msg/detail/camera_recognition_object__functions.h
[0.742s] -- Up-to-date: /home/minji/test_folder/Test_in_Simulation/install/webots_ros2_msgs/include/webots_ros2_msgs/webots_ros2_msgs/msg/detail/camera_recognition_objects__type_support.h
[0.742s] -- Up-to-date: /home/minji/test_folder/Test_in_Simulation/install/webots_ros2_msgs/include/webots_ros2_msgs/webots_ros2_msgs/msg/detail/float_stamped__struct.h
[0.742s] -- Up-to-date: /home/minji/test_folder/Test_in_Simulation/install/webots_ros2_msgs/include/webots_ros2_msgs/webots_ros2_msgs/msg/detail/string_stamped__functions.c
[0.742s] -- Up-to-date: /home/minji/test_folder/Test_in_Simulation/install/webots_ros2_msgs/include/webots_ros2_msgs/webots_ros2_msgs/msg/detail/camera_recognition_object__functions.c
[0.742s] -- Up-to-date: /home/minji/test_folder/Test_in_Simulation/install/webots_ros2_msgs/include/webots_ros2_msgs/webots_ros2_msgs/msg/detail/pen_ink_properties__functions.c
[0.742s] -- Up-to-date: /home/minji/test_folder/Test_in_Simulation/install/webots_ros2_msgs/include/webots_ros2_msgs/webots_ros2_msgs/msg/detail/pen_ink_properties__functions.h
[0.742s] -- Up-to-date: /home/minji/test_folder/Test_in_Simulation/install/webots_ros2_msgs/include/webots_ros2_msgs/webots_ros2_msgs/msg/detail/bool_stamped__type_support.h
[0.742s] -- Up-to-date: /home/minji/test_folder/Test_in_Simulation/install/webots_ros2_msgs/include/webots_ros2_msgs/webots_ros2_msgs/msg/detail/float_stamped__type_support.h
[0.742s] -- Up-to-date: /home/minji/test_folder/Test_in_Simulation/install/webots_ros2_msgs/include/webots_ros2_msgs/webots_ros2_msgs/msg/urdf_robot.h
[0.742s] -- Up-to-date: /home/minji/test_folder/Test_in_Simulation/install/webots_ros2_msgs/include/webots_ros2_msgs/webots_ros2_msgs/msg/camera_recognition_object.h
[0.742s] -- Up-to-date: /home/minji/test_folder/Test_in_Simulation/install/webots_ros2_msgs/include/webots_ros2_msgs/webots_ros2_msgs/msg/float_stamped.h
[0.742s] -- Up-to-date: /home/minji/test_folder/Test_in_Simulation/install/webots_ros2_msgs/include/webots_ros2_msgs/webots_ros2_msgs/msg/rosidl_generator_c__visibility_control.h
[0.743s] -- Up-to-date: /home/minji/test_folder/Test_in_Simulation/install/webots_ros2_msgs/include/webots_ros2_msgs/webots_ros2_msgs/srv
[0.743s] -- Up-to-date: /home/minji/test_folder/Test_in_Simulation/install/webots_ros2_msgs/include/webots_ros2_msgs/webots_ros2_msgs/srv/spawn_node_from_string.h
[0.743s] -- Up-to-date: /home/minji/test_folder/Test_in_Simulation/install/webots_ros2_msgs/include/webots_ros2_msgs/webots_ros2_msgs/srv/spawn_urdf_robot.h
[0.743s] -- Up-to-date: /home/minji/test_folder/Test_in_Simulation/install/webots_ros2_msgs/include/webots_ros2_msgs/webots_ros2_msgs/srv/get_bool.h
[0.743s] -- Up-to-date: /home/minji/test_folder/Test_in_Simulation/install/webots_ros2_msgs/include/webots_ros2_msgs/webots_ros2_msgs/srv/set_string.h
[0.743s] -- Up-to-date: /home/minji/test_folder/Test_in_Simulation/install/webots_ros2_msgs/include/webots_ros2_msgs/webots_ros2_msgs/srv/detail
[0.743s] -- Up-to-date: /home/minji/test_folder/Test_in_Simulation/install/webots_ros2_msgs/include/webots_ros2_msgs/webots_ros2_msgs/srv/detail/get_bool__struct.h
[0.743s] -- Up-to-date: /home/minji/test_folder/Test_in_Simulation/install/webots_ros2_msgs/include/webots_ros2_msgs/webots_ros2_msgs/srv/detail/spawn_node_from_string__functions.h
[0.743s] -- Up-to-date: /home/minji/test_folder/Test_in_Simulation/install/webots_ros2_msgs/include/webots_ros2_msgs/webots_ros2_msgs/srv/detail/emitter_send_string__functions.c
[0.743s] -- Up-to-date: /home/minji/test_folder/Test_in_Simulation/install/webots_ros2_msgs/include/webots_ros2_msgs/webots_ros2_msgs/srv/detail/spawn_node_from_string__functions.c
[0.743s] -- Up-to-date: /home/minji/test_folder/Test_in_Simulation/install/webots_ros2_msgs/include/webots_ros2_msgs/webots_ros2_msgs/srv/detail/set_string__struct.h
[0.743s] -- Up-to-date: /home/minji/test_folder/Test_in_Simulation/install/webots_ros2_msgs/include/webots_ros2_msgs/webots_ros2_msgs/srv/detail/spawn_urdf_robot__type_support.h
[0.743s] -- Up-to-date: /home/minji/test_folder/Test_in_Simulation/install/webots_ros2_msgs/include/webots_ros2_msgs/webots_ros2_msgs/srv/detail/get_bool__functions.h
[0.744s] -- Up-to-date: /home/minji/test_folder/Test_in_Simulation/install/webots_ros2_msgs/include/webots_ros2_msgs/webots_ros2_msgs/srv/detail/emitter_send_string__type_support.h
[0.744s] -- Up-to-date: /home/minji/test_folder/Test_in_Simulation/install/webots_ros2_msgs/include/webots_ros2_msgs/webots_ros2_msgs/srv/detail/emitter_send_string__struct.h
[0.744s] -- Up-to-date: /home/minji/test_folder/Test_in_Simulation/install/webots_ros2_msgs/include/webots_ros2_msgs/webots_ros2_msgs/srv/detail/spawn_node_from_string__type_support.h
[0.744s] -- Up-to-date: /home/minji/test_folder/Test_in_Simulation/install/webots_ros2_msgs/include/webots_ros2_msgs/webots_ros2_msgs/srv/detail/set_string__type_support.h
[0.744s] -- Up-to-date: /home/minji/test_folder/Test_in_Simulation/install/webots_ros2_msgs/include/webots_ros2_msgs/webots_ros2_msgs/srv/detail/set_string__functions.c
[0.744s] -- Up-to-date: /home/minji/test_folder/Test_in_Simulation/install/webots_ros2_msgs/include/webots_ros2_msgs/webots_ros2_msgs/srv/detail/spawn_node_from_string__struct.h
[0.744s] -- Up-to-date: /home/minji/test_folder/Test_in_Simulation/install/webots_ros2_msgs/include/webots_ros2_msgs/webots_ros2_msgs/srv/detail/spawn_urdf_robot__functions.c
[0.744s] -- Up-to-date: /home/minji/test_folder/Test_in_Simulation/install/webots_ros2_msgs/include/webots_ros2_msgs/webots_ros2_msgs/srv/detail/emitter_send_string__functions.h
[0.744s] -- Up-to-date: /home/minji/test_folder/Test_in_Simulation/install/webots_ros2_msgs/include/webots_ros2_msgs/webots_ros2_msgs/srv/detail/spawn_urdf_robot__functions.h
[0.744s] -- Up-to-date: /home/minji/test_folder/Test_in_Simulation/install/webots_ros2_msgs/include/webots_ros2_msgs/webots_ros2_msgs/srv/detail/set_string__functions.h
[0.744s] -- Up-to-date: /home/minji/test_folder/Test_in_Simulation/install/webots_ros2_msgs/include/webots_ros2_msgs/webots_ros2_msgs/srv/detail/get_bool__functions.c
[0.744s] -- Up-to-date: /home/minji/test_folder/Test_in_Simulation/install/webots_ros2_msgs/include/webots_ros2_msgs/webots_ros2_msgs/srv/detail/get_bool__type_support.h
[0.744s] -- Up-to-date: /home/minji/test_folder/Test_in_Simulation/install/webots_ros2_msgs/include/webots_ros2_msgs/webots_ros2_msgs/srv/detail/spawn_urdf_robot__struct.h
[0.744s] -- Up-to-date: /home/minji/test_folder/Test_in_Simulation/install/webots_ros2_msgs/include/webots_ros2_msgs/webots_ros2_msgs/srv/emitter_send_string.h
[0.744s] -- Up-to-date: /home/minji/test_folder/Test_in_Simulation/install/webots_ros2_msgs/share/webots_ros2_msgs/environment/library_path.sh
[0.745s] -- Up-to-date: /home/minji/test_folder/Test_in_Simulation/install/webots_ros2_msgs/share/webots_ros2_msgs/environment/library_path.dsv
[0.745s] -- Up-to-date: /home/minji/test_folder/Test_in_Simulation/install/webots_ros2_msgs/lib/libwebots_ros2_msgs__rosidl_generator_c.so
[0.745s] -- Up-to-date: /home/minji/test_folder/Test_in_Simulation/install/webots_ros2_msgs/include/webots_ros2_msgs/webots_ros2_msgs
[0.745s] -- Up-to-date: /home/minji/test_folder/Test_in_Simulation/install/webots_ros2_msgs/include/webots_ros2_msgs/webots_ros2_msgs/msg
[0.745s] -- Up-to-date: /home/minji/test_folder/Test_in_Simulation/install/webots_ros2_msgs/include/webots_ros2_msgs/webots_ros2_msgs/msg/rosidl_typesupport_fastrtps_c__visibility_control.h
[0.745s] -- Up-to-date: /home/minji/test_folder/Test_in_Simulation/install/webots_ros2_msgs/include/webots_ros2_msgs/webots_ros2_msgs/msg/detail
[0.745s] -- Up-to-date: /home/minji/test_folder/Test_in_Simulation/install/webots_ros2_msgs/include/webots_ros2_msgs/webots_ros2_msgs/msg/detail/float_stamped__rosidl_typesupport_fastrtps_c.h
[0.745s] -- Up-to-date: /home/minji/test_folder/Test_in_Simulation/install/webots_ros2_msgs/include/webots_ros2_msgs/webots_ros2_msgs/msg/detail/string_stamped__rosidl_typesupport_fastrtps_c.h
[0.745s] -- Up-to-date: /home/minji/test_folder/Test_in_Simulation/install/webots_ros2_msgs/include/webots_ros2_msgs/webots_ros2_msgs/msg/detail/bool_stamped__rosidl_typesupport_fastrtps_c.h
[0.745s] -- Up-to-date: /home/minji/test_folder/Test_in_Simulation/install/webots_ros2_msgs/include/webots_ros2_msgs/webots_ros2_msgs/msg/detail/pen_ink_properties__rosidl_typesupport_fastrtps_c.h
[0.745s] -- Up-to-date: /home/minji/test_folder/Test_in_Simulation/install/webots_ros2_msgs/include/webots_ros2_msgs/webots_ros2_msgs/msg/detail/camera_recognition_object__rosidl_typesupport_fastrtps_c.h
[0.745s] -- Up-to-date: /home/minji/test_folder/Test_in_Simulation/install/webots_ros2_msgs/include/webots_ros2_msgs/webots_ros2_msgs/msg/detail/urdf_robot__rosidl_typesupport_fastrtps_c.h
[0.745s] -- Up-to-date: /home/minji/test_folder/Test_in_Simulation/install/webots_ros2_msgs/include/webots_ros2_msgs/webots_ros2_msgs/msg/detail/camera_recognition_objects__rosidl_typesupport_fastrtps_c.h
[0.745s] -- Up-to-date: /home/minji/test_folder/Test_in_Simulation/install/webots_ros2_msgs/include/webots_ros2_msgs/webots_ros2_msgs/srv
[0.745s] -- Up-to-date: /home/minji/test_folder/Test_in_Simulation/install/webots_ros2_msgs/include/webots_ros2_msgs/webots_ros2_msgs/srv/detail
[0.745s] -- Up-to-date: /home/minji/test_folder/Test_in_Simulation/install/webots_ros2_msgs/include/webots_ros2_msgs/webots_ros2_msgs/srv/detail/get_bool__rosidl_typesupport_fastrtps_c.h
[0.745s] -- Up-to-date: /home/minji/test_folder/Test_in_Simulation/install/webots_ros2_msgs/include/webots_ros2_msgs/webots_ros2_msgs/srv/detail/emitter_send_string__rosidl_typesupport_fastrtps_c.h
[0.746s] -- Up-to-date: /home/minji/test_folder/Test_in_Simulation/install/webots_ros2_msgs/include/webots_ros2_msgs/webots_ros2_msgs/srv/detail/set_string__rosidl_typesupport_fastrtps_c.h
[0.746s] -- Up-to-date: /home/minji/test_folder/Test_in_Simulation/install/webots_ros2_msgs/include/webots_ros2_msgs/webots_ros2_msgs/srv/detail/spawn_urdf_robot__rosidl_typesupport_fastrtps_c.h
[0.746s] -- Up-to-date: /home/minji/test_folder/Test_in_Simulation/install/webots_ros2_msgs/include/webots_ros2_msgs/webots_ros2_msgs/srv/detail/spawn_node_from_string__rosidl_typesupport_fastrtps_c.h
[0.746s] -- Up-to-date: /home/minji/test_folder/Test_in_Simulation/install/webots_ros2_msgs/lib/libwebots_ros2_msgs__rosidl_typesupport_fastrtps_c.so
[0.746s] -- Up-to-date: /home/minji/test_folder/Test_in_Simulation/install/webots_ros2_msgs/include/webots_ros2_msgs/webots_ros2_msgs
[0.746s] -- Up-to-date: /home/minji/test_folder/Test_in_Simulation/install/webots_ros2_msgs/include/webots_ros2_msgs/webots_ros2_msgs/msg
[0.746s] -- Up-to-date: /home/minji/test_folder/Test_in_Simulation/install/webots_ros2_msgs/include/webots_ros2_msgs/webots_ros2_msgs/msg/bool_stamped.hpp
[0.746s] -- Up-to-date: /home/minji/test_folder/Test_in_Simulation/install/webots_ros2_msgs/include/webots_ros2_msgs/webots_ros2_msgs/msg/camera_recognition_object.hpp
[0.746s] -- Up-to-date: /home/minji/test_folder/Test_in_Simulation/install/webots_ros2_msgs/include/webots_ros2_msgs/webots_ros2_msgs/msg/camera_recognition_objects.hpp
[0.746s] -- Up-to-date: /home/minji/test_folder/Test_in_Simulation/install/webots_ros2_msgs/include/webots_ros2_msgs/webots_ros2_msgs/msg/pen_ink_properties.hpp
[0.746s] -- Up-to-date: /home/minji/test_folder/Test_in_Simulation/install/webots_ros2_msgs/include/webots_ros2_msgs/webots_ros2_msgs/msg/string_stamped.hpp
[0.746s] -- Up-to-date: /home/minji/test_folder/Test_in_Simulation/install/webots_ros2_msgs/include/webots_ros2_msgs/webots_ros2_msgs/msg/detail
[0.746s] -- Up-to-date: /home/minji/test_folder/Test_in_Simulation/install/webots_ros2_msgs/include/webots_ros2_msgs/webots_ros2_msgs/msg/detail/camera_recognition_objects__builder.hpp
[0.746s] -- Up-to-date: /home/minji/test_folder/Test_in_Simulation/install/webots_ros2_msgs/include/webots_ros2_msgs/webots_ros2_msgs/msg/detail/float_stamped__traits.hpp
[0.746s] -- Up-to-date: /home/minji/test_folder/Test_in_Simulation/install/webots_ros2_msgs/include/webots_ros2_msgs/webots_ros2_msgs/msg/detail/float_stamped__builder.hpp
[0.746s] -- Up-to-date: /home/minji/test_folder/Test_in_Simulation/install/webots_ros2_msgs/include/webots_ros2_msgs/webots_ros2_msgs/msg/detail/camera_recognition_object__builder.hpp
[0.746s] -- Up-to-date: /home/minji/test_folder/Test_in_Simulation/install/webots_ros2_msgs/include/webots_ros2_msgs/webots_ros2_msgs/msg/detail/bool_stamped__builder.hpp
[0.746s] -- Up-to-date: /home/minji/test_folder/Test_in_Simulation/install/webots_ros2_msgs/include/webots_ros2_msgs/webots_ros2_msgs/msg/detail/pen_ink_properties__traits.hpp
[0.747s] -- Up-to-date: /home/minji/test_folder/Test_in_Simulation/install/webots_ros2_msgs/include/webots_ros2_msgs/webots_ros2_msgs/msg/detail/bool_stamped__struct.hpp
[0.747s] -- Up-to-date: /home/minji/test_folder/Test_in_Simulation/install/webots_ros2_msgs/include/webots_ros2_msgs/webots_ros2_msgs/msg/detail/bool_stamped__traits.hpp
[0.747s] -- Up-to-date: /home/minji/test_folder/Test_in_Simulation/install/webots_ros2_msgs/include/webots_ros2_msgs/webots_ros2_msgs/msg/detail/string_stamped__struct.hpp
[0.747s] -- Up-to-date: /home/minji/test_folder/Test_in_Simulation/install/webots_ros2_msgs/include/webots_ros2_msgs/webots_ros2_msgs/msg/detail/camera_recognition_object__struct.hpp
[0.747s] -- Up-to-date: /home/minji/test_folder/Test_in_Simulation/install/webots_ros2_msgs/include/webots_ros2_msgs/webots_ros2_msgs/msg/detail/urdf_robot__traits.hpp
[0.747s] -- Up-to-date: /home/minji/test_folder/Test_in_Simulation/install/webots_ros2_msgs/include/webots_ros2_msgs/webots_ros2_msgs/msg/detail/camera_recognition_objects__struct.hpp
[0.747s] -- Up-to-date: /home/minji/test_folder/Test_in_Simulation/install/webots_ros2_msgs/include/webots_ros2_msgs/webots_ros2_msgs/msg/detail/pen_ink_properties__struct.hpp
[0.747s] -- Up-to-date: /home/minji/test_folder/Test_in_Simulation/install/webots_ros2_msgs/include/webots_ros2_msgs/webots_ros2_msgs/msg/detail/camera_recognition_object__traits.hpp
[0.747s] -- Up-to-date: /home/minji/test_folder/Test_in_Simulation/install/webots_ros2_msgs/include/webots_ros2_msgs/webots_ros2_msgs/msg/detail/float_stamped__struct.hpp
[0.747s] -- Up-to-date: /home/minji/test_folder/Test_in_Simulation/install/webots_ros2_msgs/include/webots_ros2_msgs/webots_ros2_msgs/msg/detail/urdf_robot__builder.hpp
[0.747s] -- Up-to-date: /home/minji/test_folder/Test_in_Simulation/install/webots_ros2_msgs/include/webots_ros2_msgs/webots_ros2_msgs/msg/detail/pen_ink_properties__builder.hpp
[0.747s] -- Up-to-date: /home/minji/test_folder/Test_in_Simulation/install/webots_ros2_msgs/include/webots_ros2_msgs/webots_ros2_msgs/msg/detail/string_stamped__traits.hpp
[0.747s] -- Up-to-date: /home/minji/test_folder/Test_in_Simulation/install/webots_ros2_msgs/include/webots_ros2_msgs/webots_ros2_msgs/msg/detail/camera_recognition_objects__traits.hpp
[0.747s] -- Up-to-date: /home/minji/test_folder/Test_in_Simulation/install/webots_ros2_msgs/include/webots_ros2_msgs/webots_ros2_msgs/msg/detail/string_stamped__builder.hpp
[0.747s] -- Up-to-date: /home/minji/test_folder/Test_in_Simulation/install/webots_ros2_msgs/include/webots_ros2_msgs/webots_ros2_msgs/msg/detail/urdf_robot__struct.hpp
[0.747s] -- Up-to-date: /home/minji/test_folder/Test_in_Simulation/install/webots_ros2_msgs/include/webots_ros2_msgs/webots_ros2_msgs/msg/urdf_robot.hpp
[0.747s] -- Up-to-date: /home/minji/test_folder/Test_in_Simulation/install/webots_ros2_msgs/include/webots_ros2_msgs/webots_ros2_msgs/msg/float_stamped.hpp
[0.747s] -- Up-to-date: /home/minji/test_folder/Test_in_Simulation/install/webots_ros2_msgs/include/webots_ros2_msgs/webots_ros2_msgs/srv
[0.747s] -- Up-to-date: /home/minji/test_folder/Test_in_Simulation/install/webots_ros2_msgs/include/webots_ros2_msgs/webots_ros2_msgs/srv/spawn_node_from_string.hpp
[0.747s] -- Up-to-date: /home/minji/test_folder/Test_in_Simulation/install/webots_ros2_msgs/include/webots_ros2_msgs/webots_ros2_msgs/srv/emitter_send_string.hpp
[0.747s] -- Up-to-date: /home/minji/test_folder/Test_in_Simulation/install/webots_ros2_msgs/include/webots_ros2_msgs/webots_ros2_msgs/srv/spawn_urdf_robot.hpp
[0.748s] -- Up-to-date: /home/minji/test_folder/Test_in_Simulation/install/webots_ros2_msgs/include/webots_ros2_msgs/webots_ros2_msgs/srv/detail
[0.748s] -- Up-to-date: /home/minji/test_folder/Test_in_Simulation/install/webots_ros2_msgs/include/webots_ros2_msgs/webots_ros2_msgs/srv/detail/emitter_send_string__builder.hpp
[0.748s] -- Up-to-date: /home/minji/test_folder/Test_in_Simulation/install/webots_ros2_msgs/include/webots_ros2_msgs/webots_ros2_msgs/srv/detail/spawn_node_from_string__traits.hpp
[0.748s] -- Up-to-date: /home/minji/test_folder/Test_in_Simulation/install/webots_ros2_msgs/include/webots_ros2_msgs/webots_ros2_msgs/srv/detail/spawn_node_from_string__struct.hpp
[0.748s] -- Up-to-date: /home/minji/test_folder/Test_in_Simulation/install/webots_ros2_msgs/include/webots_ros2_msgs/webots_ros2_msgs/srv/detail/spawn_urdf_robot__struct.hpp
[0.748s] -- Up-to-date: /home/minji/test_folder/Test_in_Simulation/install/webots_ros2_msgs/include/webots_ros2_msgs/webots_ros2_msgs/srv/detail/set_string__struct.hpp
[0.748s] -- Up-to-date: /home/minji/test_folder/Test_in_Simulation/install/webots_ros2_msgs/include/webots_ros2_msgs/webots_ros2_msgs/srv/detail/emitter_send_string__traits.hpp
[0.748s] -- Up-to-date: /home/minji/test_folder/Test_in_Simulation/install/webots_ros2_msgs/include/webots_ros2_msgs/webots_ros2_msgs/srv/detail/spawn_node_from_string__builder.hpp
[0.748s] -- Up-to-date: /home/minji/test_folder/Test_in_Simulation/install/webots_ros2_msgs/include/webots_ros2_msgs/webots_ros2_msgs/srv/detail/emitter_send_string__struct.hpp
[0.748s] -- Up-to-date: /home/minji/test_folder/Test_in_Simulation/install/webots_ros2_msgs/include/webots_ros2_msgs/webots_ros2_msgs/srv/detail/get_bool__struct.hpp
[0.748s] -- Up-to-date: /home/minji/test_folder/Test_in_Simulation/install/webots_ros2_msgs/include/webots_ros2_msgs/webots_ros2_msgs/srv/detail/get_bool__builder.hpp
[0.748s] -- Up-to-date: /home/minji/test_folder/Test_in_Simulation/install/webots_ros2_msgs/include/webots_ros2_msgs/webots_ros2_msgs/srv/detail/get_bool__traits.hpp
[0.748s] -- Up-to-date: /home/minji/test_folder/Test_in_Simulation/install/webots_ros2_msgs/include/webots_ros2_msgs/webots_ros2_msgs/srv/detail/spawn_urdf_robot__traits.hpp
[0.748s] -- Up-to-date: /home/minji/test_folder/Test_in_Simulation/install/webots_ros2_msgs/include/webots_ros2_msgs/webots_ros2_msgs/srv/detail/set_string__traits.hpp
[0.748s] -- Up-to-date: /home/minji/test_folder/Test_in_Simulation/install/webots_ros2_msgs/include/webots_ros2_msgs/webots_ros2_msgs/srv/detail/set_string__builder.hpp
[0.748s] -- Up-to-date: /home/minji/test_folder/Test_in_Simulation/install/webots_ros2_msgs/include/webots_ros2_msgs/webots_ros2_msgs/srv/detail/spawn_urdf_robot__builder.hpp
[0.748s] -- Up-to-date: /home/minji/test_folder/Test_in_Simulation/install/webots_ros2_msgs/include/webots_ros2_msgs/webots_ros2_msgs/srv/get_bool.hpp
[0.748s] -- Up-to-date: /home/minji/test_folder/Test_in_Simulation/install/webots_ros2_msgs/include/webots_ros2_msgs/webots_ros2_msgs/srv/set_string.hpp
[0.748s] -- Up-to-date: /home/minji/test_folder/Test_in_Simulation/install/webots_ros2_msgs/include/webots_ros2_msgs/webots_ros2_msgs
[0.748s] -- Up-to-date: /home/minji/test_folder/Test_in_Simulation/install/webots_ros2_msgs/include/webots_ros2_msgs/webots_ros2_msgs/msg
[0.748s] -- Up-to-date: /home/minji/test_folder/Test_in_Simulation/install/webots_ros2_msgs/include/webots_ros2_msgs/webots_ros2_msgs/msg/rosidl_typesupport_fastrtps_cpp__visibility_control.h
[0.748s] -- Up-to-date: /home/minji/test_folder/Test_in_Simulation/install/webots_ros2_msgs/include/webots_ros2_msgs/webots_ros2_msgs/msg/detail
[0.749s] -- Up-to-date: /home/minji/test_folder/Test_in_Simulation/install/webots_ros2_msgs/include/webots_ros2_msgs/webots_ros2_msgs/msg/detail/urdf_robot__rosidl_typesupport_fastrtps_cpp.hpp
[0.749s] -- Up-to-date: /home/minji/test_folder/Test_in_Simulation/install/webots_ros2_msgs/include/webots_ros2_msgs/webots_ros2_msgs/msg/detail/float_stamped__rosidl_typesupport_fastrtps_cpp.hpp
[0.749s] -- Up-to-date: /home/minji/test_folder/Test_in_Simulation/install/webots_ros2_msgs/include/webots_ros2_msgs/webots_ros2_msgs/msg/detail/bool_stamped__rosidl_typesupport_fastrtps_cpp.hpp
[0.749s] -- Up-to-date: /home/minji/test_folder/Test_in_Simulation/install/webots_ros2_msgs/include/webots_ros2_msgs/webots_ros2_msgs/msg/detail/pen_ink_properties__rosidl_typesupport_fastrtps_cpp.hpp
[0.749s] -- Up-to-date: /home/minji/test_folder/Test_in_Simulation/install/webots_ros2_msgs/include/webots_ros2_msgs/webots_ros2_msgs/msg/detail/string_stamped__rosidl_typesupport_fastrtps_cpp.hpp
[0.749s] -- Up-to-date: /home/minji/test_folder/Test_in_Simulation/install/webots_ros2_msgs/include/webots_ros2_msgs/webots_ros2_msgs/msg/detail/camera_recognition_object__rosidl_typesupport_fastrtps_cpp.hpp
[0.749s] -- Up-to-date: /home/minji/test_folder/Test_in_Simulation/install/webots_ros2_msgs/include/webots_ros2_msgs/webots_ros2_msgs/msg/detail/camera_recognition_objects__rosidl_typesupport_fastrtps_cpp.hpp
[0.749s] -- Up-to-date: /home/minji/test_folder/Test_in_Simulation/install/webots_ros2_msgs/include/webots_ros2_msgs/webots_ros2_msgs/msg/detail/dds_fastrtps
[0.749s] -- Up-to-date: /home/minji/test_folder/Test_in_Simulation/install/webots_ros2_msgs/include/webots_ros2_msgs/webots_ros2_msgs/srv
[0.749s] -- Up-to-date: /home/minji/test_folder/Test_in_Simulation/install/webots_ros2_msgs/include/webots_ros2_msgs/webots_ros2_msgs/srv/detail
[0.749s] -- Up-to-date: /home/minji/test_folder/Test_in_Simulation/install/webots_ros2_msgs/include/webots_ros2_msgs/webots_ros2_msgs/srv/detail/spawn_urdf_robot__rosidl_typesupport_fastrtps_cpp.hpp
[0.749s] -- Up-to-date: /home/minji/test_folder/Test_in_Simulation/install/webots_ros2_msgs/include/webots_ros2_msgs/webots_ros2_msgs/srv/detail/emitter_send_string__rosidl_typesupport_fastrtps_cpp.hpp
[0.749s] -- Up-to-date: /home/minji/test_folder/Test_in_Simulation/install/webots_ros2_msgs/include/webots_ros2_msgs/webots_ros2_msgs/srv/detail/dds_fastrtps
[0.749s] -- Up-to-date: /home/minji/test_folder/Test_in_Simulation/install/webots_ros2_msgs/include/webots_ros2_msgs/webots_ros2_msgs/srv/detail/set_string__rosidl_typesupport_fastrtps_cpp.hpp
[0.749s] -- Up-to-date: /home/minji/test_folder/Test_in_Simulation/install/webots_ros2_msgs/include/webots_ros2_msgs/webots_ros2_msgs/srv/detail/get_bool__rosidl_typesupport_fastrtps_cpp.hpp
[0.749s] -- Up-to-date: /home/minji/test_folder/Test_in_Simulation/install/webots_ros2_msgs/include/webots_ros2_msgs/webots_ros2_msgs/srv/detail/spawn_node_from_string__rosidl_typesupport_fastrtps_cpp.hpp
[0.749s] -- Up-to-date: /home/minji/test_folder/Test_in_Simulation/install/webots_ros2_msgs/lib/libwebots_ros2_msgs__rosidl_typesupport_fastrtps_cpp.so
[0.749s] -- Up-to-date: /home/minji/test_folder/Test_in_Simulation/install/webots_ros2_msgs/include/webots_ros2_msgs/webots_ros2_msgs
[0.749s] -- Up-to-date: /home/minji/test_folder/Test_in_Simulation/install/webots_ros2_msgs/include/webots_ros2_msgs/webots_ros2_msgs/msg
[0.749s] -- Up-to-date: /home/minji/test_folder/Test_in_Simulation/install/webots_ros2_msgs/include/webots_ros2_msgs/webots_ros2_msgs/msg/rosidl_typesupport_introspection_c__visibility_control.h
[0.749s] -- Up-to-date: /home/minji/test_folder/Test_in_Simulation/install/webots_ros2_msgs/include/webots_ros2_msgs/webots_ros2_msgs/msg/detail
[0.749s] -- Up-to-date: /home/minji/test_folder/Test_in_Simulation/install/webots_ros2_msgs/include/webots_ros2_msgs/webots_ros2_msgs/msg/detail/bool_stamped__type_support.c
[0.749s] -- Up-to-date: /home/minji/test_folder/Test_in_Simulation/install/webots_ros2_msgs/include/webots_ros2_msgs/webots_ros2_msgs/msg/detail/camera_recognition_objects__type_support.c
[0.749s] -- Up-to-date: /home/minji/test_folder/Test_in_Simulation/install/webots_ros2_msgs/include/webots_ros2_msgs/webots_ros2_msgs/msg/detail/pen_ink_properties__type_support.c
[0.749s] -- Up-to-date: /home/minji/test_folder/Test_in_Simulation/install/webots_ros2_msgs/include/webots_ros2_msgs/webots_ros2_msgs/msg/detail/urdf_robot__rosidl_typesupport_introspection_c.h
[0.749s] -- Up-to-date: /home/minji/test_folder/Test_in_Simulation/install/webots_ros2_msgs/include/webots_ros2_msgs/webots_ros2_msgs/msg/detail/float_stamped__rosidl_typesupport_introspection_c.h
[0.750s] -- Up-to-date: /home/minji/test_folder/Test_in_Simulation/install/webots_ros2_msgs/include/webots_ros2_msgs/webots_ros2_msgs/msg/detail/pen_ink_properties__rosidl_typesupport_introspection_c.h
[0.750s] -- Up-to-date: /home/minji/test_folder/Test_in_Simulation/install/webots_ros2_msgs/include/webots_ros2_msgs/webots_ros2_msgs/msg/detail/camera_recognition_object__rosidl_typesupport_introspection_c.h
[0.750s] -- Up-to-date: /home/minji/test_folder/Test_in_Simulation/install/webots_ros2_msgs/include/webots_ros2_msgs/webots_ros2_msgs/msg/detail/camera_recognition_objects__rosidl_typesupport_introspection_c.h
[0.750s] -- Up-to-date: /home/minji/test_folder/Test_in_Simulation/install/webots_ros2_msgs/include/webots_ros2_msgs/webots_ros2_msgs/msg/detail/bool_stamped__rosidl_typesupport_introspection_c.h
[0.750s] -- Up-to-date: /home/minji/test_folder/Test_in_Simulation/install/webots_ros2_msgs/include/webots_ros2_msgs/webots_ros2_msgs/msg/detail/camera_recognition_object__type_support.c
[0.750s] -- Up-to-date: /home/minji/test_folder/Test_in_Simulation/install/webots_ros2_msgs/include/webots_ros2_msgs/webots_ros2_msgs/msg/detail/urdf_robot__type_support.c
[0.750s] -- Up-to-date: /home/minji/test_folder/Test_in_Simulation/install/webots_ros2_msgs/include/webots_ros2_msgs/webots_ros2_msgs/msg/detail/float_stamped__type_support.c
[0.750s] -- Up-to-date: /home/minji/test_folder/Test_in_Simulation/install/webots_ros2_msgs/include/webots_ros2_msgs/webots_ros2_msgs/msg/detail/string_stamped__rosidl_typesupport_introspection_c.h
[0.750s] -- Up-to-date: /home/minji/test_folder/Test_in_Simulation/install/webots_ros2_msgs/include/webots_ros2_msgs/webots_ros2_msgs/msg/detail/string_stamped__type_support.c
[0.750s] -- Up-to-date: /home/minji/test_folder/Test_in_Simulation/install/webots_ros2_msgs/include/webots_ros2_msgs/webots_ros2_msgs/srv
[0.750s] -- Up-to-date: /home/minji/test_folder/Test_in_Simulation/install/webots_ros2_msgs/include/webots_ros2_msgs/webots_ros2_msgs/srv/detail
[0.750s] -- Up-to-date: /home/minji/test_folder/Test_in_Simulation/install/webots_ros2_msgs/include/webots_ros2_msgs/webots_ros2_msgs/srv/detail/spawn_urdf_robot__rosidl_typesupport_introspection_c.h
[0.750s] -- Up-to-date: /home/minji/test_folder/Test_in_Simulation/install/webots_ros2_msgs/include/webots_ros2_msgs/webots_ros2_msgs/srv/detail/emitter_send_string__type_support.c
[0.750s] -- Up-to-date: /home/minji/test_folder/Test_in_Simulation/install/webots_ros2_msgs/include/webots_ros2_msgs/webots_ros2_msgs/srv/detail/emitter_send_string__rosidl_typesupport_introspection_c.h
[0.750s] -- Up-to-date: /home/minji/test_folder/Test_in_Simulation/install/webots_ros2_msgs/include/webots_ros2_msgs/webots_ros2_msgs/srv/detail/set_string__rosidl_typesupport_introspection_c.h
[0.750s] -- Up-to-date: /home/minji/test_folder/Test_in_Simulation/install/webots_ros2_msgs/include/webots_ros2_msgs/webots_ros2_msgs/srv/detail/set_string__type_support.c
[0.750s] -- Up-to-date: /home/minji/test_folder/Test_in_Simulation/install/webots_ros2_msgs/include/webots_ros2_msgs/webots_ros2_msgs/srv/detail/get_bool__rosidl_typesupport_introspection_c.h
[0.750s] -- Up-to-date: /home/minji/test_folder/Test_in_Simulation/install/webots_ros2_msgs/include/webots_ros2_msgs/webots_ros2_msgs/srv/detail/spawn_node_from_string__rosidl_typesupport_introspection_c.h
[0.750s] -- Up-to-date: /home/minji/test_folder/Test_in_Simulation/install/webots_ros2_msgs/include/webots_ros2_msgs/webots_ros2_msgs/srv/detail/get_bool__type_support.c
[0.750s] -- Up-to-date: /home/minji/test_folder/Test_in_Simulation/install/webots_ros2_msgs/include/webots_ros2_msgs/webots_ros2_msgs/srv/detail/spawn_urdf_robot__type_support.c
[0.750s] -- Up-to-date: /home/minji/test_folder/Test_in_Simulation/install/webots_ros2_msgs/include/webots_ros2_msgs/webots_ros2_msgs/srv/detail/spawn_node_from_string__type_support.c
[0.750s] -- Up-to-date: /home/minji/test_folder/Test_in_Simulation/install/webots_ros2_msgs/lib/libwebots_ros2_msgs__rosidl_typesupport_introspection_c.so
[0.750s] -- Up-to-date: /home/minji/test_folder/Test_in_Simulation/install/webots_ros2_msgs/lib/libwebots_ros2_msgs__rosidl_typesupport_c.so
[0.750s] -- Up-to-date: /home/minji/test_folder/Test_in_Simulation/install/webots_ros2_msgs/include/webots_ros2_msgs/webots_ros2_msgs
[0.750s] -- Up-to-date: /home/minji/test_folder/Test_in_Simulation/install/webots_ros2_msgs/include/webots_ros2_msgs/webots_ros2_msgs/msg
[0.751s] -- Up-to-date: /home/minji/test_folder/Test_in_Simulation/install/webots_ros2_msgs/include/webots_ros2_msgs/webots_ros2_msgs/msg/detail
[0.751s] -- Up-to-date: /home/minji/test_folder/Test_in_Simulation/install/webots_ros2_msgs/include/webots_ros2_msgs/webots_ros2_msgs/msg/detail/camera_recognition_object__rosidl_typesupport_introspection_cpp.hpp
[0.751s] -- Up-to-date: /home/minji/test_folder/Test_in_Simulation/install/webots_ros2_msgs/include/webots_ros2_msgs/webots_ros2_msgs/msg/detail/pen_ink_properties__type_support.cpp
[0.751s] -- Up-to-date: /home/minji/test_folder/Test_in_Simulation/install/webots_ros2_msgs/include/webots_ros2_msgs/webots_ros2_msgs/msg/detail/float_stamped__rosidl_typesupport_introspection_cpp.hpp
[0.751s] -- Up-to-date: /home/minji/test_folder/Test_in_Simulation/install/webots_ros2_msgs/include/webots_ros2_msgs/webots_ros2_msgs/msg/detail/pen_ink_properties__rosidl_typesupport_introspection_cpp.hpp
[0.751s] -- Up-to-date: /home/minji/test_folder/Test_in_Simulation/install/webots_ros2_msgs/include/webots_ros2_msgs/webots_ros2_msgs/msg/detail/urdf_robot__rosidl_typesupport_introspection_cpp.hpp
[0.751s] -- Up-to-date: /home/minji/test_folder/Test_in_Simulation/install/webots_ros2_msgs/include/webots_ros2_msgs/webots_ros2_msgs/msg/detail/bool_stamped__rosidl_typesupport_introspection_cpp.hpp
[0.751s] -- Up-to-date: /home/minji/test_folder/Test_in_Simulation/install/webots_ros2_msgs/include/webots_ros2_msgs/webots_ros2_msgs/msg/detail/camera_recognition_object__type_support.cpp
[0.751s] -- Up-to-date: /home/minji/test_folder/Test_in_Simulation/install/webots_ros2_msgs/include/webots_ros2_msgs/webots_ros2_msgs/msg/detail/camera_recognition_objects__rosidl_typesupport_introspection_cpp.hpp
[0.751s] -- Up-to-date: /home/minji/test_folder/Test_in_Simulation/install/webots_ros2_msgs/include/webots_ros2_msgs/webots_ros2_msgs/msg/detail/float_stamped__type_support.cpp
[0.751s] -- Up-to-date: /home/minji/test_folder/Test_in_Simulation/install/webots_ros2_msgs/include/webots_ros2_msgs/webots_ros2_msgs/msg/detail/bool_stamped__type_support.cpp
[0.751s] -- Up-to-date: /home/minji/test_folder/Test_in_Simulation/install/webots_ros2_msgs/include/webots_ros2_msgs/webots_ros2_msgs/msg/detail/urdf_robot__type_support.cpp
[0.751s] -- Up-to-date: /home/minji/test_folder/Test_in_Simulation/install/webots_ros2_msgs/include/webots_ros2_msgs/webots_ros2_msgs/msg/detail/camera_recognition_objects__type_support.cpp
[0.751s] -- Up-to-date: /home/minji/test_folder/Test_in_Simulation/install/webots_ros2_msgs/include/webots_ros2_msgs/webots_ros2_msgs/msg/detail/string_stamped__rosidl_typesupport_introspection_cpp.hpp
[0.751s] -- Up-to-date: /home/minji/test_folder/Test_in_Simulation/install/webots_ros2_msgs/include/webots_ros2_msgs/webots_ros2_msgs/msg/detail/string_stamped__type_support.cpp
[0.751s] -- Up-to-date: /home/minji/test_folder/Test_in_Simulation/install/webots_ros2_msgs/include/webots_ros2_msgs/webots_ros2_msgs/srv
[0.751s] -- Up-to-date: /home/minji/test_folder/Test_in_Simulation/install/webots_ros2_msgs/include/webots_ros2_msgs/webots_ros2_msgs/srv/detail
[0.751s] -- Up-to-date: /home/minji/test_folder/Test_in_Simulation/install/webots_ros2_msgs/include/webots_ros2_msgs/webots_ros2_msgs/srv/detail/set_string__rosidl_typesupport_introspection_cpp.hpp
[0.751s] -- Up-to-date: /home/minji/test_folder/Test_in_Simulation/install/webots_ros2_msgs/include/webots_ros2_msgs/webots_ros2_msgs/srv/detail/set_string__type_support.cpp
[0.751s] -- Up-to-date: /home/minji/test_folder/Test_in_Simulation/install/webots_ros2_msgs/include/webots_ros2_msgs/webots_ros2_msgs/srv/detail/spawn_urdf_robot__type_support.cpp
[0.751s] -- Up-to-date: /home/minji/test_folder/Test_in_Simulation/install/webots_ros2_msgs/include/webots_ros2_msgs/webots_ros2_msgs/srv/detail/emitter_send_string__rosidl_typesupport_introspection_cpp.hpp
[0.751s] -- Up-to-date: /home/minji/test_folder/Test_in_Simulation/install/webots_ros2_msgs/include/webots_ros2_msgs/webots_ros2_msgs/srv/detail/spawn_node_from_string__type_support.cpp
[0.751s] -- Up-to-date: /home/minji/test_folder/Test_in_Simulation/install/webots_ros2_msgs/include/webots_ros2_msgs/webots_ros2_msgs/srv/detail/emitter_send_string__type_support.cpp
[0.751s] -- Up-to-date: /home/minji/test_folder/Test_in_Simulation/install/webots_ros2_msgs/include/webots_ros2_msgs/webots_ros2_msgs/srv/detail/get_bool__rosidl_typesupport_introspection_cpp.hpp
[0.751s] -- Up-to-date: /home/minji/test_folder/Test_in_Simulation/install/webots_ros2_msgs/include/webots_ros2_msgs/webots_ros2_msgs/srv/detail/spawn_urdf_robot__rosidl_typesupport_introspection_cpp.hpp
[0.751s] -- Up-to-date: /home/minji/test_folder/Test_in_Simulation/install/webots_ros2_msgs/include/webots_ros2_msgs/webots_ros2_msgs/srv/detail/spawn_node_from_string__rosidl_typesupport_introspection_cpp.hpp
[0.752s] -- Up-to-date: /home/minji/test_folder/Test_in_Simulation/install/webots_ros2_msgs/include/webots_ros2_msgs/webots_ros2_msgs/srv/detail/get_bool__type_support.cpp
[0.752s] -- Up-to-date: /home/minji/test_folder/Test_in_Simulation/install/webots_ros2_msgs/lib/libwebots_ros2_msgs__rosidl_typesupport_introspection_cpp.so
[0.752s] -- Up-to-date: /home/minji/test_folder/Test_in_Simulation/install/webots_ros2_msgs/lib/libwebots_ros2_msgs__rosidl_typesupport_cpp.so
[0.752s] -- Up-to-date: /home/minji/test_folder/Test_in_Simulation/install/webots_ros2_msgs/share/webots_ros2_msgs/environment/pythonpath.sh
[0.752s] -- Up-to-date: /home/minji/test_folder/Test_in_Simulation/install/webots_ros2_msgs/share/webots_ros2_msgs/environment/pythonpath.dsv
[0.752s] -- Up-to-date: /home/minji/test_folder/Test_in_Simulation/install/webots_ros2_msgs/local/lib/python3.10/dist-packages/webots_ros2_msgs-2023.1.2-py3.10.egg-info
[0.752s] -- Installing: /home/minji/test_folder/Test_in_Simulation/install/webots_ros2_msgs/local/lib/python3.10/dist-packages/webots_ros2_msgs-2023.1.2-py3.10.egg-info/top_level.txt
[0.752s] -- Installing: /home/minji/test_folder/Test_in_Simulation/install/webots_ros2_msgs/local/lib/python3.10/dist-packages/webots_ros2_msgs-2023.1.2-py3.10.egg-info/SOURCES.txt
[0.752s] -- Installing: /home/minji/test_folder/Test_in_Simulation/install/webots_ros2_msgs/local/lib/python3.10/dist-packages/webots_ros2_msgs-2023.1.2-py3.10.egg-info/PKG-INFO
[0.752s] -- Installing: /home/minji/test_folder/Test_in_Simulation/install/webots_ros2_msgs/local/lib/python3.10/dist-packages/webots_ros2_msgs-2023.1.2-py3.10.egg-info/dependency_links.txt
[0.752s] -- Up-to-date: /home/minji/test_folder/Test_in_Simulation/install/webots_ros2_msgs/local/lib/python3.10/dist-packages/webots_ros2_msgs
[0.752s] -- Up-to-date: /home/minji/test_folder/Test_in_Simulation/install/webots_ros2_msgs/local/lib/python3.10/dist-packages/webots_ros2_msgs/__init__.py
[0.752s] -- Up-to-date: /home/minji/test_folder/Test_in_Simulation/install/webots_ros2_msgs/local/lib/python3.10/dist-packages/webots_ros2_msgs/_webots_ros2_msgs_s.ep.rosidl_typesupport_introspection_c.c
[0.752s] -- Up-to-date: /home/minji/test_folder/Test_in_Simulation/install/webots_ros2_msgs/local/lib/python3.10/dist-packages/webots_ros2_msgs/_webots_ros2_msgs_s.ep.rosidl_typesupport_c.c
[0.752s] -- Up-to-date: /home/minji/test_folder/Test_in_Simulation/install/webots_ros2_msgs/local/lib/python3.10/dist-packages/webots_ros2_msgs/webots_ros2_msgs_s__rosidl_typesupport_fastrtps_c.cpython-310-x86_64-linux-gnu.so
[0.752s] -- Up-to-date: /home/minji/test_folder/Test_in_Simulation/install/webots_ros2_msgs/local/lib/python3.10/dist-packages/webots_ros2_msgs/webots_ros2_msgs_s__rosidl_typesupport_introspection_c.cpython-310-x86_64-linux-gnu.so
[0.752s] -- Up-to-date: /home/minji/test_folder/Test_in_Simulation/install/webots_ros2_msgs/local/lib/python3.10/dist-packages/webots_ros2_msgs/_webots_ros2_msgs_s.ep.rosidl_typesupport_fastrtps_c.c
[0.752s] -- Up-to-date: /home/minji/test_folder/Test_in_Simulation/install/webots_ros2_msgs/local/lib/python3.10/dist-packages/webots_ros2_msgs/libwebots_ros2_msgs__rosidl_generator_py.so
[0.752s] -- Up-to-date: /home/minji/test_folder/Test_in_Simulation/install/webots_ros2_msgs/local/lib/python3.10/dist-packages/webots_ros2_msgs/msg
[0.752s] -- Up-to-date: /home/minji/test_folder/Test_in_Simulation/install/webots_ros2_msgs/local/lib/python3.10/dist-packages/webots_ros2_msgs/msg/__init__.py
[0.752s] -- Up-to-date: /home/minji/test_folder/Test_in_Simulation/install/webots_ros2_msgs/local/lib/python3.10/dist-packages/webots_ros2_msgs/msg/_float_stamped.py
[0.752s] -- Up-to-date: /home/minji/test_folder/Test_in_Simulation/install/webots_ros2_msgs/local/lib/python3.10/dist-packages/webots_ros2_msgs/msg/_bool_stamped_s.c
[0.752s] -- Up-to-date: /home/minji/test_folder/Test_in_Simulation/install/webots_ros2_msgs/local/lib/python3.10/dist-packages/webots_ros2_msgs/msg/_string_stamped_s.c
[0.752s] -- Up-to-date: /home/minji/test_folder/Test_in_Simulation/install/webots_ros2_msgs/local/lib/python3.10/dist-packages/webots_ros2_msgs/msg/_camera_recognition_object.py
[0.752s] -- Up-to-date: /home/minji/test_folder/Test_in_Simulation/install/webots_ros2_msgs/local/lib/python3.10/dist-packages/webots_ros2_msgs/msg/_camera_recognition_object_s.c
[0.753s] -- Up-to-date: /home/minji/test_folder/Test_in_Simulation/install/webots_ros2_msgs/local/lib/python3.10/dist-packages/webots_ros2_msgs/msg/_camera_recognition_objects_s.c
[0.753s] -- Up-to-date: /home/minji/test_folder/Test_in_Simulation/install/webots_ros2_msgs/local/lib/python3.10/dist-packages/webots_ros2_msgs/msg/_urdf_robot.py
[0.753s] -- Up-to-date: /home/minji/test_folder/Test_in_Simulation/install/webots_ros2_msgs/local/lib/python3.10/dist-packages/webots_ros2_msgs/msg/_float_stamped_s.c
[0.753s] -- Up-to-date: /home/minji/test_folder/Test_in_Simulation/install/webots_ros2_msgs/local/lib/python3.10/dist-packages/webots_ros2_msgs/msg/_camera_recognition_objects.py
[0.753s] -- Up-to-date: /home/minji/test_folder/Test_in_Simulation/install/webots_ros2_msgs/local/lib/python3.10/dist-packages/webots_ros2_msgs/msg/_pen_ink_properties_s.c
[0.753s] -- Up-to-date: /home/minji/test_folder/Test_in_Simulation/install/webots_ros2_msgs/local/lib/python3.10/dist-packages/webots_ros2_msgs/msg/_pen_ink_properties.py
[0.753s] -- Up-to-date: /home/minji/test_folder/Test_in_Simulation/install/webots_ros2_msgs/local/lib/python3.10/dist-packages/webots_ros2_msgs/msg/_bool_stamped.py
[0.753s] -- Up-to-date: /home/minji/test_folder/Test_in_Simulation/install/webots_ros2_msgs/local/lib/python3.10/dist-packages/webots_ros2_msgs/msg/_string_stamped.py
[0.753s] -- Up-to-date: /home/minji/test_folder/Test_in_Simulation/install/webots_ros2_msgs/local/lib/python3.10/dist-packages/webots_ros2_msgs/msg/_urdf_robot_s.c
[0.753s] -- Up-to-date: /home/minji/test_folder/Test_in_Simulation/install/webots_ros2_msgs/local/lib/python3.10/dist-packages/webots_ros2_msgs/srv
[0.753s] -- Up-to-date: /home/minji/test_folder/Test_in_Simulation/install/webots_ros2_msgs/local/lib/python3.10/dist-packages/webots_ros2_msgs/srv/_get_bool_s.c
[0.753s] -- Up-to-date: /home/minji/test_folder/Test_in_Simulation/install/webots_ros2_msgs/local/lib/python3.10/dist-packages/webots_ros2_msgs/srv/_spawn_urdf_robot.py
[0.753s] -- Up-to-date: /home/minji/test_folder/Test_in_Simulation/install/webots_ros2_msgs/local/lib/python3.10/dist-packages/webots_ros2_msgs/srv/__init__.py
[0.753s] -- Up-to-date: /home/minji/test_folder/Test_in_Simulation/install/webots_ros2_msgs/local/lib/python3.10/dist-packages/webots_ros2_msgs/srv/_emitter_send_string.py
[0.753s] -- Up-to-date: /home/minji/test_folder/Test_in_Simulation/install/webots_ros2_msgs/local/lib/python3.10/dist-packages/webots_ros2_msgs/srv/_spawn_node_from_string_s.c
[0.753s] -- Up-to-date: /home/minji/test_folder/Test_in_Simulation/install/webots_ros2_msgs/local/lib/python3.10/dist-packages/webots_ros2_msgs/srv/_get_bool.py
[0.753s] -- Up-to-date: /home/minji/test_folder/Test_in_Simulation/install/webots_ros2_msgs/local/lib/python3.10/dist-packages/webots_ros2_msgs/srv/_spawn_node_from_string.py
[0.753s] -- Up-to-date: /home/minji/test_folder/Test_in_Simulation/install/webots_ros2_msgs/local/lib/python3.10/dist-packages/webots_ros2_msgs/srv/_emitter_send_string_s.c
[0.753s] -- Up-to-date: /home/minji/test_folder/Test_in_Simulation/install/webots_ros2_msgs/local/lib/python3.10/dist-packages/webots_ros2_msgs/srv/_set_string.py
[0.753s] -- Up-to-date: /home/minji/test_folder/Test_in_Simulation/install/webots_ros2_msgs/local/lib/python3.10/dist-packages/webots_ros2_msgs/srv/_spawn_urdf_robot_s.c
[0.753s] -- Up-to-date: /home/minji/test_folder/Test_in_Simulation/install/webots_ros2_msgs/local/lib/python3.10/dist-packages/webots_ros2_msgs/srv/_set_string_s.c
[0.753s] -- Up-to-date: /home/minji/test_folder/Test_in_Simulation/install/webots_ros2_msgs/local/lib/python3.10/dist-packages/webots_ros2_msgs/webots_ros2_msgs_s__rosidl_typesupport_c.cpython-310-x86_64-linux-gnu.so
[0.782s] Listing '/home/minji/test_folder/Test_in_Simulation/install/webots_ros2_msgs/local/lib/python3.10/dist-packages/webots_ros2_msgs'...
[0.782s] Listing '/home/minji/test_folder/Test_in_Simulation/install/webots_ros2_msgs/local/lib/python3.10/dist-packages/webots_ros2_msgs/msg'...
[0.782s] Listing '/home/minji/test_folder/Test_in_Simulation/install/webots_ros2_msgs/local/lib/python3.10/dist-packages/webots_ros2_msgs/srv'...
[0.785s] -- Up-to-date: /home/minji/test_folder/Test_in_Simulation/install/webots_ros2_msgs/local/lib/python3.10/dist-packages/webots_ros2_msgs/webots_ros2_msgs_s__rosidl_typesupport_fastrtps_c.cpython-310-x86_64-linux-gnu.so
[0.785s] -- Up-to-date: /home/minji/test_folder/Test_in_Simulation/install/webots_ros2_msgs/local/lib/python3.10/dist-packages/webots_ros2_msgs/webots_ros2_msgs_s__rosidl_typesupport_introspection_c.cpython-310-x86_64-linux-gnu.so
[0.785s] -- Up-to-date: /home/minji/test_folder/Test_in_Simulation/install/webots_ros2_msgs/local/lib/python3.10/dist-packages/webots_ros2_msgs/webots_ros2_msgs_s__rosidl_typesupport_c.cpython-310-x86_64-linux-gnu.so
[0.785s] -- Up-to-date: /home/minji/test_folder/Test_in_Simulation/install/webots_ros2_msgs/lib/libwebots_ros2_msgs__rosidl_generator_py.so
[0.786s] -- Up-to-date: /home/minji/test_folder/Test_in_Simulation/install/webots_ros2_msgs/share/webots_ros2_msgs/msg/BoolStamped.idl
[0.786s] -- Up-to-date: /home/minji/test_folder/Test_in_Simulation/install/webots_ros2_msgs/share/webots_ros2_msgs/msg/FloatStamped.idl
[0.786s] -- Up-to-date: /home/minji/test_folder/Test_in_Simulation/install/webots_ros2_msgs/share/webots_ros2_msgs/msg/StringStamped.idl
[0.786s] -- Up-to-date: /home/minji/test_folder/Test_in_Simulation/install/webots_ros2_msgs/share/webots_ros2_msgs/msg/CameraRecognitionObject.idl
[0.786s] -- Up-to-date: /home/minji/test_folder/Test_in_Simulation/install/webots_ros2_msgs/share/webots_ros2_msgs/msg/CameraRecognitionObjects.idl
[0.786s] -- Up-to-date: /home/minji/test_folder/Test_in_Simulation/install/webots_ros2_msgs/share/webots_ros2_msgs/msg/UrdfRobot.idl
[0.786s] -- Up-to-date: /home/minji/test_folder/Test_in_Simulation/install/webots_ros2_msgs/share/webots_ros2_msgs/msg/PenInkProperties.idl
[0.786s] -- Up-to-date: /home/minji/test_folder/Test_in_Simulation/install/webots_ros2_msgs/share/webots_ros2_msgs/srv/EmitterSendString.idl
[0.786s] -- Up-to-date: /home/minji/test_folder/Test_in_Simulation/install/webots_ros2_msgs/share/webots_ros2_msgs/srv/GetBool.idl
[0.786s] -- Up-to-date: /home/minji/test_folder/Test_in_Simulation/install/webots_ros2_msgs/share/webots_ros2_msgs/srv/SetString.idl
[0.786s] -- Up-to-date: /home/minji/test_folder/Test_in_Simulation/install/webots_ros2_msgs/share/webots_ros2_msgs/srv/SpawnNodeFromString.idl
[0.786s] -- Up-to-date: /home/minji/test_folder/Test_in_Simulation/install/webots_ros2_msgs/share/webots_ros2_msgs/srv/SpawnUrdfRobot.idl
[0.786s] -- Up-to-date: /home/minji/test_folder/Test_in_Simulation/install/webots_ros2_msgs/share/webots_ros2_msgs/msg/BoolStamped.msg
[0.786s] -- Up-to-date: /home/minji/test_folder/Test_in_Simulation/install/webots_ros2_msgs/share/webots_ros2_msgs/msg/FloatStamped.msg
[0.786s] -- Up-to-date: /home/minji/test_folder/Test_in_Simulation/install/webots_ros2_msgs/share/webots_ros2_msgs/msg/StringStamped.msg
[0.787s] -- Up-to-date: /home/minji/test_folder/Test_in_Simulation/install/webots_ros2_msgs/share/webots_ros2_msgs/msg/CameraRecognitionObject.msg
[0.787s] -- Up-to-date: /home/minji/test_folder/Test_in_Simulation/install/webots_ros2_msgs/share/webots_ros2_msgs/msg/CameraRecognitionObjects.msg
[0.787s] -- Up-to-date: /home/minji/test_folder/Test_in_Simulation/install/webots_ros2_msgs/share/webots_ros2_msgs/msg/UrdfRobot.msg
[0.787s] -- Up-to-date: /home/minji/test_folder/Test_in_Simulation/install/webots_ros2_msgs/share/webots_ros2_msgs/msg/PenInkProperties.msg
[0.787s] -- Up-to-date: /home/minji/test_folder/Test_in_Simulation/install/webots_ros2_msgs/share/webots_ros2_msgs/srv/EmitterSendString.srv
[0.787s] -- Up-to-date: /home/minji/test_folder/Test_in_Simulation/install/webots_ros2_msgs/share/webots_ros2_msgs/srv/EmitterSendString_Request.msg
[0.787s] -- Up-to-date: /home/minji/test_folder/Test_in_Simulation/install/webots_ros2_msgs/share/webots_ros2_msgs/srv/EmitterSendString_Response.msg
[0.787s] -- Up-to-date: /home/minji/test_folder/Test_in_Simulation/install/webots_ros2_msgs/share/webots_ros2_msgs/srv/GetBool.srv
[0.787s] -- Up-to-date: /home/minji/test_folder/Test_in_Simulation/install/webots_ros2_msgs/share/webots_ros2_msgs/srv/GetBool_Request.msg
[0.787s] -- Up-to-date: /home/minji/test_folder/Test_in_Simulation/install/webots_ros2_msgs/share/webots_ros2_msgs/srv/GetBool_Response.msg
[0.787s] -- Up-to-date: /home/minji/test_folder/Test_in_Simulation/install/webots_ros2_msgs/share/webots_ros2_msgs/srv/SetString.srv
[0.787s] -- Up-to-date: /home/minji/test_folder/Test_in_Simulation/install/webots_ros2_msgs/share/webots_ros2_msgs/srv/SetString_Request.msg
[0.787s] -- Up-to-date: /home/minji/test_folder/Test_in_Simulation/install/webots_ros2_msgs/share/webots_ros2_msgs/srv/SetString_Response.msg
[0.787s] -- Up-to-date: /home/minji/test_folder/Test_in_Simulation/install/webots_ros2_msgs/share/webots_ros2_msgs/srv/SpawnNodeFromString.srv
[0.787s] -- Up-to-date: /home/minji/test_folder/Test_in_Simulation/install/webots_ros2_msgs/share/webots_ros2_msgs/srv/SpawnNodeFromString_Request.msg
[0.787s] -- Up-to-date: /home/minji/test_folder/Test_in_Simulation/install/webots_ros2_msgs/share/webots_ros2_msgs/srv/SpawnNodeFromString_Response.msg
[0.787s] -- Up-to-date: /home/minji/test_folder/Test_in_Simulation/install/webots_ros2_msgs/share/webots_ros2_msgs/srv/SpawnUrdfRobot.srv
[0.787s] -- Up-to-date: /home/minji/test_folder/Test_in_Simulation/install/webots_ros2_msgs/share/webots_ros2_msgs/srv/SpawnUrdfRobot_Request.msg
[0.787s] -- Up-to-date: /home/minji/test_folder/Test_in_Simulation/install/webots_ros2_msgs/share/webots_ros2_msgs/srv/SpawnUrdfRobot_Response.msg
[0.788s] -- Up-to-date: /home/minji/test_folder/Test_in_Simulation/install/webots_ros2_msgs/share/ament_index/resource_index/package_run_dependencies/webots_ros2_msgs
[0.788s] -- Up-to-date: /home/minji/test_folder/Test_in_Simulation/install/webots_ros2_msgs/share/ament_index/resource_index/parent_prefix_path/webots_ros2_msgs
[0.788s] -- Up-to-date: /home/minji/test_folder/Test_in_Simulation/install/webots_ros2_msgs/share/webots_ros2_msgs/environment/ament_prefix_path.sh
[0.788s] -- Up-to-date: /home/minji/test_folder/Test_in_Simulation/install/webots_ros2_msgs/share/webots_ros2_msgs/environment/ament_prefix_path.dsv
[0.788s] -- Up-to-date: /home/minji/test_folder/Test_in_Simulation/install/webots_ros2_msgs/share/webots_ros2_msgs/environment/path.sh
[0.788s] -- Up-to-date: /home/minji/test_folder/Test_in_Simulation/install/webots_ros2_msgs/share/webots_ros2_msgs/environment/path.dsv
[0.788s] -- Up-to-date: /home/minji/test_folder/Test_in_Simulation/install/webots_ros2_msgs/share/webots_ros2_msgs/local_setup.bash
[0.788s] -- Up-to-date: /home/minji/test_folder/Test_in_Simulation/install/webots_ros2_msgs/share/webots_ros2_msgs/local_setup.sh
[0.788s] -- Up-to-date: /home/minji/test_folder/Test_in_Simulation/install/webots_ros2_msgs/share/webots_ros2_msgs/local_setup.zsh
[0.788s] -- Up-to-date: /home/minji/test_folder/Test_in_Simulation/install/webots_ros2_msgs/share/webots_ros2_msgs/local_setup.dsv
[0.788s] -- Installing: /home/minji/test_folder/Test_in_Simulation/install/webots_ros2_msgs/share/webots_ros2_msgs/package.dsv
[0.788s] -- Up-to-date: /home/minji/test_folder/Test_in_Simulation/install/webots_ros2_msgs/share/ament_index/resource_index/packages/webots_ros2_msgs
[0.788s] -- Up-to-date: /home/minji/test_folder/Test_in_Simulation/install/webots_ros2_msgs/share/webots_ros2_msgs/cmake/export_webots_ros2_msgs__rosidl_generator_cExport.cmake
[0.788s] -- Up-to-date: /home/minji/test_folder/Test_in_Simulation/install/webots_ros2_msgs/share/webots_ros2_msgs/cmake/export_webots_ros2_msgs__rosidl_generator_cExport-noconfig.cmake
[0.788s] -- Up-to-date: /home/minji/test_folder/Test_in_Simulation/install/webots_ros2_msgs/share/webots_ros2_msgs/cmake/export_webots_ros2_msgs__rosidl_typesupport_fastrtps_cExport.cmake
[0.788s] -- Up-to-date: /home/minji/test_folder/Test_in_Simulation/install/webots_ros2_msgs/share/webots_ros2_msgs/cmake/export_webots_ros2_msgs__rosidl_typesupport_fastrtps_cExport-noconfig.cmake
[0.788s] -- Up-to-date: /home/minji/test_folder/Test_in_Simulation/install/webots_ros2_msgs/share/webots_ros2_msgs/cmake/export_webots_ros2_msgs__rosidl_generator_cppExport.cmake
[0.788s] -- Up-to-date: /home/minji/test_folder/Test_in_Simulation/install/webots_ros2_msgs/share/webots_ros2_msgs/cmake/export_webots_ros2_msgs__rosidl_typesupport_fastrtps_cppExport.cmake
[0.788s] -- Up-to-date: /home/minji/test_folder/Test_in_Simulation/install/webots_ros2_msgs/share/webots_ros2_msgs/cmake/export_webots_ros2_msgs__rosidl_typesupport_fastrtps_cppExport-noconfig.cmake
[0.788s] -- Up-to-date: /home/minji/test_folder/Test_in_Simulation/install/webots_ros2_msgs/share/webots_ros2_msgs/cmake/webots_ros2_msgs__rosidl_typesupport_introspection_cExport.cmake
[0.789s] -- Up-to-date: /home/minji/test_folder/Test_in_Simulation/install/webots_ros2_msgs/share/webots_ros2_msgs/cmake/webots_ros2_msgs__rosidl_typesupport_introspection_cExport-noconfig.cmake
[0.789s] -- Up-to-date: /home/minji/test_folder/Test_in_Simulation/install/webots_ros2_msgs/share/webots_ros2_msgs/cmake/webots_ros2_msgs__rosidl_typesupport_cExport.cmake
[0.789s] -- Up-to-date: /home/minji/test_folder/Test_in_Simulation/install/webots_ros2_msgs/share/webots_ros2_msgs/cmake/webots_ros2_msgs__rosidl_typesupport_cExport-noconfig.cmake
[0.789s] -- Up-to-date: /home/minji/test_folder/Test_in_Simulation/install/webots_ros2_msgs/share/webots_ros2_msgs/cmake/webots_ros2_msgs__rosidl_typesupport_introspection_cppExport.cmake
[0.789s] -- Up-to-date: /home/minji/test_folder/Test_in_Simulation/install/webots_ros2_msgs/share/webots_ros2_msgs/cmake/webots_ros2_msgs__rosidl_typesupport_introspection_cppExport-noconfig.cmake
[0.789s] -- Up-to-date: /home/minji/test_folder/Test_in_Simulation/install/webots_ros2_msgs/share/webots_ros2_msgs/cmake/webots_ros2_msgs__rosidl_typesupport_cppExport.cmake
[0.789s] -- Up-to-date: /home/minji/test_folder/Test_in_Simulation/install/webots_ros2_msgs/share/webots_ros2_msgs/cmake/webots_ros2_msgs__rosidl_typesupport_cppExport-noconfig.cmake
[0.789s] -- Up-to-date: /home/minji/test_folder/Test_in_Simulation/install/webots_ros2_msgs/share/webots_ros2_msgs/cmake/export_webots_ros2_msgs__rosidl_generator_pyExport.cmake
[0.789s] -- Up-to-date: /home/minji/test_folder/Test_in_Simulation/install/webots_ros2_msgs/share/webots_ros2_msgs/cmake/export_webots_ros2_msgs__rosidl_generator_pyExport-noconfig.cmake
[0.789s] -- Up-to-date: /home/minji/test_folder/Test_in_Simulation/install/webots_ros2_msgs/share/webots_ros2_msgs/cmake/rosidl_cmake-extras.cmake
[0.789s] -- Up-to-date: /home/minji/test_folder/Test_in_Simulation/install/webots_ros2_msgs/share/webots_ros2_msgs/cmake/ament_cmake_export_dependencies-extras.cmake
[0.789s] -- Up-to-date: /home/minji/test_folder/Test_in_Simulation/install/webots_ros2_msgs/share/webots_ros2_msgs/cmake/ament_cmake_export_include_directories-extras.cmake
[0.789s] -- Up-to-date: /home/minji/test_folder/Test_in_Simulation/install/webots_ros2_msgs/share/webots_ros2_msgs/cmake/ament_cmake_export_libraries-extras.cmake
[0.789s] -- Up-to-date: /home/minji/test_folder/Test_in_Simulation/install/webots_ros2_msgs/share/webots_ros2_msgs/cmake/ament_cmake_export_targets-extras.cmake
[0.789s] -- Up-to-date: /home/minji/test_folder/Test_in_Simulation/install/webots_ros2_msgs/share/webots_ros2_msgs/cmake/rosidl_cmake_export_typesupport_targets-extras.cmake
[0.789s] -- Up-to-date: /home/minji/test_folder/Test_in_Simulation/install/webots_ros2_msgs/share/webots_ros2_msgs/cmake/rosidl_cmake_export_typesupport_libraries-extras.cmake
[0.789s] -- Up-to-date: /home/minji/test_folder/Test_in_Simulation/install/webots_ros2_msgs/share/webots_ros2_msgs/cmake/webots_ros2_msgsConfig.cmake
[0.789s] -- Up-to-date: /home/minji/test_folder/Test_in_Simulation/install/webots_ros2_msgs/share/webots_ros2_msgs/cmake/webots_ros2_msgsConfig-version.cmake
[0.789s] -- Up-to-date: /home/minji/test_folder/Test_in_Simulation/install/webots_ros2_msgs/share/webots_ros2_msgs/package.xml
[0.791s] Invoked command in '/home/minji/test_folder/Test_in_Simulation/build/webots_ros2_msgs' returned '0': CMAKE_PREFIX_PATH=${CMAKE_PREFIX_PATH}:/home/minji/minji_ws/install/webots_ros2:/home/minji/minji_ws/install/webots_ros2_universal_robot:/home/minji/minji_ws/install/webots_ros2_turtlebot:/home/minji/minji_ws/install/webots_ros2_tiago:/home/minji/minji_ws/install/webots_ros2_tests:/home/minji/minji_ws/install/webots_ros2_tesla:/home/minji/minji_ws/install/webots_ros2_mavic:/home/minji/minji_ws/install/webots_ros2_ld90:/home/minji/minji_ws/install/webots_ros2_epuck:/home/minji/test_folder/Test_in_Simulation/install/webots_ros2:/home/minji/test_folder/Test_in_Simulation/install/webots_ros2_universal_robot:/home/minji/test_folder/Test_in_Simulation/install/webots_ros2_turtlebot:/home/minji/test_folder/Test_in_Simulation/install/webots_ros2_tiago:/home/minji/test_folder/Test_in_Simulation/install/webots_ros2_tests:/home/minji/test_folder/Test_in_Simulation/install/webots_ros2_tesla:/home/minji/test_folder/Test_in_Simulation/install/webots_ros2_mavic:/home/minji/test_folder/Test_in_Simulation/install/webots_ros2_ld90:/home/minji/test_folder/Test_in_Simulation/install/webots_ros2_epuck:/home/minji/my_study/install/webots_ros2:/home/minji/my_study/install/webots_ros2_universal_robot:/home/minji/my_study/install/webots_ros2_turtlebot:/home/minji/my_study/install/webots_ros2_tiago:/home/minji/my_study/install/webots_ros2_tests:/home/minji/my_study/install/webots_ros2_tesla:/home/minji/my_study/install/webots_ros2_mavic:/home/minji/my_study/install/webots_ros2_ld90:/home/minji/my_study/install/webots_ros2_epuck:/opt/ros/humble /usr/bin/cmake --install /home/minji/test_folder/Test_in_Simulation/build/webots_ros2_msgs
