[0.556s] Invoking command in '/home/minji/test_folder/Test_in_Simulation/webots_ros2_ld90': CMAKE_PREFIX_PATH=/home/minji/test_folder/Test_in_Simulation/install/webots_ros2_driver:/home/minji/test_folder/Test_in_Simulation/install/webots_ros2_msgs:/home/minji/test_folder/Test_in_Simulation/install/webots_ros2_control:/home/minji/minji_ws/install/btcpp_ros2_samples:/home/minji/minji_ws/install/behaviortree_ros2:/home/minji/minji_ws/install/btcpp_ros2_interfaces:/home/minji/my_study/install/webots_ros2_control:/home/minji/my_study/install/webots_ros2_driver:/home/minji/my_study/install/webots_ros2_msgs:/usr/local LD_LIBRARY_PATH=/home/minji/test_folder/Test_in_Simulation/install/webots_ros2_driver/lib:/home/minji/test_folder/Test_in_Simulation/install/webots_ros2_msgs/lib:/home/minji/test_folder/Test_in_Simulation/install/webots_ros2_control/lib:/home/minji/minji_ws/install/webots_ros2_control/lib:/home/minji/minji_ws/install/webots_ros2_driver/lib:/home/minji/minji_ws/install/webots_ros2_msgs/lib:/home/minji/minji_ws/install/behaviortree_ros2/lib:/home/minji/minji_ws/install/btcpp_ros2_interfaces/lib:/home/minji/my_study/install/webots_ros2_control/lib:/home/minji/my_study/install/webots_ros2_driver/lib:/home/minji/my_study/install/webots_ros2_msgs/lib:/opt/ros/humble/opt/rviz_ogre_vendor/lib:/opt/ros/humble/lib/x86_64-linux-gnu:/opt/ros/humble/lib PYTHONPATH=/home/minji/test_folder/Test_in_Simulation/build/webots_ros2_ld90/prefix_override:/usr/lib/python3/dist-packages/colcon_core/task/python/colcon_distutils_commands:/home/minji/test_folder/Test_in_Simulation/install/webots_ros2_ld90/lib/python3.10/site-packages:${PYTHONPATH} /usr/bin/python3 -W ignore:setup.py install is deprecated setup.py egg_info --egg-base ../build/webots_ros2_ld90 build --build-base /home/minji/test_folder/Test_in_Simulation/build/webots_ros2_ld90/build install --record /home/minji/test_folder/Test_in_Simulation/build/webots_ros2_ld90/install.log --single-version-externally-managed install_data
[0.773s] running egg_info
[0.774s] writing ../build/webots_ros2_ld90/webots_ros2_ld90.egg-info/PKG-INFO
[0.774s] writing dependency_links to ../build/webots_ros2_ld90/webots_ros2_ld90.egg-info/dependency_links.txt
[0.774s] writing entry points to ../build/webots_ros2_ld90/webots_ros2_ld90.egg-info/entry_points.txt
[0.774s] writing requirements to ../build/webots_ros2_ld90/webots_ros2_ld90.egg-info/requires.txt
[0.774s] writing top-level names to ../build/webots_ros2_ld90/webots_ros2_ld90.egg-info/top_level.txt
[0.776s] reading manifest file '../build/webots_ros2_ld90/webots_ros2_ld90.egg-info/SOURCES.txt'
[0.776s] adding license file 'LICENSE'
[0.776s] writing manifest file '../build/webots_ros2_ld90/webots_ros2_ld90.egg-info/SOURCES.txt'
[0.776s] running build
[0.776s] running build_py
[0.776s] running install
[0.777s] running install_lib
[0.778s] running install_data
[0.778s] running install_egg_info
[0.780s] removing '/home/minji/test_folder/Test_in_Simulation/install/webots_ros2_ld90/lib/python3.10/site-packages/webots_ros2_ld90-0.0.0-py3.10.egg-info' (and everything under it)
[0.780s] Copying ../build/webots_ros2_ld90/webots_ros2_ld90.egg-info to /home/minji/test_folder/Test_in_Simulation/install/webots_ros2_ld90/lib/python3.10/site-packages/webots_ros2_ld90-0.0.0-py3.10.egg-info
[0.780s] running install_scripts
[0.797s] writing list of installed files to '/home/minji/test_folder/Test_in_Simulation/build/webots_ros2_ld90/install.log'
[0.817s] Invoked command in '/home/minji/test_folder/Test_in_Simulation/webots_ros2_ld90' returned '0': CMAKE_PREFIX_PATH=/home/minji/test_folder/Test_in_Simulation/install/webots_ros2_driver:/home/minji/test_folder/Test_in_Simulation/install/webots_ros2_msgs:/home/minji/test_folder/Test_in_Simulation/install/webots_ros2_control:/home/minji/minji_ws/install/btcpp_ros2_samples:/home/minji/minji_ws/install/behaviortree_ros2:/home/minji/minji_ws/install/btcpp_ros2_interfaces:/home/minji/my_study/install/webots_ros2_control:/home/minji/my_study/install/webots_ros2_driver:/home/minji/my_study/install/webots_ros2_msgs:/usr/local LD_LIBRARY_PATH=/home/minji/test_folder/Test_in_Simulation/install/webots_ros2_driver/lib:/home/minji/test_folder/Test_in_Simulation/install/webots_ros2_msgs/lib:/home/minji/test_folder/Test_in_Simulation/install/webots_ros2_control/lib:/home/minji/minji_ws/install/webots_ros2_control/lib:/home/minji/minji_ws/install/webots_ros2_driver/lib:/home/minji/minji_ws/install/webots_ros2_msgs/lib:/home/minji/minji_ws/install/behaviortree_ros2/lib:/home/minji/minji_ws/install/btcpp_ros2_interfaces/lib:/home/minji/my_study/install/webots_ros2_control/lib:/home/minji/my_study/install/webots_ros2_driver/lib:/home/minji/my_study/install/webots_ros2_msgs/lib:/opt/ros/humble/opt/rviz_ogre_vendor/lib:/opt/ros/humble/lib/x86_64-linux-gnu:/opt/ros/humble/lib PYTHONPATH=/home/minji/test_folder/Test_in_Simulation/build/webots_ros2_ld90/prefix_override:/usr/lib/python3/dist-packages/colcon_core/task/python/colcon_distutils_commands:/home/minji/test_folder/Test_in_Simulation/install/webots_ros2_ld90/lib/python3.10/site-packages:${PYTHONPATH} /usr/bin/python3 -W ignore:setup.py install is deprecated setup.py egg_info --egg-base ../build/webots_ros2_ld90 build --build-base /home/minji/test_folder/Test_in_Simulation/build/webots_ros2_ld90/build install --record /home/minji/test_folder/Test_in_Simulation/build/webots_ros2_ld90/install.log --single-version-externally-managed install_data
