[0.012s] Invoking command in '/home/minji/test_folder/Test_in_Simulation/build/webots_ros2_msgs': CMAKE_PREFIX_PATH=${CMAKE_PREFIX_PATH}:/home/minji/minji_ws/install/webots_ros2:/home/minji/minji_ws/install/webots_ros2_universal_robot:/home/minji/minji_ws/install/webots_ros2_turtlebot:/home/minji/minji_ws/install/webots_ros2_tiago:/home/minji/minji_ws/install/webots_ros2_tests:/home/minji/minji_ws/install/webots_ros2_tesla:/home/minji/minji_ws/install/webots_ros2_mavic:/home/minji/minji_ws/install/webots_ros2_ld90:/home/minji/minji_ws/install/webots_ros2_epuck:/home/minji/minji_ws/install/webots_ros2_control:/home/minji/minji_ws/install/webots_ros2_driver:/home/minji/minji_ws/install/webots_ros2_msgs:/home/minji/minji_ws/install/btcpp_ros2_project:/home/minji/my_study/install/webots_ros2:/home/minji/my_study/install/webots_ros2_universal_robot:/home/minji/my_study/install/webots_ros2_turtlebot:/home/minji/my_study/install/webots_ros2_tiago:/home/minji/my_study/install/webots_ros2_tests:/home/minji/my_study/install/webots_ros2_tesla:/home/minji/my_study/install/webots_ros2_mavic:/home/minji/my_study/install/webots_ros2_ld90:/home/minji/my_study/install/webots_ros2_epuck:/opt/ros/humble /usr/bin/cmake --build /home/minji/test_folder/Test_in_Simulation/build/webots_ros2_msgs -- -j8 -l8
[0.106s] [35m[1mConsolidate compiler generated dependencies of target webots_ros2_msgs__rosidl_generator_c[0m
[0.109s] [  0%] Built target webots_ros2_msgs__cpp
[0.122s] [  0%] Built target ament_cmake_python_copy_webots_ros2_msgs
[0.124s] [35m[1mConsolidate compiler generated dependencies of target webots_ros2_msgs__rosidl_typesupport_cpp[0m
[0.125s] [35m[1mConsolidate compiler generated dependencies of target webots_ros2_msgs__rosidl_typesupport_introspection_cpp[0m
[0.126s] [35m[1mConsolidate compiler generated dependencies of target webots_ros2_msgs__rosidl_typesupport_fastrtps_cpp[0m
[0.127s] [ 12%] Built target webots_ros2_msgs__rosidl_generator_c
[0.142s] [35m[1mConsolidate compiler generated dependencies of target webots_ros2_msgs__rosidl_typesupport_introspection_c[0m
[0.142s] [35m[1mConsolidate compiler generated dependencies of target webots_ros2_msgs__rosidl_typesupport_c[0m
[0.144s] [35m[1mConsolidate compiler generated dependencies of target webots_ros2_msgs__rosidl_typesupport_fastrtps_c[0m
[0.149s] [ 31%] Built target webots_ros2_msgs__rosidl_typesupport_cpp
[0.149s] [ 36%] Built target webots_ros2_msgs__rosidl_typesupport_introspection_cpp
[0.151s] [ 47%] Built target webots_ros2_msgs__rosidl_typesupport_fastrtps_cpp
[0.157s] [ 59%] Built target webots_ros2_msgs__rosidl_typesupport_c
[0.158s] [ 71%] Built target webots_ros2_msgs__rosidl_typesupport_introspection_c
[0.163s] [ 83%] Built target webots_ros2_msgs__rosidl_typesupport_fastrtps_c
[0.179s] [ 83%] Built target webots_ros2_msgs
[0.197s] [ 84%] Built target webots_ros2_msgs__py
[0.209s] [35m[1mConsolidate compiler generated dependencies of target webots_ros2_msgs__rosidl_generator_py[0m
[0.228s] [ 95%] Built target webots_ros2_msgs__rosidl_generator_py
[0.238s] [35m[1mConsolidate compiler generated dependencies of target webots_ros2_msgs__rosidl_typesupport_c__pyext[0m
[0.238s] [35m[1mConsolidate compiler generated dependencies of target webots_ros2_msgs__rosidl_typesupport_introspection_c__pyext[0m
[0.238s] [35m[1mConsolidate compiler generated dependencies of target webots_ros2_msgs__rosidl_typesupport_fastrtps_c__pyext[0m
[0.249s] [ 99%] Built target webots_ros2_msgs__rosidl_typesupport_c__pyext
[0.249s] [ 99%] Built target webots_ros2_msgs__rosidl_typesupport_introspection_c__pyext
[0.249s] [100%] Built target webots_ros2_msgs__rosidl_typesupport_fastrtps_c__pyext
[0.333s] running egg_info
[0.333s] writing webots_ros2_msgs.egg-info/PKG-INFO
[0.334s] writing dependency_links to webots_ros2_msgs.egg-info/dependency_links.txt
[0.334s] writing top-level names to webots_ros2_msgs.egg-info/top_level.txt
[0.336s] reading manifest file 'webots_ros2_msgs.egg-info/SOURCES.txt'
[0.336s] writing manifest file 'webots_ros2_msgs.egg-info/SOURCES.txt'
[0.354s] [100%] Built target ament_cmake_python_build_webots_ros2_msgs_egg
[0.364s] Invoked command in '/home/minji/test_folder/Test_in_Simulation/build/webots_ros2_msgs' returned '0': CMAKE_PREFIX_PATH=${CMAKE_PREFIX_PATH}:/home/minji/minji_ws/install/webots_ros2:/home/minji/minji_ws/install/webots_ros2_universal_robot:/home/minji/minji_ws/install/webots_ros2_turtlebot:/home/minji/minji_ws/install/webots_ros2_tiago:/home/minji/minji_ws/install/webots_ros2_tests:/home/minji/minji_ws/install/webots_ros2_tesla:/home/minji/minji_ws/install/webots_ros2_mavic:/home/minji/minji_ws/install/webots_ros2_ld90:/home/minji/minji_ws/install/webots_ros2_epuck:/home/minji/minji_ws/install/webots_ros2_control:/home/minji/minji_ws/install/webots_ros2_driver:/home/minji/minji_ws/install/webots_ros2_msgs:/home/minji/minji_ws/install/btcpp_ros2_project:/home/minji/my_study/install/webots_ros2:/home/minji/my_study/install/webots_ros2_universal_robot:/home/minji/my_study/install/webots_ros2_turtlebot:/home/minji/my_study/install/webots_ros2_tiago:/home/minji/my_study/install/webots_ros2_tests:/home/minji/my_study/install/webots_ros2_tesla:/home/minji/my_study/install/webots_ros2_mavic:/home/minji/my_study/install/webots_ros2_ld90:/home/minji/my_study/install/webots_ros2_epuck:/opt/ros/humble /usr/bin/cmake --build /home/minji/test_folder/Test_in_Simulation/build/webots_ros2_msgs -- -j8 -l8
[0.896s] Invoking command in '/home/minji/test_folder/Test_in_Simulation/build/webots_ros2_msgs': CMAKE_PREFIX_PATH=${CMAKE_PREFIX_PATH}:/home/minji/minji_ws/install/webots_ros2:/home/minji/minji_ws/install/webots_ros2_universal_robot:/home/minji/minji_ws/install/webots_ros2_turtlebot:/home/minji/minji_ws/install/webots_ros2_tiago:/home/minji/minji_ws/install/webots_ros2_tests:/home/minji/minji_ws/install/webots_ros2_tesla:/home/minji/minji_ws/install/webots_ros2_mavic:/home/minji/minji_ws/install/webots_ros2_ld90:/home/minji/minji_ws/install/webots_ros2_epuck:/home/minji/minji_ws/install/webots_ros2_control:/home/minji/minji_ws/install/webots_ros2_driver:/home/minji/minji_ws/install/webots_ros2_msgs:/home/minji/minji_ws/install/btcpp_ros2_project:/home/minji/my_study/install/webots_ros2:/home/minji/my_study/install/webots_ros2_universal_robot:/home/minji/my_study/install/webots_ros2_turtlebot:/home/minji/my_study/install/webots_ros2_tiago:/home/minji/my_study/install/webots_ros2_tests:/home/minji/my_study/install/webots_ros2_tesla:/home/minji/my_study/install/webots_ros2_mavic:/home/minji/my_study/install/webots_ros2_ld90:/home/minji/my_study/install/webots_ros2_epuck:/opt/ros/humble /usr/bin/cmake --install /home/minji/test_folder/Test_in_Simulation/build/webots_ros2_msgs
[0.914s] -- Install configuration: ""
[0.915s] -- Up-to-date: /home/minji/test_folder/Test_in_Simulation/install/webots_ros2_msgs/share/ament_index/resource_index/rosidl_interfaces/webots_ros2_msgs
[0.915s] -- Up-to-date: /home/minji/test_folder/Test_in_Simulation/install/webots_ros2_msgs/include/webots_ros2_msgs/webots_ros2_msgs
[0.915s] -- Up-to-date: /home/minji/test_folder/Test_in_Simulation/install/webots_ros2_msgs/include/webots_ros2_msgs/webots_ros2_msgs/msg
[0.915s] -- Up-to-date: /home/minji/test_folder/Test_in_Simulation/install/webots_ros2_msgs/include/webots_ros2_msgs/webots_ros2_msgs/msg/string_stamped.h
[0.915s] -- Up-to-date: /home/minji/test_folder/Test_in_Simulation/install/webots_ros2_msgs/include/webots_ros2_msgs/webots_ros2_msgs/msg/bool_stamped.h
[0.916s] -- Up-to-date: /home/minji/test_folder/Test_in_Simulation/install/webots_ros2_msgs/include/webots_ros2_msgs/webots_ros2_msgs/msg/camera_recognition_objects.h
[0.916s] -- Up-to-date: /home/minji/test_folder/Test_in_Simulation/install/webots_ros2_msgs/include/webots_ros2_msgs/webots_ros2_msgs/msg/pen_ink_properties.h
[0.916s] -- Up-to-date: /home/minji/test_folder/Test_in_Simulation/install/webots_ros2_msgs/include/webots_ros2_msgs/webots_ros2_msgs/msg/detail
[0.916s] -- Up-to-date: /home/minji/test_folder/Test_in_Simulation/install/webots_ros2_msgs/include/webots_ros2_msgs/webots_ros2_msgs/msg/detail/camera_recognition_objects__functions.c
[0.917s] -- Up-to-date: /home/minji/test_folder/Test_in_Simulation/install/webots_ros2_msgs/include/webots_ros2_msgs/webots_ros2_msgs/msg/detail/camera_recognition_object__struct.h
[0.917s] -- Up-to-date: /home/minji/test_folder/Test_in_Simulation/install/webots_ros2_msgs/include/webots_ros2_msgs/webots_ros2_msgs/msg/detail/bool_stamped__functions.h
[0.917s] -- Up-to-date: /home/minji/test_folder/Test_in_Simulation/install/webots_ros2_msgs/include/webots_ros2_msgs/webots_ros2_msgs/msg/detail/camera_recognition_objects__functions.h
[0.917s] -- Up-to-date: /home/minji/test_folder/Test_in_Simulation/install/webots_ros2_msgs/include/webots_ros2_msgs/webots_ros2_msgs/msg/detail/urdf_robot__functions.h
[0.917s] -- Up-to-date: /home/minji/test_folder/Test_in_Simulation/install/webots_ros2_msgs/include/webots_ros2_msgs/webots_ros2_msgs/msg/detail/string_stamped__struct.h
[0.917s] -- Up-to-date: /home/minji/test_folder/Test_in_Simulation/install/webots_ros2_msgs/include/webots_ros2_msgs/webots_ros2_msgs/msg/detail/urdf_robot__type_support.h
[0.917s] -- Up-to-date: /home/minji/test_folder/Test_in_Simulation/install/webots_ros2_msgs/include/webots_ros2_msgs/webots_ros2_msgs/msg/detail/bool_stamped__struct.h
[0.918s] -- Up-to-date: /home/minji/test_folder/Test_in_Simulation/install/webots_ros2_msgs/include/webots_ros2_msgs/webots_ros2_msgs/msg/detail/camera_recognition_object__type_support.h
[0.918s] -- Up-to-date: /home/minji/test_folder/Test_in_Simulation/install/webots_ros2_msgs/include/webots_ros2_msgs/webots_ros2_msgs/msg/detail/bool_stamped__functions.c
[0.918s] -- Up-to-date: /home/minji/test_folder/Test_in_Simulation/install/webots_ros2_msgs/include/webots_ros2_msgs/webots_ros2_msgs/msg/detail/float_stamped__functions.h
[0.918s] -- Up-to-date: /home/minji/test_folder/Test_in_Simulation/install/webots_ros2_msgs/include/webots_ros2_msgs/webots_ros2_msgs/msg/detail/urdf_robot__functions.c
[0.918s] -- Up-to-date: /home/minji/test_folder/Test_in_Simulation/install/webots_ros2_msgs/include/webots_ros2_msgs/webots_ros2_msgs/msg/detail/float_stamped__functions.c
[0.918s] -- Up-to-date: /home/minji/test_folder/Test_in_Simulation/install/webots_ros2_msgs/include/webots_ros2_msgs/webots_ros2_msgs/msg/detail/urdf_robot__struct.h
[0.918s] -- Up-to-date: /home/minji/test_folder/Test_in_Simulation/install/webots_ros2_msgs/include/webots_ros2_msgs/webots_ros2_msgs/msg/detail/string_stamped__type_support.h
[0.918s] -- Up-to-date: /home/minji/test_folder/Test_in_Simulation/install/webots_ros2_msgs/include/webots_ros2_msgs/webots_ros2_msgs/msg/detail/camera_recognition_objects__struct.h
[0.918s] -- Up-to-date: /home/minji/test_folder/Test_in_Simulation/install/webots_ros2_msgs/include/webots_ros2_msgs/webots_ros2_msgs/msg/detail/string_stamped__functions.h
[0.918s] -- Up-to-date: /home/minji/test_folder/Test_in_Simulation/install/webots_ros2_msgs/include/webots_ros2_msgs/webots_ros2_msgs/msg/detail/pen_ink_properties__struct.h
[0.919s] -- Up-to-date: /home/minji/test_folder/Test_in_Simulation/install/webots_ros2_msgs/include/webots_ros2_msgs/webots_ros2_msgs/msg/detail/pen_ink_properties__type_support.h
[0.919s] -- Up-to-date: /home/minji/test_folder/Test_in_Simulation/install/webots_ros2_msgs/include/webots_ros2_msgs/webots_ros2_msgs/msg/detail/camera_recognition_object__functions.h
[0.919s] -- Up-to-date: /home/minji/test_folder/Test_in_Simulation/install/webots_ros2_msgs/include/webots_ros2_msgs/webots_ros2_msgs/msg/detail/camera_recognition_objects__type_support.h
[0.919s] -- Up-to-date: /home/minji/test_folder/Test_in_Simulation/install/webots_ros2_msgs/include/webots_ros2_msgs/webots_ros2_msgs/msg/detail/float_stamped__struct.h
[0.919s] -- Up-to-date: /home/minji/test_folder/Test_in_Simulation/install/webots_ros2_msgs/include/webots_ros2_msgs/webots_ros2_msgs/msg/detail/string_stamped__functions.c
[0.919s] -- Up-to-date: /home/minji/test_folder/Test_in_Simulation/install/webots_ros2_msgs/include/webots_ros2_msgs/webots_ros2_msgs/msg/detail/camera_recognition_object__functions.c
[0.919s] -- Up-to-date: /home/minji/test_folder/Test_in_Simulation/install/webots_ros2_msgs/include/webots_ros2_msgs/webots_ros2_msgs/msg/detail/pen_ink_properties__functions.c
[0.920s] -- Up-to-date: /home/minji/test_folder/Test_in_Simulation/install/webots_ros2_msgs/include/webots_ros2_msgs/webots_ros2_msgs/msg/detail/pen_ink_properties__functions.h
[0.920s] -- Up-to-date: /home/minji/test_folder/Test_in_Simulation/install/webots_ros2_msgs/include/webots_ros2_msgs/webots_ros2_msgs/msg/detail/bool_stamped__type_support.h
[0.920s] -- Up-to-date: /home/minji/test_folder/Test_in_Simulation/install/webots_ros2_msgs/include/webots_ros2_msgs/webots_ros2_msgs/msg/detail/float_stamped__type_support.h
[0.920s] -- Up-to-date: /home/minji/test_folder/Test_in_Simulation/install/webots_ros2_msgs/include/webots_ros2_msgs/webots_ros2_msgs/msg/urdf_robot.h
[0.920s] -- Up-to-date: /home/minji/test_folder/Test_in_Simulation/install/webots_ros2_msgs/include/webots_ros2_msgs/webots_ros2_msgs/msg/camera_recognition_object.h
[0.920s] -- Up-to-date: /home/minji/test_folder/Test_in_Simulation/install/webots_ros2_msgs/include/webots_ros2_msgs/webots_ros2_msgs/msg/float_stamped.h
[0.920s] -- Up-to-date: /home/minji/test_folder/Test_in_Simulation/install/webots_ros2_msgs/include/webots_ros2_msgs/webots_ros2_msgs/msg/rosidl_generator_c__visibility_control.h
[0.920s] -- Up-to-date: /home/minji/test_folder/Test_in_Simulation/install/webots_ros2_msgs/include/webots_ros2_msgs/webots_ros2_msgs/srv
[0.920s] -- Up-to-date: /home/minji/test_folder/Test_in_Simulation/install/webots_ros2_msgs/include/webots_ros2_msgs/webots_ros2_msgs/srv/spawn_node_from_string.h
[0.920s] -- Up-to-date: /home/minji/test_folder/Test_in_Simulation/install/webots_ros2_msgs/include/webots_ros2_msgs/webots_ros2_msgs/srv/spawn_urdf_robot.h
[0.920s] -- Up-to-date: /home/minji/test_folder/Test_in_Simulation/install/webots_ros2_msgs/include/webots_ros2_msgs/webots_ros2_msgs/srv/get_bool.h
[0.921s] -- Up-to-date: /home/minji/test_folder/Test_in_Simulation/install/webots_ros2_msgs/include/webots_ros2_msgs/webots_ros2_msgs/srv/set_string.h
[0.921s] -- Up-to-date: /home/minji/test_folder/Test_in_Simulation/install/webots_ros2_msgs/include/webots_ros2_msgs/webots_ros2_msgs/srv/detail
[0.921s] -- Up-to-date: /home/minji/test_folder/Test_in_Simulation/install/webots_ros2_msgs/include/webots_ros2_msgs/webots_ros2_msgs/srv/detail/get_bool__struct.h
[0.921s] -- Up-to-date: /home/minji/test_folder/Test_in_Simulation/install/webots_ros2_msgs/include/webots_ros2_msgs/webots_ros2_msgs/srv/detail/spawn_node_from_string__functions.h
[0.921s] -- Up-to-date: /home/minji/test_folder/Test_in_Simulation/install/webots_ros2_msgs/include/webots_ros2_msgs/webots_ros2_msgs/srv/detail/emitter_send_string__functions.c
[0.921s] -- Up-to-date: /home/minji/test_folder/Test_in_Simulation/install/webots_ros2_msgs/include/webots_ros2_msgs/webots_ros2_msgs/srv/detail/spawn_node_from_string__functions.c
[0.921s] -- Up-to-date: /home/minji/test_folder/Test_in_Simulation/install/webots_ros2_msgs/include/webots_ros2_msgs/webots_ros2_msgs/srv/detail/set_string__struct.h
[0.921s] -- Up-to-date: /home/minji/test_folder/Test_in_Simulation/install/webots_ros2_msgs/include/webots_ros2_msgs/webots_ros2_msgs/srv/detail/spawn_urdf_robot__type_support.h
[0.921s] -- Up-to-date: /home/minji/test_folder/Test_in_Simulation/install/webots_ros2_msgs/include/webots_ros2_msgs/webots_ros2_msgs/srv/detail/get_bool__functions.h
[0.921s] -- Up-to-date: /home/minji/test_folder/Test_in_Simulation/install/webots_ros2_msgs/include/webots_ros2_msgs/webots_ros2_msgs/srv/detail/emitter_send_string__type_support.h
[0.921s] -- Up-to-date: /home/minji/test_folder/Test_in_Simulation/install/webots_ros2_msgs/include/webots_ros2_msgs/webots_ros2_msgs/srv/detail/emitter_send_string__struct.h
[0.922s] -- Up-to-date: /home/minji/test_folder/Test_in_Simulation/install/webots_ros2_msgs/include/webots_ros2_msgs/webots_ros2_msgs/srv/detail/spawn_node_from_string__type_support.h
[0.922s] -- Up-to-date: /home/minji/test_folder/Test_in_Simulation/install/webots_ros2_msgs/include/webots_ros2_msgs/webots_ros2_msgs/srv/detail/set_string__type_support.h
[0.922s] -- Up-to-date: /home/minji/test_folder/Test_in_Simulation/install/webots_ros2_msgs/include/webots_ros2_msgs/webots_ros2_msgs/srv/detail/set_string__functions.c
[0.922s] -- Up-to-date: /home/minji/test_folder/Test_in_Simulation/install/webots_ros2_msgs/include/webots_ros2_msgs/webots_ros2_msgs/srv/detail/spawn_node_from_string__struct.h
[0.922s] -- Up-to-date: /home/minji/test_folder/Test_in_Simulation/install/webots_ros2_msgs/include/webots_ros2_msgs/webots_ros2_msgs/srv/detail/spawn_urdf_robot__functions.c
[0.922s] -- Up-to-date: /home/minji/test_folder/Test_in_Simulation/install/webots_ros2_msgs/include/webots_ros2_msgs/webots_ros2_msgs/srv/detail/emitter_send_string__functions.h
[0.922s] -- Up-to-date: /home/minji/test_folder/Test_in_Simulation/install/webots_ros2_msgs/include/webots_ros2_msgs/webots_ros2_msgs/srv/detail/spawn_urdf_robot__functions.h
[0.922s] -- Up-to-date: /home/minji/test_folder/Test_in_Simulation/install/webots_ros2_msgs/include/webots_ros2_msgs/webots_ros2_msgs/srv/detail/set_string__functions.h
[0.922s] -- Up-to-date: /home/minji/test_folder/Test_in_Simulation/install/webots_ros2_msgs/include/webots_ros2_msgs/webots_ros2_msgs/srv/detail/get_bool__functions.c
[0.922s] -- Up-to-date: /home/minji/test_folder/Test_in_Simulation/install/webots_ros2_msgs/include/webots_ros2_msgs/webots_ros2_msgs/srv/detail/get_bool__type_support.h
[0.922s] -- Up-to-date: /home/minji/test_folder/Test_in_Simulation/install/webots_ros2_msgs/include/webots_ros2_msgs/webots_ros2_msgs/srv/detail/spawn_urdf_robot__struct.h
[0.922s] -- Up-to-date: /home/minji/test_folder/Test_in_Simulation/install/webots_ros2_msgs/include/webots_ros2_msgs/webots_ros2_msgs/srv/emitter_send_string.h
[0.922s] -- Up-to-date: /home/minji/test_folder/Test_in_Simulation/install/webots_ros2_msgs/share/webots_ros2_msgs/environment/library_path.sh
[0.922s] -- Up-to-date: /home/minji/test_folder/Test_in_Simulation/install/webots_ros2_msgs/share/webots_ros2_msgs/environment/library_path.dsv
[0.922s] -- Up-to-date: /home/minji/test_folder/Test_in_Simulation/install/webots_ros2_msgs/lib/libwebots_ros2_msgs__rosidl_generator_c.so
[0.922s] -- Up-to-date: /home/minji/test_folder/Test_in_Simulation/install/webots_ros2_msgs/include/webots_ros2_msgs/webots_ros2_msgs
[0.922s] -- Up-to-date: /home/minji/test_folder/Test_in_Simulation/install/webots_ros2_msgs/include/webots_ros2_msgs/webots_ros2_msgs/msg
[0.922s] -- Up-to-date: /home/minji/test_folder/Test_in_Simulation/install/webots_ros2_msgs/include/webots_ros2_msgs/webots_ros2_msgs/msg/rosidl_typesupport_fastrtps_c__visibility_control.h
[0.922s] -- Up-to-date: /home/minji/test_folder/Test_in_Simulation/install/webots_ros2_msgs/include/webots_ros2_msgs/webots_ros2_msgs/msg/detail
[0.923s] -- Up-to-date: /home/minji/test_folder/Test_in_Simulation/install/webots_ros2_msgs/include/webots_ros2_msgs/webots_ros2_msgs/msg/detail/float_stamped__rosidl_typesupport_fastrtps_c.h
[0.923s] -- Up-to-date: /home/minji/test_folder/Test_in_Simulation/install/webots_ros2_msgs/include/webots_ros2_msgs/webots_ros2_msgs/msg/detail/string_stamped__rosidl_typesupport_fastrtps_c.h
[0.923s] -- Up-to-date: /home/minji/test_folder/Test_in_Simulation/install/webots_ros2_msgs/include/webots_ros2_msgs/webots_ros2_msgs/msg/detail/bool_stamped__rosidl_typesupport_fastrtps_c.h
[0.923s] -- Up-to-date: /home/minji/test_folder/Test_in_Simulation/install/webots_ros2_msgs/include/webots_ros2_msgs/webots_ros2_msgs/msg/detail/pen_ink_properties__rosidl_typesupport_fastrtps_c.h
[0.923s] -- Up-to-date: /home/minji/test_folder/Test_in_Simulation/install/webots_ros2_msgs/include/webots_ros2_msgs/webots_ros2_msgs/msg/detail/camera_recognition_object__rosidl_typesupport_fastrtps_c.h
[0.923s] -- Up-to-date: /home/minji/test_folder/Test_in_Simulation/install/webots_ros2_msgs/include/webots_ros2_msgs/webots_ros2_msgs/msg/detail/urdf_robot__rosidl_typesupport_fastrtps_c.h
[0.923s] -- Up-to-date: /home/minji/test_folder/Test_in_Simulation/install/webots_ros2_msgs/include/webots_ros2_msgs/webots_ros2_msgs/msg/detail/camera_recognition_objects__rosidl_typesupport_fastrtps_c.h
[0.923s] -- Up-to-date: /home/minji/test_folder/Test_in_Simulation/install/webots_ros2_msgs/include/webots_ros2_msgs/webots_ros2_msgs/srv
[0.923s] -- Up-to-date: /home/minji/test_folder/Test_in_Simulation/install/webots_ros2_msgs/include/webots_ros2_msgs/webots_ros2_msgs/srv/detail
[0.923s] -- Up-to-date: /home/minji/test_folder/Test_in_Simulation/install/webots_ros2_msgs/include/webots_ros2_msgs/webots_ros2_msgs/srv/detail/get_bool__rosidl_typesupport_fastrtps_c.h
[0.923s] -- Up-to-date: /home/minji/test_folder/Test_in_Simulation/install/webots_ros2_msgs/include/webots_ros2_msgs/webots_ros2_msgs/srv/detail/emitter_send_string__rosidl_typesupport_fastrtps_c.h
[0.923s] -- Up-to-date: /home/minji/test_folder/Test_in_Simulation/install/webots_ros2_msgs/include/webots_ros2_msgs/webots_ros2_msgs/srv/detail/set_string__rosidl_typesupport_fastrtps_c.h
[0.923s] -- Up-to-date: /home/minji/test_folder/Test_in_Simulation/install/webots_ros2_msgs/include/webots_ros2_msgs/webots_ros2_msgs/srv/detail/spawn_urdf_robot__rosidl_typesupport_fastrtps_c.h
[0.923s] -- Up-to-date: /home/minji/test_folder/Test_in_Simulation/install/webots_ros2_msgs/include/webots_ros2_msgs/webots_ros2_msgs/srv/detail/spawn_node_from_string__rosidl_typesupport_fastrtps_c.h
[0.923s] -- Up-to-date: /home/minji/test_folder/Test_in_Simulation/install/webots_ros2_msgs/lib/libwebots_ros2_msgs__rosidl_typesupport_fastrtps_c.so
[0.923s] -- Up-to-date: /home/minji/test_folder/Test_in_Simulation/install/webots_ros2_msgs/include/webots_ros2_msgs/webots_ros2_msgs
[0.923s] -- Up-to-date: /home/minji/test_folder/Test_in_Simulation/install/webots_ros2_msgs/include/webots_ros2_msgs/webots_ros2_msgs/msg
[0.923s] -- Up-to-date: /home/minji/test_folder/Test_in_Simulation/install/webots_ros2_msgs/include/webots_ros2_msgs/webots_ros2_msgs/msg/bool_stamped.hpp
[0.923s] -- Up-to-date: /home/minji/test_folder/Test_in_Simulation/install/webots_ros2_msgs/include/webots_ros2_msgs/webots_ros2_msgs/msg/camera_recognition_object.hpp
[0.923s] -- Up-to-date: /home/minji/test_folder/Test_in_Simulation/install/webots_ros2_msgs/include/webots_ros2_msgs/webots_ros2_msgs/msg/camera_recognition_objects.hpp
[0.924s] -- Up-to-date: /home/minji/test_folder/Test_in_Simulation/install/webots_ros2_msgs/include/webots_ros2_msgs/webots_ros2_msgs/msg/pen_ink_properties.hpp
[0.924s] -- Up-to-date: /home/minji/test_folder/Test_in_Simulation/install/webots_ros2_msgs/include/webots_ros2_msgs/webots_ros2_msgs/msg/string_stamped.hpp
[0.924s] -- Up-to-date: /home/minji/test_folder/Test_in_Simulation/install/webots_ros2_msgs/include/webots_ros2_msgs/webots_ros2_msgs/msg/detail
[0.924s] -- Up-to-date: /home/minji/test_folder/Test_in_Simulation/install/webots_ros2_msgs/include/webots_ros2_msgs/webots_ros2_msgs/msg/detail/camera_recognition_objects__builder.hpp
[0.924s] -- Up-to-date: /home/minji/test_folder/Test_in_Simulation/install/webots_ros2_msgs/include/webots_ros2_msgs/webots_ros2_msgs/msg/detail/float_stamped__traits.hpp
[0.924s] -- Up-to-date: /home/minji/test_folder/Test_in_Simulation/install/webots_ros2_msgs/include/webots_ros2_msgs/webots_ros2_msgs/msg/detail/float_stamped__builder.hpp
[0.924s] -- Up-to-date: /home/minji/test_folder/Test_in_Simulation/install/webots_ros2_msgs/include/webots_ros2_msgs/webots_ros2_msgs/msg/detail/camera_recognition_object__builder.hpp
[0.924s] -- Up-to-date: /home/minji/test_folder/Test_in_Simulation/install/webots_ros2_msgs/include/webots_ros2_msgs/webots_ros2_msgs/msg/detail/bool_stamped__builder.hpp
[0.924s] -- Up-to-date: /home/minji/test_folder/Test_in_Simulation/install/webots_ros2_msgs/include/webots_ros2_msgs/webots_ros2_msgs/msg/detail/pen_ink_properties__traits.hpp
[0.924s] -- Up-to-date: /home/minji/test_folder/Test_in_Simulation/install/webots_ros2_msgs/include/webots_ros2_msgs/webots_ros2_msgs/msg/detail/bool_stamped__struct.hpp
[0.924s] -- Up-to-date: /home/minji/test_folder/Test_in_Simulation/install/webots_ros2_msgs/include/webots_ros2_msgs/webots_ros2_msgs/msg/detail/bool_stamped__traits.hpp
[0.924s] -- Up-to-date: /home/minji/test_folder/Test_in_Simulation/install/webots_ros2_msgs/include/webots_ros2_msgs/webots_ros2_msgs/msg/detail/string_stamped__struct.hpp
[0.924s] -- Up-to-date: /home/minji/test_folder/Test_in_Simulation/install/webots_ros2_msgs/include/webots_ros2_msgs/webots_ros2_msgs/msg/detail/camera_recognition_object__struct.hpp
[0.924s] -- Up-to-date: /home/minji/test_folder/Test_in_Simulation/install/webots_ros2_msgs/include/webots_ros2_msgs/webots_ros2_msgs/msg/detail/urdf_robot__traits.hpp
[0.924s] -- Up-to-date: /home/minji/test_folder/Test_in_Simulation/install/webots_ros2_msgs/include/webots_ros2_msgs/webots_ros2_msgs/msg/detail/camera_recognition_objects__struct.hpp
[0.924s] -- Up-to-date: /home/minji/test_folder/Test_in_Simulation/install/webots_ros2_msgs/include/webots_ros2_msgs/webots_ros2_msgs/msg/detail/pen_ink_properties__struct.hpp
[0.924s] -- Up-to-date: /home/minji/test_folder/Test_in_Simulation/install/webots_ros2_msgs/include/webots_ros2_msgs/webots_ros2_msgs/msg/detail/camera_recognition_object__traits.hpp
[0.924s] -- Up-to-date: /home/minji/test_folder/Test_in_Simulation/install/webots_ros2_msgs/include/webots_ros2_msgs/webots_ros2_msgs/msg/detail/float_stamped__struct.hpp
[0.924s] -- Up-to-date: /home/minji/test_folder/Test_in_Simulation/install/webots_ros2_msgs/include/webots_ros2_msgs/webots_ros2_msgs/msg/detail/urdf_robot__builder.hpp
[0.924s] -- Up-to-date: /home/minji/test_folder/Test_in_Simulation/install/webots_ros2_msgs/include/webots_ros2_msgs/webots_ros2_msgs/msg/detail/pen_ink_properties__builder.hpp
[0.924s] -- Up-to-date: /home/minji/test_folder/Test_in_Simulation/install/webots_ros2_msgs/include/webots_ros2_msgs/webots_ros2_msgs/msg/detail/string_stamped__traits.hpp
[0.924s] -- Up-to-date: /home/minji/test_folder/Test_in_Simulation/install/webots_ros2_msgs/include/webots_ros2_msgs/webots_ros2_msgs/msg/detail/camera_recognition_objects__traits.hpp
[0.925s] -- Up-to-date: /home/minji/test_folder/Test_in_Simulation/install/webots_ros2_msgs/include/webots_ros2_msgs/webots_ros2_msgs/msg/detail/string_stamped__builder.hpp
[0.925s] -- Up-to-date: /home/minji/test_folder/Test_in_Simulation/install/webots_ros2_msgs/include/webots_ros2_msgs/webots_ros2_msgs/msg/detail/urdf_robot__struct.hpp
[0.925s] -- Up-to-date: /home/minji/test_folder/Test_in_Simulation/install/webots_ros2_msgs/include/webots_ros2_msgs/webots_ros2_msgs/msg/urdf_robot.hpp
[0.925s] -- Up-to-date: /home/minji/test_folder/Test_in_Simulation/install/webots_ros2_msgs/include/webots_ros2_msgs/webots_ros2_msgs/msg/float_stamped.hpp
[0.925s] -- Up-to-date: /home/minji/test_folder/Test_in_Simulation/install/webots_ros2_msgs/include/webots_ros2_msgs/webots_ros2_msgs/srv
[0.925s] -- Up-to-date: /home/minji/test_folder/Test_in_Simulation/install/webots_ros2_msgs/include/webots_ros2_msgs/webots_ros2_msgs/srv/spawn_node_from_string.hpp
[0.925s] -- Up-to-date: /home/minji/test_folder/Test_in_Simulation/install/webots_ros2_msgs/include/webots_ros2_msgs/webots_ros2_msgs/srv/emitter_send_string.hpp
[0.925s] -- Up-to-date: /home/minji/test_folder/Test_in_Simulation/install/webots_ros2_msgs/include/webots_ros2_msgs/webots_ros2_msgs/srv/spawn_urdf_robot.hpp
[0.925s] -- Up-to-date: /home/minji/test_folder/Test_in_Simulation/install/webots_ros2_msgs/include/webots_ros2_msgs/webots_ros2_msgs/srv/detail
[0.925s] -- Up-to-date: /home/minji/test_folder/Test_in_Simulation/install/webots_ros2_msgs/include/webots_ros2_msgs/webots_ros2_msgs/srv/detail/emitter_send_string__builder.hpp
[0.925s] -- Up-to-date: /home/minji/test_folder/Test_in_Simulation/install/webots_ros2_msgs/include/webots_ros2_msgs/webots_ros2_msgs/srv/detail/spawn_node_from_string__traits.hpp
[0.925s] -- Up-to-date: /home/minji/test_folder/Test_in_Simulation/install/webots_ros2_msgs/include/webots_ros2_msgs/webots_ros2_msgs/srv/detail/spawn_node_from_string__struct.hpp
[0.925s] -- Up-to-date: /home/minji/test_folder/Test_in_Simulation/install/webots_ros2_msgs/include/webots_ros2_msgs/webots_ros2_msgs/srv/detail/spawn_urdf_robot__struct.hpp
[0.925s] -- Up-to-date: /home/minji/test_folder/Test_in_Simulation/install/webots_ros2_msgs/include/webots_ros2_msgs/webots_ros2_msgs/srv/detail/set_string__struct.hpp
[0.925s] -- Up-to-date: /home/minji/test_folder/Test_in_Simulation/install/webots_ros2_msgs/include/webots_ros2_msgs/webots_ros2_msgs/srv/detail/emitter_send_string__traits.hpp
[0.925s] -- Up-to-date: /home/minji/test_folder/Test_in_Simulation/install/webots_ros2_msgs/include/webots_ros2_msgs/webots_ros2_msgs/srv/detail/spawn_node_from_string__builder.hpp
[0.925s] -- Up-to-date: /home/minji/test_folder/Test_in_Simulation/install/webots_ros2_msgs/include/webots_ros2_msgs/webots_ros2_msgs/srv/detail/emitter_send_string__struct.hpp
[0.925s] -- Up-to-date: /home/minji/test_folder/Test_in_Simulation/install/webots_ros2_msgs/include/webots_ros2_msgs/webots_ros2_msgs/srv/detail/get_bool__struct.hpp
[0.925s] -- Up-to-date: /home/minji/test_folder/Test_in_Simulation/install/webots_ros2_msgs/include/webots_ros2_msgs/webots_ros2_msgs/srv/detail/get_bool__builder.hpp
[0.925s] -- Up-to-date: /home/minji/test_folder/Test_in_Simulation/install/webots_ros2_msgs/include/webots_ros2_msgs/webots_ros2_msgs/srv/detail/get_bool__traits.hpp
[0.925s] -- Up-to-date: /home/minji/test_folder/Test_in_Simulation/install/webots_ros2_msgs/include/webots_ros2_msgs/webots_ros2_msgs/srv/detail/spawn_urdf_robot__traits.hpp
[0.925s] -- Up-to-date: /home/minji/test_folder/Test_in_Simulation/install/webots_ros2_msgs/include/webots_ros2_msgs/webots_ros2_msgs/srv/detail/set_string__traits.hpp
[0.925s] -- Up-to-date: /home/minji/test_folder/Test_in_Simulation/install/webots_ros2_msgs/include/webots_ros2_msgs/webots_ros2_msgs/srv/detail/set_string__builder.hpp
[0.925s] -- Up-to-date: /home/minji/test_folder/Test_in_Simulation/install/webots_ros2_msgs/include/webots_ros2_msgs/webots_ros2_msgs/srv/detail/spawn_urdf_robot__builder.hpp
[0.925s] -- Up-to-date: /home/minji/test_folder/Test_in_Simulation/install/webots_ros2_msgs/include/webots_ros2_msgs/webots_ros2_msgs/srv/get_bool.hpp
[0.926s] -- Up-to-date: /home/minji/test_folder/Test_in_Simulation/install/webots_ros2_msgs/include/webots_ros2_msgs/webots_ros2_msgs/srv/set_string.hpp
[0.926s] -- Up-to-date: /home/minji/test_folder/Test_in_Simulation/install/webots_ros2_msgs/include/webots_ros2_msgs/webots_ros2_msgs
[0.926s] -- Up-to-date: /home/minji/test_folder/Test_in_Simulation/install/webots_ros2_msgs/include/webots_ros2_msgs/webots_ros2_msgs/msg
[0.926s] -- Up-to-date: /home/minji/test_folder/Test_in_Simulation/install/webots_ros2_msgs/include/webots_ros2_msgs/webots_ros2_msgs/msg/rosidl_typesupport_fastrtps_cpp__visibility_control.h
[0.926s] -- Up-to-date: /home/minji/test_folder/Test_in_Simulation/install/webots_ros2_msgs/include/webots_ros2_msgs/webots_ros2_msgs/msg/detail
[0.926s] -- Up-to-date: /home/minji/test_folder/Test_in_Simulation/install/webots_ros2_msgs/include/webots_ros2_msgs/webots_ros2_msgs/msg/detail/urdf_robot__rosidl_typesupport_fastrtps_cpp.hpp
[0.926s] -- Up-to-date: /home/minji/test_folder/Test_in_Simulation/install/webots_ros2_msgs/include/webots_ros2_msgs/webots_ros2_msgs/msg/detail/float_stamped__rosidl_typesupport_fastrtps_cpp.hpp
[0.926s] -- Up-to-date: /home/minji/test_folder/Test_in_Simulation/install/webots_ros2_msgs/include/webots_ros2_msgs/webots_ros2_msgs/msg/detail/bool_stamped__rosidl_typesupport_fastrtps_cpp.hpp
[0.926s] -- Up-to-date: /home/minji/test_folder/Test_in_Simulation/install/webots_ros2_msgs/include/webots_ros2_msgs/webots_ros2_msgs/msg/detail/pen_ink_properties__rosidl_typesupport_fastrtps_cpp.hpp
[0.926s] -- Up-to-date: /home/minji/test_folder/Test_in_Simulation/install/webots_ros2_msgs/include/webots_ros2_msgs/webots_ros2_msgs/msg/detail/string_stamped__rosidl_typesupport_fastrtps_cpp.hpp
[0.926s] -- Up-to-date: /home/minji/test_folder/Test_in_Simulation/install/webots_ros2_msgs/include/webots_ros2_msgs/webots_ros2_msgs/msg/detail/camera_recognition_object__rosidl_typesupport_fastrtps_cpp.hpp
[0.926s] -- Up-to-date: /home/minji/test_folder/Test_in_Simulation/install/webots_ros2_msgs/include/webots_ros2_msgs/webots_ros2_msgs/msg/detail/camera_recognition_objects__rosidl_typesupport_fastrtps_cpp.hpp
[0.926s] -- Up-to-date: /home/minji/test_folder/Test_in_Simulation/install/webots_ros2_msgs/include/webots_ros2_msgs/webots_ros2_msgs/msg/detail/dds_fastrtps
[0.926s] -- Up-to-date: /home/minji/test_folder/Test_in_Simulation/install/webots_ros2_msgs/include/webots_ros2_msgs/webots_ros2_msgs/srv
[0.926s] -- Up-to-date: /home/minji/test_folder/Test_in_Simulation/install/webots_ros2_msgs/include/webots_ros2_msgs/webots_ros2_msgs/srv/detail
[0.926s] -- Up-to-date: /home/minji/test_folder/Test_in_Simulation/install/webots_ros2_msgs/include/webots_ros2_msgs/webots_ros2_msgs/srv/detail/spawn_urdf_robot__rosidl_typesupport_fastrtps_cpp.hpp
[0.926s] -- Up-to-date: /home/minji/test_folder/Test_in_Simulation/install/webots_ros2_msgs/include/webots_ros2_msgs/webots_ros2_msgs/srv/detail/emitter_send_string__rosidl_typesupport_fastrtps_cpp.hpp
[0.926s] -- Up-to-date: /home/minji/test_folder/Test_in_Simulation/install/webots_ros2_msgs/include/webots_ros2_msgs/webots_ros2_msgs/srv/detail/dds_fastrtps
[0.926s] -- Up-to-date: /home/minji/test_folder/Test_in_Simulation/install/webots_ros2_msgs/include/webots_ros2_msgs/webots_ros2_msgs/srv/detail/set_string__rosidl_typesupport_fastrtps_cpp.hpp
[0.926s] -- Up-to-date: /home/minji/test_folder/Test_in_Simulation/install/webots_ros2_msgs/include/webots_ros2_msgs/webots_ros2_msgs/srv/detail/get_bool__rosidl_typesupport_fastrtps_cpp.hpp
[0.926s] -- Up-to-date: /home/minji/test_folder/Test_in_Simulation/install/webots_ros2_msgs/include/webots_ros2_msgs/webots_ros2_msgs/srv/detail/spawn_node_from_string__rosidl_typesupport_fastrtps_cpp.hpp
[0.926s] -- Up-to-date: /home/minji/test_folder/Test_in_Simulation/install/webots_ros2_msgs/lib/libwebots_ros2_msgs__rosidl_typesupport_fastrtps_cpp.so
[0.927s] -- Up-to-date: /home/minji/test_folder/Test_in_Simulation/install/webots_ros2_msgs/include/webots_ros2_msgs/webots_ros2_msgs
[0.927s] -- Up-to-date: /home/minji/test_folder/Test_in_Simulation/install/webots_ros2_msgs/include/webots_ros2_msgs/webots_ros2_msgs/msg
[0.927s] -- Up-to-date: /home/minji/test_folder/Test_in_Simulation/install/webots_ros2_msgs/include/webots_ros2_msgs/webots_ros2_msgs/msg/rosidl_typesupport_introspection_c__visibility_control.h
[0.927s] -- Up-to-date: /home/minji/test_folder/Test_in_Simulation/install/webots_ros2_msgs/include/webots_ros2_msgs/webots_ros2_msgs/msg/detail
[0.927s] -- Up-to-date: /home/minji/test_folder/Test_in_Simulation/install/webots_ros2_msgs/include/webots_ros2_msgs/webots_ros2_msgs/msg/detail/bool_stamped__type_support.c
[0.927s] -- Up-to-date: /home/minji/test_folder/Test_in_Simulation/install/webots_ros2_msgs/include/webots_ros2_msgs/webots_ros2_msgs/msg/detail/camera_recognition_objects__type_support.c
[0.927s] -- Up-to-date: /home/minji/test_folder/Test_in_Simulation/install/webots_ros2_msgs/include/webots_ros2_msgs/webots_ros2_msgs/msg/detail/pen_ink_properties__type_support.c
[0.927s] -- Up-to-date: /home/minji/test_folder/Test_in_Simulation/install/webots_ros2_msgs/include/webots_ros2_msgs/webots_ros2_msgs/msg/detail/urdf_robot__rosidl_typesupport_introspection_c.h
[0.927s] -- Up-to-date: /home/minji/test_folder/Test_in_Simulation/install/webots_ros2_msgs/include/webots_ros2_msgs/webots_ros2_msgs/msg/detail/float_stamped__rosidl_typesupport_introspection_c.h
[0.927s] -- Up-to-date: /home/minji/test_folder/Test_in_Simulation/install/webots_ros2_msgs/include/webots_ros2_msgs/webots_ros2_msgs/msg/detail/pen_ink_properties__rosidl_typesupport_introspection_c.h
[0.927s] -- Up-to-date: /home/minji/test_folder/Test_in_Simulation/install/webots_ros2_msgs/include/webots_ros2_msgs/webots_ros2_msgs/msg/detail/camera_recognition_object__rosidl_typesupport_introspection_c.h
[0.927s] -- Up-to-date: /home/minji/test_folder/Test_in_Simulation/install/webots_ros2_msgs/include/webots_ros2_msgs/webots_ros2_msgs/msg/detail/camera_recognition_objects__rosidl_typesupport_introspection_c.h
[0.927s] -- Up-to-date: /home/minji/test_folder/Test_in_Simulation/install/webots_ros2_msgs/include/webots_ros2_msgs/webots_ros2_msgs/msg/detail/bool_stamped__rosidl_typesupport_introspection_c.h
[0.927s] -- Up-to-date: /home/minji/test_folder/Test_in_Simulation/install/webots_ros2_msgs/include/webots_ros2_msgs/webots_ros2_msgs/msg/detail/camera_recognition_object__type_support.c
[0.927s] -- Up-to-date: /home/minji/test_folder/Test_in_Simulation/install/webots_ros2_msgs/include/webots_ros2_msgs/webots_ros2_msgs/msg/detail/urdf_robot__type_support.c
[0.927s] -- Up-to-date: /home/minji/test_folder/Test_in_Simulation/install/webots_ros2_msgs/include/webots_ros2_msgs/webots_ros2_msgs/msg/detail/float_stamped__type_support.c
[0.927s] -- Up-to-date: /home/minji/test_folder/Test_in_Simulation/install/webots_ros2_msgs/include/webots_ros2_msgs/webots_ros2_msgs/msg/detail/string_stamped__rosidl_typesupport_introspection_c.h
[0.927s] -- Up-to-date: /home/minji/test_folder/Test_in_Simulation/install/webots_ros2_msgs/include/webots_ros2_msgs/webots_ros2_msgs/msg/detail/string_stamped__type_support.c
[0.927s] -- Up-to-date: /home/minji/test_folder/Test_in_Simulation/install/webots_ros2_msgs/include/webots_ros2_msgs/webots_ros2_msgs/srv
[0.927s] -- Up-to-date: /home/minji/test_folder/Test_in_Simulation/install/webots_ros2_msgs/include/webots_ros2_msgs/webots_ros2_msgs/srv/detail
[0.927s] -- Up-to-date: /home/minji/test_folder/Test_in_Simulation/install/webots_ros2_msgs/include/webots_ros2_msgs/webots_ros2_msgs/srv/detail/spawn_urdf_robot__rosidl_typesupport_introspection_c.h
[0.927s] -- Up-to-date: /home/minji/test_folder/Test_in_Simulation/install/webots_ros2_msgs/include/webots_ros2_msgs/webots_ros2_msgs/srv/detail/emitter_send_string__type_support.c
[0.927s] -- Up-to-date: /home/minji/test_folder/Test_in_Simulation/install/webots_ros2_msgs/include/webots_ros2_msgs/webots_ros2_msgs/srv/detail/emitter_send_string__rosidl_typesupport_introspection_c.h
[0.927s] -- Up-to-date: /home/minji/test_folder/Test_in_Simulation/install/webots_ros2_msgs/include/webots_ros2_msgs/webots_ros2_msgs/srv/detail/set_string__rosidl_typesupport_introspection_c.h
[0.927s] -- Up-to-date: /home/minji/test_folder/Test_in_Simulation/install/webots_ros2_msgs/include/webots_ros2_msgs/webots_ros2_msgs/srv/detail/set_string__type_support.c
[0.928s] -- Up-to-date: /home/minji/test_folder/Test_in_Simulation/install/webots_ros2_msgs/include/webots_ros2_msgs/webots_ros2_msgs/srv/detail/get_bool__rosidl_typesupport_introspection_c.h
[0.928s] -- Up-to-date: /home/minji/test_folder/Test_in_Simulation/install/webots_ros2_msgs/include/webots_ros2_msgs/webots_ros2_msgs/srv/detail/spawn_node_from_string__rosidl_typesupport_introspection_c.h
[0.928s] -- Up-to-date: /home/minji/test_folder/Test_in_Simulation/install/webots_ros2_msgs/include/webots_ros2_msgs/webots_ros2_msgs/srv/detail/get_bool__type_support.c
[0.928s] -- Up-to-date: /home/minji/test_folder/Test_in_Simulation/install/webots_ros2_msgs/include/webots_ros2_msgs/webots_ros2_msgs/srv/detail/spawn_urdf_robot__type_support.c
[0.928s] -- Up-to-date: /home/minji/test_folder/Test_in_Simulation/install/webots_ros2_msgs/include/webots_ros2_msgs/webots_ros2_msgs/srv/detail/spawn_node_from_string__type_support.c
[0.928s] -- Up-to-date: /home/minji/test_folder/Test_in_Simulation/install/webots_ros2_msgs/lib/libwebots_ros2_msgs__rosidl_typesupport_introspection_c.so
[0.928s] -- Up-to-date: /home/minji/test_folder/Test_in_Simulation/install/webots_ros2_msgs/lib/libwebots_ros2_msgs__rosidl_typesupport_c.so
[0.928s] -- Up-to-date: /home/minji/test_folder/Test_in_Simulation/install/webots_ros2_msgs/include/webots_ros2_msgs/webots_ros2_msgs
[0.928s] -- Up-to-date: /home/minji/test_folder/Test_in_Simulation/install/webots_ros2_msgs/include/webots_ros2_msgs/webots_ros2_msgs/msg
[0.928s] -- Up-to-date: /home/minji/test_folder/Test_in_Simulation/install/webots_ros2_msgs/include/webots_ros2_msgs/webots_ros2_msgs/msg/detail
[0.928s] -- Up-to-date: /home/minji/test_folder/Test_in_Simulation/install/webots_ros2_msgs/include/webots_ros2_msgs/webots_ros2_msgs/msg/detail/camera_recognition_object__rosidl_typesupport_introspection_cpp.hpp
[0.928s] -- Up-to-date: /home/minji/test_folder/Test_in_Simulation/install/webots_ros2_msgs/include/webots_ros2_msgs/webots_ros2_msgs/msg/detail/pen_ink_properties__type_support.cpp
[0.928s] -- Up-to-date: /home/minji/test_folder/Test_in_Simulation/install/webots_ros2_msgs/include/webots_ros2_msgs/webots_ros2_msgs/msg/detail/float_stamped__rosidl_typesupport_introspection_cpp.hpp
[0.928s] -- Up-to-date: /home/minji/test_folder/Test_in_Simulation/install/webots_ros2_msgs/include/webots_ros2_msgs/webots_ros2_msgs/msg/detail/pen_ink_properties__rosidl_typesupport_introspection_cpp.hpp
[0.928s] -- Up-to-date: /home/minji/test_folder/Test_in_Simulation/install/webots_ros2_msgs/include/webots_ros2_msgs/webots_ros2_msgs/msg/detail/urdf_robot__rosidl_typesupport_introspection_cpp.hpp
[0.928s] -- Up-to-date: /home/minji/test_folder/Test_in_Simulation/install/webots_ros2_msgs/include/webots_ros2_msgs/webots_ros2_msgs/msg/detail/bool_stamped__rosidl_typesupport_introspection_cpp.hpp
[0.928s] -- Up-to-date: /home/minji/test_folder/Test_in_Simulation/install/webots_ros2_msgs/include/webots_ros2_msgs/webots_ros2_msgs/msg/detail/camera_recognition_object__type_support.cpp
[0.928s] -- Up-to-date: /home/minji/test_folder/Test_in_Simulation/install/webots_ros2_msgs/include/webots_ros2_msgs/webots_ros2_msgs/msg/detail/camera_recognition_objects__rosidl_typesupport_introspection_cpp.hpp
[0.928s] -- Up-to-date: /home/minji/test_folder/Test_in_Simulation/install/webots_ros2_msgs/include/webots_ros2_msgs/webots_ros2_msgs/msg/detail/float_stamped__type_support.cpp
[0.928s] -- Up-to-date: /home/minji/test_folder/Test_in_Simulation/install/webots_ros2_msgs/include/webots_ros2_msgs/webots_ros2_msgs/msg/detail/bool_stamped__type_support.cpp
[0.929s] -- Up-to-date: /home/minji/test_folder/Test_in_Simulation/install/webots_ros2_msgs/include/webots_ros2_msgs/webots_ros2_msgs/msg/detail/urdf_robot__type_support.cpp
[0.929s] -- Up-to-date: /home/minji/test_folder/Test_in_Simulation/install/webots_ros2_msgs/include/webots_ros2_msgs/webots_ros2_msgs/msg/detail/camera_recognition_objects__type_support.cpp
[0.929s] -- Up-to-date: /home/minji/test_folder/Test_in_Simulation/install/webots_ros2_msgs/include/webots_ros2_msgs/webots_ros2_msgs/msg/detail/string_stamped__rosidl_typesupport_introspection_cpp.hpp
[0.929s] -- Up-to-date: /home/minji/test_folder/Test_in_Simulation/install/webots_ros2_msgs/include/webots_ros2_msgs/webots_ros2_msgs/msg/detail/string_stamped__type_support.cpp
[0.929s] -- Up-to-date: /home/minji/test_folder/Test_in_Simulation/install/webots_ros2_msgs/include/webots_ros2_msgs/webots_ros2_msgs/srv
[0.929s] -- Up-to-date: /home/minji/test_folder/Test_in_Simulation/install/webots_ros2_msgs/include/webots_ros2_msgs/webots_ros2_msgs/srv/detail
[0.929s] -- Up-to-date: /home/minji/test_folder/Test_in_Simulation/install/webots_ros2_msgs/include/webots_ros2_msgs/webots_ros2_msgs/srv/detail/set_string__rosidl_typesupport_introspection_cpp.hpp
[0.929s] -- Up-to-date: /home/minji/test_folder/Test_in_Simulation/install/webots_ros2_msgs/include/webots_ros2_msgs/webots_ros2_msgs/srv/detail/set_string__type_support.cpp
[0.929s] -- Up-to-date: /home/minji/test_folder/Test_in_Simulation/install/webots_ros2_msgs/include/webots_ros2_msgs/webots_ros2_msgs/srv/detail/spawn_urdf_robot__type_support.cpp
[0.929s] -- Up-to-date: /home/minji/test_folder/Test_in_Simulation/install/webots_ros2_msgs/include/webots_ros2_msgs/webots_ros2_msgs/srv/detail/emitter_send_string__rosidl_typesupport_introspection_cpp.hpp
[0.929s] -- Up-to-date: /home/minji/test_folder/Test_in_Simulation/install/webots_ros2_msgs/include/webots_ros2_msgs/webots_ros2_msgs/srv/detail/spawn_node_from_string__type_support.cpp
[0.929s] -- Up-to-date: /home/minji/test_folder/Test_in_Simulation/install/webots_ros2_msgs/include/webots_ros2_msgs/webots_ros2_msgs/srv/detail/emitter_send_string__type_support.cpp
[0.929s] -- Up-to-date: /home/minji/test_folder/Test_in_Simulation/install/webots_ros2_msgs/include/webots_ros2_msgs/webots_ros2_msgs/srv/detail/get_bool__rosidl_typesupport_introspection_cpp.hpp
[0.929s] -- Up-to-date: /home/minji/test_folder/Test_in_Simulation/install/webots_ros2_msgs/include/webots_ros2_msgs/webots_ros2_msgs/srv/detail/spawn_urdf_robot__rosidl_typesupport_introspection_cpp.hpp
[0.929s] -- Up-to-date: /home/minji/test_folder/Test_in_Simulation/install/webots_ros2_msgs/include/webots_ros2_msgs/webots_ros2_msgs/srv/detail/spawn_node_from_string__rosidl_typesupport_introspection_cpp.hpp
[0.929s] -- Up-to-date: /home/minji/test_folder/Test_in_Simulation/install/webots_ros2_msgs/include/webots_ros2_msgs/webots_ros2_msgs/srv/detail/get_bool__type_support.cpp
[0.929s] -- Up-to-date: /home/minji/test_folder/Test_in_Simulation/install/webots_ros2_msgs/lib/libwebots_ros2_msgs__rosidl_typesupport_introspection_cpp.so
[0.929s] -- Up-to-date: /home/minji/test_folder/Test_in_Simulation/install/webots_ros2_msgs/lib/libwebots_ros2_msgs__rosidl_typesupport_cpp.so
[0.929s] -- Up-to-date: /home/minji/test_folder/Test_in_Simulation/install/webots_ros2_msgs/share/webots_ros2_msgs/environment/pythonpath.sh
[0.929s] -- Up-to-date: /home/minji/test_folder/Test_in_Simulation/install/webots_ros2_msgs/share/webots_ros2_msgs/environment/pythonpath.dsv
[0.929s] -- Up-to-date: /home/minji/test_folder/Test_in_Simulation/install/webots_ros2_msgs/local/lib/python3.10/dist-packages/webots_ros2_msgs-2023.1.2-py3.10.egg-info
[0.929s] -- Installing: /home/minji/test_folder/Test_in_Simulation/install/webots_ros2_msgs/local/lib/python3.10/dist-packages/webots_ros2_msgs-2023.1.2-py3.10.egg-info/top_level.txt
[0.929s] -- Installing: /home/minji/test_folder/Test_in_Simulation/install/webots_ros2_msgs/local/lib/python3.10/dist-packages/webots_ros2_msgs-2023.1.2-py3.10.egg-info/SOURCES.txt
[0.929s] -- Installing: /home/minji/test_folder/Test_in_Simulation/install/webots_ros2_msgs/local/lib/python3.10/dist-packages/webots_ros2_msgs-2023.1.2-py3.10.egg-info/PKG-INFO
[0.929s] -- Installing: /home/minji/test_folder/Test_in_Simulation/install/webots_ros2_msgs/local/lib/python3.10/dist-packages/webots_ros2_msgs-2023.1.2-py3.10.egg-info/dependency_links.txt
[0.930s] -- Up-to-date: /home/minji/test_folder/Test_in_Simulation/install/webots_ros2_msgs/local/lib/python3.10/dist-packages/webots_ros2_msgs
[0.930s] -- Up-to-date: /home/minji/test_folder/Test_in_Simulation/install/webots_ros2_msgs/local/lib/python3.10/dist-packages/webots_ros2_msgs/__init__.py
[0.930s] -- Up-to-date: /home/minji/test_folder/Test_in_Simulation/install/webots_ros2_msgs/local/lib/python3.10/dist-packages/webots_ros2_msgs/_webots_ros2_msgs_s.ep.rosidl_typesupport_introspection_c.c
[0.930s] -- Up-to-date: /home/minji/test_folder/Test_in_Simulation/install/webots_ros2_msgs/local/lib/python3.10/dist-packages/webots_ros2_msgs/_webots_ros2_msgs_s.ep.rosidl_typesupport_c.c
[0.930s] -- Up-to-date: /home/minji/test_folder/Test_in_Simulation/install/webots_ros2_msgs/local/lib/python3.10/dist-packages/webots_ros2_msgs/webots_ros2_msgs_s__rosidl_typesupport_fastrtps_c.cpython-310-x86_64-linux-gnu.so
[0.930s] -- Up-to-date: /home/minji/test_folder/Test_in_Simulation/install/webots_ros2_msgs/local/lib/python3.10/dist-packages/webots_ros2_msgs/webots_ros2_msgs_s__rosidl_typesupport_introspection_c.cpython-310-x86_64-linux-gnu.so
[0.930s] -- Up-to-date: /home/minji/test_folder/Test_in_Simulation/install/webots_ros2_msgs/local/lib/python3.10/dist-packages/webots_ros2_msgs/_webots_ros2_msgs_s.ep.rosidl_typesupport_fastrtps_c.c
[0.930s] -- Up-to-date: /home/minji/test_folder/Test_in_Simulation/install/webots_ros2_msgs/local/lib/python3.10/dist-packages/webots_ros2_msgs/libwebots_ros2_msgs__rosidl_generator_py.so
[0.930s] -- Up-to-date: /home/minji/test_folder/Test_in_Simulation/install/webots_ros2_msgs/local/lib/python3.10/dist-packages/webots_ros2_msgs/msg
[0.930s] -- Up-to-date: /home/minji/test_folder/Test_in_Simulation/install/webots_ros2_msgs/local/lib/python3.10/dist-packages/webots_ros2_msgs/msg/__init__.py
[0.930s] -- Up-to-date: /home/minji/test_folder/Test_in_Simulation/install/webots_ros2_msgs/local/lib/python3.10/dist-packages/webots_ros2_msgs/msg/_float_stamped.py
[0.930s] -- Up-to-date: /home/minji/test_folder/Test_in_Simulation/install/webots_ros2_msgs/local/lib/python3.10/dist-packages/webots_ros2_msgs/msg/_bool_stamped_s.c
[0.930s] -- Up-to-date: /home/minji/test_folder/Test_in_Simulation/install/webots_ros2_msgs/local/lib/python3.10/dist-packages/webots_ros2_msgs/msg/_string_stamped_s.c
[0.930s] -- Up-to-date: /home/minji/test_folder/Test_in_Simulation/install/webots_ros2_msgs/local/lib/python3.10/dist-packages/webots_ros2_msgs/msg/_camera_recognition_object.py
[0.930s] -- Up-to-date: /home/minji/test_folder/Test_in_Simulation/install/webots_ros2_msgs/local/lib/python3.10/dist-packages/webots_ros2_msgs/msg/_camera_recognition_object_s.c
[0.930s] -- Up-to-date: /home/minji/test_folder/Test_in_Simulation/install/webots_ros2_msgs/local/lib/python3.10/dist-packages/webots_ros2_msgs/msg/_camera_recognition_objects_s.c
[0.930s] -- Up-to-date: /home/minji/test_folder/Test_in_Simulation/install/webots_ros2_msgs/local/lib/python3.10/dist-packages/webots_ros2_msgs/msg/_urdf_robot.py
[0.930s] -- Up-to-date: /home/minji/test_folder/Test_in_Simulation/install/webots_ros2_msgs/local/lib/python3.10/dist-packages/webots_ros2_msgs/msg/_float_stamped_s.c
[0.930s] -- Up-to-date: /home/minji/test_folder/Test_in_Simulation/install/webots_ros2_msgs/local/lib/python3.10/dist-packages/webots_ros2_msgs/msg/_camera_recognition_objects.py
[0.930s] -- Up-to-date: /home/minji/test_folder/Test_in_Simulation/install/webots_ros2_msgs/local/lib/python3.10/dist-packages/webots_ros2_msgs/msg/_pen_ink_properties_s.c
[0.930s] -- Up-to-date: /home/minji/test_folder/Test_in_Simulation/install/webots_ros2_msgs/local/lib/python3.10/dist-packages/webots_ros2_msgs/msg/_pen_ink_properties.py
[0.930s] -- Up-to-date: /home/minji/test_folder/Test_in_Simulation/install/webots_ros2_msgs/local/lib/python3.10/dist-packages/webots_ros2_msgs/msg/_bool_stamped.py
[0.930s] -- Up-to-date: /home/minji/test_folder/Test_in_Simulation/install/webots_ros2_msgs/local/lib/python3.10/dist-packages/webots_ros2_msgs/msg/_string_stamped.py
[0.930s] -- Up-to-date: /home/minji/test_folder/Test_in_Simulation/install/webots_ros2_msgs/local/lib/python3.10/dist-packages/webots_ros2_msgs/msg/_urdf_robot_s.c
[0.930s] -- Up-to-date: /home/minji/test_folder/Test_in_Simulation/install/webots_ros2_msgs/local/lib/python3.10/dist-packages/webots_ros2_msgs/srv
[0.931s] -- Up-to-date: /home/minji/test_folder/Test_in_Simulation/install/webots_ros2_msgs/local/lib/python3.10/dist-packages/webots_ros2_msgs/srv/_get_bool_s.c
[0.931s] -- Up-to-date: /home/minji/test_folder/Test_in_Simulation/install/webots_ros2_msgs/local/lib/python3.10/dist-packages/webots_ros2_msgs/srv/_spawn_urdf_robot.py
[0.931s] -- Up-to-date: /home/minji/test_folder/Test_in_Simulation/install/webots_ros2_msgs/local/lib/python3.10/dist-packages/webots_ros2_msgs/srv/__init__.py
[0.931s] -- Up-to-date: /home/minji/test_folder/Test_in_Simulation/install/webots_ros2_msgs/local/lib/python3.10/dist-packages/webots_ros2_msgs/srv/_emitter_send_string.py
[0.931s] -- Up-to-date: /home/minji/test_folder/Test_in_Simulation/install/webots_ros2_msgs/local/lib/python3.10/dist-packages/webots_ros2_msgs/srv/_spawn_node_from_string_s.c
[0.931s] -- Up-to-date: /home/minji/test_folder/Test_in_Simulation/install/webots_ros2_msgs/local/lib/python3.10/dist-packages/webots_ros2_msgs/srv/_get_bool.py
[0.931s] -- Up-to-date: /home/minji/test_folder/Test_in_Simulation/install/webots_ros2_msgs/local/lib/python3.10/dist-packages/webots_ros2_msgs/srv/_spawn_node_from_string.py
[0.931s] -- Up-to-date: /home/minji/test_folder/Test_in_Simulation/install/webots_ros2_msgs/local/lib/python3.10/dist-packages/webots_ros2_msgs/srv/_emitter_send_string_s.c
[0.931s] -- Up-to-date: /home/minji/test_folder/Test_in_Simulation/install/webots_ros2_msgs/local/lib/python3.10/dist-packages/webots_ros2_msgs/srv/_set_string.py
[0.931s] -- Up-to-date: /home/minji/test_folder/Test_in_Simulation/install/webots_ros2_msgs/local/lib/python3.10/dist-packages/webots_ros2_msgs/srv/_spawn_urdf_robot_s.c
[0.931s] -- Up-to-date: /home/minji/test_folder/Test_in_Simulation/install/webots_ros2_msgs/local/lib/python3.10/dist-packages/webots_ros2_msgs/srv/_set_string_s.c
[0.931s] -- Up-to-date: /home/minji/test_folder/Test_in_Simulation/install/webots_ros2_msgs/local/lib/python3.10/dist-packages/webots_ros2_msgs/webots_ros2_msgs_s__rosidl_typesupport_c.cpython-310-x86_64-linux-gnu.so
[0.961s] Listing '/home/minji/test_folder/Test_in_Simulation/install/webots_ros2_msgs/local/lib/python3.10/dist-packages/webots_ros2_msgs'...
[0.961s] Listing '/home/minji/test_folder/Test_in_Simulation/install/webots_ros2_msgs/local/lib/python3.10/dist-packages/webots_ros2_msgs/msg'...
[0.961s] Listing '/home/minji/test_folder/Test_in_Simulation/install/webots_ros2_msgs/local/lib/python3.10/dist-packages/webots_ros2_msgs/srv'...
[0.964s] -- Up-to-date: /home/minji/test_folder/Test_in_Simulation/install/webots_ros2_msgs/local/lib/python3.10/dist-packages/webots_ros2_msgs/webots_ros2_msgs_s__rosidl_typesupport_fastrtps_c.cpython-310-x86_64-linux-gnu.so
[0.964s] -- Up-to-date: /home/minji/test_folder/Test_in_Simulation/install/webots_ros2_msgs/local/lib/python3.10/dist-packages/webots_ros2_msgs/webots_ros2_msgs_s__rosidl_typesupport_introspection_c.cpython-310-x86_64-linux-gnu.so
[0.965s] -- Up-to-date: /home/minji/test_folder/Test_in_Simulation/install/webots_ros2_msgs/local/lib/python3.10/dist-packages/webots_ros2_msgs/webots_ros2_msgs_s__rosidl_typesupport_c.cpython-310-x86_64-linux-gnu.so
[0.965s] -- Up-to-date: /home/minji/test_folder/Test_in_Simulation/install/webots_ros2_msgs/lib/libwebots_ros2_msgs__rosidl_generator_py.so
[0.966s] -- Up-to-date: /home/minji/test_folder/Test_in_Simulation/install/webots_ros2_msgs/share/webots_ros2_msgs/msg/BoolStamped.idl
[0.966s] -- Up-to-date: /home/minji/test_folder/Test_in_Simulation/install/webots_ros2_msgs/share/webots_ros2_msgs/msg/FloatStamped.idl
[0.966s] -- Up-to-date: /home/minji/test_folder/Test_in_Simulation/install/webots_ros2_msgs/share/webots_ros2_msgs/msg/StringStamped.idl
[0.966s] -- Up-to-date: /home/minji/test_folder/Test_in_Simulation/install/webots_ros2_msgs/share/webots_ros2_msgs/msg/CameraRecognitionObject.idl
[0.966s] -- Up-to-date: /home/minji/test_folder/Test_in_Simulation/install/webots_ros2_msgs/share/webots_ros2_msgs/msg/CameraRecognitionObjects.idl
[0.966s] -- Up-to-date: /home/minji/test_folder/Test_in_Simulation/install/webots_ros2_msgs/share/webots_ros2_msgs/msg/UrdfRobot.idl
[0.966s] -- Up-to-date: /home/minji/test_folder/Test_in_Simulation/install/webots_ros2_msgs/share/webots_ros2_msgs/msg/PenInkProperties.idl
[0.966s] -- Up-to-date: /home/minji/test_folder/Test_in_Simulation/install/webots_ros2_msgs/share/webots_ros2_msgs/srv/EmitterSendString.idl
[0.966s] -- Up-to-date: /home/minji/test_folder/Test_in_Simulation/install/webots_ros2_msgs/share/webots_ros2_msgs/srv/GetBool.idl
[0.966s] -- Up-to-date: /home/minji/test_folder/Test_in_Simulation/install/webots_ros2_msgs/share/webots_ros2_msgs/srv/SetString.idl
[0.966s] -- Up-to-date: /home/minji/test_folder/Test_in_Simulation/install/webots_ros2_msgs/share/webots_ros2_msgs/srv/SpawnNodeFromString.idl
[0.966s] -- Up-to-date: /home/minji/test_folder/Test_in_Simulation/install/webots_ros2_msgs/share/webots_ros2_msgs/srv/SpawnUrdfRobot.idl
[0.966s] -- Up-to-date: /home/minji/test_folder/Test_in_Simulation/install/webots_ros2_msgs/share/webots_ros2_msgs/msg/BoolStamped.msg
[0.967s] -- Up-to-date: /home/minji/test_folder/Test_in_Simulation/install/webots_ros2_msgs/share/webots_ros2_msgs/msg/FloatStamped.msg
[0.967s] -- Up-to-date: /home/minji/test_folder/Test_in_Simulation/install/webots_ros2_msgs/share/webots_ros2_msgs/msg/StringStamped.msg
[0.967s] -- Up-to-date: /home/minji/test_folder/Test_in_Simulation/install/webots_ros2_msgs/share/webots_ros2_msgs/msg/CameraRecognitionObject.msg
[0.967s] -- Up-to-date: /home/minji/test_folder/Test_in_Simulation/install/webots_ros2_msgs/share/webots_ros2_msgs/msg/CameraRecognitionObjects.msg
[0.967s] -- Up-to-date: /home/minji/test_folder/Test_in_Simulation/install/webots_ros2_msgs/share/webots_ros2_msgs/msg/UrdfRobot.msg
[0.967s] -- Up-to-date: /home/minji/test_folder/Test_in_Simulation/install/webots_ros2_msgs/share/webots_ros2_msgs/msg/PenInkProperties.msg
[0.967s] -- Up-to-date: /home/minji/test_folder/Test_in_Simulation/install/webots_ros2_msgs/share/webots_ros2_msgs/srv/EmitterSendString.srv
[0.967s] -- Up-to-date: /home/minji/test_folder/Test_in_Simulation/install/webots_ros2_msgs/share/webots_ros2_msgs/srv/EmitterSendString_Request.msg
[0.967s] -- Up-to-date: /home/minji/test_folder/Test_in_Simulation/install/webots_ros2_msgs/share/webots_ros2_msgs/srv/EmitterSendString_Response.msg
[0.967s] -- Up-to-date: /home/minji/test_folder/Test_in_Simulation/install/webots_ros2_msgs/share/webots_ros2_msgs/srv/GetBool.srv
[0.967s] -- Up-to-date: /home/minji/test_folder/Test_in_Simulation/install/webots_ros2_msgs/share/webots_ros2_msgs/srv/GetBool_Request.msg
[0.967s] -- Up-to-date: /home/minji/test_folder/Test_in_Simulation/install/webots_ros2_msgs/share/webots_ros2_msgs/srv/GetBool_Response.msg
[0.967s] -- Up-to-date: /home/minji/test_folder/Test_in_Simulation/install/webots_ros2_msgs/share/webots_ros2_msgs/srv/SetString.srv
[0.967s] -- Up-to-date: /home/minji/test_folder/Test_in_Simulation/install/webots_ros2_msgs/share/webots_ros2_msgs/srv/SetString_Request.msg
[0.967s] -- Up-to-date: /home/minji/test_folder/Test_in_Simulation/install/webots_ros2_msgs/share/webots_ros2_msgs/srv/SetString_Response.msg
[0.967s] -- Up-to-date: /home/minji/test_folder/Test_in_Simulation/install/webots_ros2_msgs/share/webots_ros2_msgs/srv/SpawnNodeFromString.srv
[0.967s] -- Up-to-date: /home/minji/test_folder/Test_in_Simulation/install/webots_ros2_msgs/share/webots_ros2_msgs/srv/SpawnNodeFromString_Request.msg
[0.967s] -- Up-to-date: /home/minji/test_folder/Test_in_Simulation/install/webots_ros2_msgs/share/webots_ros2_msgs/srv/SpawnNodeFromString_Response.msg
[0.967s] -- Up-to-date: /home/minji/test_folder/Test_in_Simulation/install/webots_ros2_msgs/share/webots_ros2_msgs/srv/SpawnUrdfRobot.srv
[0.967s] -- Up-to-date: /home/minji/test_folder/Test_in_Simulation/install/webots_ros2_msgs/share/webots_ros2_msgs/srv/SpawnUrdfRobot_Request.msg
[0.967s] -- Up-to-date: /home/minji/test_folder/Test_in_Simulation/install/webots_ros2_msgs/share/webots_ros2_msgs/srv/SpawnUrdfRobot_Response.msg
[0.967s] -- Up-to-date: /home/minji/test_folder/Test_in_Simulation/install/webots_ros2_msgs/share/ament_index/resource_index/package_run_dependencies/webots_ros2_msgs
[0.967s] -- Up-to-date: /home/minji/test_folder/Test_in_Simulation/install/webots_ros2_msgs/share/ament_index/resource_index/parent_prefix_path/webots_ros2_msgs
[0.967s] -- Up-to-date: /home/minji/test_folder/Test_in_Simulation/install/webots_ros2_msgs/share/webots_ros2_msgs/environment/ament_prefix_path.sh
[0.968s] -- Up-to-date: /home/minji/test_folder/Test_in_Simulation/install/webots_ros2_msgs/share/webots_ros2_msgs/environment/ament_prefix_path.dsv
[0.968s] -- Up-to-date: /home/minji/test_folder/Test_in_Simulation/install/webots_ros2_msgs/share/webots_ros2_msgs/environment/path.sh
[0.968s] -- Up-to-date: /home/minji/test_folder/Test_in_Simulation/install/webots_ros2_msgs/share/webots_ros2_msgs/environment/path.dsv
[0.968s] -- Up-to-date: /home/minji/test_folder/Test_in_Simulation/install/webots_ros2_msgs/share/webots_ros2_msgs/local_setup.bash
[0.968s] -- Up-to-date: /home/minji/test_folder/Test_in_Simulation/install/webots_ros2_msgs/share/webots_ros2_msgs/local_setup.sh
[0.968s] -- Up-to-date: /home/minji/test_folder/Test_in_Simulation/install/webots_ros2_msgs/share/webots_ros2_msgs/local_setup.zsh
[0.968s] -- Up-to-date: /home/minji/test_folder/Test_in_Simulation/install/webots_ros2_msgs/share/webots_ros2_msgs/local_setup.dsv
[0.968s] -- Installing: /home/minji/test_folder/Test_in_Simulation/install/webots_ros2_msgs/share/webots_ros2_msgs/package.dsv
[0.968s] -- Up-to-date: /home/minji/test_folder/Test_in_Simulation/install/webots_ros2_msgs/share/ament_index/resource_index/packages/webots_ros2_msgs
[0.969s] -- Up-to-date: /home/minji/test_folder/Test_in_Simulation/install/webots_ros2_msgs/share/webots_ros2_msgs/cmake/export_webots_ros2_msgs__rosidl_generator_cExport.cmake
[0.969s] -- Up-to-date: /home/minji/test_folder/Test_in_Simulation/install/webots_ros2_msgs/share/webots_ros2_msgs/cmake/export_webots_ros2_msgs__rosidl_generator_cExport-noconfig.cmake
[0.969s] -- Up-to-date: /home/minji/test_folder/Test_in_Simulation/install/webots_ros2_msgs/share/webots_ros2_msgs/cmake/export_webots_ros2_msgs__rosidl_typesupport_fastrtps_cExport.cmake
[0.969s] -- Up-to-date: /home/minji/test_folder/Test_in_Simulation/install/webots_ros2_msgs/share/webots_ros2_msgs/cmake/export_webots_ros2_msgs__rosidl_typesupport_fastrtps_cExport-noconfig.cmake
[0.969s] -- Up-to-date: /home/minji/test_folder/Test_in_Simulation/install/webots_ros2_msgs/share/webots_ros2_msgs/cmake/export_webots_ros2_msgs__rosidl_generator_cppExport.cmake
[0.970s] -- Up-to-date: /home/minji/test_folder/Test_in_Simulation/install/webots_ros2_msgs/share/webots_ros2_msgs/cmake/export_webots_ros2_msgs__rosidl_typesupport_fastrtps_cppExport.cmake
[0.970s] -- Up-to-date: /home/minji/test_folder/Test_in_Simulation/install/webots_ros2_msgs/share/webots_ros2_msgs/cmake/export_webots_ros2_msgs__rosidl_typesupport_fastrtps_cppExport-noconfig.cmake
[0.970s] -- Up-to-date: /home/minji/test_folder/Test_in_Simulation/install/webots_ros2_msgs/share/webots_ros2_msgs/cmake/webots_ros2_msgs__rosidl_typesupport_introspection_cExport.cmake
[0.970s] -- Up-to-date: /home/minji/test_folder/Test_in_Simulation/install/webots_ros2_msgs/share/webots_ros2_msgs/cmake/webots_ros2_msgs__rosidl_typesupport_introspection_cExport-noconfig.cmake
[0.970s] -- Up-to-date: /home/minji/test_folder/Test_in_Simulation/install/webots_ros2_msgs/share/webots_ros2_msgs/cmake/webots_ros2_msgs__rosidl_typesupport_cExport.cmake
[0.971s] -- Up-to-date: /home/minji/test_folder/Test_in_Simulation/install/webots_ros2_msgs/share/webots_ros2_msgs/cmake/webots_ros2_msgs__rosidl_typesupport_cExport-noconfig.cmake
[0.971s] -- Up-to-date: /home/minji/test_folder/Test_in_Simulation/install/webots_ros2_msgs/share/webots_ros2_msgs/cmake/webots_ros2_msgs__rosidl_typesupport_introspection_cppExport.cmake
[0.971s] -- Up-to-date: /home/minji/test_folder/Test_in_Simulation/install/webots_ros2_msgs/share/webots_ros2_msgs/cmake/webots_ros2_msgs__rosidl_typesupport_introspection_cppExport-noconfig.cmake
[0.971s] -- Up-to-date: /home/minji/test_folder/Test_in_Simulation/install/webots_ros2_msgs/share/webots_ros2_msgs/cmake/webots_ros2_msgs__rosidl_typesupport_cppExport.cmake
[0.971s] -- Up-to-date: /home/minji/test_folder/Test_in_Simulation/install/webots_ros2_msgs/share/webots_ros2_msgs/cmake/webots_ros2_msgs__rosidl_typesupport_cppExport-noconfig.cmake
[0.971s] -- Up-to-date: /home/minji/test_folder/Test_in_Simulation/install/webots_ros2_msgs/share/webots_ros2_msgs/cmake/export_webots_ros2_msgs__rosidl_generator_pyExport.cmake
[0.971s] -- Up-to-date: /home/minji/test_folder/Test_in_Simulation/install/webots_ros2_msgs/share/webots_ros2_msgs/cmake/export_webots_ros2_msgs__rosidl_generator_pyExport-noconfig.cmake
[0.971s] -- Up-to-date: /home/minji/test_folder/Test_in_Simulation/install/webots_ros2_msgs/share/webots_ros2_msgs/cmake/rosidl_cmake-extras.cmake
[0.971s] -- Up-to-date: /home/minji/test_folder/Test_in_Simulation/install/webots_ros2_msgs/share/webots_ros2_msgs/cmake/ament_cmake_export_dependencies-extras.cmake
[0.971s] -- Up-to-date: /home/minji/test_folder/Test_in_Simulation/install/webots_ros2_msgs/share/webots_ros2_msgs/cmake/ament_cmake_export_include_directories-extras.cmake
[0.971s] -- Up-to-date: /home/minji/test_folder/Test_in_Simulation/install/webots_ros2_msgs/share/webots_ros2_msgs/cmake/ament_cmake_export_libraries-extras.cmake
[0.972s] -- Up-to-date: /home/minji/test_folder/Test_in_Simulation/install/webots_ros2_msgs/share/webots_ros2_msgs/cmake/ament_cmake_export_targets-extras.cmake
[0.972s] -- Up-to-date: /home/minji/test_folder/Test_in_Simulation/install/webots_ros2_msgs/share/webots_ros2_msgs/cmake/rosidl_cmake_export_typesupport_targets-extras.cmake
[0.972s] -- Up-to-date: /home/minji/test_folder/Test_in_Simulation/install/webots_ros2_msgs/share/webots_ros2_msgs/cmake/rosidl_cmake_export_typesupport_libraries-extras.cmake
[0.972s] -- Up-to-date: /home/minji/test_folder/Test_in_Simulation/install/webots_ros2_msgs/share/webots_ros2_msgs/cmake/webots_ros2_msgsConfig.cmake
[0.972s] -- Up-to-date: /home/minji/test_folder/Test_in_Simulation/install/webots_ros2_msgs/share/webots_ros2_msgs/cmake/webots_ros2_msgsConfig-version.cmake
[0.972s] -- Up-to-date: /home/minji/test_folder/Test_in_Simulation/install/webots_ros2_msgs/share/webots_ros2_msgs/package.xml
[0.974s] Invoked command in '/home/minji/test_folder/Test_in_Simulation/build/webots_ros2_msgs' returned '0': CMAKE_PREFIX_PATH=${CMAKE_PREFIX_PATH}:/home/minji/minji_ws/install/webots_ros2:/home/minji/minji_ws/install/webots_ros2_universal_robot:/home/minji/minji_ws/install/webots_ros2_turtlebot:/home/minji/minji_ws/install/webots_ros2_tiago:/home/minji/minji_ws/install/webots_ros2_tests:/home/minji/minji_ws/install/webots_ros2_tesla:/home/minji/minji_ws/install/webots_ros2_mavic:/home/minji/minji_ws/install/webots_ros2_ld90:/home/minji/minji_ws/install/webots_ros2_epuck:/home/minji/minji_ws/install/webots_ros2_control:/home/minji/minji_ws/install/webots_ros2_driver:/home/minji/minji_ws/install/webots_ros2_msgs:/home/minji/minji_ws/install/btcpp_ros2_project:/home/minji/my_study/install/webots_ros2:/home/minji/my_study/install/webots_ros2_universal_robot:/home/minji/my_study/install/webots_ros2_turtlebot:/home/minji/my_study/install/webots_ros2_tiago:/home/minji/my_study/install/webots_ros2_tests:/home/minji/my_study/install/webots_ros2_tesla:/home/minji/my_study/install/webots_ros2_mavic:/home/minji/my_study/install/webots_ros2_ld90:/home/minji/my_study/install/webots_ros2_epuck:/opt/ros/humble /usr/bin/cmake --install /home/minji/test_folder/Test_in_Simulation/build/webots_ros2_msgs
