[0.009s] Invoking command in '/home/minji/minji_ws/build/btcpp_ros2_samples': CMAKE_PREFIX_PATH=/home/minji/minji_ws/install/behaviortree_ros2:/home/minji/minji_ws/install/btcpp_ros2_interfaces:/home/minji/minji_ws/install/webots_ros2_control:/home/minji/minji_ws/install/webots_ros2_driver:/home/minji/minji_ws/install/webots_ros2_msgs:/home/minji/minji_ws/install/btcpp_ros2_samples:/home/minji/minji_ws/install/btcpp_ros2_project:/usr/local:/home/minji/minji_ws/install/webots_ros2:/home/minji/minji_ws/install/webots_ros2_universal_robot:/home/minji/minji_ws/install/webots_ros2_turtlebot:/home/minji/minji_ws/install/webots_ros2_tiago:/home/minji/minji_ws/install/webots_ros2_tests:/home/minji/minji_ws/install/webots_ros2_tesla:/home/minji/minji_ws/install/webots_ros2_mavic:/home/minji/minji_ws/install/webots_ros2_ld90:/home/minji/minji_ws/install/webots_ros2_epuck:/opt/ros/humble LD_LIBRARY_PATH=/home/minji/minji_ws/install/btcpp_ros2_interfaces/lib:/home/minji/minji_ws/install/webots_ros2_control/lib:/home/minji/minji_ws/install/webots_ros2_driver/lib:/home/minji/minji_ws/install/webots_ros2_msgs/lib:/home/minji/minji_ws/install/behaviortree_ros2/lib:/opt/ros/humble/opt/rviz_ogre_vendor/lib:/opt/ros/humble/lib/x86_64-linux-gnu:/opt/ros/humble/lib /usr/bin/cmake --build /home/minji/minji_ws/build/btcpp_ros2_samples -- -j8 -l8
[0.064s] [ 16%] Built target sleep_client
[0.064s] [ 27%] Built target sample_bt_executor
[0.064s] [ 38%] Built target sleep_plugin
[0.066s] [ 50%] Built target sleep_server
[0.067s] [ 61%] Built target subscriber_test
[0.068s] [ 72%] Built target bool_server
[0.070s] [ 88%] Built target bool_client
[0.087s] [100%] Built target sleep_client_dyn
[0.095s] Invoked command in '/home/minji/minji_ws/build/btcpp_ros2_samples' returned '0': CMAKE_PREFIX_PATH=/home/minji/minji_ws/install/behaviortree_ros2:/home/minji/minji_ws/install/btcpp_ros2_interfaces:/home/minji/minji_ws/install/webots_ros2_control:/home/minji/minji_ws/install/webots_ros2_driver:/home/minji/minji_ws/install/webots_ros2_msgs:/home/minji/minji_ws/install/btcpp_ros2_samples:/home/minji/minji_ws/install/btcpp_ros2_project:/usr/local:/home/minji/minji_ws/install/webots_ros2:/home/minji/minji_ws/install/webots_ros2_universal_robot:/home/minji/minji_ws/install/webots_ros2_turtlebot:/home/minji/minji_ws/install/webots_ros2_tiago:/home/minji/minji_ws/install/webots_ros2_tests:/home/minji/minji_ws/install/webots_ros2_tesla:/home/minji/minji_ws/install/webots_ros2_mavic:/home/minji/minji_ws/install/webots_ros2_ld90:/home/minji/minji_ws/install/webots_ros2_epuck:/opt/ros/humble LD_LIBRARY_PATH=/home/minji/minji_ws/install/btcpp_ros2_interfaces/lib:/home/minji/minji_ws/install/webots_ros2_control/lib:/home/minji/minji_ws/install/webots_ros2_driver/lib:/home/minji/minji_ws/install/webots_ros2_msgs/lib:/home/minji/minji_ws/install/behaviortree_ros2/lib:/opt/ros/humble/opt/rviz_ogre_vendor/lib:/opt/ros/humble/lib/x86_64-linux-gnu:/opt/ros/humble/lib /usr/bin/cmake --build /home/minji/minji_ws/build/btcpp_ros2_samples -- -j8 -l8
[0.134s] Invoking command in '/home/minji/minji_ws/build/btcpp_ros2_samples': CMAKE_PREFIX_PATH=/home/minji/minji_ws/install/behaviortree_ros2:/home/minji/minji_ws/install/btcpp_ros2_interfaces:/home/minji/minji_ws/install/webots_ros2_control:/home/minji/minji_ws/install/webots_ros2_driver:/home/minji/minji_ws/install/webots_ros2_msgs:/home/minji/minji_ws/install/btcpp_ros2_samples:/home/minji/minji_ws/install/btcpp_ros2_project:/usr/local:/home/minji/minji_ws/install/webots_ros2:/home/minji/minji_ws/install/webots_ros2_universal_robot:/home/minji/minji_ws/install/webots_ros2_turtlebot:/home/minji/minji_ws/install/webots_ros2_tiago:/home/minji/minji_ws/install/webots_ros2_tests:/home/minji/minji_ws/install/webots_ros2_tesla:/home/minji/minji_ws/install/webots_ros2_mavic:/home/minji/minji_ws/install/webots_ros2_ld90:/home/minji/minji_ws/install/webots_ros2_epuck:/opt/ros/humble LD_LIBRARY_PATH=/home/minji/minji_ws/install/btcpp_ros2_interfaces/lib:/home/minji/minji_ws/install/webots_ros2_control/lib:/home/minji/minji_ws/install/webots_ros2_driver/lib:/home/minji/minji_ws/install/webots_ros2_msgs/lib:/home/minji/minji_ws/install/behaviortree_ros2/lib:/opt/ros/humble/opt/rviz_ogre_vendor/lib:/opt/ros/humble/lib/x86_64-linux-gnu:/opt/ros/humble/lib /usr/bin/cmake --install /home/minji/minji_ws/build/btcpp_ros2_samples
[0.140s] -- Install configuration: ""
[0.140s] -- Up-to-date: /home/minji/minji_ws/install/btcpp_ros2_samples/lib/btcpp_ros2_samples/sleep_client
[0.140s] -- Up-to-date: /home/minji/minji_ws/install/btcpp_ros2_samples/lib/btcpp_ros2_samples/sleep_client_dyn
[0.140s] -- Up-to-date: /home/minji/minji_ws/install/btcpp_ros2_samples/lib/btcpp_ros2_samples/sleep_server
[0.140s] -- Up-to-date: /home/minji/minji_ws/install/btcpp_ros2_samples/lib/btcpp_ros2_samples/libsleep_plugin.so
[0.140s] -- Up-to-date: /home/minji/minji_ws/install/btcpp_ros2_samples/lib/btcpp_ros2_samples/subscriber_test
[0.140s] -- Up-to-date: /home/minji/minji_ws/install/btcpp_ros2_samples/lib/btcpp_ros2_samples/sample_bt_executor
[0.141s] -- Up-to-date: /home/minji/minji_ws/install/btcpp_ros2_samples/lib/btcpp_ros2_samples/bool_client
[0.141s] -- Up-to-date: /home/minji/minji_ws/install/btcpp_ros2_samples/lib/btcpp_ros2_samples/bool_server
[0.141s] -- Up-to-date: /home/minji/minji_ws/install/btcpp_ros2_samples/share/btcpp_ros2_samples/bt_plugins/libsleep_plugin.so
[0.141s] -- Up-to-date: /home/minji/minji_ws/install/btcpp_ros2_samples/share/btcpp_ros2_samples//behavior_trees
[0.141s] -- Up-to-date: /home/minji/minji_ws/install/btcpp_ros2_samples/share/btcpp_ros2_samples//behavior_trees/sleep_action.xml
[0.141s] -- Up-to-date: /home/minji/minji_ws/install/btcpp_ros2_samples/share/btcpp_ros2_samples//behavior_trees/cross_door.xml
[0.141s] -- Up-to-date: /home/minji/minji_ws/install/btcpp_ros2_samples/share/btcpp_ros2_samples//behavior_trees/door_closed.xml
[0.141s] -- Up-to-date: /home/minji/minji_ws/install/btcpp_ros2_samples/share/btcpp_ros2_samples//config
[0.141s] -- Up-to-date: /home/minji/minji_ws/install/btcpp_ros2_samples/share/btcpp_ros2_samples//config/sample_bt_executor.yaml
[0.141s] -- Up-to-date: /home/minji/minji_ws/install/btcpp_ros2_samples/share/btcpp_ros2_samples//launch
[0.142s] -- Up-to-date: /home/minji/minji_ws/install/btcpp_ros2_samples/share/btcpp_ros2_samples//launch/sample_bt_executor.launch.xml
[0.142s] -- Up-to-date: /home/minji/minji_ws/install/btcpp_ros2_samples/share/ament_index/resource_index/package_run_dependencies/btcpp_ros2_samples
[0.142s] -- Up-to-date: /home/minji/minji_ws/install/btcpp_ros2_samples/share/ament_index/resource_index/parent_prefix_path/btcpp_ros2_samples
[0.142s] -- Up-to-date: /home/minji/minji_ws/install/btcpp_ros2_samples/share/btcpp_ros2_samples/environment/ament_prefix_path.sh
[0.142s] -- Up-to-date: /home/minji/minji_ws/install/btcpp_ros2_samples/share/btcpp_ros2_samples/environment/ament_prefix_path.dsv
[0.142s] -- Up-to-date: /home/minji/minji_ws/install/btcpp_ros2_samples/share/btcpp_ros2_samples/environment/path.sh
[0.142s] -- Up-to-date: /home/minji/minji_ws/install/btcpp_ros2_samples/share/btcpp_ros2_samples/environment/path.dsv
[0.142s] -- Up-to-date: /home/minji/minji_ws/install/btcpp_ros2_samples/share/btcpp_ros2_samples/local_setup.bash
[0.142s] -- Up-to-date: /home/minji/minji_ws/install/btcpp_ros2_samples/share/btcpp_ros2_samples/local_setup.sh
[0.142s] -- Up-to-date: /home/minji/minji_ws/install/btcpp_ros2_samples/share/btcpp_ros2_samples/local_setup.zsh
[0.142s] -- Up-to-date: /home/minji/minji_ws/install/btcpp_ros2_samples/share/btcpp_ros2_samples/local_setup.dsv
[0.142s] -- Installing: /home/minji/minji_ws/install/btcpp_ros2_samples/share/btcpp_ros2_samples/package.dsv
[0.142s] -- Up-to-date: /home/minji/minji_ws/install/btcpp_ros2_samples/share/ament_index/resource_index/packages/btcpp_ros2_samples
[0.142s] -- Up-to-date: /home/minji/minji_ws/install/btcpp_ros2_samples/share/btcpp_ros2_samples/cmake/ament_cmake_export_dependencies-extras.cmake
[0.142s] -- Up-to-date: /home/minji/minji_ws/install/btcpp_ros2_samples/share/btcpp_ros2_samples/cmake/btcpp_ros2_samplesConfig.cmake
[0.142s] -- Up-to-date: /home/minji/minji_ws/install/btcpp_ros2_samples/share/btcpp_ros2_samples/cmake/btcpp_ros2_samplesConfig-version.cmake
[0.142s] -- Up-to-date: /home/minji/minji_ws/install/btcpp_ros2_samples/share/btcpp_ros2_samples/package.xml
[0.144s] Invoked command in '/home/minji/minji_ws/build/btcpp_ros2_samples' returned '0': CMAKE_PREFIX_PATH=/home/minji/minji_ws/install/behaviortree_ros2:/home/minji/minji_ws/install/btcpp_ros2_interfaces:/home/minji/minji_ws/install/webots_ros2_control:/home/minji/minji_ws/install/webots_ros2_driver:/home/minji/minji_ws/install/webots_ros2_msgs:/home/minji/minji_ws/install/btcpp_ros2_samples:/home/minji/minji_ws/install/btcpp_ros2_project:/usr/local:/home/minji/minji_ws/install/webots_ros2:/home/minji/minji_ws/install/webots_ros2_universal_robot:/home/minji/minji_ws/install/webots_ros2_turtlebot:/home/minji/minji_ws/install/webots_ros2_tiago:/home/minji/minji_ws/install/webots_ros2_tests:/home/minji/minji_ws/install/webots_ros2_tesla:/home/minji/minji_ws/install/webots_ros2_mavic:/home/minji/minji_ws/install/webots_ros2_ld90:/home/minji/minji_ws/install/webots_ros2_epuck:/opt/ros/humble LD_LIBRARY_PATH=/home/minji/minji_ws/install/btcpp_ros2_interfaces/lib:/home/minji/minji_ws/install/webots_ros2_control/lib:/home/minji/minji_ws/install/webots_ros2_driver/lib:/home/minji/minji_ws/install/webots_ros2_msgs/lib:/home/minji/minji_ws/install/behaviortree_ros2/lib:/opt/ros/humble/opt/rviz_ogre_vendor/lib:/opt/ros/humble/lib/x86_64-linux-gnu:/opt/ros/humble/lib /usr/bin/cmake --install /home/minji/minji_ws/build/btcpp_ros2_samples
