[1.249s] Invoking command in '/home/minji/test_folder/Test_in_Simulation/webots_ros2/webots_ros2_turtlebot': AMENT_PREFIX_PATH=/home/minji/test_folder/Test_in_Simulation/install/webots_ros2_control:/home/minji/test_folder/Test_in_Simulation/install/webots_ros2_driver:/home/minji/test_folder/Test_in_Simulation/install/webots_ros2_msgs:${AMENT_PREFIX_PATH} CMAKE_PREFIX_PATH=/home/minji/test_folder/Test_in_Simulation/install/webots_ros2_control:/home/minji/test_folder/Test_in_Simulation/install/webots_ros2_driver:/home/minji/test_folder/Test_in_Simulation/install/webots_ros2_msgs:${CMAKE_PREFIX_PATH} LD_LIBRARY_PATH=/home/minji/test_folder/Test_in_Simulation/install/webots_ros2_control/lib:/home/minji/test_folder/Test_in_Simulation/install/webots_ros2_driver/lib:/home/minji/test_folder/Test_in_Simulation/install/webots_ros2_msgs/lib:${LD_LIBRARY_PATH} PYTHONPATH=/home/minji/test_folder/Test_in_Simulation/build/webots_ros2_turtlebot/prefix_override:/usr/lib/python3/dist-packages/colcon_core/task/python/colcon_distutils_commands:/home/minji/test_folder/Test_in_Simulation/install/webots_ros2_turtlebot/lib/python3.10/site-packages:/home/minji/test_folder/Test_in_Simulation/install/webots_ros2_driver/local/lib/python3.10/dist-packages:/home/minji/test_folder/Test_in_Simulation/install/webots_ros2_msgs/local/lib/python3.10/dist-packages:${PYTHONPATH} /usr/bin/python3 -W ignore:setup.py install is deprecated setup.py egg_info --egg-base ../../build/webots_ros2_turtlebot build --build-base /home/minji/test_folder/Test_in_Simulation/build/webots_ros2_turtlebot/build install --record /home/minji/test_folder/Test_in_Simulation/build/webots_ros2_turtlebot/install.log --single-version-externally-managed install_data
[1.488s] running egg_info
[1.488s] creating ../../build/webots_ros2_turtlebot/webots_ros2_turtlebot.egg-info
[1.489s] writing ../../build/webots_ros2_turtlebot/webots_ros2_turtlebot.egg-info/PKG-INFO
[1.489s] writing dependency_links to ../../build/webots_ros2_turtlebot/webots_ros2_turtlebot.egg-info/dependency_links.txt
[1.489s] writing entry points to ../../build/webots_ros2_turtlebot/webots_ros2_turtlebot.egg-info/entry_points.txt
[1.489s] writing requirements to ../../build/webots_ros2_turtlebot/webots_ros2_turtlebot.egg-info/requires.txt
[1.489s] writing top-level names to ../../build/webots_ros2_turtlebot/webots_ros2_turtlebot.egg-info/top_level.txt
[1.489s] writing manifest file '../../build/webots_ros2_turtlebot/webots_ros2_turtlebot.egg-info/SOURCES.txt'
[1.491s] reading manifest file '../../build/webots_ros2_turtlebot/webots_ros2_turtlebot.egg-info/SOURCES.txt'
[1.491s] writing manifest file '../../build/webots_ros2_turtlebot/webots_ros2_turtlebot.egg-info/SOURCES.txt'
[1.491s] running build
[1.491s] running build_py
[1.492s] creating /home/minji/test_folder/Test_in_Simulation/build/webots_ros2_turtlebot/build
[1.492s] creating /home/minji/test_folder/Test_in_Simulation/build/webots_ros2_turtlebot/build/lib
[1.492s] creating /home/minji/test_folder/Test_in_Simulation/build/webots_ros2_turtlebot/build/lib/webots_ros2_turtlebot
[1.492s] copying webots_ros2_turtlebot/__init__.py -> /home/minji/test_folder/Test_in_Simulation/build/webots_ros2_turtlebot/build/lib/webots_ros2_turtlebot
[1.494s] copying webots_ros2_turtlebot/plugin_example.py -> /home/minji/test_folder/Test_in_Simulation/build/webots_ros2_turtlebot/build/lib/webots_ros2_turtlebot
[1.495s] running install
[1.495s] running install_lib
[1.496s] creating /home/minji/test_folder/Test_in_Simulation/install/webots_ros2_turtlebot/lib/python3.10/site-packages/webots_ros2_turtlebot
[1.496s] copying /home/minji/test_folder/Test_in_Simulation/build/webots_ros2_turtlebot/build/lib/webots_ros2_turtlebot/__init__.py -> /home/minji/test_folder/Test_in_Simulation/install/webots_ros2_turtlebot/lib/python3.10/site-packages/webots_ros2_turtlebot
[1.496s] copying /home/minji/test_folder/Test_in_Simulation/build/webots_ros2_turtlebot/build/lib/webots_ros2_turtlebot/plugin_example.py -> /home/minji/test_folder/Test_in_Simulation/install/webots_ros2_turtlebot/lib/python3.10/site-packages/webots_ros2_turtlebot
[1.497s] byte-compiling /home/minji/test_folder/Test_in_Simulation/install/webots_ros2_turtlebot/lib/python3.10/site-packages/webots_ros2_turtlebot/__init__.py to __init__.cpython-310.pyc
[1.497s] byte-compiling /home/minji/test_folder/Test_in_Simulation/install/webots_ros2_turtlebot/lib/python3.10/site-packages/webots_ros2_turtlebot/plugin_example.py to plugin_example.cpython-310.pyc
[1.498s] running install_data
[1.498s] creating /home/minji/test_folder/Test_in_Simulation/install/webots_ros2_turtlebot/share/ament_index
[1.498s] creating /home/minji/test_folder/Test_in_Simulation/install/webots_ros2_turtlebot/share/ament_index/resource_index
[1.498s] creating /home/minji/test_folder/Test_in_Simulation/install/webots_ros2_turtlebot/share/ament_index/resource_index/packages
[1.498s] copying resource/webots_ros2_turtlebot -> /home/minji/test_folder/Test_in_Simulation/install/webots_ros2_turtlebot/share/ament_index/resource_index/packages
[1.498s] creating /home/minji/test_folder/Test_in_Simulation/install/webots_ros2_turtlebot/share/webots_ros2_turtlebot/launch
[1.498s] copying launch/robot_launch.py -> /home/minji/test_folder/Test_in_Simulation/install/webots_ros2_turtlebot/share/webots_ros2_turtlebot/launch
[1.499s] creating /home/minji/test_folder/Test_in_Simulation/install/webots_ros2_turtlebot/share/webots_ros2_turtlebot/resource
[1.499s] copying resource/turtlebot3_burger_example_map.pgm -> /home/minji/test_folder/Test_in_Simulation/install/webots_ros2_turtlebot/share/webots_ros2_turtlebot/resource
[1.499s] copying resource/turtlebot3_burger_example_map.yaml -> /home/minji/test_folder/Test_in_Simulation/install/webots_ros2_turtlebot/share/webots_ros2_turtlebot/resource
[1.500s] copying resource/turtlebot_webots.urdf -> /home/minji/test_folder/Test_in_Simulation/install/webots_ros2_turtlebot/share/webots_ros2_turtlebot/resource
[1.500s] copying resource/ros2control.yml -> /home/minji/test_folder/Test_in_Simulation/install/webots_ros2_turtlebot/share/webots_ros2_turtlebot/resource
[1.500s] copying resource/nav2_params.yaml -> /home/minji/test_folder/Test_in_Simulation/install/webots_ros2_turtlebot/share/webots_ros2_turtlebot/resource
[1.501s] creating /home/minji/test_folder/Test_in_Simulation/install/webots_ros2_turtlebot/share/webots_ros2_turtlebot/worlds
[1.501s] copying worlds/turtlebot3_burger_example.wbt -> /home/minji/test_folder/Test_in_Simulation/install/webots_ros2_turtlebot/share/webots_ros2_turtlebot/worlds
[1.501s] copying worlds/.turtlebot3_burger_example.wbproj -> /home/minji/test_folder/Test_in_Simulation/install/webots_ros2_turtlebot/share/webots_ros2_turtlebot/worlds
[1.501s] copying package.xml -> /home/minji/test_folder/Test_in_Simulation/install/webots_ros2_turtlebot/share/webots_ros2_turtlebot
[1.501s] running install_egg_info
[1.503s] Copying ../../build/webots_ros2_turtlebot/webots_ros2_turtlebot.egg-info to /home/minji/test_folder/Test_in_Simulation/install/webots_ros2_turtlebot/lib/python3.10/site-packages/webots_ros2_turtlebot-2023.1.2-py3.10.egg-info
[1.504s] running install_scripts
[1.522s] writing list of installed files to '/home/minji/test_folder/Test_in_Simulation/build/webots_ros2_turtlebot/install.log'
[1.547s] Invoked command in '/home/minji/test_folder/Test_in_Simulation/webots_ros2/webots_ros2_turtlebot' returned '0': AMENT_PREFIX_PATH=/home/minji/test_folder/Test_in_Simulation/install/webots_ros2_control:/home/minji/test_folder/Test_in_Simulation/install/webots_ros2_driver:/home/minji/test_folder/Test_in_Simulation/install/webots_ros2_msgs:${AMENT_PREFIX_PATH} CMAKE_PREFIX_PATH=/home/minji/test_folder/Test_in_Simulation/install/webots_ros2_control:/home/minji/test_folder/Test_in_Simulation/install/webots_ros2_driver:/home/minji/test_folder/Test_in_Simulation/install/webots_ros2_msgs:${CMAKE_PREFIX_PATH} LD_LIBRARY_PATH=/home/minji/test_folder/Test_in_Simulation/install/webots_ros2_control/lib:/home/minji/test_folder/Test_in_Simulation/install/webots_ros2_driver/lib:/home/minji/test_folder/Test_in_Simulation/install/webots_ros2_msgs/lib:${LD_LIBRARY_PATH} PYTHONPATH=/home/minji/test_folder/Test_in_Simulation/build/webots_ros2_turtlebot/prefix_override:/usr/lib/python3/dist-packages/colcon_core/task/python/colcon_distutils_commands:/home/minji/test_folder/Test_in_Simulation/install/webots_ros2_turtlebot/lib/python3.10/site-packages:/home/minji/test_folder/Test_in_Simulation/install/webots_ros2_driver/local/lib/python3.10/dist-packages:/home/minji/test_folder/Test_in_Simulation/install/webots_ros2_msgs/local/lib/python3.10/dist-packages:${PYTHONPATH} /usr/bin/python3 -W ignore:setup.py install is deprecated setup.py egg_info --egg-base ../../build/webots_ros2_turtlebot build --build-base /home/minji/test_folder/Test_in_Simulation/build/webots_ros2_turtlebot/build install --record /home/minji/test_folder/Test_in_Simulation/build/webots_ros2_turtlebot/install.log --single-version-externally-managed install_data
