[0.008s] Invoking command in '/home/minji/minji_ws/build/btcpp_ros2_samples': AMENT_PREFIX_PATH=/home/minji/minji_ws/install/behaviortree_ros2:/home/minji/minji_ws/install/btcpp_ros2_interfaces:${AMENT_PREFIX_PATH} CMAKE_PREFIX_PATH=/home/minji/minji_ws/install/behaviortree_ros2:/home/minji/minji_ws/install/btcpp_ros2_interfaces:/usr/local:/opt/ros/humble LD_LIBRARY_PATH=/home/minji/minji_ws/install/behaviortree_ros2/lib:/home/minji/minji_ws/install/btcpp_ros2_interfaces/lib:${LD_LIBRARY_PATH} PYTHONPATH=/home/minji/minji_ws/install/btcpp_ros2_interfaces/local/lib/python3.10/dist-packages:${PYTHONPATH} /usr/bin/cmake --build /home/minji/minji_ws/build/btcpp_ros2_samples -- -j8 -l8
[0.045s] [35m[1mConsolidate compiler generated dependencies of target subscriber_test[0m
[0.045s] [35m[1mConsolidate compiler generated dependencies of target bool_client[0m
[0.045s] [35m[1mConsolidate compiler generated dependencies of target sleep_plugin[0m
[0.045s] [35m[1mConsolidate compiler generated dependencies of target sleep_client[0m
[0.046s] [35m[1mConsolidate compiler generated dependencies of target sample_bt_executor[0m
[0.046s] [35m[1mConsolidate compiler generated dependencies of target sleep_server[0m
[0.056s] [35m[1mConsolidate compiler generated dependencies of target bool_server[0m
[0.076s] [ 11%] Built target sleep_plugin
[0.078s] [ 27%] Built target sleep_client
[0.079s] [ 44%] Built target bool_client
[0.080s] [ 55%] Built target bool_server
[0.081s] [ 66%] Built target sleep_server
[0.083s] [ 83%] Built target sample_bt_executor
[0.083s] [ 88%] Built target subscriber_test
[0.090s] [35m[1mConsolidate compiler generated dependencies of target sleep_client_dyn[0m
[0.106s] [100%] Built target sleep_client_dyn
[0.114s] Invoked command in '/home/minji/minji_ws/build/btcpp_ros2_samples' returned '0': AMENT_PREFIX_PATH=/home/minji/minji_ws/install/behaviortree_ros2:/home/minji/minji_ws/install/btcpp_ros2_interfaces:${AMENT_PREFIX_PATH} CMAKE_PREFIX_PATH=/home/minji/minji_ws/install/behaviortree_ros2:/home/minji/minji_ws/install/btcpp_ros2_interfaces:/usr/local:/opt/ros/humble LD_LIBRARY_PATH=/home/minji/minji_ws/install/behaviortree_ros2/lib:/home/minji/minji_ws/install/btcpp_ros2_interfaces/lib:${LD_LIBRARY_PATH} PYTHONPATH=/home/minji/minji_ws/install/btcpp_ros2_interfaces/local/lib/python3.10/dist-packages:${PYTHONPATH} /usr/bin/cmake --build /home/minji/minji_ws/build/btcpp_ros2_samples -- -j8 -l8
[0.156s] Invoking command in '/home/minji/minji_ws/build/btcpp_ros2_samples': AMENT_PREFIX_PATH=/home/minji/minji_ws/install/behaviortree_ros2:/home/minji/minji_ws/install/btcpp_ros2_interfaces:${AMENT_PREFIX_PATH} CMAKE_PREFIX_PATH=/home/minji/minji_ws/install/behaviortree_ros2:/home/minji/minji_ws/install/btcpp_ros2_interfaces:/usr/local:/opt/ros/humble LD_LIBRARY_PATH=/home/minji/minji_ws/install/behaviortree_ros2/lib:/home/minji/minji_ws/install/btcpp_ros2_interfaces/lib:${LD_LIBRARY_PATH} PYTHONPATH=/home/minji/minji_ws/install/btcpp_ros2_interfaces/local/lib/python3.10/dist-packages:${PYTHONPATH} /usr/bin/cmake --install /home/minji/minji_ws/build/btcpp_ros2_samples
[0.162s] -- Install configuration: ""
[0.163s] -- Up-to-date: /home/minji/minji_ws/install/btcpp_ros2_samples/lib/btcpp_ros2_samples/sleep_client
[0.163s] -- Up-to-date: /home/minji/minji_ws/install/btcpp_ros2_samples/lib/btcpp_ros2_samples/sleep_client_dyn
[0.163s] -- Up-to-date: /home/minji/minji_ws/install/btcpp_ros2_samples/lib/btcpp_ros2_samples/sleep_server
[0.163s] -- Up-to-date: /home/minji/minji_ws/install/btcpp_ros2_samples/lib/btcpp_ros2_samples/libsleep_plugin.so
[0.163s] -- Up-to-date: /home/minji/minji_ws/install/btcpp_ros2_samples/lib/btcpp_ros2_samples/subscriber_test
[0.164s] -- Up-to-date: /home/minji/minji_ws/install/btcpp_ros2_samples/lib/btcpp_ros2_samples/sample_bt_executor
[0.164s] -- Up-to-date: /home/minji/minji_ws/install/btcpp_ros2_samples/lib/btcpp_ros2_samples/bool_client
[0.164s] -- Up-to-date: /home/minji/minji_ws/install/btcpp_ros2_samples/lib/btcpp_ros2_samples/bool_server
[0.165s] -- Up-to-date: /home/minji/minji_ws/install/btcpp_ros2_samples/share/btcpp_ros2_samples/bt_plugins/libsleep_plugin.so
[0.165s] -- Up-to-date: /home/minji/minji_ws/install/btcpp_ros2_samples/share/btcpp_ros2_samples//behavior_trees
[0.165s] -- Up-to-date: /home/minji/minji_ws/install/btcpp_ros2_samples/share/btcpp_ros2_samples//behavior_trees/sleep_action.xml
[0.165s] -- Up-to-date: /home/minji/minji_ws/install/btcpp_ros2_samples/share/btcpp_ros2_samples//behavior_trees/cross_door.xml
[0.165s] -- Up-to-date: /home/minji/minji_ws/install/btcpp_ros2_samples/share/btcpp_ros2_samples//behavior_trees/door_closed.xml
[0.165s] -- Up-to-date: /home/minji/minji_ws/install/btcpp_ros2_samples/share/btcpp_ros2_samples//config
[0.165s] -- Up-to-date: /home/minji/minji_ws/install/btcpp_ros2_samples/share/btcpp_ros2_samples//config/sample_bt_executor.yaml
[0.165s] -- Up-to-date: /home/minji/minji_ws/install/btcpp_ros2_samples/share/btcpp_ros2_samples//launch
[0.165s] -- Up-to-date: /home/minji/minji_ws/install/btcpp_ros2_samples/share/btcpp_ros2_samples//launch/sample_bt_executor.launch.xml
[0.165s] -- Up-to-date: /home/minji/minji_ws/install/btcpp_ros2_samples/share/ament_index/resource_index/package_run_dependencies/btcpp_ros2_samples
[0.165s] -- Up-to-date: /home/minji/minji_ws/install/btcpp_ros2_samples/share/ament_index/resource_index/parent_prefix_path/btcpp_ros2_samples
[0.166s] -- Up-to-date: /home/minji/minji_ws/install/btcpp_ros2_samples/share/btcpp_ros2_samples/environment/ament_prefix_path.sh
[0.166s] -- Up-to-date: /home/minji/minji_ws/install/btcpp_ros2_samples/share/btcpp_ros2_samples/environment/ament_prefix_path.dsv
[0.166s] -- Up-to-date: /home/minji/minji_ws/install/btcpp_ros2_samples/share/btcpp_ros2_samples/environment/path.sh
[0.166s] -- Up-to-date: /home/minji/minji_ws/install/btcpp_ros2_samples/share/btcpp_ros2_samples/environment/path.dsv
[0.166s] -- Up-to-date: /home/minji/minji_ws/install/btcpp_ros2_samples/share/btcpp_ros2_samples/local_setup.bash
[0.166s] -- Up-to-date: /home/minji/minji_ws/install/btcpp_ros2_samples/share/btcpp_ros2_samples/local_setup.sh
[0.166s] -- Up-to-date: /home/minji/minji_ws/install/btcpp_ros2_samples/share/btcpp_ros2_samples/local_setup.zsh
[0.166s] -- Up-to-date: /home/minji/minji_ws/install/btcpp_ros2_samples/share/btcpp_ros2_samples/local_setup.dsv
[0.166s] -- Installing: /home/minji/minji_ws/install/btcpp_ros2_samples/share/btcpp_ros2_samples/package.dsv
[0.166s] -- Up-to-date: /home/minji/minji_ws/install/btcpp_ros2_samples/share/ament_index/resource_index/packages/btcpp_ros2_samples
[0.166s] -- Up-to-date: /home/minji/minji_ws/install/btcpp_ros2_samples/share/btcpp_ros2_samples/cmake/ament_cmake_export_dependencies-extras.cmake
[0.166s] -- Up-to-date: /home/minji/minji_ws/install/btcpp_ros2_samples/share/btcpp_ros2_samples/cmake/btcpp_ros2_samplesConfig.cmake
[0.166s] -- Up-to-date: /home/minji/minji_ws/install/btcpp_ros2_samples/share/btcpp_ros2_samples/cmake/btcpp_ros2_samplesConfig-version.cmake
[0.166s] -- Up-to-date: /home/minji/minji_ws/install/btcpp_ros2_samples/share/btcpp_ros2_samples/package.xml
[0.171s] Invoked command in '/home/minji/minji_ws/build/btcpp_ros2_samples' returned '0': AMENT_PREFIX_PATH=/home/minji/minji_ws/install/behaviortree_ros2:/home/minji/minji_ws/install/btcpp_ros2_interfaces:${AMENT_PREFIX_PATH} CMAKE_PREFIX_PATH=/home/minji/minji_ws/install/behaviortree_ros2:/home/minji/minji_ws/install/btcpp_ros2_interfaces:/usr/local:/opt/ros/humble LD_LIBRARY_PATH=/home/minji/minji_ws/install/behaviortree_ros2/lib:/home/minji/minji_ws/install/btcpp_ros2_interfaces/lib:${LD_LIBRARY_PATH} PYTHONPATH=/home/minji/minji_ws/install/btcpp_ros2_interfaces/local/lib/python3.10/dist-packages:${PYTHONPATH} /usr/bin/cmake --install /home/minji/minji_ws/build/btcpp_ros2_samples
