[0.627s] Invoking command in '/home/minji/test_folder/Test_in_Simulation/webots_ros2/webots_ros2': AMENT_PREFIX_PATH=/home/minji/test_folder/Test_in_Simulation/install/webots_ros2_tests:/home/minji/test_folder/Test_in_Simulation/install/webots_ros2_universal_robot:/home/minji/test_folder/Test_in_Simulation/install/webots_ros2_turtlebot:/home/minji/test_folder/Test_in_Simulation/install/webots_ros2_tiago:/home/minji/test_folder/Test_in_Simulation/install/webots_ros2_epuck:/home/minji/test_folder/Test_in_Simulation/install/webots_ros2_tesla:/home/minji/test_folder/Test_in_Simulation/install/webots_ros2_mavic:/home/minji/test_folder/Test_in_Simulation/install/webots_ros2_control:/home/minji/test_folder/Test_in_Simulation/install/webots_ros2_driver:/home/minji/test_folder/Test_in_Simulation/install/webots_ros2_msgs:${AMENT_PREFIX_PATH} CMAKE_PREFIX_PATH=/home/minji/test_folder/Test_in_Simulation/install/webots_ros2_control:/home/minji/test_folder/Test_in_Simulation/install/webots_ros2_driver:/home/minji/test_folder/Test_in_Simulation/install/webots_ros2_msgs:${CMAKE_PREFIX_PATH} LD_LIBRARY_PATH=/home/minji/test_folder/Test_in_Simulation/install/webots_ros2_control/lib:/home/minji/test_folder/Test_in_Simulation/install/webots_ros2_driver/lib:/home/minji/test_folder/Test_in_Simulation/install/webots_ros2_msgs/lib:${LD_LIBRARY_PATH} PYTHONPATH=/home/minji/test_folder/Test_in_Simulation/build/webots_ros2/prefix_override:/usr/lib/python3/dist-packages/colcon_core/task/python/colcon_distutils_commands:/home/minji/test_folder/Test_in_Simulation/install/webots_ros2/lib/python3.10/site-packages:/home/minji/test_folder/Test_in_Simulation/install/webots_ros2_tests/lib/python3.10/site-packages:/home/minji/test_folder/Test_in_Simulation/install/webots_ros2_universal_robot/lib/python3.10/site-packages:/home/minji/test_folder/Test_in_Simulation/install/webots_ros2_turtlebot/lib/python3.10/site-packages:/home/minji/test_folder/Test_in_Simulation/install/webots_ros2_tiago/lib/python3.10/site-packages:/home/minji/test_folder/Test_in_Simulation/install/webots_ros2_epuck/lib/python3.10/site-packages:/home/minji/test_folder/Test_in_Simulation/install/webots_ros2_tesla/lib/python3.10/site-packages:/home/minji/test_folder/Test_in_Simulation/install/webots_ros2_mavic/lib/python3.10/site-packages:/home/minji/test_folder/Test_in_Simulation/install/webots_ros2_driver/local/lib/python3.10/dist-packages:/home/minji/test_folder/Test_in_Simulation/install/webots_ros2_msgs/local/lib/python3.10/dist-packages:${PYTHONPATH} /usr/bin/python3 -W ignore:setup.py install is deprecated setup.py egg_info --egg-base ../../build/webots_ros2 build --build-base /home/minji/test_folder/Test_in_Simulation/build/webots_ros2/build install --record /home/minji/test_folder/Test_in_Simulation/build/webots_ros2/install.log --single-version-externally-managed install_data
[0.964s] running egg_info
[0.964s] creating ../../build/webots_ros2/webots_ros2.egg-info
[0.964s] writing ../../build/webots_ros2/webots_ros2.egg-info/PKG-INFO
[0.964s] writing dependency_links to ../../build/webots_ros2/webots_ros2.egg-info/dependency_links.txt
[0.965s] writing requirements to ../../build/webots_ros2/webots_ros2.egg-info/requires.txt
[0.965s] writing top-level names to ../../build/webots_ros2/webots_ros2.egg-info/top_level.txt
[0.965s] writing manifest file '../../build/webots_ros2/webots_ros2.egg-info/SOURCES.txt'
[0.966s] reading manifest file '../../build/webots_ros2/webots_ros2.egg-info/SOURCES.txt'
[0.967s] writing manifest file '../../build/webots_ros2/webots_ros2.egg-info/SOURCES.txt'
[0.967s] running build
[0.967s] running build_py
[0.967s] creating /home/minji/test_folder/Test_in_Simulation/build/webots_ros2/build
[0.968s] creating /home/minji/test_folder/Test_in_Simulation/build/webots_ros2/build/lib
[0.968s] creating /home/minji/test_folder/Test_in_Simulation/build/webots_ros2/build/lib/webots_ros2
[0.968s] copying webots_ros2/__init__.py -> /home/minji/test_folder/Test_in_Simulation/build/webots_ros2/build/lib/webots_ros2
[0.975s] running install
[0.975s] running install_lib
[0.976s] creating /home/minji/test_folder/Test_in_Simulation/install/webots_ros2/lib/python3.10/site-packages/webots_ros2
[0.976s] copying /home/minji/test_folder/Test_in_Simulation/build/webots_ros2/build/lib/webots_ros2/__init__.py -> /home/minji/test_folder/Test_in_Simulation/install/webots_ros2/lib/python3.10/site-packages/webots_ros2
[0.977s] byte-compiling /home/minji/test_folder/Test_in_Simulation/install/webots_ros2/lib/python3.10/site-packages/webots_ros2/__init__.py to __init__.cpython-310.pyc
[0.977s] running install_data
[0.977s] copying package.xml -> /home/minji/test_folder/Test_in_Simulation/install/webots_ros2/share/webots_ros2
[0.977s] creating /home/minji/test_folder/Test_in_Simulation/install/webots_ros2/share/ament_index
[0.977s] creating /home/minji/test_folder/Test_in_Simulation/install/webots_ros2/share/ament_index/resource_index
[0.977s] creating /home/minji/test_folder/Test_in_Simulation/install/webots_ros2/share/ament_index/resource_index/packages
[0.977s] copying resource/webots_ros2 -> /home/minji/test_folder/Test_in_Simulation/install/webots_ros2/share/ament_index/resource_index/packages
[0.977s] running install_egg_info
[0.980s] Copying ../../build/webots_ros2/webots_ros2.egg-info to /home/minji/test_folder/Test_in_Simulation/install/webots_ros2/lib/python3.10/site-packages/webots_ros2-2023.1.2-py3.10.egg-info
[0.980s] running install_scripts
[1.006s] writing list of installed files to '/home/minji/test_folder/Test_in_Simulation/build/webots_ros2/install.log'
[1.033s] Invoked command in '/home/minji/test_folder/Test_in_Simulation/webots_ros2/webots_ros2' returned '0': AMENT_PREFIX_PATH=/home/minji/test_folder/Test_in_Simulation/install/webots_ros2_tests:/home/minji/test_folder/Test_in_Simulation/install/webots_ros2_universal_robot:/home/minji/test_folder/Test_in_Simulation/install/webots_ros2_turtlebot:/home/minji/test_folder/Test_in_Simulation/install/webots_ros2_tiago:/home/minji/test_folder/Test_in_Simulation/install/webots_ros2_epuck:/home/minji/test_folder/Test_in_Simulation/install/webots_ros2_tesla:/home/minji/test_folder/Test_in_Simulation/install/webots_ros2_mavic:/home/minji/test_folder/Test_in_Simulation/install/webots_ros2_control:/home/minji/test_folder/Test_in_Simulation/install/webots_ros2_driver:/home/minji/test_folder/Test_in_Simulation/install/webots_ros2_msgs:${AMENT_PREFIX_PATH} CMAKE_PREFIX_PATH=/home/minji/test_folder/Test_in_Simulation/install/webots_ros2_control:/home/minji/test_folder/Test_in_Simulation/install/webots_ros2_driver:/home/minji/test_folder/Test_in_Simulation/install/webots_ros2_msgs:${CMAKE_PREFIX_PATH} LD_LIBRARY_PATH=/home/minji/test_folder/Test_in_Simulation/install/webots_ros2_control/lib:/home/minji/test_folder/Test_in_Simulation/install/webots_ros2_driver/lib:/home/minji/test_folder/Test_in_Simulation/install/webots_ros2_msgs/lib:${LD_LIBRARY_PATH} PYTHONPATH=/home/minji/test_folder/Test_in_Simulation/build/webots_ros2/prefix_override:/usr/lib/python3/dist-packages/colcon_core/task/python/colcon_distutils_commands:/home/minji/test_folder/Test_in_Simulation/install/webots_ros2/lib/python3.10/site-packages:/home/minji/test_folder/Test_in_Simulation/install/webots_ros2_tests/lib/python3.10/site-packages:/home/minji/test_folder/Test_in_Simulation/install/webots_ros2_universal_robot/lib/python3.10/site-packages:/home/minji/test_folder/Test_in_Simulation/install/webots_ros2_turtlebot/lib/python3.10/site-packages:/home/minji/test_folder/Test_in_Simulation/install/webots_ros2_tiago/lib/python3.10/site-packages:/home/minji/test_folder/Test_in_Simulation/install/webots_ros2_epuck/lib/python3.10/site-packages:/home/minji/test_folder/Test_in_Simulation/install/webots_ros2_tesla/lib/python3.10/site-packages:/home/minji/test_folder/Test_in_Simulation/install/webots_ros2_mavic/lib/python3.10/site-packages:/home/minji/test_folder/Test_in_Simulation/install/webots_ros2_driver/local/lib/python3.10/dist-packages:/home/minji/test_folder/Test_in_Simulation/install/webots_ros2_msgs/local/lib/python3.10/dist-packages:${PYTHONPATH} /usr/bin/python3 -W ignore:setup.py install is deprecated setup.py egg_info --egg-base ../../build/webots_ros2 build --build-base /home/minji/test_folder/Test_in_Simulation/build/webots_ros2/build install --record /home/minji/test_folder/Test_in_Simulation/build/webots_ros2/install.log --single-version-externally-managed install_data
