[0.010s] Invoking command in '/home/minji/test_folder/Test_in_Simulation/build/webots_ros2_driver': CMAKE_PREFIX_PATH=/home/minji/test_folder/Test_in_Simulation/install/webots_ros2_msgs:/home/minji/test_folder/Test_in_Simulation/install/webots_ros2_control:/home/minji/test_folder/Test_in_Simulation/install/webots_ros2_driver:/home/minji/test_folder/Test_in_Simulation/install/btcpp_ros2_samples:/home/minji/test_folder/Test_in_Simulation/install/btcpp_ros2_project:/home/minji/test_folder/Test_in_Simulation/install/behaviortree_ros2:/home/minji/test_folder/Test_in_Simulation/install/btcpp_ros2_interfaces:/home/minji/minji_ws/install/btcpp_ros2_samples:/home/minji/minji_ws/install/behaviortree_ros2:/home/minji/minji_ws/install/btcpp_ros2_interfaces:/home/minji/my_study/install/webots_ros2_control:/home/minji/my_study/install/webots_ros2_driver:/home/minji/my_study/install/webots_ros2_msgs:/usr/local:/home/minji/test_folder/Test_in_Simulation/install/webots_ros2:/home/minji/test_folder/Test_in_Simulation/install/webots_ros2_universal_robot:/home/minji/test_folder/Test_in_Simulation/install/webots_ros2_turtlebot:/home/minji/test_folder/Test_in_Simulation/install/webots_ros2_tiago:/home/minji/test_folder/Test_in_Simulation/install/webots_ros2_tests:/home/minji/test_folder/Test_in_Simulation/install/webots_ros2_tesla:/home/minji/test_folder/Test_in_Simulation/install/webots_ros2_mavic:/home/minji/test_folder/Test_in_Simulation/install/webots_ros2_ld90:/home/minji/test_folder/Test_in_Simulation/install/webots_ros2_epuck:/home/minji/minji_ws/install/webots_ros2:/home/minji/minji_ws/install/webots_ros2_universal_robot:/home/minji/minji_ws/install/webots_ros2_turtlebot:/home/minji/minji_ws/install/webots_ros2_tiago:/home/minji/minji_ws/install/webots_ros2_tests:/home/minji/minji_ws/install/webots_ros2_tesla:/home/minji/minji_ws/install/webots_ros2_mavic:/home/minji/minji_ws/install/webots_ros2_ld90:/home/minji/minji_ws/install/webots_ros2_epuck:/home/minji/minji_ws/install/webots_ros2_control:/home/minji/minji_ws/install/webots_ros2_driver:/home/minji/minji_ws/install/webots_ros2_msgs:/home/minji/minji_ws/install/btcpp_ros2_project:/home/minji/my_study/install/webots_ros2:/home/minji/my_study/install/webots_ros2_universal_robot:/home/minji/my_study/install/webots_ros2_turtlebot:/home/minji/my_study/install/webots_ros2_tiago:/home/minji/my_study/install/webots_ros2_tests:/home/minji/my_study/install/webots_ros2_tesla:/home/minji/my_study/install/webots_ros2_mavic:/home/minji/my_study/install/webots_ros2_ld90:/home/minji/my_study/install/webots_ros2_epuck:/opt/ros/humble LD_LIBRARY_PATH=/home/minji/test_folder/Test_in_Simulation/install/webots_ros2_msgs/lib:/home/minji/test_folder/Test_in_Simulation/install/webots_ros2_control/lib:/home/minji/test_folder/Test_in_Simulation/install/webots_ros2_driver/lib:/home/minji/test_folder/Test_in_Simulation/install/behaviortree_ros2/lib:/home/minji/test_folder/Test_in_Simulation/install/btcpp_ros2_interfaces/lib:/home/minji/minji_ws/install/webots_ros2_control/lib:/home/minji/minji_ws/install/webots_ros2_driver/lib:/home/minji/minji_ws/install/webots_ros2_msgs/lib:/home/minji/minji_ws/install/behaviortree_ros2/lib:/home/minji/minji_ws/install/btcpp_ros2_interfaces/lib:/home/minji/my_study/install/webots_ros2_control/lib:/home/minji/my_study/install/webots_ros2_driver/lib:/home/minji/my_study/install/webots_ros2_msgs/lib:/opt/ros/humble/opt/rviz_ogre_vendor/lib:/opt/ros/humble/lib/x86_64-linux-gnu:/opt/ros/humble/lib /usr/bin/cmake /home/minji/test_folder/Test_in_Simulation/webots_ros2/webots_ros2_driver -DCMAKE_INSTALL_PREFIX=/home/minji/test_folder/Test_in_Simulation/install/webots_ros2_driver
[0.056s] -- The C compiler identification is GNU 11.4.0
[0.100s] -- The CXX compiler identification is GNU 11.4.0
[0.106s] -- Detecting C compiler ABI info
[0.161s] -- Detecting C compiler ABI info - done
[0.166s] -- Check for working C compiler: /usr/bin/cc - skipped
[0.166s] -- Detecting C compile features
[0.167s] -- Detecting C compile features - done
[0.169s] -- Detecting CXX compiler ABI info
[0.229s] -- Detecting CXX compiler ABI info - done
[0.234s] -- Check for working CXX compiler: /usr/bin/c++ - skipped
[0.235s] -- Detecting CXX compile features
[0.235s] -- Detecting CXX compile features - done
[0.238s] -- Found ament_cmake: 1.3.9 (/opt/ros/humble/share/ament_cmake/cmake)
[0.379s] -- Found Python3: /usr/bin/python3 (found version "3.10.12") found components: Interpreter 
[0.481s] -- Found rosgraph_msgs: 1.2.1 (/opt/ros/humble/share/rosgraph_msgs/cmake)
[0.523s] -- Found rosidl_generator_c: 3.1.5 (/opt/ros/humble/share/rosidl_generator_c/cmake)
[0.529s] -- Found rosidl_adapter: 3.1.5 (/opt/ros/humble/share/rosidl_adapter/cmake)
[0.538s] -- Found rosidl_generator_cpp: 3.1.5 (/opt/ros/humble/share/rosidl_generator_cpp/cmake)
[0.550s] -- Using all available rosidl_typesupport_c: rosidl_typesupport_fastrtps_c;rosidl_typesupport_introspection_c
[0.569s] -- Using all available rosidl_typesupport_cpp: rosidl_typesupport_fastrtps_cpp;rosidl_typesupport_introspection_cpp
[0.631s] -- Found rclcpp: 16.0.9 (/opt/ros/humble/share/rclcpp/cmake)
[0.703s] -- Found rmw_implementation_cmake: 6.1.2 (/opt/ros/humble/share/rmw_implementation_cmake/cmake)
[0.709s] -- Found rmw_fastrtps_cpp: 6.2.6 (/opt/ros/humble/share/rmw_fastrtps_cpp/cmake)
[0.820s] -- Found OpenSSL: /usr/lib/x86_64-linux-gnu/libcrypto.so (found version "3.0.2")  
[0.843s] -- Found FastRTPS: /opt/ros/humble/include  
[0.882s] -- Using RMW implementation 'rmw_fastrtps_cpp' as default
[0.895s] -- Looking for pthread.h
[0.952s] -- Looking for pthread.h - found
[0.952s] -- Performing Test CMAKE_HAVE_LIBC_PTHREAD
[1.025s] -- Performing Test CMAKE_HAVE_LIBC_PTHREAD - Success
[1.026s] -- Found Threads: TRUE  
[1.132s] -- Found pluginlib: 5.1.0 (/opt/ros/humble/share/pluginlib/cmake)
[1.162s] -- Found sensor_msgs: 4.2.4 (/opt/ros/humble/share/sensor_msgs/cmake)
[1.254s] -- Found tf2_geometry_msgs: 0.25.7 (/opt/ros/humble/share/tf2_geometry_msgs/cmake)
[1.274s] -- Found eigen3_cmake_module: 0.1.1 (/opt/ros/humble/share/eigen3_cmake_module/cmake)
[1.275s] -- Found Eigen3: TRUE (found version "3.4.0") 
[1.275s] -- Ensuring Eigen3 include directory is part of orocos-kdl CMake target
[1.553s] -- Found vision_msgs: 4.1.1 (/opt/ros/humble/share/vision_msgs/cmake)
[1.598s] -- Found webots_ros2_msgs: 2023.1.2 (/home/minji/test_folder/Test_in_Simulation/install/webots_ros2_msgs/share/webots_ros2_msgs/cmake)
[1.678s] -- Found TinyXML2 via Config file: TinyXML2_DIR-NOTFOUND
[1.942s] -- Found Python: /usr/include/python3.10 (found suitable exact version "3.10.12") found components: Development Development.Module Development.Embed 
[2.200s] -- Configuring done
[2.219s] -- Generating done
[2.221s] -- Build files have been written to: /home/minji/test_folder/Test_in_Simulation/build/webots_ros2_driver
[2.231s] Invoked command in '/home/minji/test_folder/Test_in_Simulation/build/webots_ros2_driver' returned '0': CMAKE_PREFIX_PATH=/home/minji/test_folder/Test_in_Simulation/install/webots_ros2_msgs:/home/minji/test_folder/Test_in_Simulation/install/webots_ros2_control:/home/minji/test_folder/Test_in_Simulation/install/webots_ros2_driver:/home/minji/test_folder/Test_in_Simulation/install/btcpp_ros2_samples:/home/minji/test_folder/Test_in_Simulation/install/btcpp_ros2_project:/home/minji/test_folder/Test_in_Simulation/install/behaviortree_ros2:/home/minji/test_folder/Test_in_Simulation/install/btcpp_ros2_interfaces:/home/minji/minji_ws/install/btcpp_ros2_samples:/home/minji/minji_ws/install/behaviortree_ros2:/home/minji/minji_ws/install/btcpp_ros2_interfaces:/home/minji/my_study/install/webots_ros2_control:/home/minji/my_study/install/webots_ros2_driver:/home/minji/my_study/install/webots_ros2_msgs:/usr/local:/home/minji/test_folder/Test_in_Simulation/install/webots_ros2:/home/minji/test_folder/Test_in_Simulation/install/webots_ros2_universal_robot:/home/minji/test_folder/Test_in_Simulation/install/webots_ros2_turtlebot:/home/minji/test_folder/Test_in_Simulation/install/webots_ros2_tiago:/home/minji/test_folder/Test_in_Simulation/install/webots_ros2_tests:/home/minji/test_folder/Test_in_Simulation/install/webots_ros2_tesla:/home/minji/test_folder/Test_in_Simulation/install/webots_ros2_mavic:/home/minji/test_folder/Test_in_Simulation/install/webots_ros2_ld90:/home/minji/test_folder/Test_in_Simulation/install/webots_ros2_epuck:/home/minji/minji_ws/install/webots_ros2:/home/minji/minji_ws/install/webots_ros2_universal_robot:/home/minji/minji_ws/install/webots_ros2_turtlebot:/home/minji/minji_ws/install/webots_ros2_tiago:/home/minji/minji_ws/install/webots_ros2_tests:/home/minji/minji_ws/install/webots_ros2_tesla:/home/minji/minji_ws/install/webots_ros2_mavic:/home/minji/minji_ws/install/webots_ros2_ld90:/home/minji/minji_ws/install/webots_ros2_epuck:/home/minji/minji_ws/install/webots_ros2_control:/home/minji/minji_ws/install/webots_ros2_driver:/home/minji/minji_ws/install/webots_ros2_msgs:/home/minji/minji_ws/install/btcpp_ros2_project:/home/minji/my_study/install/webots_ros2:/home/minji/my_study/install/webots_ros2_universal_robot:/home/minji/my_study/install/webots_ros2_turtlebot:/home/minji/my_study/install/webots_ros2_tiago:/home/minji/my_study/install/webots_ros2_tests:/home/minji/my_study/install/webots_ros2_tesla:/home/minji/my_study/install/webots_ros2_mavic:/home/minji/my_study/install/webots_ros2_ld90:/home/minji/my_study/install/webots_ros2_epuck:/opt/ros/humble LD_LIBRARY_PATH=/home/minji/test_folder/Test_in_Simulation/install/webots_ros2_msgs/lib:/home/minji/test_folder/Test_in_Simulation/install/webots_ros2_control/lib:/home/minji/test_folder/Test_in_Simulation/install/webots_ros2_driver/lib:/home/minji/test_folder/Test_in_Simulation/install/behaviortree_ros2/lib:/home/minji/test_folder/Test_in_Simulation/install/btcpp_ros2_interfaces/lib:/home/minji/minji_ws/install/webots_ros2_control/lib:/home/minji/minji_ws/install/webots_ros2_driver/lib:/home/minji/minji_ws/install/webots_ros2_msgs/lib:/home/minji/minji_ws/install/behaviortree_ros2/lib:/home/minji/minji_ws/install/btcpp_ros2_interfaces/lib:/home/minji/my_study/install/webots_ros2_control/lib:/home/minji/my_study/install/webots_ros2_driver/lib:/home/minji/my_study/install/webots_ros2_msgs/lib:/opt/ros/humble/opt/rviz_ogre_vendor/lib:/opt/ros/humble/lib/x86_64-linux-gnu:/opt/ros/humble/lib /usr/bin/cmake /home/minji/test_folder/Test_in_Simulation/webots_ros2/webots_ros2_driver -DCMAKE_INSTALL_PREFIX=/home/minji/test_folder/Test_in_Simulation/install/webots_ros2_driver
[2.231s] Invoking command in '/home/minji/test_folder/Test_in_Simulation/build/webots_ros2_driver': CMAKE_PREFIX_PATH=/home/minji/test_folder/Test_in_Simulation/install/webots_ros2_msgs:/home/minji/test_folder/Test_in_Simulation/install/webots_ros2_control:/home/minji/test_folder/Test_in_Simulation/install/webots_ros2_driver:/home/minji/test_folder/Test_in_Simulation/install/btcpp_ros2_samples:/home/minji/test_folder/Test_in_Simulation/install/btcpp_ros2_project:/home/minji/test_folder/Test_in_Simulation/install/behaviortree_ros2:/home/minji/test_folder/Test_in_Simulation/install/btcpp_ros2_interfaces:/home/minji/minji_ws/install/btcpp_ros2_samples:/home/minji/minji_ws/install/behaviortree_ros2:/home/minji/minji_ws/install/btcpp_ros2_interfaces:/home/minji/my_study/install/webots_ros2_control:/home/minji/my_study/install/webots_ros2_driver:/home/minji/my_study/install/webots_ros2_msgs:/usr/local:/home/minji/test_folder/Test_in_Simulation/install/webots_ros2:/home/minji/test_folder/Test_in_Simulation/install/webots_ros2_universal_robot:/home/minji/test_folder/Test_in_Simulation/install/webots_ros2_turtlebot:/home/minji/test_folder/Test_in_Simulation/install/webots_ros2_tiago:/home/minji/test_folder/Test_in_Simulation/install/webots_ros2_tests:/home/minji/test_folder/Test_in_Simulation/install/webots_ros2_tesla:/home/minji/test_folder/Test_in_Simulation/install/webots_ros2_mavic:/home/minji/test_folder/Test_in_Simulation/install/webots_ros2_ld90:/home/minji/test_folder/Test_in_Simulation/install/webots_ros2_epuck:/home/minji/minji_ws/install/webots_ros2:/home/minji/minji_ws/install/webots_ros2_universal_robot:/home/minji/minji_ws/install/webots_ros2_turtlebot:/home/minji/minji_ws/install/webots_ros2_tiago:/home/minji/minji_ws/install/webots_ros2_tests:/home/minji/minji_ws/install/webots_ros2_tesla:/home/minji/minji_ws/install/webots_ros2_mavic:/home/minji/minji_ws/install/webots_ros2_ld90:/home/minji/minji_ws/install/webots_ros2_epuck:/home/minji/minji_ws/install/webots_ros2_control:/home/minji/minji_ws/install/webots_ros2_driver:/home/minji/minji_ws/install/webots_ros2_msgs:/home/minji/minji_ws/install/btcpp_ros2_project:/home/minji/my_study/install/webots_ros2:/home/minji/my_study/install/webots_ros2_universal_robot:/home/minji/my_study/install/webots_ros2_turtlebot:/home/minji/my_study/install/webots_ros2_tiago:/home/minji/my_study/install/webots_ros2_tests:/home/minji/my_study/install/webots_ros2_tesla:/home/minji/my_study/install/webots_ros2_mavic:/home/minji/my_study/install/webots_ros2_ld90:/home/minji/my_study/install/webots_ros2_epuck:/opt/ros/humble LD_LIBRARY_PATH=/home/minji/test_folder/Test_in_Simulation/install/webots_ros2_msgs/lib:/home/minji/test_folder/Test_in_Simulation/install/webots_ros2_control/lib:/home/minji/test_folder/Test_in_Simulation/install/webots_ros2_driver/lib:/home/minji/test_folder/Test_in_Simulation/install/behaviortree_ros2/lib:/home/minji/test_folder/Test_in_Simulation/install/btcpp_ros2_interfaces/lib:/home/minji/minji_ws/install/webots_ros2_control/lib:/home/minji/minji_ws/install/webots_ros2_driver/lib:/home/minji/minji_ws/install/webots_ros2_msgs/lib:/home/minji/minji_ws/install/behaviortree_ros2/lib:/home/minji/minji_ws/install/btcpp_ros2_interfaces/lib:/home/minji/my_study/install/webots_ros2_control/lib:/home/minji/my_study/install/webots_ros2_driver/lib:/home/minji/my_study/install/webots_ros2_msgs/lib:/opt/ros/humble/opt/rviz_ogre_vendor/lib:/opt/ros/humble/lib/x86_64-linux-gnu:/opt/ros/humble/lib /usr/bin/cmake --build /home/minji/test_folder/Test_in_Simulation/build/webots_ros2_driver -- -j8 -l8
[2.278s] [  0%] Built target ament_cmake_python_copy_webots_ros2_driver
[2.278s] [  0%] Built target ament_cmake_python_copy_vehicle
[2.278s] [  0%] Built target ament_cmake_python_copy_controller
[2.502s] running egg_info
[2.503s] running egg_info
[2.503s] creating vehicle.egg-info
[2.503s] running egg_info
[2.503s] writing vehicle.egg-info/PKG-INFO
[2.503s] writing dependency_links to vehicle.egg-info/dependency_links.txt
[2.503s] writing top-level names to vehicle.egg-info/top_level.txt
[2.504s] writing manifest file 'vehicle.egg-info/SOURCES.txt'
[2.504s] creating controller.egg-info
[2.504s] creating webots_ros2_driver.egg-info
[2.504s] writing controller.egg-info/PKG-INFO
[2.504s] writing webots_ros2_driver.egg-info/PKG-INFO
[2.504s] writing dependency_links to controller.egg-info/dependency_links.txt
[2.504s] writing top-level names to controller.egg-info/top_level.txt
[2.504s] writing dependency_links to webots_ros2_driver.egg-info/dependency_links.txt
[2.504s] writing top-level names to webots_ros2_driver.egg-info/top_level.txt
[2.504s] writing manifest file 'controller.egg-info/SOURCES.txt'
[2.504s] writing manifest file 'webots_ros2_driver.egg-info/SOURCES.txt'
[2.505s] reading manifest file 'vehicle.egg-info/SOURCES.txt'
[2.506s] writing manifest file 'vehicle.egg-info/SOURCES.txt'
[2.506s] reading manifest file 'controller.egg-info/SOURCES.txt'
[2.506s] reading manifest file 'webots_ros2_driver.egg-info/SOURCES.txt'
[2.507s] writing manifest file 'webots_ros2_driver.egg-info/SOURCES.txt'
[2.507s] writing manifest file 'controller.egg-info/SOURCES.txt'
[2.532s] [  0%] Built target ament_cmake_python_build_vehicle_egg
[2.532s] [  0%] Built target ament_cmake_python_build_controller_egg
[2.533s] [  0%] Built target ament_cmake_python_build_webots_ros2_driver_egg
[2.708s] [  0%] Built target compile-lib-controller
[2.778s] [  0%] Built target compile-generic-window
[3.143s] [  0%] Built target compile-lib-vehicle
[3.166s] [ 29%] [32mBuilding CXX object CMakeFiles/webots_ros2_driver_imu.dir/src/utils/Utils.cpp.o[0m
[3.166s] [ 29%] [32mBuilding CXX object CMakeFiles/webots_ros2_driver_imu.dir/src/plugins/dynamic/Ros2IMU.cpp.o[0m
[3.166s] [ 29%] [32mBuilding CXX object CMakeFiles/webots_ros2_driver_rgbd.dir/src/utils/Utils.cpp.o[0m
[3.166s] [ 29%] [32mBuilding CXX object CMakeFiles/webots_ros2_driver_rgbd.dir/src/plugins/dynamic/Ros2RGBD.cpp.o[0m
[3.166s] [ 29%] [32mBuilding CXX object CMakeFiles/driver.dir/src/Driver.cpp.o[0m
[3.166s] [ 29%] [32mBuilding CXX object CMakeFiles/driver.dir/src/WebotsNode.cpp.o[0m
[3.166s] [ 29%] [32mBuilding CXX object CMakeFiles/webots_ros2_driver_rgbd.dir/src/plugins/Ros2SensorPlugin.cpp.o[0m
[3.166s] [ 29%] [32mBuilding CXX object CMakeFiles/webots_ros2_driver_imu.dir/src/plugins/Ros2SensorPlugin.cpp.o[0m
[3.590s] [ 33%] [32mBuilding CXX object CMakeFiles/driver.dir/src/PythonPlugin.cpp.o[0m
[3.591s] [ 37%] [32mBuilding CXX object CMakeFiles/driver.dir/src/plugins/Ros2SensorPlugin.cpp.o[0m
