/home/minji/minji_ws/install/webots_ros2_ld90/share/ament_index/resource_index/packages/webots_ros2_ld90
/home/minji/minji_ws/install/webots_ros2_ld90/share/webots_ros2_ld90/protos/LD90.proto
/home/minji/minji_ws/install/webots_ros2_ld90/share/webots_ros2_ld90/protos/LD90RearDistanceSensor.proto
/home/minji/minji_ws/install/webots_ros2_ld90/share/webots_ros2_ld90/protos/SickLms291.proto
/home/minji/minji_ws/install/webots_ros2_ld90/share/webots_ros2_ld90/protos/RPLidar.proto
/home/minji/minji_ws/install/webots_ros2_ld90/share/webots_ros2_ld90/protos/meshes/LD_Platform.STL
/home/minji/minji_ws/install/webots_ros2_ld90/share/webots_ros2_ld90/protos/meshes/rplidar.dae
/home/minji/minji_ws/install/webots_ros2_ld90/share/webots_ros2_ld90/protos/textures/sick_lms291_roughness.jpg
/home/minji/minji_ws/install/webots_ros2_ld90/share/webots_ros2_ld90/protos/textures/sick_lms291.png
/home/minji/minji_ws/install/webots_ros2_ld90/share/webots_ros2_ld90/protos/SalusSuite.proto
/home/minji/minji_ws/install/webots_ros2_ld90/share/webots_ros2_ld90/worlds/my_ld90.wbt
/home/minji/minji_ws/install/webots_ros2_ld90/share/webots_ros2_ld90/worlds/contest.wbt
/home/minji/minji_ws/install/webots_ros2_ld90/share/webots_ros2_ld90/worlds/no_human.wbt
/home/minji/minji_ws/install/webots_ros2_ld90/share/webots_ros2_ld90/resource/ros2control.yaml
/home/minji/minji_ws/install/webots_ros2_ld90/share/webots_ros2_ld90/resource/LD90.urdf
/home/minji/minji_ws/install/webots_ros2_ld90/share/webots_ros2_ld90/launch/robot_launch.py
/home/minji/minji_ws/install/webots_ros2_ld90/lib/webots_ros2_ld90/controllers/my_controller_salus/my_controller_salus.py
/home/minji/minji_ws/install/webots_ros2_ld90/share/webots_ros2_ld90/package.xml
/home/minji/minji_ws/install/webots_ros2_ld90/lib/python3.10/site-packages/webots_ros2_ld90-0.0.0-py3.10.egg-info/top_level.txt
/home/minji/minji_ws/install/webots_ros2_ld90/lib/python3.10/site-packages/webots_ros2_ld90-0.0.0-py3.10.egg-info/zip-safe
/home/minji/minji_ws/install/webots_ros2_ld90/lib/python3.10/site-packages/webots_ros2_ld90-0.0.0-py3.10.egg-info/entry_points.txt
/home/minji/minji_ws/install/webots_ros2_ld90/lib/python3.10/site-packages/webots_ros2_ld90-0.0.0-py3.10.egg-info/requires.txt
/home/minji/minji_ws/install/webots_ros2_ld90/lib/python3.10/site-packages/webots_ros2_ld90-0.0.0-py3.10.egg-info/SOURCES.txt
/home/minji/minji_ws/install/webots_ros2_ld90/lib/python3.10/site-packages/webots_ros2_ld90-0.0.0-py3.10.egg-info/PKG-INFO
/home/minji/minji_ws/install/webots_ros2_ld90/lib/python3.10/site-packages/webots_ros2_ld90-0.0.0-py3.10.egg-info/dependency_links.txt
/home/minji/minji_ws/install/webots_ros2_ld90/lib/webots_ros2_ld90/camera_node
/home/minji/minji_ws/install/webots_ros2_ld90/lib/webots_ros2_ld90/my_controller_ld90
/home/minji/minji_ws/install/webots_ros2_ld90/lib/webots_ros2_ld90/my_controller_salus
