[0.009s] Invoking command in '/home/minji/minji_ws/build/behaviortree_ros2': CMAKE_PREFIX_PATH=/home/minji/minji_ws/install/btcpp_ros2_interfaces:/home/minji/minji_ws/install/webots_ros2_control:/home/minji/minji_ws/install/webots_ros2_driver:/home/minji/minji_ws/install/webots_ros2_msgs:/home/minji/minji_ws/install/btcpp_ros2_samples:/home/minji/minji_ws/install/btcpp_ros2_project:/home/minji/minji_ws/install/behaviortree_ros2:/home/minji/my_study/install/webots_ros2_control:/home/minji/my_study/install/webots_ros2_driver:/home/minji/my_study/install/webots_ros2_msgs:/usr/local:/home/minji/minji_ws/install/webots_ros2:/home/minji/minji_ws/install/webots_ros2_universal_robot:/home/minji/minji_ws/install/webots_ros2_turtlebot:/home/minji/minji_ws/install/webots_ros2_tiago:/home/minji/minji_ws/install/webots_ros2_tests:/home/minji/minji_ws/install/webots_ros2_tesla:/home/minji/minji_ws/install/webots_ros2_mavic:/home/minji/minji_ws/install/webots_ros2_ld90:/home/minji/minji_ws/install/webots_ros2_epuck:/home/minji/my_study/install/webots_ros2:/home/minji/my_study/install/webots_ros2_universal_robot:/home/minji/my_study/install/webots_ros2_turtlebot:/home/minji/my_study/install/webots_ros2_tiago:/home/minji/my_study/install/webots_ros2_tests:/home/minji/my_study/install/webots_ros2_tesla:/home/minji/my_study/install/webots_ros2_mavic:/home/minji/my_study/install/webots_ros2_ld90:/home/minji/my_study/install/webots_ros2_epuck:/opt/ros/humble LD_LIBRARY_PATH=/home/minji/minji_ws/install/btcpp_ros2_interfaces/lib:/home/minji/minji_ws/install/webots_ros2_control/lib:/home/minji/minji_ws/install/webots_ros2_driver/lib:/home/minji/minji_ws/install/webots_ros2_msgs/lib:/home/minji/minji_ws/install/behaviortree_ros2/lib:/home/minji/my_study/install/webots_ros2_control/lib:/home/minji/my_study/install/webots_ros2_driver/lib:/home/minji/my_study/install/webots_ros2_msgs/lib:/opt/ros/humble/opt/rviz_ogre_vendor/lib:/opt/ros/humble/lib/x86_64-linux-gnu:/opt/ros/humble/lib /usr/bin/cmake --build /home/minji/minji_ws/build/behaviortree_ros2 -- -j8 -l8
[0.061s] [ 20%] Built target bt_executor_parameters
[0.121s] [100%] Built target behaviortree_ros2
[0.129s] Invoked command in '/home/minji/minji_ws/build/behaviortree_ros2' returned '0': CMAKE_PREFIX_PATH=/home/minji/minji_ws/install/btcpp_ros2_interfaces:/home/minji/minji_ws/install/webots_ros2_control:/home/minji/minji_ws/install/webots_ros2_driver:/home/minji/minji_ws/install/webots_ros2_msgs:/home/minji/minji_ws/install/btcpp_ros2_samples:/home/minji/minji_ws/install/btcpp_ros2_project:/home/minji/minji_ws/install/behaviortree_ros2:/home/minji/my_study/install/webots_ros2_control:/home/minji/my_study/install/webots_ros2_driver:/home/minji/my_study/install/webots_ros2_msgs:/usr/local:/home/minji/minji_ws/install/webots_ros2:/home/minji/minji_ws/install/webots_ros2_universal_robot:/home/minji/minji_ws/install/webots_ros2_turtlebot:/home/minji/minji_ws/install/webots_ros2_tiago:/home/minji/minji_ws/install/webots_ros2_tests:/home/minji/minji_ws/install/webots_ros2_tesla:/home/minji/minji_ws/install/webots_ros2_mavic:/home/minji/minji_ws/install/webots_ros2_ld90:/home/minji/minji_ws/install/webots_ros2_epuck:/home/minji/my_study/install/webots_ros2:/home/minji/my_study/install/webots_ros2_universal_robot:/home/minji/my_study/install/webots_ros2_turtlebot:/home/minji/my_study/install/webots_ros2_tiago:/home/minji/my_study/install/webots_ros2_tests:/home/minji/my_study/install/webots_ros2_tesla:/home/minji/my_study/install/webots_ros2_mavic:/home/minji/my_study/install/webots_ros2_ld90:/home/minji/my_study/install/webots_ros2_epuck:/opt/ros/humble LD_LIBRARY_PATH=/home/minji/minji_ws/install/btcpp_ros2_interfaces/lib:/home/minji/minji_ws/install/webots_ros2_control/lib:/home/minji/minji_ws/install/webots_ros2_driver/lib:/home/minji/minji_ws/install/webots_ros2_msgs/lib:/home/minji/minji_ws/install/behaviortree_ros2/lib:/home/minji/my_study/install/webots_ros2_control/lib:/home/minji/my_study/install/webots_ros2_driver/lib:/home/minji/my_study/install/webots_ros2_msgs/lib:/opt/ros/humble/opt/rviz_ogre_vendor/lib:/opt/ros/humble/lib/x86_64-linux-gnu:/opt/ros/humble/lib /usr/bin/cmake --build /home/minji/minji_ws/build/behaviortree_ros2 -- -j8 -l8
[0.155s] Invoking command in '/home/minji/minji_ws/build/behaviortree_ros2': CMAKE_PREFIX_PATH=/home/minji/minji_ws/install/btcpp_ros2_interfaces:/home/minji/minji_ws/install/webots_ros2_control:/home/minji/minji_ws/install/webots_ros2_driver:/home/minji/minji_ws/install/webots_ros2_msgs:/home/minji/minji_ws/install/btcpp_ros2_samples:/home/minji/minji_ws/install/btcpp_ros2_project:/home/minji/minji_ws/install/behaviortree_ros2:/home/minji/my_study/install/webots_ros2_control:/home/minji/my_study/install/webots_ros2_driver:/home/minji/my_study/install/webots_ros2_msgs:/usr/local:/home/minji/minji_ws/install/webots_ros2:/home/minji/minji_ws/install/webots_ros2_universal_robot:/home/minji/minji_ws/install/webots_ros2_turtlebot:/home/minji/minji_ws/install/webots_ros2_tiago:/home/minji/minji_ws/install/webots_ros2_tests:/home/minji/minji_ws/install/webots_ros2_tesla:/home/minji/minji_ws/install/webots_ros2_mavic:/home/minji/minji_ws/install/webots_ros2_ld90:/home/minji/minji_ws/install/webots_ros2_epuck:/home/minji/my_study/install/webots_ros2:/home/minji/my_study/install/webots_ros2_universal_robot:/home/minji/my_study/install/webots_ros2_turtlebot:/home/minji/my_study/install/webots_ros2_tiago:/home/minji/my_study/install/webots_ros2_tests:/home/minji/my_study/install/webots_ros2_tesla:/home/minji/my_study/install/webots_ros2_mavic:/home/minji/my_study/install/webots_ros2_ld90:/home/minji/my_study/install/webots_ros2_epuck:/opt/ros/humble LD_LIBRARY_PATH=/home/minji/minji_ws/install/btcpp_ros2_interfaces/lib:/home/minji/minji_ws/install/webots_ros2_control/lib:/home/minji/minji_ws/install/webots_ros2_driver/lib:/home/minji/minji_ws/install/webots_ros2_msgs/lib:/home/minji/minji_ws/install/behaviortree_ros2/lib:/home/minji/my_study/install/webots_ros2_control/lib:/home/minji/my_study/install/webots_ros2_driver/lib:/home/minji/my_study/install/webots_ros2_msgs/lib:/opt/ros/humble/opt/rviz_ogre_vendor/lib:/opt/ros/humble/lib/x86_64-linux-gnu:/opt/ros/humble/lib /usr/bin/cmake --install /home/minji/minji_ws/build/behaviortree_ros2
[0.161s] -- Install configuration: ""
[0.161s] -- Up-to-date: /home/minji/minji_ws/install/behaviortree_ros2/include/bt_executor_parameters
[0.161s] -- Up-to-date: /home/minji/minji_ws/install/behaviortree_ros2/include/bt_executor_parameters/bt_executor_parameters.hpp
[0.162s] -- Up-to-date: /home/minji/minji_ws/install/behaviortree_ros2/include/
[0.162s] -- Up-to-date: /home/minji/minji_ws/install/behaviortree_ros2/include//behaviortree_ros2
[0.162s] -- Up-to-date: /home/minji/minji_ws/install/behaviortree_ros2/include//behaviortree_ros2/bt_topic_pub_node.hpp
[0.162s] -- Up-to-date: /home/minji/minji_ws/install/behaviortree_ros2/include//behaviortree_ros2/bt_action_node.hpp
[0.162s] -- Up-to-date: /home/minji/minji_ws/install/behaviortree_ros2/include//behaviortree_ros2/plugins.hpp
[0.162s] -- Up-to-date: /home/minji/minji_ws/install/behaviortree_ros2/include//behaviortree_ros2/bt_service_node.hpp
[0.162s] -- Up-to-date: /home/minji/minji_ws/install/behaviortree_ros2/include//behaviortree_ros2/bt_utils.hpp
[0.162s] -- Up-to-date: /home/minji/minji_ws/install/behaviortree_ros2/include//behaviortree_ros2/ros_node_params.hpp
[0.162s] -- Up-to-date: /home/minji/minji_ws/install/behaviortree_ros2/include//behaviortree_ros2/bt_topic_sub_node.hpp
[0.163s] -- Up-to-date: /home/minji/minji_ws/install/behaviortree_ros2/include//behaviortree_ros2/tree_execution_server.hpp
[0.163s] -- Up-to-date: /home/minji/minji_ws/install/behaviortree_ros2/share/behaviortree_ros2/environment/library_path.sh
[0.163s] -- Up-to-date: /home/minji/minji_ws/install/behaviortree_ros2/share/behaviortree_ros2/environment/library_path.dsv
[0.163s] -- Up-to-date: /home/minji/minji_ws/install/behaviortree_ros2/lib/libbehaviortree_ros2.a
[0.163s] -- Up-to-date: /home/minji/minji_ws/install/behaviortree_ros2/share/ament_index/resource_index/package_run_dependencies/behaviortree_ros2
[0.163s] -- Up-to-date: /home/minji/minji_ws/install/behaviortree_ros2/share/ament_index/resource_index/parent_prefix_path/behaviortree_ros2
[0.163s] -- Up-to-date: /home/minji/minji_ws/install/behaviortree_ros2/share/behaviortree_ros2/environment/ament_prefix_path.sh
[0.163s] -- Up-to-date: /home/minji/minji_ws/install/behaviortree_ros2/share/behaviortree_ros2/environment/ament_prefix_path.dsv
[0.163s] -- Up-to-date: /home/minji/minji_ws/install/behaviortree_ros2/share/behaviortree_ros2/environment/path.sh
[0.163s] -- Up-to-date: /home/minji/minji_ws/install/behaviortree_ros2/share/behaviortree_ros2/environment/path.dsv
[0.163s] -- Up-to-date: /home/minji/minji_ws/install/behaviortree_ros2/share/behaviortree_ros2/local_setup.bash
[0.163s] -- Up-to-date: /home/minji/minji_ws/install/behaviortree_ros2/share/behaviortree_ros2/local_setup.sh
[0.163s] -- Up-to-date: /home/minji/minji_ws/install/behaviortree_ros2/share/behaviortree_ros2/local_setup.zsh
[0.163s] -- Up-to-date: /home/minji/minji_ws/install/behaviortree_ros2/share/behaviortree_ros2/local_setup.dsv
[0.163s] -- Installing: /home/minji/minji_ws/install/behaviortree_ros2/share/behaviortree_ros2/package.dsv
[0.163s] -- Up-to-date: /home/minji/minji_ws/install/behaviortree_ros2/share/ament_index/resource_index/packages/behaviortree_ros2
[0.164s] -- Up-to-date: /home/minji/minji_ws/install/behaviortree_ros2/share/behaviortree_ros2/cmake/behaviortree_ros2TargetsExport.cmake
[0.164s] -- Up-to-date: /home/minji/minji_ws/install/behaviortree_ros2/share/behaviortree_ros2/cmake/behaviortree_ros2TargetsExport-noconfig.cmake
[0.164s] -- Up-to-date: /home/minji/minji_ws/install/behaviortree_ros2/share/behaviortree_ros2/cmake/ament_cmake_export_targets-extras.cmake
[0.164s] -- Up-to-date: /home/minji/minji_ws/install/behaviortree_ros2/share/behaviortree_ros2/cmake/ament_cmake_export_dependencies-extras.cmake
[0.164s] -- Up-to-date: /home/minji/minji_ws/install/behaviortree_ros2/share/behaviortree_ros2/cmake/ament_cmake_export_include_directories-extras.cmake
[0.164s] -- Up-to-date: /home/minji/minji_ws/install/behaviortree_ros2/share/behaviortree_ros2/cmake/ament_cmake_export_libraries-extras.cmake
[0.164s] -- Up-to-date: /home/minji/minji_ws/install/behaviortree_ros2/share/behaviortree_ros2/cmake/behaviortree_ros2Config.cmake
[0.165s] -- Up-to-date: /home/minji/minji_ws/install/behaviortree_ros2/share/behaviortree_ros2/cmake/behaviortree_ros2Config-version.cmake
[0.165s] -- Up-to-date: /home/minji/minji_ws/install/behaviortree_ros2/share/behaviortree_ros2/package.xml
[0.166s] Invoked command in '/home/minji/minji_ws/build/behaviortree_ros2' returned '0': CMAKE_PREFIX_PATH=/home/minji/minji_ws/install/btcpp_ros2_interfaces:/home/minji/minji_ws/install/webots_ros2_control:/home/minji/minji_ws/install/webots_ros2_driver:/home/minji/minji_ws/install/webots_ros2_msgs:/home/minji/minji_ws/install/btcpp_ros2_samples:/home/minji/minji_ws/install/btcpp_ros2_project:/home/minji/minji_ws/install/behaviortree_ros2:/home/minji/my_study/install/webots_ros2_control:/home/minji/my_study/install/webots_ros2_driver:/home/minji/my_study/install/webots_ros2_msgs:/usr/local:/home/minji/minji_ws/install/webots_ros2:/home/minji/minji_ws/install/webots_ros2_universal_robot:/home/minji/minji_ws/install/webots_ros2_turtlebot:/home/minji/minji_ws/install/webots_ros2_tiago:/home/minji/minji_ws/install/webots_ros2_tests:/home/minji/minji_ws/install/webots_ros2_tesla:/home/minji/minji_ws/install/webots_ros2_mavic:/home/minji/minji_ws/install/webots_ros2_ld90:/home/minji/minji_ws/install/webots_ros2_epuck:/home/minji/my_study/install/webots_ros2:/home/minji/my_study/install/webots_ros2_universal_robot:/home/minji/my_study/install/webots_ros2_turtlebot:/home/minji/my_study/install/webots_ros2_tiago:/home/minji/my_study/install/webots_ros2_tests:/home/minji/my_study/install/webots_ros2_tesla:/home/minji/my_study/install/webots_ros2_mavic:/home/minji/my_study/install/webots_ros2_ld90:/home/minji/my_study/install/webots_ros2_epuck:/opt/ros/humble LD_LIBRARY_PATH=/home/minji/minji_ws/install/btcpp_ros2_interfaces/lib:/home/minji/minji_ws/install/webots_ros2_control/lib:/home/minji/minji_ws/install/webots_ros2_driver/lib:/home/minji/minji_ws/install/webots_ros2_msgs/lib:/home/minji/minji_ws/install/behaviortree_ros2/lib:/home/minji/my_study/install/webots_ros2_control/lib:/home/minji/my_study/install/webots_ros2_driver/lib:/home/minji/my_study/install/webots_ros2_msgs/lib:/opt/ros/humble/opt/rviz_ogre_vendor/lib:/opt/ros/humble/lib/x86_64-linux-gnu:/opt/ros/humble/lib /usr/bin/cmake --install /home/minji/minji_ws/build/behaviortree_ros2
