[0.013s] Invoking command in '/home/minji/test_folder/Test_in_Simulation/build/webots_ros2_msgs': CMAKE_PREFIX_PATH=${CMAKE_PREFIX_PATH}:/home/minji/minji_ws/install/webots_ros2:/home/minji/minji_ws/install/webots_ros2_universal_robot:/home/minji/minji_ws/install/webots_ros2_turtlebot:/home/minji/minji_ws/install/webots_ros2_tiago:/home/minji/minji_ws/install/webots_ros2_tests:/home/minji/minji_ws/install/webots_ros2_tesla:/home/minji/minji_ws/install/webots_ros2_mavic:/home/minji/minji_ws/install/webots_ros2_ld90:/home/minji/minji_ws/install/webots_ros2_epuck:/home/minji/test_folder/Test_in_Simulation/install/webots_ros2:/home/minji/test_folder/Test_in_Simulation/install/webots_ros2_universal_robot:/home/minji/test_folder/Test_in_Simulation/install/webots_ros2_turtlebot:/home/minji/test_folder/Test_in_Simulation/install/webots_ros2_tiago:/home/minji/test_folder/Test_in_Simulation/install/webots_ros2_tests:/home/minji/test_folder/Test_in_Simulation/install/webots_ros2_tesla:/home/minji/test_folder/Test_in_Simulation/install/webots_ros2_mavic:/home/minji/test_folder/Test_in_Simulation/install/webots_ros2_ld90:/home/minji/test_folder/Test_in_Simulation/install/webots_ros2_epuck:/home/minji/my_study/install/webots_ros2:/home/minji/my_study/install/webots_ros2_universal_robot:/home/minji/my_study/install/webots_ros2_turtlebot:/home/minji/my_study/install/webots_ros2_tiago:/home/minji/my_study/install/webots_ros2_tests:/home/minji/my_study/install/webots_ros2_tesla:/home/minji/my_study/install/webots_ros2_mavic:/home/minji/my_study/install/webots_ros2_ld90:/home/minji/my_study/install/webots_ros2_epuck:/opt/ros/humble /usr/bin/cmake --build /home/minji/test_folder/Test_in_Simulation/build/webots_ros2_msgs -- -j8 -l8
[0.128s] [  0%] Built target webots_ros2_msgs__cpp
[0.142s] [  0%] Built target ament_cmake_python_copy_webots_ros2_msgs
[0.145s] [ 12%] Built target webots_ros2_msgs__rosidl_generator_c
[0.163s] [ 35%] Built target webots_ros2_msgs__rosidl_typesupport_cpp
[0.163s] [ 40%] Built target webots_ros2_msgs__rosidl_typesupport_fastrtps_cpp
[0.163s] [ 47%] Built target webots_ros2_msgs__rosidl_typesupport_introspection_cpp
[0.169s] [ 59%] Built target webots_ros2_msgs__rosidl_typesupport_c
[0.173s] [ 82%] Built target webots_ros2_msgs__rosidl_typesupport_fastrtps_c
[0.173s] [ 83%] Built target webots_ros2_msgs__rosidl_typesupport_introspection_c
[0.190s] [ 83%] Built target webots_ros2_msgs
[0.208s] [ 84%] Built target webots_ros2_msgs__py
[0.236s] [ 95%] Built target webots_ros2_msgs__rosidl_generator_py
[0.255s] [ 98%] Built target webots_ros2_msgs__rosidl_typesupport_c__pyext
[0.255s] [ 99%] Built target webots_ros2_msgs__rosidl_typesupport_introspection_c__pyext
[0.256s] [100%] Built target webots_ros2_msgs__rosidl_typesupport_fastrtps_c__pyext
[0.367s] running egg_info
[0.368s] writing webots_ros2_msgs.egg-info/PKG-INFO
[0.368s] writing dependency_links to webots_ros2_msgs.egg-info/dependency_links.txt
[0.368s] writing top-level names to webots_ros2_msgs.egg-info/top_level.txt
[0.370s] reading manifest file 'webots_ros2_msgs.egg-info/SOURCES.txt'
[0.371s] writing manifest file 'webots_ros2_msgs.egg-info/SOURCES.txt'
[0.389s] [100%] Built target ament_cmake_python_build_webots_ros2_msgs_egg
[0.398s] Invoked command in '/home/minji/test_folder/Test_in_Simulation/build/webots_ros2_msgs' returned '0': CMAKE_PREFIX_PATH=${CMAKE_PREFIX_PATH}:/home/minji/minji_ws/install/webots_ros2:/home/minji/minji_ws/install/webots_ros2_universal_robot:/home/minji/minji_ws/install/webots_ros2_turtlebot:/home/minji/minji_ws/install/webots_ros2_tiago:/home/minji/minji_ws/install/webots_ros2_tests:/home/minji/minji_ws/install/webots_ros2_tesla:/home/minji/minji_ws/install/webots_ros2_mavic:/home/minji/minji_ws/install/webots_ros2_ld90:/home/minji/minji_ws/install/webots_ros2_epuck:/home/minji/test_folder/Test_in_Simulation/install/webots_ros2:/home/minji/test_folder/Test_in_Simulation/install/webots_ros2_universal_robot:/home/minji/test_folder/Test_in_Simulation/install/webots_ros2_turtlebot:/home/minji/test_folder/Test_in_Simulation/install/webots_ros2_tiago:/home/minji/test_folder/Test_in_Simulation/install/webots_ros2_tests:/home/minji/test_folder/Test_in_Simulation/install/webots_ros2_tesla:/home/minji/test_folder/Test_in_Simulation/install/webots_ros2_mavic:/home/minji/test_folder/Test_in_Simulation/install/webots_ros2_ld90:/home/minji/test_folder/Test_in_Simulation/install/webots_ros2_epuck:/home/minji/my_study/install/webots_ros2:/home/minji/my_study/install/webots_ros2_universal_robot:/home/minji/my_study/install/webots_ros2_turtlebot:/home/minji/my_study/install/webots_ros2_tiago:/home/minji/my_study/install/webots_ros2_tests:/home/minji/my_study/install/webots_ros2_tesla:/home/minji/my_study/install/webots_ros2_mavic:/home/minji/my_study/install/webots_ros2_ld90:/home/minji/my_study/install/webots_ros2_epuck:/opt/ros/humble /usr/bin/cmake --build /home/minji/test_folder/Test_in_Simulation/build/webots_ros2_msgs -- -j8 -l8
[1.049s] Invoking command in '/home/minji/test_folder/Test_in_Simulation/build/webots_ros2_msgs': CMAKE_PREFIX_PATH=${CMAKE_PREFIX_PATH}:/home/minji/minji_ws/install/webots_ros2:/home/minji/minji_ws/install/webots_ros2_universal_robot:/home/minji/minji_ws/install/webots_ros2_turtlebot:/home/minji/minji_ws/install/webots_ros2_tiago:/home/minji/minji_ws/install/webots_ros2_tests:/home/minji/minji_ws/install/webots_ros2_tesla:/home/minji/minji_ws/install/webots_ros2_mavic:/home/minji/minji_ws/install/webots_ros2_ld90:/home/minji/minji_ws/install/webots_ros2_epuck:/home/minji/test_folder/Test_in_Simulation/install/webots_ros2:/home/minji/test_folder/Test_in_Simulation/install/webots_ros2_universal_robot:/home/minji/test_folder/Test_in_Simulation/install/webots_ros2_turtlebot:/home/minji/test_folder/Test_in_Simulation/install/webots_ros2_tiago:/home/minji/test_folder/Test_in_Simulation/install/webots_ros2_tests:/home/minji/test_folder/Test_in_Simulation/install/webots_ros2_tesla:/home/minji/test_folder/Test_in_Simulation/install/webots_ros2_mavic:/home/minji/test_folder/Test_in_Simulation/install/webots_ros2_ld90:/home/minji/test_folder/Test_in_Simulation/install/webots_ros2_epuck:/home/minji/my_study/install/webots_ros2:/home/minji/my_study/install/webots_ros2_universal_robot:/home/minji/my_study/install/webots_ros2_turtlebot:/home/minji/my_study/install/webots_ros2_tiago:/home/minji/my_study/install/webots_ros2_tests:/home/minji/my_study/install/webots_ros2_tesla:/home/minji/my_study/install/webots_ros2_mavic:/home/minji/my_study/install/webots_ros2_ld90:/home/minji/my_study/install/webots_ros2_epuck:/opt/ros/humble /usr/bin/cmake --install /home/minji/test_folder/Test_in_Simulation/build/webots_ros2_msgs
[1.061s] -- Install configuration: ""
[1.062s] -- Up-to-date: /home/minji/test_folder/Test_in_Simulation/install/webots_ros2_msgs/share/ament_index/resource_index/rosidl_interfaces/webots_ros2_msgs
[1.062s] -- Up-to-date: /home/minji/test_folder/Test_in_Simulation/install/webots_ros2_msgs/include/webots_ros2_msgs/webots_ros2_msgs
[1.062s] -- Up-to-date: /home/minji/test_folder/Test_in_Simulation/install/webots_ros2_msgs/include/webots_ros2_msgs/webots_ros2_msgs/msg
[1.062s] -- Up-to-date: /home/minji/test_folder/Test_in_Simulation/install/webots_ros2_msgs/include/webots_ros2_msgs/webots_ros2_msgs/msg/string_stamped.h
[1.062s] -- Up-to-date: /home/minji/test_folder/Test_in_Simulation/install/webots_ros2_msgs/include/webots_ros2_msgs/webots_ros2_msgs/msg/bool_stamped.h
[1.062s] -- Up-to-date: /home/minji/test_folder/Test_in_Simulation/install/webots_ros2_msgs/include/webots_ros2_msgs/webots_ros2_msgs/msg/camera_recognition_objects.h
[1.062s] -- Up-to-date: /home/minji/test_folder/Test_in_Simulation/install/webots_ros2_msgs/include/webots_ros2_msgs/webots_ros2_msgs/msg/pen_ink_properties.h
[1.063s] -- Up-to-date: /home/minji/test_folder/Test_in_Simulation/install/webots_ros2_msgs/include/webots_ros2_msgs/webots_ros2_msgs/msg/detail
[1.063s] -- Up-to-date: /home/minji/test_folder/Test_in_Simulation/install/webots_ros2_msgs/include/webots_ros2_msgs/webots_ros2_msgs/msg/detail/camera_recognition_objects__functions.c
[1.063s] -- Up-to-date: /home/minji/test_folder/Test_in_Simulation/install/webots_ros2_msgs/include/webots_ros2_msgs/webots_ros2_msgs/msg/detail/camera_recognition_object__struct.h
[1.063s] -- Up-to-date: /home/minji/test_folder/Test_in_Simulation/install/webots_ros2_msgs/include/webots_ros2_msgs/webots_ros2_msgs/msg/detail/bool_stamped__functions.h
[1.063s] -- Up-to-date: /home/minji/test_folder/Test_in_Simulation/install/webots_ros2_msgs/include/webots_ros2_msgs/webots_ros2_msgs/msg/detail/camera_recognition_objects__functions.h
[1.063s] -- Up-to-date: /home/minji/test_folder/Test_in_Simulation/install/webots_ros2_msgs/include/webots_ros2_msgs/webots_ros2_msgs/msg/detail/urdf_robot__functions.h
[1.063s] -- Up-to-date: /home/minji/test_folder/Test_in_Simulation/install/webots_ros2_msgs/include/webots_ros2_msgs/webots_ros2_msgs/msg/detail/string_stamped__struct.h
[1.063s] -- Up-to-date: /home/minji/test_folder/Test_in_Simulation/install/webots_ros2_msgs/include/webots_ros2_msgs/webots_ros2_msgs/msg/detail/urdf_robot__type_support.h
[1.063s] -- Up-to-date: /home/minji/test_folder/Test_in_Simulation/install/webots_ros2_msgs/include/webots_ros2_msgs/webots_ros2_msgs/msg/detail/bool_stamped__struct.h
[1.063s] -- Up-to-date: /home/minji/test_folder/Test_in_Simulation/install/webots_ros2_msgs/include/webots_ros2_msgs/webots_ros2_msgs/msg/detail/camera_recognition_object__type_support.h
[1.064s] -- Up-to-date: /home/minji/test_folder/Test_in_Simulation/install/webots_ros2_msgs/include/webots_ros2_msgs/webots_ros2_msgs/msg/detail/bool_stamped__functions.c
[1.064s] -- Up-to-date: /home/minji/test_folder/Test_in_Simulation/install/webots_ros2_msgs/include/webots_ros2_msgs/webots_ros2_msgs/msg/detail/float_stamped__functions.h
[1.064s] -- Up-to-date: /home/minji/test_folder/Test_in_Simulation/install/webots_ros2_msgs/include/webots_ros2_msgs/webots_ros2_msgs/msg/detail/urdf_robot__functions.c
[1.064s] -- Up-to-date: /home/minji/test_folder/Test_in_Simulation/install/webots_ros2_msgs/include/webots_ros2_msgs/webots_ros2_msgs/msg/detail/float_stamped__functions.c
[1.064s] -- Up-to-date: /home/minji/test_folder/Test_in_Simulation/install/webots_ros2_msgs/include/webots_ros2_msgs/webots_ros2_msgs/msg/detail/urdf_robot__struct.h
[1.064s] -- Up-to-date: /home/minji/test_folder/Test_in_Simulation/install/webots_ros2_msgs/include/webots_ros2_msgs/webots_ros2_msgs/msg/detail/string_stamped__type_support.h
[1.064s] -- Up-to-date: /home/minji/test_folder/Test_in_Simulation/install/webots_ros2_msgs/include/webots_ros2_msgs/webots_ros2_msgs/msg/detail/camera_recognition_objects__struct.h
[1.064s] -- Up-to-date: /home/minji/test_folder/Test_in_Simulation/install/webots_ros2_msgs/include/webots_ros2_msgs/webots_ros2_msgs/msg/detail/string_stamped__functions.h
[1.064s] -- Up-to-date: /home/minji/test_folder/Test_in_Simulation/install/webots_ros2_msgs/include/webots_ros2_msgs/webots_ros2_msgs/msg/detail/pen_ink_properties__struct.h
[1.064s] -- Up-to-date: /home/minji/test_folder/Test_in_Simulation/install/webots_ros2_msgs/include/webots_ros2_msgs/webots_ros2_msgs/msg/detail/pen_ink_properties__type_support.h
[1.064s] -- Up-to-date: /home/minji/test_folder/Test_in_Simulation/install/webots_ros2_msgs/include/webots_ros2_msgs/webots_ros2_msgs/msg/detail/camera_recognition_object__functions.h
[1.064s] -- Up-to-date: /home/minji/test_folder/Test_in_Simulation/install/webots_ros2_msgs/include/webots_ros2_msgs/webots_ros2_msgs/msg/detail/camera_recognition_objects__type_support.h
[1.064s] -- Up-to-date: /home/minji/test_folder/Test_in_Simulation/install/webots_ros2_msgs/include/webots_ros2_msgs/webots_ros2_msgs/msg/detail/float_stamped__struct.h
[1.064s] -- Up-to-date: /home/minji/test_folder/Test_in_Simulation/install/webots_ros2_msgs/include/webots_ros2_msgs/webots_ros2_msgs/msg/detail/string_stamped__functions.c
[1.064s] -- Up-to-date: /home/minji/test_folder/Test_in_Simulation/install/webots_ros2_msgs/include/webots_ros2_msgs/webots_ros2_msgs/msg/detail/camera_recognition_object__functions.c
[1.064s] -- Up-to-date: /home/minji/test_folder/Test_in_Simulation/install/webots_ros2_msgs/include/webots_ros2_msgs/webots_ros2_msgs/msg/detail/pen_ink_properties__functions.c
[1.065s] -- Up-to-date: /home/minji/test_folder/Test_in_Simulation/install/webots_ros2_msgs/include/webots_ros2_msgs/webots_ros2_msgs/msg/detail/pen_ink_properties__functions.h
[1.065s] -- Up-to-date: /home/minji/test_folder/Test_in_Simulation/install/webots_ros2_msgs/include/webots_ros2_msgs/webots_ros2_msgs/msg/detail/bool_stamped__type_support.h
[1.065s] -- Up-to-date: /home/minji/test_folder/Test_in_Simulation/install/webots_ros2_msgs/include/webots_ros2_msgs/webots_ros2_msgs/msg/detail/float_stamped__type_support.h
[1.065s] -- Up-to-date: /home/minji/test_folder/Test_in_Simulation/install/webots_ros2_msgs/include/webots_ros2_msgs/webots_ros2_msgs/msg/urdf_robot.h
[1.065s] -- Up-to-date: /home/minji/test_folder/Test_in_Simulation/install/webots_ros2_msgs/include/webots_ros2_msgs/webots_ros2_msgs/msg/camera_recognition_object.h
[1.065s] -- Up-to-date: /home/minji/test_folder/Test_in_Simulation/install/webots_ros2_msgs/include/webots_ros2_msgs/webots_ros2_msgs/msg/float_stamped.h
[1.065s] -- Up-to-date: /home/minji/test_folder/Test_in_Simulation/install/webots_ros2_msgs/include/webots_ros2_msgs/webots_ros2_msgs/msg/rosidl_generator_c__visibility_control.h
[1.065s] -- Up-to-date: /home/minji/test_folder/Test_in_Simulation/install/webots_ros2_msgs/include/webots_ros2_msgs/webots_ros2_msgs/srv
[1.065s] -- Up-to-date: /home/minji/test_folder/Test_in_Simulation/install/webots_ros2_msgs/include/webots_ros2_msgs/webots_ros2_msgs/srv/spawn_node_from_string.h
[1.065s] -- Up-to-date: /home/minji/test_folder/Test_in_Simulation/install/webots_ros2_msgs/include/webots_ros2_msgs/webots_ros2_msgs/srv/spawn_urdf_robot.h
[1.065s] -- Up-to-date: /home/minji/test_folder/Test_in_Simulation/install/webots_ros2_msgs/include/webots_ros2_msgs/webots_ros2_msgs/srv/get_bool.h
[1.065s] -- Up-to-date: /home/minji/test_folder/Test_in_Simulation/install/webots_ros2_msgs/include/webots_ros2_msgs/webots_ros2_msgs/srv/set_string.h
[1.065s] -- Up-to-date: /home/minji/test_folder/Test_in_Simulation/install/webots_ros2_msgs/include/webots_ros2_msgs/webots_ros2_msgs/srv/detail
[1.065s] -- Up-to-date: /home/minji/test_folder/Test_in_Simulation/install/webots_ros2_msgs/include/webots_ros2_msgs/webots_ros2_msgs/srv/detail/get_bool__struct.h
[1.065s] -- Up-to-date: /home/minji/test_folder/Test_in_Simulation/install/webots_ros2_msgs/include/webots_ros2_msgs/webots_ros2_msgs/srv/detail/spawn_node_from_string__functions.h
[1.065s] -- Up-to-date: /home/minji/test_folder/Test_in_Simulation/install/webots_ros2_msgs/include/webots_ros2_msgs/webots_ros2_msgs/srv/detail/emitter_send_string__functions.c
[1.066s] -- Up-to-date: /home/minji/test_folder/Test_in_Simulation/install/webots_ros2_msgs/include/webots_ros2_msgs/webots_ros2_msgs/srv/detail/spawn_node_from_string__functions.c
[1.066s] -- Up-to-date: /home/minji/test_folder/Test_in_Simulation/install/webots_ros2_msgs/include/webots_ros2_msgs/webots_ros2_msgs/srv/detail/set_string__struct.h
[1.066s] -- Up-to-date: /home/minji/test_folder/Test_in_Simulation/install/webots_ros2_msgs/include/webots_ros2_msgs/webots_ros2_msgs/srv/detail/spawn_urdf_robot__type_support.h
[1.066s] -- Up-to-date: /home/minji/test_folder/Test_in_Simulation/install/webots_ros2_msgs/include/webots_ros2_msgs/webots_ros2_msgs/srv/detail/get_bool__functions.h
[1.066s] -- Up-to-date: /home/minji/test_folder/Test_in_Simulation/install/webots_ros2_msgs/include/webots_ros2_msgs/webots_ros2_msgs/srv/detail/emitter_send_string__type_support.h
[1.066s] -- Up-to-date: /home/minji/test_folder/Test_in_Simulation/install/webots_ros2_msgs/include/webots_ros2_msgs/webots_ros2_msgs/srv/detail/emitter_send_string__struct.h
[1.066s] -- Up-to-date: /home/minji/test_folder/Test_in_Simulation/install/webots_ros2_msgs/include/webots_ros2_msgs/webots_ros2_msgs/srv/detail/spawn_node_from_string__type_support.h
[1.066s] -- Up-to-date: /home/minji/test_folder/Test_in_Simulation/install/webots_ros2_msgs/include/webots_ros2_msgs/webots_ros2_msgs/srv/detail/set_string__type_support.h
[1.066s] -- Up-to-date: /home/minji/test_folder/Test_in_Simulation/install/webots_ros2_msgs/include/webots_ros2_msgs/webots_ros2_msgs/srv/detail/set_string__functions.c
[1.066s] -- Up-to-date: /home/minji/test_folder/Test_in_Simulation/install/webots_ros2_msgs/include/webots_ros2_msgs/webots_ros2_msgs/srv/detail/spawn_node_from_string__struct.h
[1.066s] -- Up-to-date: /home/minji/test_folder/Test_in_Simulation/install/webots_ros2_msgs/include/webots_ros2_msgs/webots_ros2_msgs/srv/detail/spawn_urdf_robot__functions.c
[1.066s] -- Up-to-date: /home/minji/test_folder/Test_in_Simulation/install/webots_ros2_msgs/include/webots_ros2_msgs/webots_ros2_msgs/srv/detail/emitter_send_string__functions.h
[1.066s] -- Up-to-date: /home/minji/test_folder/Test_in_Simulation/install/webots_ros2_msgs/include/webots_ros2_msgs/webots_ros2_msgs/srv/detail/spawn_urdf_robot__functions.h
[1.066s] -- Up-to-date: /home/minji/test_folder/Test_in_Simulation/install/webots_ros2_msgs/include/webots_ros2_msgs/webots_ros2_msgs/srv/detail/set_string__functions.h
[1.066s] -- Up-to-date: /home/minji/test_folder/Test_in_Simulation/install/webots_ros2_msgs/include/webots_ros2_msgs/webots_ros2_msgs/srv/detail/get_bool__functions.c
[1.066s] -- Up-to-date: /home/minji/test_folder/Test_in_Simulation/install/webots_ros2_msgs/include/webots_ros2_msgs/webots_ros2_msgs/srv/detail/get_bool__type_support.h
[1.066s] -- Up-to-date: /home/minji/test_folder/Test_in_Simulation/install/webots_ros2_msgs/include/webots_ros2_msgs/webots_ros2_msgs/srv/detail/spawn_urdf_robot__struct.h
[1.066s] -- Up-to-date: /home/minji/test_folder/Test_in_Simulation/install/webots_ros2_msgs/include/webots_ros2_msgs/webots_ros2_msgs/srv/emitter_send_string.h
[1.067s] -- Up-to-date: /home/minji/test_folder/Test_in_Simulation/install/webots_ros2_msgs/share/webots_ros2_msgs/environment/library_path.sh
[1.067s] -- Up-to-date: /home/minji/test_folder/Test_in_Simulation/install/webots_ros2_msgs/share/webots_ros2_msgs/environment/library_path.dsv
[1.067s] -- Up-to-date: /home/minji/test_folder/Test_in_Simulation/install/webots_ros2_msgs/lib/libwebots_ros2_msgs__rosidl_generator_c.so
[1.067s] -- Up-to-date: /home/minji/test_folder/Test_in_Simulation/install/webots_ros2_msgs/include/webots_ros2_msgs/webots_ros2_msgs
[1.067s] -- Up-to-date: /home/minji/test_folder/Test_in_Simulation/install/webots_ros2_msgs/include/webots_ros2_msgs/webots_ros2_msgs/msg
[1.067s] -- Up-to-date: /home/minji/test_folder/Test_in_Simulation/install/webots_ros2_msgs/include/webots_ros2_msgs/webots_ros2_msgs/msg/rosidl_typesupport_fastrtps_c__visibility_control.h
[1.067s] -- Up-to-date: /home/minji/test_folder/Test_in_Simulation/install/webots_ros2_msgs/include/webots_ros2_msgs/webots_ros2_msgs/msg/detail
[1.067s] -- Up-to-date: /home/minji/test_folder/Test_in_Simulation/install/webots_ros2_msgs/include/webots_ros2_msgs/webots_ros2_msgs/msg/detail/float_stamped__rosidl_typesupport_fastrtps_c.h
[1.067s] -- Up-to-date: /home/minji/test_folder/Test_in_Simulation/install/webots_ros2_msgs/include/webots_ros2_msgs/webots_ros2_msgs/msg/detail/string_stamped__rosidl_typesupport_fastrtps_c.h
[1.067s] -- Up-to-date: /home/minji/test_folder/Test_in_Simulation/install/webots_ros2_msgs/include/webots_ros2_msgs/webots_ros2_msgs/msg/detail/bool_stamped__rosidl_typesupport_fastrtps_c.h
[1.067s] -- Up-to-date: /home/minji/test_folder/Test_in_Simulation/install/webots_ros2_msgs/include/webots_ros2_msgs/webots_ros2_msgs/msg/detail/pen_ink_properties__rosidl_typesupport_fastrtps_c.h
[1.067s] -- Up-to-date: /home/minji/test_folder/Test_in_Simulation/install/webots_ros2_msgs/include/webots_ros2_msgs/webots_ros2_msgs/msg/detail/camera_recognition_object__rosidl_typesupport_fastrtps_c.h
[1.067s] -- Up-to-date: /home/minji/test_folder/Test_in_Simulation/install/webots_ros2_msgs/include/webots_ros2_msgs/webots_ros2_msgs/msg/detail/urdf_robot__rosidl_typesupport_fastrtps_c.h
[1.067s] -- Up-to-date: /home/minji/test_folder/Test_in_Simulation/install/webots_ros2_msgs/include/webots_ros2_msgs/webots_ros2_msgs/msg/detail/camera_recognition_objects__rosidl_typesupport_fastrtps_c.h
[1.067s] -- Up-to-date: /home/minji/test_folder/Test_in_Simulation/install/webots_ros2_msgs/include/webots_ros2_msgs/webots_ros2_msgs/srv
[1.067s] -- Up-to-date: /home/minji/test_folder/Test_in_Simulation/install/webots_ros2_msgs/include/webots_ros2_msgs/webots_ros2_msgs/srv/detail
[1.067s] -- Up-to-date: /home/minji/test_folder/Test_in_Simulation/install/webots_ros2_msgs/include/webots_ros2_msgs/webots_ros2_msgs/srv/detail/get_bool__rosidl_typesupport_fastrtps_c.h
[1.067s] -- Up-to-date: /home/minji/test_folder/Test_in_Simulation/install/webots_ros2_msgs/include/webots_ros2_msgs/webots_ros2_msgs/srv/detail/emitter_send_string__rosidl_typesupport_fastrtps_c.h
[1.067s] -- Up-to-date: /home/minji/test_folder/Test_in_Simulation/install/webots_ros2_msgs/include/webots_ros2_msgs/webots_ros2_msgs/srv/detail/set_string__rosidl_typesupport_fastrtps_c.h
[1.067s] -- Up-to-date: /home/minji/test_folder/Test_in_Simulation/install/webots_ros2_msgs/include/webots_ros2_msgs/webots_ros2_msgs/srv/detail/spawn_urdf_robot__rosidl_typesupport_fastrtps_c.h
[1.067s] -- Up-to-date: /home/minji/test_folder/Test_in_Simulation/install/webots_ros2_msgs/include/webots_ros2_msgs/webots_ros2_msgs/srv/detail/spawn_node_from_string__rosidl_typesupport_fastrtps_c.h
[1.067s] -- Up-to-date: /home/minji/test_folder/Test_in_Simulation/install/webots_ros2_msgs/lib/libwebots_ros2_msgs__rosidl_typesupport_fastrtps_c.so
[1.068s] -- Up-to-date: /home/minji/test_folder/Test_in_Simulation/install/webots_ros2_msgs/include/webots_ros2_msgs/webots_ros2_msgs
[1.068s] -- Up-to-date: /home/minji/test_folder/Test_in_Simulation/install/webots_ros2_msgs/include/webots_ros2_msgs/webots_ros2_msgs/msg
[1.068s] -- Up-to-date: /home/minji/test_folder/Test_in_Simulation/install/webots_ros2_msgs/include/webots_ros2_msgs/webots_ros2_msgs/msg/bool_stamped.hpp
[1.068s] -- Up-to-date: /home/minji/test_folder/Test_in_Simulation/install/webots_ros2_msgs/include/webots_ros2_msgs/webots_ros2_msgs/msg/camera_recognition_object.hpp
[1.068s] -- Up-to-date: /home/minji/test_folder/Test_in_Simulation/install/webots_ros2_msgs/include/webots_ros2_msgs/webots_ros2_msgs/msg/camera_recognition_objects.hpp
[1.068s] -- Up-to-date: /home/minji/test_folder/Test_in_Simulation/install/webots_ros2_msgs/include/webots_ros2_msgs/webots_ros2_msgs/msg/pen_ink_properties.hpp
[1.068s] -- Up-to-date: /home/minji/test_folder/Test_in_Simulation/install/webots_ros2_msgs/include/webots_ros2_msgs/webots_ros2_msgs/msg/string_stamped.hpp
[1.068s] -- Up-to-date: /home/minji/test_folder/Test_in_Simulation/install/webots_ros2_msgs/include/webots_ros2_msgs/webots_ros2_msgs/msg/detail
[1.068s] -- Up-to-date: /home/minji/test_folder/Test_in_Simulation/install/webots_ros2_msgs/include/webots_ros2_msgs/webots_ros2_msgs/msg/detail/camera_recognition_objects__builder.hpp
[1.068s] -- Up-to-date: /home/minji/test_folder/Test_in_Simulation/install/webots_ros2_msgs/include/webots_ros2_msgs/webots_ros2_msgs/msg/detail/float_stamped__traits.hpp
[1.068s] -- Up-to-date: /home/minji/test_folder/Test_in_Simulation/install/webots_ros2_msgs/include/webots_ros2_msgs/webots_ros2_msgs/msg/detail/float_stamped__builder.hpp
[1.068s] -- Up-to-date: /home/minji/test_folder/Test_in_Simulation/install/webots_ros2_msgs/include/webots_ros2_msgs/webots_ros2_msgs/msg/detail/camera_recognition_object__builder.hpp
[1.068s] -- Up-to-date: /home/minji/test_folder/Test_in_Simulation/install/webots_ros2_msgs/include/webots_ros2_msgs/webots_ros2_msgs/msg/detail/bool_stamped__builder.hpp
[1.068s] -- Up-to-date: /home/minji/test_folder/Test_in_Simulation/install/webots_ros2_msgs/include/webots_ros2_msgs/webots_ros2_msgs/msg/detail/pen_ink_properties__traits.hpp
[1.068s] -- Up-to-date: /home/minji/test_folder/Test_in_Simulation/install/webots_ros2_msgs/include/webots_ros2_msgs/webots_ros2_msgs/msg/detail/bool_stamped__struct.hpp
[1.068s] -- Up-to-date: /home/minji/test_folder/Test_in_Simulation/install/webots_ros2_msgs/include/webots_ros2_msgs/webots_ros2_msgs/msg/detail/bool_stamped__traits.hpp
[1.068s] -- Up-to-date: /home/minji/test_folder/Test_in_Simulation/install/webots_ros2_msgs/include/webots_ros2_msgs/webots_ros2_msgs/msg/detail/string_stamped__struct.hpp
[1.068s] -- Up-to-date: /home/minji/test_folder/Test_in_Simulation/install/webots_ros2_msgs/include/webots_ros2_msgs/webots_ros2_msgs/msg/detail/camera_recognition_object__struct.hpp
[1.068s] -- Up-to-date: /home/minji/test_folder/Test_in_Simulation/install/webots_ros2_msgs/include/webots_ros2_msgs/webots_ros2_msgs/msg/detail/urdf_robot__traits.hpp
[1.068s] -- Up-to-date: /home/minji/test_folder/Test_in_Simulation/install/webots_ros2_msgs/include/webots_ros2_msgs/webots_ros2_msgs/msg/detail/camera_recognition_objects__struct.hpp
[1.068s] -- Up-to-date: /home/minji/test_folder/Test_in_Simulation/install/webots_ros2_msgs/include/webots_ros2_msgs/webots_ros2_msgs/msg/detail/pen_ink_properties__struct.hpp
[1.068s] -- Up-to-date: /home/minji/test_folder/Test_in_Simulation/install/webots_ros2_msgs/include/webots_ros2_msgs/webots_ros2_msgs/msg/detail/camera_recognition_object__traits.hpp
[1.068s] -- Up-to-date: /home/minji/test_folder/Test_in_Simulation/install/webots_ros2_msgs/include/webots_ros2_msgs/webots_ros2_msgs/msg/detail/float_stamped__struct.hpp
[1.069s] -- Up-to-date: /home/minji/test_folder/Test_in_Simulation/install/webots_ros2_msgs/include/webots_ros2_msgs/webots_ros2_msgs/msg/detail/urdf_robot__builder.hpp
[1.069s] -- Up-to-date: /home/minji/test_folder/Test_in_Simulation/install/webots_ros2_msgs/include/webots_ros2_msgs/webots_ros2_msgs/msg/detail/pen_ink_properties__builder.hpp
[1.069s] -- Up-to-date: /home/minji/test_folder/Test_in_Simulation/install/webots_ros2_msgs/include/webots_ros2_msgs/webots_ros2_msgs/msg/detail/string_stamped__traits.hpp
[1.069s] -- Up-to-date: /home/minji/test_folder/Test_in_Simulation/install/webots_ros2_msgs/include/webots_ros2_msgs/webots_ros2_msgs/msg/detail/camera_recognition_objects__traits.hpp
[1.069s] -- Up-to-date: /home/minji/test_folder/Test_in_Simulation/install/webots_ros2_msgs/include/webots_ros2_msgs/webots_ros2_msgs/msg/detail/string_stamped__builder.hpp
[1.069s] -- Up-to-date: /home/minji/test_folder/Test_in_Simulation/install/webots_ros2_msgs/include/webots_ros2_msgs/webots_ros2_msgs/msg/detail/urdf_robot__struct.hpp
[1.069s] -- Up-to-date: /home/minji/test_folder/Test_in_Simulation/install/webots_ros2_msgs/include/webots_ros2_msgs/webots_ros2_msgs/msg/urdf_robot.hpp
[1.069s] -- Up-to-date: /home/minji/test_folder/Test_in_Simulation/install/webots_ros2_msgs/include/webots_ros2_msgs/webots_ros2_msgs/msg/float_stamped.hpp
[1.069s] -- Up-to-date: /home/minji/test_folder/Test_in_Simulation/install/webots_ros2_msgs/include/webots_ros2_msgs/webots_ros2_msgs/srv
[1.069s] -- Up-to-date: /home/minji/test_folder/Test_in_Simulation/install/webots_ros2_msgs/include/webots_ros2_msgs/webots_ros2_msgs/srv/spawn_node_from_string.hpp
[1.069s] -- Up-to-date: /home/minji/test_folder/Test_in_Simulation/install/webots_ros2_msgs/include/webots_ros2_msgs/webots_ros2_msgs/srv/emitter_send_string.hpp
[1.069s] -- Up-to-date: /home/minji/test_folder/Test_in_Simulation/install/webots_ros2_msgs/include/webots_ros2_msgs/webots_ros2_msgs/srv/spawn_urdf_robot.hpp
[1.069s] -- Up-to-date: /home/minji/test_folder/Test_in_Simulation/install/webots_ros2_msgs/include/webots_ros2_msgs/webots_ros2_msgs/srv/detail
[1.069s] -- Up-to-date: /home/minji/test_folder/Test_in_Simulation/install/webots_ros2_msgs/include/webots_ros2_msgs/webots_ros2_msgs/srv/detail/emitter_send_string__builder.hpp
[1.069s] -- Up-to-date: /home/minji/test_folder/Test_in_Simulation/install/webots_ros2_msgs/include/webots_ros2_msgs/webots_ros2_msgs/srv/detail/spawn_node_from_string__traits.hpp
[1.069s] -- Up-to-date: /home/minji/test_folder/Test_in_Simulation/install/webots_ros2_msgs/include/webots_ros2_msgs/webots_ros2_msgs/srv/detail/spawn_node_from_string__struct.hpp
[1.069s] -- Up-to-date: /home/minji/test_folder/Test_in_Simulation/install/webots_ros2_msgs/include/webots_ros2_msgs/webots_ros2_msgs/srv/detail/spawn_urdf_robot__struct.hpp
[1.069s] -- Up-to-date: /home/minji/test_folder/Test_in_Simulation/install/webots_ros2_msgs/include/webots_ros2_msgs/webots_ros2_msgs/srv/detail/set_string__struct.hpp
[1.069s] -- Up-to-date: /home/minji/test_folder/Test_in_Simulation/install/webots_ros2_msgs/include/webots_ros2_msgs/webots_ros2_msgs/srv/detail/emitter_send_string__traits.hpp
[1.069s] -- Up-to-date: /home/minji/test_folder/Test_in_Simulation/install/webots_ros2_msgs/include/webots_ros2_msgs/webots_ros2_msgs/srv/detail/spawn_node_from_string__builder.hpp
[1.069s] -- Up-to-date: /home/minji/test_folder/Test_in_Simulation/install/webots_ros2_msgs/include/webots_ros2_msgs/webots_ros2_msgs/srv/detail/emitter_send_string__struct.hpp
[1.069s] -- Up-to-date: /home/minji/test_folder/Test_in_Simulation/install/webots_ros2_msgs/include/webots_ros2_msgs/webots_ros2_msgs/srv/detail/get_bool__struct.hpp
[1.069s] -- Up-to-date: /home/minji/test_folder/Test_in_Simulation/install/webots_ros2_msgs/include/webots_ros2_msgs/webots_ros2_msgs/srv/detail/get_bool__builder.hpp
[1.069s] -- Up-to-date: /home/minji/test_folder/Test_in_Simulation/install/webots_ros2_msgs/include/webots_ros2_msgs/webots_ros2_msgs/srv/detail/get_bool__traits.hpp
[1.069s] -- Up-to-date: /home/minji/test_folder/Test_in_Simulation/install/webots_ros2_msgs/include/webots_ros2_msgs/webots_ros2_msgs/srv/detail/spawn_urdf_robot__traits.hpp
[1.070s] -- Up-to-date: /home/minji/test_folder/Test_in_Simulation/install/webots_ros2_msgs/include/webots_ros2_msgs/webots_ros2_msgs/srv/detail/set_string__traits.hpp
[1.070s] -- Up-to-date: /home/minji/test_folder/Test_in_Simulation/install/webots_ros2_msgs/include/webots_ros2_msgs/webots_ros2_msgs/srv/detail/set_string__builder.hpp
[1.070s] -- Up-to-date: /home/minji/test_folder/Test_in_Simulation/install/webots_ros2_msgs/include/webots_ros2_msgs/webots_ros2_msgs/srv/detail/spawn_urdf_robot__builder.hpp
[1.070s] -- Up-to-date: /home/minji/test_folder/Test_in_Simulation/install/webots_ros2_msgs/include/webots_ros2_msgs/webots_ros2_msgs/srv/get_bool.hpp
[1.070s] -- Up-to-date: /home/minji/test_folder/Test_in_Simulation/install/webots_ros2_msgs/include/webots_ros2_msgs/webots_ros2_msgs/srv/set_string.hpp
[1.070s] -- Up-to-date: /home/minji/test_folder/Test_in_Simulation/install/webots_ros2_msgs/include/webots_ros2_msgs/webots_ros2_msgs
[1.070s] -- Up-to-date: /home/minji/test_folder/Test_in_Simulation/install/webots_ros2_msgs/include/webots_ros2_msgs/webots_ros2_msgs/msg
[1.070s] -- Up-to-date: /home/minji/test_folder/Test_in_Simulation/install/webots_ros2_msgs/include/webots_ros2_msgs/webots_ros2_msgs/msg/rosidl_typesupport_fastrtps_cpp__visibility_control.h
[1.070s] -- Up-to-date: /home/minji/test_folder/Test_in_Simulation/install/webots_ros2_msgs/include/webots_ros2_msgs/webots_ros2_msgs/msg/detail
[1.070s] -- Up-to-date: /home/minji/test_folder/Test_in_Simulation/install/webots_ros2_msgs/include/webots_ros2_msgs/webots_ros2_msgs/msg/detail/urdf_robot__rosidl_typesupport_fastrtps_cpp.hpp
[1.070s] -- Up-to-date: /home/minji/test_folder/Test_in_Simulation/install/webots_ros2_msgs/include/webots_ros2_msgs/webots_ros2_msgs/msg/detail/float_stamped__rosidl_typesupport_fastrtps_cpp.hpp
[1.070s] -- Up-to-date: /home/minji/test_folder/Test_in_Simulation/install/webots_ros2_msgs/include/webots_ros2_msgs/webots_ros2_msgs/msg/detail/bool_stamped__rosidl_typesupport_fastrtps_cpp.hpp
[1.070s] -- Up-to-date: /home/minji/test_folder/Test_in_Simulation/install/webots_ros2_msgs/include/webots_ros2_msgs/webots_ros2_msgs/msg/detail/pen_ink_properties__rosidl_typesupport_fastrtps_cpp.hpp
[1.070s] -- Up-to-date: /home/minji/test_folder/Test_in_Simulation/install/webots_ros2_msgs/include/webots_ros2_msgs/webots_ros2_msgs/msg/detail/string_stamped__rosidl_typesupport_fastrtps_cpp.hpp
[1.070s] -- Up-to-date: /home/minji/test_folder/Test_in_Simulation/install/webots_ros2_msgs/include/webots_ros2_msgs/webots_ros2_msgs/msg/detail/camera_recognition_object__rosidl_typesupport_fastrtps_cpp.hpp
[1.070s] -- Up-to-date: /home/minji/test_folder/Test_in_Simulation/install/webots_ros2_msgs/include/webots_ros2_msgs/webots_ros2_msgs/msg/detail/camera_recognition_objects__rosidl_typesupport_fastrtps_cpp.hpp
[1.070s] -- Up-to-date: /home/minji/test_folder/Test_in_Simulation/install/webots_ros2_msgs/include/webots_ros2_msgs/webots_ros2_msgs/msg/detail/dds_fastrtps
[1.070s] -- Up-to-date: /home/minji/test_folder/Test_in_Simulation/install/webots_ros2_msgs/include/webots_ros2_msgs/webots_ros2_msgs/srv
[1.070s] -- Up-to-date: /home/minji/test_folder/Test_in_Simulation/install/webots_ros2_msgs/include/webots_ros2_msgs/webots_ros2_msgs/srv/detail
[1.070s] -- Up-to-date: /home/minji/test_folder/Test_in_Simulation/install/webots_ros2_msgs/include/webots_ros2_msgs/webots_ros2_msgs/srv/detail/spawn_urdf_robot__rosidl_typesupport_fastrtps_cpp.hpp
[1.070s] -- Up-to-date: /home/minji/test_folder/Test_in_Simulation/install/webots_ros2_msgs/include/webots_ros2_msgs/webots_ros2_msgs/srv/detail/emitter_send_string__rosidl_typesupport_fastrtps_cpp.hpp
[1.070s] -- Up-to-date: /home/minji/test_folder/Test_in_Simulation/install/webots_ros2_msgs/include/webots_ros2_msgs/webots_ros2_msgs/srv/detail/dds_fastrtps
[1.070s] -- Up-to-date: /home/minji/test_folder/Test_in_Simulation/install/webots_ros2_msgs/include/webots_ros2_msgs/webots_ros2_msgs/srv/detail/set_string__rosidl_typesupport_fastrtps_cpp.hpp
[1.071s] -- Up-to-date: /home/minji/test_folder/Test_in_Simulation/install/webots_ros2_msgs/include/webots_ros2_msgs/webots_ros2_msgs/srv/detail/get_bool__rosidl_typesupport_fastrtps_cpp.hpp
[1.071s] -- Up-to-date: /home/minji/test_folder/Test_in_Simulation/install/webots_ros2_msgs/include/webots_ros2_msgs/webots_ros2_msgs/srv/detail/spawn_node_from_string__rosidl_typesupport_fastrtps_cpp.hpp
[1.071s] -- Up-to-date: /home/minji/test_folder/Test_in_Simulation/install/webots_ros2_msgs/lib/libwebots_ros2_msgs__rosidl_typesupport_fastrtps_cpp.so
[1.071s] -- Up-to-date: /home/minji/test_folder/Test_in_Simulation/install/webots_ros2_msgs/include/webots_ros2_msgs/webots_ros2_msgs
[1.071s] -- Up-to-date: /home/minji/test_folder/Test_in_Simulation/install/webots_ros2_msgs/include/webots_ros2_msgs/webots_ros2_msgs/msg
[1.071s] -- Up-to-date: /home/minji/test_folder/Test_in_Simulation/install/webots_ros2_msgs/include/webots_ros2_msgs/webots_ros2_msgs/msg/rosidl_typesupport_introspection_c__visibility_control.h
[1.071s] -- Up-to-date: /home/minji/test_folder/Test_in_Simulation/install/webots_ros2_msgs/include/webots_ros2_msgs/webots_ros2_msgs/msg/detail
[1.071s] -- Up-to-date: /home/minji/test_folder/Test_in_Simulation/install/webots_ros2_msgs/include/webots_ros2_msgs/webots_ros2_msgs/msg/detail/bool_stamped__type_support.c
[1.071s] -- Up-to-date: /home/minji/test_folder/Test_in_Simulation/install/webots_ros2_msgs/include/webots_ros2_msgs/webots_ros2_msgs/msg/detail/camera_recognition_objects__type_support.c
[1.071s] -- Up-to-date: /home/minji/test_folder/Test_in_Simulation/install/webots_ros2_msgs/include/webots_ros2_msgs/webots_ros2_msgs/msg/detail/pen_ink_properties__type_support.c
[1.071s] -- Up-to-date: /home/minji/test_folder/Test_in_Simulation/install/webots_ros2_msgs/include/webots_ros2_msgs/webots_ros2_msgs/msg/detail/urdf_robot__rosidl_typesupport_introspection_c.h
[1.071s] -- Up-to-date: /home/minji/test_folder/Test_in_Simulation/install/webots_ros2_msgs/include/webots_ros2_msgs/webots_ros2_msgs/msg/detail/float_stamped__rosidl_typesupport_introspection_c.h
[1.071s] -- Up-to-date: /home/minji/test_folder/Test_in_Simulation/install/webots_ros2_msgs/include/webots_ros2_msgs/webots_ros2_msgs/msg/detail/pen_ink_properties__rosidl_typesupport_introspection_c.h
[1.071s] -- Up-to-date: /home/minji/test_folder/Test_in_Simulation/install/webots_ros2_msgs/include/webots_ros2_msgs/webots_ros2_msgs/msg/detail/camera_recognition_object__rosidl_typesupport_introspection_c.h
[1.071s] -- Up-to-date: /home/minji/test_folder/Test_in_Simulation/install/webots_ros2_msgs/include/webots_ros2_msgs/webots_ros2_msgs/msg/detail/camera_recognition_objects__rosidl_typesupport_introspection_c.h
[1.071s] -- Up-to-date: /home/minji/test_folder/Test_in_Simulation/install/webots_ros2_msgs/include/webots_ros2_msgs/webots_ros2_msgs/msg/detail/bool_stamped__rosidl_typesupport_introspection_c.h
[1.071s] -- Up-to-date: /home/minji/test_folder/Test_in_Simulation/install/webots_ros2_msgs/include/webots_ros2_msgs/webots_ros2_msgs/msg/detail/camera_recognition_object__type_support.c
[1.071s] -- Up-to-date: /home/minji/test_folder/Test_in_Simulation/install/webots_ros2_msgs/include/webots_ros2_msgs/webots_ros2_msgs/msg/detail/urdf_robot__type_support.c
[1.071s] -- Up-to-date: /home/minji/test_folder/Test_in_Simulation/install/webots_ros2_msgs/include/webots_ros2_msgs/webots_ros2_msgs/msg/detail/float_stamped__type_support.c
[1.071s] -- Up-to-date: /home/minji/test_folder/Test_in_Simulation/install/webots_ros2_msgs/include/webots_ros2_msgs/webots_ros2_msgs/msg/detail/string_stamped__rosidl_typesupport_introspection_c.h
[1.071s] -- Up-to-date: /home/minji/test_folder/Test_in_Simulation/install/webots_ros2_msgs/include/webots_ros2_msgs/webots_ros2_msgs/msg/detail/string_stamped__type_support.c
[1.071s] -- Up-to-date: /home/minji/test_folder/Test_in_Simulation/install/webots_ros2_msgs/include/webots_ros2_msgs/webots_ros2_msgs/srv
[1.071s] -- Up-to-date: /home/minji/test_folder/Test_in_Simulation/install/webots_ros2_msgs/include/webots_ros2_msgs/webots_ros2_msgs/srv/detail
[1.071s] -- Up-to-date: /home/minji/test_folder/Test_in_Simulation/install/webots_ros2_msgs/include/webots_ros2_msgs/webots_ros2_msgs/srv/detail/spawn_urdf_robot__rosidl_typesupport_introspection_c.h
[1.071s] -- Up-to-date: /home/minji/test_folder/Test_in_Simulation/install/webots_ros2_msgs/include/webots_ros2_msgs/webots_ros2_msgs/srv/detail/emitter_send_string__type_support.c
[1.072s] -- Up-to-date: /home/minji/test_folder/Test_in_Simulation/install/webots_ros2_msgs/include/webots_ros2_msgs/webots_ros2_msgs/srv/detail/emitter_send_string__rosidl_typesupport_introspection_c.h
[1.072s] -- Up-to-date: /home/minji/test_folder/Test_in_Simulation/install/webots_ros2_msgs/include/webots_ros2_msgs/webots_ros2_msgs/srv/detail/set_string__rosidl_typesupport_introspection_c.h
[1.072s] -- Up-to-date: /home/minji/test_folder/Test_in_Simulation/install/webots_ros2_msgs/include/webots_ros2_msgs/webots_ros2_msgs/srv/detail/set_string__type_support.c
[1.072s] -- Up-to-date: /home/minji/test_folder/Test_in_Simulation/install/webots_ros2_msgs/include/webots_ros2_msgs/webots_ros2_msgs/srv/detail/get_bool__rosidl_typesupport_introspection_c.h
[1.072s] -- Up-to-date: /home/minji/test_folder/Test_in_Simulation/install/webots_ros2_msgs/include/webots_ros2_msgs/webots_ros2_msgs/srv/detail/spawn_node_from_string__rosidl_typesupport_introspection_c.h
[1.072s] -- Up-to-date: /home/minji/test_folder/Test_in_Simulation/install/webots_ros2_msgs/include/webots_ros2_msgs/webots_ros2_msgs/srv/detail/get_bool__type_support.c
[1.072s] -- Up-to-date: /home/minji/test_folder/Test_in_Simulation/install/webots_ros2_msgs/include/webots_ros2_msgs/webots_ros2_msgs/srv/detail/spawn_urdf_robot__type_support.c
[1.072s] -- Up-to-date: /home/minji/test_folder/Test_in_Simulation/install/webots_ros2_msgs/include/webots_ros2_msgs/webots_ros2_msgs/srv/detail/spawn_node_from_string__type_support.c
[1.072s] -- Up-to-date: /home/minji/test_folder/Test_in_Simulation/install/webots_ros2_msgs/lib/libwebots_ros2_msgs__rosidl_typesupport_introspection_c.so
[1.072s] -- Up-to-date: /home/minji/test_folder/Test_in_Simulation/install/webots_ros2_msgs/lib/libwebots_ros2_msgs__rosidl_typesupport_c.so
[1.072s] -- Up-to-date: /home/minji/test_folder/Test_in_Simulation/install/webots_ros2_msgs/include/webots_ros2_msgs/webots_ros2_msgs
[1.072s] -- Up-to-date: /home/minji/test_folder/Test_in_Simulation/install/webots_ros2_msgs/include/webots_ros2_msgs/webots_ros2_msgs/msg
[1.072s] -- Up-to-date: /home/minji/test_folder/Test_in_Simulation/install/webots_ros2_msgs/include/webots_ros2_msgs/webots_ros2_msgs/msg/detail
[1.072s] -- Up-to-date: /home/minji/test_folder/Test_in_Simulation/install/webots_ros2_msgs/include/webots_ros2_msgs/webots_ros2_msgs/msg/detail/camera_recognition_object__rosidl_typesupport_introspection_cpp.hpp
[1.072s] -- Up-to-date: /home/minji/test_folder/Test_in_Simulation/install/webots_ros2_msgs/include/webots_ros2_msgs/webots_ros2_msgs/msg/detail/pen_ink_properties__type_support.cpp
[1.072s] -- Up-to-date: /home/minji/test_folder/Test_in_Simulation/install/webots_ros2_msgs/include/webots_ros2_msgs/webots_ros2_msgs/msg/detail/float_stamped__rosidl_typesupport_introspection_cpp.hpp
[1.072s] -- Up-to-date: /home/minji/test_folder/Test_in_Simulation/install/webots_ros2_msgs/include/webots_ros2_msgs/webots_ros2_msgs/msg/detail/pen_ink_properties__rosidl_typesupport_introspection_cpp.hpp
[1.072s] -- Up-to-date: /home/minji/test_folder/Test_in_Simulation/install/webots_ros2_msgs/include/webots_ros2_msgs/webots_ros2_msgs/msg/detail/urdf_robot__rosidl_typesupport_introspection_cpp.hpp
[1.072s] -- Up-to-date: /home/minji/test_folder/Test_in_Simulation/install/webots_ros2_msgs/include/webots_ros2_msgs/webots_ros2_msgs/msg/detail/bool_stamped__rosidl_typesupport_introspection_cpp.hpp
[1.072s] -- Up-to-date: /home/minji/test_folder/Test_in_Simulation/install/webots_ros2_msgs/include/webots_ros2_msgs/webots_ros2_msgs/msg/detail/camera_recognition_object__type_support.cpp
[1.072s] -- Up-to-date: /home/minji/test_folder/Test_in_Simulation/install/webots_ros2_msgs/include/webots_ros2_msgs/webots_ros2_msgs/msg/detail/camera_recognition_objects__rosidl_typesupport_introspection_cpp.hpp
[1.072s] -- Up-to-date: /home/minji/test_folder/Test_in_Simulation/install/webots_ros2_msgs/include/webots_ros2_msgs/webots_ros2_msgs/msg/detail/float_stamped__type_support.cpp
[1.072s] -- Up-to-date: /home/minji/test_folder/Test_in_Simulation/install/webots_ros2_msgs/include/webots_ros2_msgs/webots_ros2_msgs/msg/detail/bool_stamped__type_support.cpp
[1.073s] -- Up-to-date: /home/minji/test_folder/Test_in_Simulation/install/webots_ros2_msgs/include/webots_ros2_msgs/webots_ros2_msgs/msg/detail/urdf_robot__type_support.cpp
[1.073s] -- Up-to-date: /home/minji/test_folder/Test_in_Simulation/install/webots_ros2_msgs/include/webots_ros2_msgs/webots_ros2_msgs/msg/detail/camera_recognition_objects__type_support.cpp
[1.073s] -- Up-to-date: /home/minji/test_folder/Test_in_Simulation/install/webots_ros2_msgs/include/webots_ros2_msgs/webots_ros2_msgs/msg/detail/string_stamped__rosidl_typesupport_introspection_cpp.hpp
[1.073s] -- Up-to-date: /home/minji/test_folder/Test_in_Simulation/install/webots_ros2_msgs/include/webots_ros2_msgs/webots_ros2_msgs/msg/detail/string_stamped__type_support.cpp
[1.073s] -- Up-to-date: /home/minji/test_folder/Test_in_Simulation/install/webots_ros2_msgs/include/webots_ros2_msgs/webots_ros2_msgs/srv
[1.073s] -- Up-to-date: /home/minji/test_folder/Test_in_Simulation/install/webots_ros2_msgs/include/webots_ros2_msgs/webots_ros2_msgs/srv/detail
[1.073s] -- Up-to-date: /home/minji/test_folder/Test_in_Simulation/install/webots_ros2_msgs/include/webots_ros2_msgs/webots_ros2_msgs/srv/detail/set_string__rosidl_typesupport_introspection_cpp.hpp
[1.073s] -- Up-to-date: /home/minji/test_folder/Test_in_Simulation/install/webots_ros2_msgs/include/webots_ros2_msgs/webots_ros2_msgs/srv/detail/set_string__type_support.cpp
[1.073s] -- Up-to-date: /home/minji/test_folder/Test_in_Simulation/install/webots_ros2_msgs/include/webots_ros2_msgs/webots_ros2_msgs/srv/detail/spawn_urdf_robot__type_support.cpp
[1.073s] -- Up-to-date: /home/minji/test_folder/Test_in_Simulation/install/webots_ros2_msgs/include/webots_ros2_msgs/webots_ros2_msgs/srv/detail/emitter_send_string__rosidl_typesupport_introspection_cpp.hpp
[1.073s] -- Up-to-date: /home/minji/test_folder/Test_in_Simulation/install/webots_ros2_msgs/include/webots_ros2_msgs/webots_ros2_msgs/srv/detail/spawn_node_from_string__type_support.cpp
[1.073s] -- Up-to-date: /home/minji/test_folder/Test_in_Simulation/install/webots_ros2_msgs/include/webots_ros2_msgs/webots_ros2_msgs/srv/detail/emitter_send_string__type_support.cpp
[1.073s] -- Up-to-date: /home/minji/test_folder/Test_in_Simulation/install/webots_ros2_msgs/include/webots_ros2_msgs/webots_ros2_msgs/srv/detail/get_bool__rosidl_typesupport_introspection_cpp.hpp
[1.073s] -- Up-to-date: /home/minji/test_folder/Test_in_Simulation/install/webots_ros2_msgs/include/webots_ros2_msgs/webots_ros2_msgs/srv/detail/spawn_urdf_robot__rosidl_typesupport_introspection_cpp.hpp
[1.073s] -- Up-to-date: /home/minji/test_folder/Test_in_Simulation/install/webots_ros2_msgs/include/webots_ros2_msgs/webots_ros2_msgs/srv/detail/spawn_node_from_string__rosidl_typesupport_introspection_cpp.hpp
[1.073s] -- Up-to-date: /home/minji/test_folder/Test_in_Simulation/install/webots_ros2_msgs/include/webots_ros2_msgs/webots_ros2_msgs/srv/detail/get_bool__type_support.cpp
[1.073s] -- Up-to-date: /home/minji/test_folder/Test_in_Simulation/install/webots_ros2_msgs/lib/libwebots_ros2_msgs__rosidl_typesupport_introspection_cpp.so
[1.073s] -- Up-to-date: /home/minji/test_folder/Test_in_Simulation/install/webots_ros2_msgs/lib/libwebots_ros2_msgs__rosidl_typesupport_cpp.so
[1.073s] -- Up-to-date: /home/minji/test_folder/Test_in_Simulation/install/webots_ros2_msgs/share/webots_ros2_msgs/environment/pythonpath.sh
[1.073s] -- Up-to-date: /home/minji/test_folder/Test_in_Simulation/install/webots_ros2_msgs/share/webots_ros2_msgs/environment/pythonpath.dsv
[1.073s] -- Up-to-date: /home/minji/test_folder/Test_in_Simulation/install/webots_ros2_msgs/local/lib/python3.10/dist-packages/webots_ros2_msgs-2023.1.2-py3.10.egg-info
[1.073s] -- Installing: /home/minji/test_folder/Test_in_Simulation/install/webots_ros2_msgs/local/lib/python3.10/dist-packages/webots_ros2_msgs-2023.1.2-py3.10.egg-info/top_level.txt
[1.073s] -- Installing: /home/minji/test_folder/Test_in_Simulation/install/webots_ros2_msgs/local/lib/python3.10/dist-packages/webots_ros2_msgs-2023.1.2-py3.10.egg-info/SOURCES.txt
[1.073s] -- Installing: /home/minji/test_folder/Test_in_Simulation/install/webots_ros2_msgs/local/lib/python3.10/dist-packages/webots_ros2_msgs-2023.1.2-py3.10.egg-info/PKG-INFO
[1.073s] -- Installing: /home/minji/test_folder/Test_in_Simulation/install/webots_ros2_msgs/local/lib/python3.10/dist-packages/webots_ros2_msgs-2023.1.2-py3.10.egg-info/dependency_links.txt
[1.074s] -- Up-to-date: /home/minji/test_folder/Test_in_Simulation/install/webots_ros2_msgs/local/lib/python3.10/dist-packages/webots_ros2_msgs
[1.074s] -- Up-to-date: /home/minji/test_folder/Test_in_Simulation/install/webots_ros2_msgs/local/lib/python3.10/dist-packages/webots_ros2_msgs/__init__.py
[1.074s] -- Up-to-date: /home/minji/test_folder/Test_in_Simulation/install/webots_ros2_msgs/local/lib/python3.10/dist-packages/webots_ros2_msgs/_webots_ros2_msgs_s.ep.rosidl_typesupport_introspection_c.c
[1.074s] -- Up-to-date: /home/minji/test_folder/Test_in_Simulation/install/webots_ros2_msgs/local/lib/python3.10/dist-packages/webots_ros2_msgs/_webots_ros2_msgs_s.ep.rosidl_typesupport_c.c
[1.074s] -- Up-to-date: /home/minji/test_folder/Test_in_Simulation/install/webots_ros2_msgs/local/lib/python3.10/dist-packages/webots_ros2_msgs/webots_ros2_msgs_s__rosidl_typesupport_fastrtps_c.cpython-310-x86_64-linux-gnu.so
[1.074s] -- Up-to-date: /home/minji/test_folder/Test_in_Simulation/install/webots_ros2_msgs/local/lib/python3.10/dist-packages/webots_ros2_msgs/webots_ros2_msgs_s__rosidl_typesupport_introspection_c.cpython-310-x86_64-linux-gnu.so
[1.074s] -- Up-to-date: /home/minji/test_folder/Test_in_Simulation/install/webots_ros2_msgs/local/lib/python3.10/dist-packages/webots_ros2_msgs/_webots_ros2_msgs_s.ep.rosidl_typesupport_fastrtps_c.c
[1.074s] -- Up-to-date: /home/minji/test_folder/Test_in_Simulation/install/webots_ros2_msgs/local/lib/python3.10/dist-packages/webots_ros2_msgs/libwebots_ros2_msgs__rosidl_generator_py.so
[1.074s] -- Up-to-date: /home/minji/test_folder/Test_in_Simulation/install/webots_ros2_msgs/local/lib/python3.10/dist-packages/webots_ros2_msgs/msg
[1.074s] -- Up-to-date: /home/minji/test_folder/Test_in_Simulation/install/webots_ros2_msgs/local/lib/python3.10/dist-packages/webots_ros2_msgs/msg/__init__.py
[1.074s] -- Up-to-date: /home/minji/test_folder/Test_in_Simulation/install/webots_ros2_msgs/local/lib/python3.10/dist-packages/webots_ros2_msgs/msg/_float_stamped.py
[1.074s] -- Up-to-date: /home/minji/test_folder/Test_in_Simulation/install/webots_ros2_msgs/local/lib/python3.10/dist-packages/webots_ros2_msgs/msg/_bool_stamped_s.c
[1.074s] -- Up-to-date: /home/minji/test_folder/Test_in_Simulation/install/webots_ros2_msgs/local/lib/python3.10/dist-packages/webots_ros2_msgs/msg/_string_stamped_s.c
[1.074s] -- Up-to-date: /home/minji/test_folder/Test_in_Simulation/install/webots_ros2_msgs/local/lib/python3.10/dist-packages/webots_ros2_msgs/msg/_camera_recognition_object.py
[1.074s] -- Up-to-date: /home/minji/test_folder/Test_in_Simulation/install/webots_ros2_msgs/local/lib/python3.10/dist-packages/webots_ros2_msgs/msg/_camera_recognition_object_s.c
[1.074s] -- Up-to-date: /home/minji/test_folder/Test_in_Simulation/install/webots_ros2_msgs/local/lib/python3.10/dist-packages/webots_ros2_msgs/msg/_camera_recognition_objects_s.c
[1.074s] -- Up-to-date: /home/minji/test_folder/Test_in_Simulation/install/webots_ros2_msgs/local/lib/python3.10/dist-packages/webots_ros2_msgs/msg/_urdf_robot.py
[1.074s] -- Up-to-date: /home/minji/test_folder/Test_in_Simulation/install/webots_ros2_msgs/local/lib/python3.10/dist-packages/webots_ros2_msgs/msg/_float_stamped_s.c
[1.074s] -- Up-to-date: /home/minji/test_folder/Test_in_Simulation/install/webots_ros2_msgs/local/lib/python3.10/dist-packages/webots_ros2_msgs/msg/_camera_recognition_objects.py
[1.074s] -- Up-to-date: /home/minji/test_folder/Test_in_Simulation/install/webots_ros2_msgs/local/lib/python3.10/dist-packages/webots_ros2_msgs/msg/_pen_ink_properties_s.c
[1.074s] -- Up-to-date: /home/minji/test_folder/Test_in_Simulation/install/webots_ros2_msgs/local/lib/python3.10/dist-packages/webots_ros2_msgs/msg/_pen_ink_properties.py
[1.074s] -- Up-to-date: /home/minji/test_folder/Test_in_Simulation/install/webots_ros2_msgs/local/lib/python3.10/dist-packages/webots_ros2_msgs/msg/_bool_stamped.py
[1.074s] -- Up-to-date: /home/minji/test_folder/Test_in_Simulation/install/webots_ros2_msgs/local/lib/python3.10/dist-packages/webots_ros2_msgs/msg/_string_stamped.py
[1.074s] -- Up-to-date: /home/minji/test_folder/Test_in_Simulation/install/webots_ros2_msgs/local/lib/python3.10/dist-packages/webots_ros2_msgs/msg/_urdf_robot_s.c
[1.074s] -- Up-to-date: /home/minji/test_folder/Test_in_Simulation/install/webots_ros2_msgs/local/lib/python3.10/dist-packages/webots_ros2_msgs/srv
[1.074s] -- Up-to-date: /home/minji/test_folder/Test_in_Simulation/install/webots_ros2_msgs/local/lib/python3.10/dist-packages/webots_ros2_msgs/srv/_get_bool_s.c
[1.074s] -- Up-to-date: /home/minji/test_folder/Test_in_Simulation/install/webots_ros2_msgs/local/lib/python3.10/dist-packages/webots_ros2_msgs/srv/_spawn_urdf_robot.py
[1.075s] -- Up-to-date: /home/minji/test_folder/Test_in_Simulation/install/webots_ros2_msgs/local/lib/python3.10/dist-packages/webots_ros2_msgs/srv/__init__.py
[1.075s] -- Up-to-date: /home/minji/test_folder/Test_in_Simulation/install/webots_ros2_msgs/local/lib/python3.10/dist-packages/webots_ros2_msgs/srv/_emitter_send_string.py
[1.075s] -- Up-to-date: /home/minji/test_folder/Test_in_Simulation/install/webots_ros2_msgs/local/lib/python3.10/dist-packages/webots_ros2_msgs/srv/_spawn_node_from_string_s.c
[1.075s] -- Up-to-date: /home/minji/test_folder/Test_in_Simulation/install/webots_ros2_msgs/local/lib/python3.10/dist-packages/webots_ros2_msgs/srv/_get_bool.py
[1.075s] -- Up-to-date: /home/minji/test_folder/Test_in_Simulation/install/webots_ros2_msgs/local/lib/python3.10/dist-packages/webots_ros2_msgs/srv/_spawn_node_from_string.py
[1.075s] -- Up-to-date: /home/minji/test_folder/Test_in_Simulation/install/webots_ros2_msgs/local/lib/python3.10/dist-packages/webots_ros2_msgs/srv/_emitter_send_string_s.c
[1.075s] -- Up-to-date: /home/minji/test_folder/Test_in_Simulation/install/webots_ros2_msgs/local/lib/python3.10/dist-packages/webots_ros2_msgs/srv/_set_string.py
[1.075s] -- Up-to-date: /home/minji/test_folder/Test_in_Simulation/install/webots_ros2_msgs/local/lib/python3.10/dist-packages/webots_ros2_msgs/srv/_spawn_urdf_robot_s.c
[1.075s] -- Up-to-date: /home/minji/test_folder/Test_in_Simulation/install/webots_ros2_msgs/local/lib/python3.10/dist-packages/webots_ros2_msgs/srv/_set_string_s.c
[1.075s] -- Up-to-date: /home/minji/test_folder/Test_in_Simulation/install/webots_ros2_msgs/local/lib/python3.10/dist-packages/webots_ros2_msgs/webots_ros2_msgs_s__rosidl_typesupport_c.cpython-310-x86_64-linux-gnu.so
[1.108s] Listing '/home/minji/test_folder/Test_in_Simulation/install/webots_ros2_msgs/local/lib/python3.10/dist-packages/webots_ros2_msgs'...
[1.108s] Listing '/home/minji/test_folder/Test_in_Simulation/install/webots_ros2_msgs/local/lib/python3.10/dist-packages/webots_ros2_msgs/msg'...
[1.108s] Listing '/home/minji/test_folder/Test_in_Simulation/install/webots_ros2_msgs/local/lib/python3.10/dist-packages/webots_ros2_msgs/srv'...
[1.111s] -- Up-to-date: /home/minji/test_folder/Test_in_Simulation/install/webots_ros2_msgs/local/lib/python3.10/dist-packages/webots_ros2_msgs/webots_ros2_msgs_s__rosidl_typesupport_fastrtps_c.cpython-310-x86_64-linux-gnu.so
[1.112s] -- Up-to-date: /home/minji/test_folder/Test_in_Simulation/install/webots_ros2_msgs/local/lib/python3.10/dist-packages/webots_ros2_msgs/webots_ros2_msgs_s__rosidl_typesupport_introspection_c.cpython-310-x86_64-linux-gnu.so
[1.112s] -- Up-to-date: /home/minji/test_folder/Test_in_Simulation/install/webots_ros2_msgs/local/lib/python3.10/dist-packages/webots_ros2_msgs/webots_ros2_msgs_s__rosidl_typesupport_c.cpython-310-x86_64-linux-gnu.so
[1.113s] -- Up-to-date: /home/minji/test_folder/Test_in_Simulation/install/webots_ros2_msgs/lib/libwebots_ros2_msgs__rosidl_generator_py.so
[1.113s] -- Up-to-date: /home/minji/test_folder/Test_in_Simulation/install/webots_ros2_msgs/share/webots_ros2_msgs/msg/BoolStamped.idl
[1.113s] -- Up-to-date: /home/minji/test_folder/Test_in_Simulation/install/webots_ros2_msgs/share/webots_ros2_msgs/msg/FloatStamped.idl
[1.113s] -- Up-to-date: /home/minji/test_folder/Test_in_Simulation/install/webots_ros2_msgs/share/webots_ros2_msgs/msg/StringStamped.idl
[1.113s] -- Up-to-date: /home/minji/test_folder/Test_in_Simulation/install/webots_ros2_msgs/share/webots_ros2_msgs/msg/CameraRecognitionObject.idl
[1.113s] -- Up-to-date: /home/minji/test_folder/Test_in_Simulation/install/webots_ros2_msgs/share/webots_ros2_msgs/msg/CameraRecognitionObjects.idl
[1.113s] -- Up-to-date: /home/minji/test_folder/Test_in_Simulation/install/webots_ros2_msgs/share/webots_ros2_msgs/msg/UrdfRobot.idl
[1.113s] -- Up-to-date: /home/minji/test_folder/Test_in_Simulation/install/webots_ros2_msgs/share/webots_ros2_msgs/msg/PenInkProperties.idl
[1.113s] -- Up-to-date: /home/minji/test_folder/Test_in_Simulation/install/webots_ros2_msgs/share/webots_ros2_msgs/srv/EmitterSendString.idl
[1.113s] -- Up-to-date: /home/minji/test_folder/Test_in_Simulation/install/webots_ros2_msgs/share/webots_ros2_msgs/srv/GetBool.idl
[1.113s] -- Up-to-date: /home/minji/test_folder/Test_in_Simulation/install/webots_ros2_msgs/share/webots_ros2_msgs/srv/SetString.idl
[1.113s] -- Up-to-date: /home/minji/test_folder/Test_in_Simulation/install/webots_ros2_msgs/share/webots_ros2_msgs/srv/SpawnNodeFromString.idl
[1.113s] -- Up-to-date: /home/minji/test_folder/Test_in_Simulation/install/webots_ros2_msgs/share/webots_ros2_msgs/srv/SpawnUrdfRobot.idl
[1.113s] -- Up-to-date: /home/minji/test_folder/Test_in_Simulation/install/webots_ros2_msgs/share/webots_ros2_msgs/msg/BoolStamped.msg
[1.114s] -- Up-to-date: /home/minji/test_folder/Test_in_Simulation/install/webots_ros2_msgs/share/webots_ros2_msgs/msg/FloatStamped.msg
[1.114s] -- Up-to-date: /home/minji/test_folder/Test_in_Simulation/install/webots_ros2_msgs/share/webots_ros2_msgs/msg/StringStamped.msg
[1.114s] -- Up-to-date: /home/minji/test_folder/Test_in_Simulation/install/webots_ros2_msgs/share/webots_ros2_msgs/msg/CameraRecognitionObject.msg
[1.114s] -- Up-to-date: /home/minji/test_folder/Test_in_Simulation/install/webots_ros2_msgs/share/webots_ros2_msgs/msg/CameraRecognitionObjects.msg
[1.114s] -- Up-to-date: /home/minji/test_folder/Test_in_Simulation/install/webots_ros2_msgs/share/webots_ros2_msgs/msg/UrdfRobot.msg
[1.114s] -- Up-to-date: /home/minji/test_folder/Test_in_Simulation/install/webots_ros2_msgs/share/webots_ros2_msgs/msg/PenInkProperties.msg
[1.114s] -- Up-to-date: /home/minji/test_folder/Test_in_Simulation/install/webots_ros2_msgs/share/webots_ros2_msgs/srv/EmitterSendString.srv
[1.114s] -- Up-to-date: /home/minji/test_folder/Test_in_Simulation/install/webots_ros2_msgs/share/webots_ros2_msgs/srv/EmitterSendString_Request.msg
[1.114s] -- Up-to-date: /home/minji/test_folder/Test_in_Simulation/install/webots_ros2_msgs/share/webots_ros2_msgs/srv/EmitterSendString_Response.msg
[1.114s] -- Up-to-date: /home/minji/test_folder/Test_in_Simulation/install/webots_ros2_msgs/share/webots_ros2_msgs/srv/GetBool.srv
[1.114s] -- Up-to-date: /home/minji/test_folder/Test_in_Simulation/install/webots_ros2_msgs/share/webots_ros2_msgs/srv/GetBool_Request.msg
[1.114s] -- Up-to-date: /home/minji/test_folder/Test_in_Simulation/install/webots_ros2_msgs/share/webots_ros2_msgs/srv/GetBool_Response.msg
[1.114s] -- Up-to-date: /home/minji/test_folder/Test_in_Simulation/install/webots_ros2_msgs/share/webots_ros2_msgs/srv/SetString.srv
[1.114s] -- Up-to-date: /home/minji/test_folder/Test_in_Simulation/install/webots_ros2_msgs/share/webots_ros2_msgs/srv/SetString_Request.msg
[1.114s] -- Up-to-date: /home/minji/test_folder/Test_in_Simulation/install/webots_ros2_msgs/share/webots_ros2_msgs/srv/SetString_Response.msg
[1.114s] -- Up-to-date: /home/minji/test_folder/Test_in_Simulation/install/webots_ros2_msgs/share/webots_ros2_msgs/srv/SpawnNodeFromString.srv
[1.114s] -- Up-to-date: /home/minji/test_folder/Test_in_Simulation/install/webots_ros2_msgs/share/webots_ros2_msgs/srv/SpawnNodeFromString_Request.msg
[1.114s] -- Up-to-date: /home/minji/test_folder/Test_in_Simulation/install/webots_ros2_msgs/share/webots_ros2_msgs/srv/SpawnNodeFromString_Response.msg
[1.114s] -- Up-to-date: /home/minji/test_folder/Test_in_Simulation/install/webots_ros2_msgs/share/webots_ros2_msgs/srv/SpawnUrdfRobot.srv
[1.114s] -- Up-to-date: /home/minji/test_folder/Test_in_Simulation/install/webots_ros2_msgs/share/webots_ros2_msgs/srv/SpawnUrdfRobot_Request.msg
[1.114s] -- Up-to-date: /home/minji/test_folder/Test_in_Simulation/install/webots_ros2_msgs/share/webots_ros2_msgs/srv/SpawnUrdfRobot_Response.msg
[1.114s] -- Up-to-date: /home/minji/test_folder/Test_in_Simulation/install/webots_ros2_msgs/share/ament_index/resource_index/package_run_dependencies/webots_ros2_msgs
[1.115s] -- Up-to-date: /home/minji/test_folder/Test_in_Simulation/install/webots_ros2_msgs/share/ament_index/resource_index/parent_prefix_path/webots_ros2_msgs
[1.115s] -- Up-to-date: /home/minji/test_folder/Test_in_Simulation/install/webots_ros2_msgs/share/webots_ros2_msgs/environment/ament_prefix_path.sh
[1.115s] -- Up-to-date: /home/minji/test_folder/Test_in_Simulation/install/webots_ros2_msgs/share/webots_ros2_msgs/environment/ament_prefix_path.dsv
[1.115s] -- Up-to-date: /home/minji/test_folder/Test_in_Simulation/install/webots_ros2_msgs/share/webots_ros2_msgs/environment/path.sh
[1.115s] -- Up-to-date: /home/minji/test_folder/Test_in_Simulation/install/webots_ros2_msgs/share/webots_ros2_msgs/environment/path.dsv
[1.115s] -- Up-to-date: /home/minji/test_folder/Test_in_Simulation/install/webots_ros2_msgs/share/webots_ros2_msgs/local_setup.bash
[1.115s] -- Up-to-date: /home/minji/test_folder/Test_in_Simulation/install/webots_ros2_msgs/share/webots_ros2_msgs/local_setup.sh
[1.115s] -- Up-to-date: /home/minji/test_folder/Test_in_Simulation/install/webots_ros2_msgs/share/webots_ros2_msgs/local_setup.zsh
[1.115s] -- Up-to-date: /home/minji/test_folder/Test_in_Simulation/install/webots_ros2_msgs/share/webots_ros2_msgs/local_setup.dsv
[1.115s] -- Installing: /home/minji/test_folder/Test_in_Simulation/install/webots_ros2_msgs/share/webots_ros2_msgs/package.dsv
[1.115s] -- Up-to-date: /home/minji/test_folder/Test_in_Simulation/install/webots_ros2_msgs/share/ament_index/resource_index/packages/webots_ros2_msgs
[1.116s] -- Up-to-date: /home/minji/test_folder/Test_in_Simulation/install/webots_ros2_msgs/share/webots_ros2_msgs/cmake/export_webots_ros2_msgs__rosidl_generator_cExport.cmake
[1.116s] -- Up-to-date: /home/minji/test_folder/Test_in_Simulation/install/webots_ros2_msgs/share/webots_ros2_msgs/cmake/export_webots_ros2_msgs__rosidl_generator_cExport-noconfig.cmake
[1.116s] -- Up-to-date: /home/minji/test_folder/Test_in_Simulation/install/webots_ros2_msgs/share/webots_ros2_msgs/cmake/export_webots_ros2_msgs__rosidl_typesupport_fastrtps_cExport.cmake
[1.117s] -- Up-to-date: /home/minji/test_folder/Test_in_Simulation/install/webots_ros2_msgs/share/webots_ros2_msgs/cmake/export_webots_ros2_msgs__rosidl_typesupport_fastrtps_cExport-noconfig.cmake
[1.117s] -- Up-to-date: /home/minji/test_folder/Test_in_Simulation/install/webots_ros2_msgs/share/webots_ros2_msgs/cmake/export_webots_ros2_msgs__rosidl_generator_cppExport.cmake
[1.117s] -- Up-to-date: /home/minji/test_folder/Test_in_Simulation/install/webots_ros2_msgs/share/webots_ros2_msgs/cmake/export_webots_ros2_msgs__rosidl_typesupport_fastrtps_cppExport.cmake
[1.117s] -- Up-to-date: /home/minji/test_folder/Test_in_Simulation/install/webots_ros2_msgs/share/webots_ros2_msgs/cmake/export_webots_ros2_msgs__rosidl_typesupport_fastrtps_cppExport-noconfig.cmake
[1.118s] -- Up-to-date: /home/minji/test_folder/Test_in_Simulation/install/webots_ros2_msgs/share/webots_ros2_msgs/cmake/webots_ros2_msgs__rosidl_typesupport_introspection_cExport.cmake
[1.118s] -- Up-to-date: /home/minji/test_folder/Test_in_Simulation/install/webots_ros2_msgs/share/webots_ros2_msgs/cmake/webots_ros2_msgs__rosidl_typesupport_introspection_cExport-noconfig.cmake
[1.118s] -- Up-to-date: /home/minji/test_folder/Test_in_Simulation/install/webots_ros2_msgs/share/webots_ros2_msgs/cmake/webots_ros2_msgs__rosidl_typesupport_cExport.cmake
[1.118s] -- Up-to-date: /home/minji/test_folder/Test_in_Simulation/install/webots_ros2_msgs/share/webots_ros2_msgs/cmake/webots_ros2_msgs__rosidl_typesupport_cExport-noconfig.cmake
[1.118s] -- Up-to-date: /home/minji/test_folder/Test_in_Simulation/install/webots_ros2_msgs/share/webots_ros2_msgs/cmake/webots_ros2_msgs__rosidl_typesupport_introspection_cppExport.cmake
[1.118s] -- Up-to-date: /home/minji/test_folder/Test_in_Simulation/install/webots_ros2_msgs/share/webots_ros2_msgs/cmake/webots_ros2_msgs__rosidl_typesupport_introspection_cppExport-noconfig.cmake
[1.118s] -- Up-to-date: /home/minji/test_folder/Test_in_Simulation/install/webots_ros2_msgs/share/webots_ros2_msgs/cmake/webots_ros2_msgs__rosidl_typesupport_cppExport.cmake
[1.119s] -- Up-to-date: /home/minji/test_folder/Test_in_Simulation/install/webots_ros2_msgs/share/webots_ros2_msgs/cmake/webots_ros2_msgs__rosidl_typesupport_cppExport-noconfig.cmake
[1.119s] -- Up-to-date: /home/minji/test_folder/Test_in_Simulation/install/webots_ros2_msgs/share/webots_ros2_msgs/cmake/export_webots_ros2_msgs__rosidl_generator_pyExport.cmake
[1.119s] -- Up-to-date: /home/minji/test_folder/Test_in_Simulation/install/webots_ros2_msgs/share/webots_ros2_msgs/cmake/export_webots_ros2_msgs__rosidl_generator_pyExport-noconfig.cmake
[1.119s] -- Up-to-date: /home/minji/test_folder/Test_in_Simulation/install/webots_ros2_msgs/share/webots_ros2_msgs/cmake/rosidl_cmake-extras.cmake
[1.119s] -- Up-to-date: /home/minji/test_folder/Test_in_Simulation/install/webots_ros2_msgs/share/webots_ros2_msgs/cmake/ament_cmake_export_dependencies-extras.cmake
[1.119s] -- Up-to-date: /home/minji/test_folder/Test_in_Simulation/install/webots_ros2_msgs/share/webots_ros2_msgs/cmake/ament_cmake_export_include_directories-extras.cmake
[1.119s] -- Up-to-date: /home/minji/test_folder/Test_in_Simulation/install/webots_ros2_msgs/share/webots_ros2_msgs/cmake/ament_cmake_export_libraries-extras.cmake
[1.119s] -- Up-to-date: /home/minji/test_folder/Test_in_Simulation/install/webots_ros2_msgs/share/webots_ros2_msgs/cmake/ament_cmake_export_targets-extras.cmake
[1.119s] -- Up-to-date: /home/minji/test_folder/Test_in_Simulation/install/webots_ros2_msgs/share/webots_ros2_msgs/cmake/rosidl_cmake_export_typesupport_targets-extras.cmake
[1.119s] -- Up-to-date: /home/minji/test_folder/Test_in_Simulation/install/webots_ros2_msgs/share/webots_ros2_msgs/cmake/rosidl_cmake_export_typesupport_libraries-extras.cmake
[1.119s] -- Up-to-date: /home/minji/test_folder/Test_in_Simulation/install/webots_ros2_msgs/share/webots_ros2_msgs/cmake/webots_ros2_msgsConfig.cmake
[1.119s] -- Up-to-date: /home/minji/test_folder/Test_in_Simulation/install/webots_ros2_msgs/share/webots_ros2_msgs/cmake/webots_ros2_msgsConfig-version.cmake
[1.119s] -- Up-to-date: /home/minji/test_folder/Test_in_Simulation/install/webots_ros2_msgs/share/webots_ros2_msgs/package.xml
[1.121s] Invoked command in '/home/minji/test_folder/Test_in_Simulation/build/webots_ros2_msgs' returned '0': CMAKE_PREFIX_PATH=${CMAKE_PREFIX_PATH}:/home/minji/minji_ws/install/webots_ros2:/home/minji/minji_ws/install/webots_ros2_universal_robot:/home/minji/minji_ws/install/webots_ros2_turtlebot:/home/minji/minji_ws/install/webots_ros2_tiago:/home/minji/minji_ws/install/webots_ros2_tests:/home/minji/minji_ws/install/webots_ros2_tesla:/home/minji/minji_ws/install/webots_ros2_mavic:/home/minji/minji_ws/install/webots_ros2_ld90:/home/minji/minji_ws/install/webots_ros2_epuck:/home/minji/test_folder/Test_in_Simulation/install/webots_ros2:/home/minji/test_folder/Test_in_Simulation/install/webots_ros2_universal_robot:/home/minji/test_folder/Test_in_Simulation/install/webots_ros2_turtlebot:/home/minji/test_folder/Test_in_Simulation/install/webots_ros2_tiago:/home/minji/test_folder/Test_in_Simulation/install/webots_ros2_tests:/home/minji/test_folder/Test_in_Simulation/install/webots_ros2_tesla:/home/minji/test_folder/Test_in_Simulation/install/webots_ros2_mavic:/home/minji/test_folder/Test_in_Simulation/install/webots_ros2_ld90:/home/minji/test_folder/Test_in_Simulation/install/webots_ros2_epuck:/home/minji/my_study/install/webots_ros2:/home/minji/my_study/install/webots_ros2_universal_robot:/home/minji/my_study/install/webots_ros2_turtlebot:/home/minji/my_study/install/webots_ros2_tiago:/home/minji/my_study/install/webots_ros2_tests:/home/minji/my_study/install/webots_ros2_tesla:/home/minji/my_study/install/webots_ros2_mavic:/home/minji/my_study/install/webots_ros2_ld90:/home/minji/my_study/install/webots_ros2_epuck:/opt/ros/humble /usr/bin/cmake --install /home/minji/test_folder/Test_in_Simulation/build/webots_ros2_msgs
