running egg_info
writing ../build/webots_ros2_ld90/webots_ros2_ld90.egg-info/PKG-INFO
writing dependency_links to ../build/webots_ros2_ld90/webots_ros2_ld90.egg-info/dependency_links.txt
writing entry points to ../build/webots_ros2_ld90/webots_ros2_ld90.egg-info/entry_points.txt
writing requirements to ../build/webots_ros2_ld90/webots_ros2_ld90.egg-info/requires.txt
writing top-level names to ../build/webots_ros2_ld90/webots_ros2_ld90.egg-info/top_level.txt
reading manifest file '../build/webots_ros2_ld90/webots_ros2_ld90.egg-info/SOURCES.txt'
adding license file 'LICENSE'
writing manifest file '../build/webots_ros2_ld90/webots_ros2_ld90.egg-info/SOURCES.txt'
running build
running install
running install_data
creating /home/minji/minji_ws/install/webots_ros2_ld90/lib/webots_ros2_ld90/controllers
creating /home/minji/minji_ws/install/webots_ros2_ld90/lib/webots_ros2_ld90/controllers/my_controller_salus
copying controllers/my_controller_salus/my_controller_salus.py -> /home/minji/minji_ws/install/webots_ros2_ld90/lib/webots_ros2_ld90/controllers/my_controller_salus
running install_egg_info
removing '/home/minji/minji_ws/install/webots_ros2_ld90/lib/python3.10/site-packages/webots_ros2_ld90-0.0.0-py3.10.egg-info' (and everything under it)
Copying ../build/webots_ros2_ld90/webots_ros2_ld90.egg-info to /home/minji/minji_ws/install/webots_ros2_ld90/lib/python3.10/site-packages/webots_ros2_ld90-0.0.0-py3.10.egg-info
running install_scripts
Installing my_controller_salus script to /home/minji/minji_ws/install/webots_ros2_ld90/lib/webots_ros2_ld90
writing list of installed files to '/home/minji/minji_ws/build/webots_ros2_ld90/install.log'
