[0.010s] Invoking command in '/home/minji/minji_ws/build/btcpp_ros2_interfaces': CMAKE_PREFIX_PATH=${CMAKE_PREFIX_PATH}:/home/minji/minji_ws/install/webots_ros2:/home/minji/minji_ws/install/webots_ros2_universal_robot:/home/minji/minji_ws/install/webots_ros2_turtlebot:/home/minji/minji_ws/install/webots_ros2_tiago:/home/minji/minji_ws/install/webots_ros2_tests:/home/minji/minji_ws/install/webots_ros2_tesla:/home/minji/minji_ws/install/webots_ros2_mavic:/home/minji/minji_ws/install/webots_ros2_ld90:/home/minji/minji_ws/install/webots_ros2_epuck:/home/minji/my_study/install/webots_ros2:/home/minji/my_study/install/webots_ros2_universal_robot:/home/minji/my_study/install/webots_ros2_turtlebot:/home/minji/my_study/install/webots_ros2_tiago:/home/minji/my_study/install/webots_ros2_tests:/home/minji/my_study/install/webots_ros2_tesla:/home/minji/my_study/install/webots_ros2_mavic:/home/minji/my_study/install/webots_ros2_ld90:/home/minji/my_study/install/webots_ros2_epuck:/opt/ros/humble /usr/bin/cmake /home/minji/minji_ws/src/behaviortree_ros2/btcpp_ros2_interfaces -DCMAKE_INSTALL_PREFIX=/home/minji/minji_ws/install/btcpp_ros2_interfaces
[0.050s] -- The C compiler identification is GNU 11.4.0
[0.102s] -- The CXX compiler identification is GNU 11.4.0
[0.110s] -- Detecting C compiler ABI info
[0.168s] -- Detecting C compiler ABI info - done
[0.173s] -- Check for working C compiler: /usr/bin/cc - skipped
[0.173s] -- Detecting C compile features
[0.173s] -- Detecting C compile features - done
[0.175s] -- Detecting CXX compiler ABI info
[0.233s] -- Detecting CXX compiler ABI info - done
[0.239s] -- Check for working CXX compiler: /usr/bin/c++ - skipped
[0.239s] -- Detecting CXX compile features
[0.239s] -- Detecting CXX compile features - done
[0.242s] -- Found ament_cmake: 1.3.9 (/opt/ros/humble/share/ament_cmake/cmake)
[0.385s] -- Found Python3: /usr/bin/python3 (found version "3.10.12") found components: Interpreter 
[0.483s] -- Found rosidl_default_generators: 1.2.0 (/opt/ros/humble/share/rosidl_default_generators/cmake)
[0.492s] -- Using all available rosidl_typesupport_c: rosidl_typesupport_fastrtps_c;rosidl_typesupport_introspection_c
[0.505s] -- Found rosidl_adapter: 3.1.5 (/opt/ros/humble/share/rosidl_adapter/cmake)
[0.565s] -- Using all available rosidl_typesupport_cpp: rosidl_typesupport_fastrtps_cpp;rosidl_typesupport_introspection_cpp
[0.977s] -- Found ament_cmake_ros: 0.10.0 (/opt/ros/humble/share/ament_cmake_ros/cmake)
[1.221s] -- Using all available rosidl_typesupport_c: rosidl_typesupport_fastrtps_c;rosidl_typesupport_introspection_c
[1.455s] -- Using all available rosidl_typesupport_cpp: rosidl_typesupport_fastrtps_cpp;rosidl_typesupport_introspection_cpp
[1.476s] -- Found PythonInterp: /usr/bin/python3 (found suitable version "3.10.12", minimum required is "3.6") 
[1.480s] -- Found python_cmake_module: 0.10.0 (/opt/ros/humble/share/python_cmake_module/cmake)
[1.505s] -- Found PythonLibs: /usr/lib/x86_64-linux-gnu/libpython3.10.so (found suitable version "3.10.12", minimum required is "3.5") 
[1.505s] -- Using PYTHON_EXECUTABLE: /usr/bin/python3
[1.505s] -- Using PYTHON_INCLUDE_DIRS: /usr/include/python3.10
[1.505s] -- Using PYTHON_LIBRARIES: /usr/lib/x86_64-linux-gnu/libpython3.10.so
[1.524s] -- Found PythonExtra: .so  
[1.574s] -- Configuring done
[1.597s] -- Generating done
[1.598s] -- Build files have been written to: /home/minji/minji_ws/build/btcpp_ros2_interfaces
[1.604s] Invoked command in '/home/minji/minji_ws/build/btcpp_ros2_interfaces' returned '0': CMAKE_PREFIX_PATH=${CMAKE_PREFIX_PATH}:/home/minji/minji_ws/install/webots_ros2:/home/minji/minji_ws/install/webots_ros2_universal_robot:/home/minji/minji_ws/install/webots_ros2_turtlebot:/home/minji/minji_ws/install/webots_ros2_tiago:/home/minji/minji_ws/install/webots_ros2_tests:/home/minji/minji_ws/install/webots_ros2_tesla:/home/minji/minji_ws/install/webots_ros2_mavic:/home/minji/minji_ws/install/webots_ros2_ld90:/home/minji/minji_ws/install/webots_ros2_epuck:/home/minji/my_study/install/webots_ros2:/home/minji/my_study/install/webots_ros2_universal_robot:/home/minji/my_study/install/webots_ros2_turtlebot:/home/minji/my_study/install/webots_ros2_tiago:/home/minji/my_study/install/webots_ros2_tests:/home/minji/my_study/install/webots_ros2_tesla:/home/minji/my_study/install/webots_ros2_mavic:/home/minji/my_study/install/webots_ros2_ld90:/home/minji/my_study/install/webots_ros2_epuck:/opt/ros/humble /usr/bin/cmake /home/minji/minji_ws/src/behaviortree_ros2/btcpp_ros2_interfaces -DCMAKE_INSTALL_PREFIX=/home/minji/minji_ws/install/btcpp_ros2_interfaces
[1.605s] Invoking command in '/home/minji/minji_ws/build/btcpp_ros2_interfaces': CMAKE_PREFIX_PATH=${CMAKE_PREFIX_PATH}:/home/minji/minji_ws/install/webots_ros2:/home/minji/minji_ws/install/webots_ros2_universal_robot:/home/minji/minji_ws/install/webots_ros2_turtlebot:/home/minji/minji_ws/install/webots_ros2_tiago:/home/minji/minji_ws/install/webots_ros2_tests:/home/minji/minji_ws/install/webots_ros2_tesla:/home/minji/minji_ws/install/webots_ros2_mavic:/home/minji/minji_ws/install/webots_ros2_ld90:/home/minji/minji_ws/install/webots_ros2_epuck:/home/minji/my_study/install/webots_ros2:/home/minji/my_study/install/webots_ros2_universal_robot:/home/minji/my_study/install/webots_ros2_turtlebot:/home/minji/my_study/install/webots_ros2_tiago:/home/minji/my_study/install/webots_ros2_tests:/home/minji/my_study/install/webots_ros2_tesla:/home/minji/my_study/install/webots_ros2_mavic:/home/minji/my_study/install/webots_ros2_ld90:/home/minji/my_study/install/webots_ros2_epuck:/opt/ros/humble /usr/bin/cmake --build /home/minji/minji_ws/build/btcpp_ros2_interfaces -- -j8 -l8
[1.635s] [  2%] [34m[1mGenerating C code for ROS interfaces[0m
[1.643s] [  4%] [34m[1mGenerating C++ code for ROS interfaces[0m
[1.651s] [  4%] Built target ament_cmake_python_copy_btcpp_ros2_interfaces
[1.890s] running egg_info
[1.890s] creating btcpp_ros2_interfaces.egg-info
[1.891s] writing btcpp_ros2_interfaces.egg-info/PKG-INFO
[1.891s] writing dependency_links to btcpp_ros2_interfaces.egg-info/dependency_links.txt
[1.891s] writing top-level names to btcpp_ros2_interfaces.egg-info/top_level.txt
[1.891s] writing manifest file 'btcpp_ros2_interfaces.egg-info/SOURCES.txt'
[1.892s] reading manifest file 'btcpp_ros2_interfaces.egg-info/SOURCES.txt'
[1.893s] writing manifest file 'btcpp_ros2_interfaces.egg-info/SOURCES.txt'
[1.917s] [  4%] Built target ament_cmake_python_build_btcpp_ros2_interfaces_egg
[2.350s] [  4%] Built target btcpp_ros2_interfaces__cpp
[2.361s] [  6%] [34m[1mGenerating C++ type support for eProsima Fast-RTPS[0m
[2.363s] [  8%] [34m[1mGenerating C++ introspection for ROS interfaces[0m
[2.363s] [ 10%] [34m[1mGenerating C++ type support dispatch for ROS interfaces[0m
[2.365s] [ 12%] [32mBuilding C object CMakeFiles/btcpp_ros2_interfaces__rosidl_generator_c.dir/rosidl_generator_c/btcpp_ros2_interfaces/msg/detail/node_status__functions.c.o[0m
[2.367s] [ 14%] [32mBuilding C object CMakeFiles/btcpp_ros2_interfaces__rosidl_generator_c.dir/rosidl_generator_c/btcpp_ros2_interfaces/action/detail/sleep__functions.c.o[0m
[2.373s] [ 17%] [32mBuilding C object CMakeFiles/btcpp_ros2_interfaces__rosidl_generator_c.dir/rosidl_generator_c/btcpp_ros2_interfaces/action/detail/execute_tree__functions.c.o[0m
[2.553s] [ 19%] [32m[1mLinking C shared library libbtcpp_ros2_interfaces__rosidl_generator_c.so[0m
[2.604s] [ 19%] Built target btcpp_ros2_interfaces__rosidl_generator_c
[2.617s] [ 21%] [34m[1mGenerating C type support for eProsima Fast-RTPS[0m
[2.617s] [ 25%] [34m[1mGenerating C type support dispatch for ROS interfaces[0m
[2.618s] [ 25%] [34m[1mGenerating C introspection for ROS interfaces[0m
[3.230s] [ 27%] [32mBuilding CXX object CMakeFiles/btcpp_ros2_interfaces__rosidl_typesupport_cpp.dir/rosidl_typesupport_cpp/btcpp_ros2_interfaces/msg/node_status__type_support.cpp.o[0m
[3.241s] [ 29%] [32mBuilding CXX object CMakeFiles/btcpp_ros2_interfaces__rosidl_typesupport_cpp.dir/rosidl_typesupport_cpp/btcpp_ros2_interfaces/action/execute_tree__type_support.cpp.o[0m
[3.275s] [ 31%] [32mBuilding CXX object CMakeFiles/btcpp_ros2_interfaces__rosidl_typesupport_cpp.dir/rosidl_typesupport_cpp/btcpp_ros2_interfaces/action/sleep__type_support.cpp.o[0m
[3.487s] [ 34%] [32mBuilding CXX object CMakeFiles/btcpp_ros2_interfaces__rosidl_typesupport_introspection_cpp.dir/rosidl_typesupport_introspection_cpp/btcpp_ros2_interfaces/msg/detail/node_status__type_support.cpp.o[0m
[3.645s] [ 36%] [32mBuilding CXX object CMakeFiles/btcpp_ros2_interfaces__rosidl_typesupport_fastrtps_cpp.dir/rosidl_typesupport_fastrtps_cpp/btcpp_ros2_interfaces/msg/detail/dds_fastrtps/node_status__type_support.cpp.o[0m
[3.694s] [ 38%] [32mBuilding CXX object CMakeFiles/btcpp_ros2_interfaces__rosidl_typesupport_c.dir/rosidl_typesupport_c/btcpp_ros2_interfaces/msg/node_status__type_support.cpp.o[0m
[3.830s] [ 40%] [32mBuilding CXX object CMakeFiles/btcpp_ros2_interfaces__rosidl_typesupport_c.dir/rosidl_typesupport_c/btcpp_ros2_interfaces/action/execute_tree__type_support.cpp.o[0m
[3.928s] [ 42%] [32mBuilding CXX object CMakeFiles/btcpp_ros2_interfaces__rosidl_typesupport_c.dir/rosidl_typesupport_c/btcpp_ros2_interfaces/action/sleep__type_support.cpp.o[0m
[3.987s] [ 44%] [32mBuilding CXX object CMakeFiles/btcpp_ros2_interfaces__rosidl_typesupport_introspection_cpp.dir/rosidl_typesupport_introspection_cpp/btcpp_ros2_interfaces/action/detail/execute_tree__type_support.cpp.o[0m
[4.034s] [ 46%] [32mBuilding CXX object CMakeFiles/btcpp_ros2_interfaces__rosidl_typesupport_fastrtps_c.dir/rosidl_typesupport_fastrtps_c/btcpp_ros2_interfaces/msg/detail/node_status__type_support_c.cpp.o[0m
[4.059s] [ 48%] [32m[1mLinking CXX shared library libbtcpp_ros2_interfaces__rosidl_typesupport_c.so[0m
[4.103s] [ 51%] [32mBuilding CXX object CMakeFiles/btcpp_ros2_interfaces__rosidl_typesupport_fastrtps_c.dir/rosidl_typesupport_fastrtps_c/btcpp_ros2_interfaces/action/detail/execute_tree__type_support_c.cpp.o[0m
[4.116s] [ 53%] [32mBuilding C object CMakeFiles/btcpp_ros2_interfaces__rosidl_typesupport_introspection_c.dir/rosidl_typesupport_introspection_c/btcpp_ros2_interfaces/msg/detail/node_status__type_support.c.o[0m
[4.132s] [ 55%] [32mBuilding CXX object CMakeFiles/btcpp_ros2_interfaces__rosidl_typesupport_introspection_cpp.dir/rosidl_typesupport_introspection_cpp/btcpp_ros2_interfaces/action/detail/sleep__type_support.cpp.o[0m
[4.155s] [ 57%] [32m[1mLinking CXX shared library libbtcpp_ros2_interfaces__rosidl_typesupport_cpp.so[0m
[4.156s] [ 57%] Built target btcpp_ros2_interfaces__rosidl_typesupport_c
[4.181s] [ 59%] [32mBuilding C object CMakeFiles/btcpp_ros2_interfaces__rosidl_typesupport_introspection_c.dir/rosidl_typesupport_introspection_c/btcpp_ros2_interfaces/action/detail/execute_tree__type_support.c.o[0m
[4.247s] [ 61%] [32mBuilding CXX object CMakeFiles/btcpp_ros2_interfaces__rosidl_typesupport_fastrtps_c.dir/rosidl_typesupport_fastrtps_c/btcpp_ros2_interfaces/action/detail/sleep__type_support_c.cpp.o[0m
[4.251s] [ 61%] Built target btcpp_ros2_interfaces__rosidl_typesupport_cpp
[4.289s] [ 63%] [32mBuilding C object CMakeFiles/btcpp_ros2_interfaces__rosidl_typesupport_introspection_c.dir/rosidl_typesupport_introspection_c/btcpp_ros2_interfaces/action/detail/sleep__type_support.c.o[0m
[4.331s] [ 65%] [32mBuilding CXX object CMakeFiles/btcpp_ros2_interfaces__rosidl_typesupport_fastrtps_cpp.dir/rosidl_typesupport_fastrtps_cpp/btcpp_ros2_interfaces/action/detail/dds_fastrtps/execute_tree__type_support.cpp.o[0m
[4.356s] [ 68%] [32mBuilding CXX object CMakeFiles/btcpp_ros2_interfaces__rosidl_typesupport_fastrtps_cpp.dir/rosidl_typesupport_fastrtps_cpp/btcpp_ros2_interfaces/action/detail/dds_fastrtps/sleep__type_support.cpp.o[0m
[4.462s] [ 70%] [32m[1mLinking C shared library libbtcpp_ros2_interfaces__rosidl_typesupport_introspection_c.so[0m
[4.516s] [ 70%] Built target btcpp_ros2_interfaces__rosidl_typesupport_introspection_c
[4.760s] [ 72%] [32m[1mLinking CXX shared library libbtcpp_ros2_interfaces__rosidl_typesupport_fastrtps_c.so[0m
[4.826s] [ 72%] Built target btcpp_ros2_interfaces__rosidl_typesupport_fastrtps_c
[4.912s] [ 74%] [32m[1mLinking CXX shared library libbtcpp_ros2_interfaces__rosidl_typesupport_introspection_cpp.so[0m
[4.978s] [ 74%] Built target btcpp_ros2_interfaces__rosidl_typesupport_introspection_cpp
[5.119s] [ 76%] [32m[1mLinking CXX shared library libbtcpp_ros2_interfaces__rosidl_typesupport_fastrtps_cpp.so[0m
[5.179s] [ 76%] Built target btcpp_ros2_interfaces__rosidl_typesupport_fastrtps_cpp
[5.195s] [ 76%] Built target btcpp_ros2_interfaces
[5.213s] [ 78%] [34m[1mGenerating Python code for ROS interfaces[0m
[6.798s] [ 78%] Built target btcpp_ros2_interfaces__py
[6.824s] [ 82%] [32mBuilding C object CMakeFiles/btcpp_ros2_interfaces__rosidl_generator_py.dir/rosidl_generator_py/btcpp_ros2_interfaces/action/_execute_tree_s.c.o[0m
[6.824s] [ 82%] [32mBuilding C object CMakeFiles/btcpp_ros2_interfaces__rosidl_generator_py.dir/rosidl_generator_py/btcpp_ros2_interfaces/action/_sleep_s.c.o[0m
[6.824s] [ 85%] [32mBuilding C object CMakeFiles/btcpp_ros2_interfaces__rosidl_generator_py.dir/rosidl_generator_py/btcpp_ros2_interfaces/msg/_node_status_s.c.o[0m
[7.027s] [ 87%] [32m[1mLinking C shared library rosidl_generator_py/btcpp_ros2_interfaces/libbtcpp_ros2_interfaces__rosidl_generator_py.so[0m
[7.074s] [ 87%] Built target btcpp_ros2_interfaces__rosidl_generator_py
[7.098s] [ 93%] [32mBuilding C object CMakeFiles/btcpp_ros2_interfaces__rosidl_typesupport_c__pyext.dir/rosidl_generator_py/btcpp_ros2_interfaces/_btcpp_ros2_interfaces_s.ep.rosidl_typesupport_c.c.o[0m
[7.098s] [ 93%] [32mBuilding C object CMakeFiles/btcpp_ros2_interfaces__rosidl_typesupport_introspection_c__pyext.dir/rosidl_generator_py/btcpp_ros2_interfaces/_btcpp_ros2_interfaces_s.ep.rosidl_typesupport_introspection_c.c.o[0m
[7.098s] [ 93%] [32mBuilding C object CMakeFiles/btcpp_ros2_interfaces__rosidl_typesupport_fastrtps_c__pyext.dir/rosidl_generator_py/btcpp_ros2_interfaces/_btcpp_ros2_interfaces_s.ep.rosidl_typesupport_fastrtps_c.c.o[0m
[7.267s] [ 95%] [32m[1mLinking C shared library rosidl_generator_py/btcpp_ros2_interfaces/btcpp_ros2_interfaces_s__rosidl_typesupport_introspection_c.cpython-310-x86_64-linux-gnu.so[0m
[7.270s] [100%] [32m[1mLinking C shared library rosidl_generator_py/btcpp_ros2_interfaces/btcpp_ros2_interfaces_s__rosidl_typesupport_fastrtps_c.cpython-310-x86_64-linux-gnu.so[0m
[7.270s] [100%] [32m[1mLinking C shared library rosidl_generator_py/btcpp_ros2_interfaces/btcpp_ros2_interfaces_s__rosidl_typesupport_c.cpython-310-x86_64-linux-gnu.so[0m
[7.315s] [100%] Built target btcpp_ros2_interfaces__rosidl_typesupport_introspection_c__pyext
[7.316s] [100%] Built target btcpp_ros2_interfaces__rosidl_typesupport_fastrtps_c__pyext
[7.317s] [100%] Built target btcpp_ros2_interfaces__rosidl_typesupport_c__pyext
[7.331s] Invoked command in '/home/minji/minji_ws/build/btcpp_ros2_interfaces' returned '0': CMAKE_PREFIX_PATH=${CMAKE_PREFIX_PATH}:/home/minji/minji_ws/install/webots_ros2:/home/minji/minji_ws/install/webots_ros2_universal_robot:/home/minji/minji_ws/install/webots_ros2_turtlebot:/home/minji/minji_ws/install/webots_ros2_tiago:/home/minji/minji_ws/install/webots_ros2_tests:/home/minji/minji_ws/install/webots_ros2_tesla:/home/minji/minji_ws/install/webots_ros2_mavic:/home/minji/minji_ws/install/webots_ros2_ld90:/home/minji/minji_ws/install/webots_ros2_epuck:/home/minji/my_study/install/webots_ros2:/home/minji/my_study/install/webots_ros2_universal_robot:/home/minji/my_study/install/webots_ros2_turtlebot:/home/minji/my_study/install/webots_ros2_tiago:/home/minji/my_study/install/webots_ros2_tests:/home/minji/my_study/install/webots_ros2_tesla:/home/minji/my_study/install/webots_ros2_mavic:/home/minji/my_study/install/webots_ros2_ld90:/home/minji/my_study/install/webots_ros2_epuck:/opt/ros/humble /usr/bin/cmake --build /home/minji/minji_ws/build/btcpp_ros2_interfaces -- -j8 -l8
[7.456s] Invoking command in '/home/minji/minji_ws/build/btcpp_ros2_interfaces': CMAKE_PREFIX_PATH=${CMAKE_PREFIX_PATH}:/home/minji/minji_ws/install/webots_ros2:/home/minji/minji_ws/install/webots_ros2_universal_robot:/home/minji/minji_ws/install/webots_ros2_turtlebot:/home/minji/minji_ws/install/webots_ros2_tiago:/home/minji/minji_ws/install/webots_ros2_tests:/home/minji/minji_ws/install/webots_ros2_tesla:/home/minji/minji_ws/install/webots_ros2_mavic:/home/minji/minji_ws/install/webots_ros2_ld90:/home/minji/minji_ws/install/webots_ros2_epuck:/home/minji/my_study/install/webots_ros2:/home/minji/my_study/install/webots_ros2_universal_robot:/home/minji/my_study/install/webots_ros2_turtlebot:/home/minji/my_study/install/webots_ros2_tiago:/home/minji/my_study/install/webots_ros2_tests:/home/minji/my_study/install/webots_ros2_tesla:/home/minji/my_study/install/webots_ros2_mavic:/home/minji/my_study/install/webots_ros2_ld90:/home/minji/my_study/install/webots_ros2_epuck:/opt/ros/humble /usr/bin/cmake --install /home/minji/minji_ws/build/btcpp_ros2_interfaces
[7.465s] -- Install configuration: ""
[7.466s] -- Installing: /home/minji/minji_ws/install/btcpp_ros2_interfaces/share/ament_index/resource_index/rosidl_interfaces/btcpp_ros2_interfaces
[7.467s] -- Installing: /home/minji/minji_ws/install/btcpp_ros2_interfaces/include/btcpp_ros2_interfaces/btcpp_ros2_interfaces
[7.467s] -- Installing: /home/minji/minji_ws/install/btcpp_ros2_interfaces/include/btcpp_ros2_interfaces/btcpp_ros2_interfaces/action
[7.467s] -- Installing: /home/minji/minji_ws/install/btcpp_ros2_interfaces/include/btcpp_ros2_interfaces/btcpp_ros2_interfaces/action/execute_tree.h
[7.467s] -- Installing: /home/minji/minji_ws/install/btcpp_ros2_interfaces/include/btcpp_ros2_interfaces/btcpp_ros2_interfaces/action/detail
[7.467s] -- Installing: /home/minji/minji_ws/install/btcpp_ros2_interfaces/include/btcpp_ros2_interfaces/btcpp_ros2_interfaces/action/detail/execute_tree__struct.h
[7.467s] -- Installing: /home/minji/minji_ws/install/btcpp_ros2_interfaces/include/btcpp_ros2_interfaces/btcpp_ros2_interfaces/action/detail/execute_tree__functions.c
[7.467s] -- Installing: /home/minji/minji_ws/install/btcpp_ros2_interfaces/include/btcpp_ros2_interfaces/btcpp_ros2_interfaces/action/detail/sleep__struct.h
[7.467s] -- Installing: /home/minji/minji_ws/install/btcpp_ros2_interfaces/include/btcpp_ros2_interfaces/btcpp_ros2_interfaces/action/detail/execute_tree__type_support.h
[7.467s] -- Installing: /home/minji/minji_ws/install/btcpp_ros2_interfaces/include/btcpp_ros2_interfaces/btcpp_ros2_interfaces/action/detail/sleep__functions.c
[7.468s] -- Installing: /home/minji/minji_ws/install/btcpp_ros2_interfaces/include/btcpp_ros2_interfaces/btcpp_ros2_interfaces/action/detail/sleep__functions.h
[7.468s] -- Installing: /home/minji/minji_ws/install/btcpp_ros2_interfaces/include/btcpp_ros2_interfaces/btcpp_ros2_interfaces/action/detail/execute_tree__functions.h
[7.468s] -- Installing: /home/minji/minji_ws/install/btcpp_ros2_interfaces/include/btcpp_ros2_interfaces/btcpp_ros2_interfaces/action/detail/sleep__type_support.h
[7.468s] -- Installing: /home/minji/minji_ws/install/btcpp_ros2_interfaces/include/btcpp_ros2_interfaces/btcpp_ros2_interfaces/action/sleep.h
[7.468s] -- Installing: /home/minji/minji_ws/install/btcpp_ros2_interfaces/include/btcpp_ros2_interfaces/btcpp_ros2_interfaces/msg
[7.468s] -- Installing: /home/minji/minji_ws/install/btcpp_ros2_interfaces/include/btcpp_ros2_interfaces/btcpp_ros2_interfaces/msg/node_status.h
[7.468s] -- Installing: /home/minji/minji_ws/install/btcpp_ros2_interfaces/include/btcpp_ros2_interfaces/btcpp_ros2_interfaces/msg/detail
[7.468s] -- Installing: /home/minji/minji_ws/install/btcpp_ros2_interfaces/include/btcpp_ros2_interfaces/btcpp_ros2_interfaces/msg/detail/node_status__functions.c
[7.468s] -- Installing: /home/minji/minji_ws/install/btcpp_ros2_interfaces/include/btcpp_ros2_interfaces/btcpp_ros2_interfaces/msg/detail/node_status__functions.h
[7.469s] -- Installing: /home/minji/minji_ws/install/btcpp_ros2_interfaces/include/btcpp_ros2_interfaces/btcpp_ros2_interfaces/msg/detail/node_status__struct.h
[7.469s] -- Installing: /home/minji/minji_ws/install/btcpp_ros2_interfaces/include/btcpp_ros2_interfaces/btcpp_ros2_interfaces/msg/detail/node_status__type_support.h
[7.469s] -- Installing: /home/minji/minji_ws/install/btcpp_ros2_interfaces/include/btcpp_ros2_interfaces/btcpp_ros2_interfaces/msg/rosidl_generator_c__visibility_control.h
[7.469s] -- Installing: /home/minji/minji_ws/install/btcpp_ros2_interfaces/share/btcpp_ros2_interfaces/environment/library_path.sh
[7.469s] -- Installing: /home/minji/minji_ws/install/btcpp_ros2_interfaces/share/btcpp_ros2_interfaces/environment/library_path.dsv
[7.469s] -- Installing: /home/minji/minji_ws/install/btcpp_ros2_interfaces/lib/libbtcpp_ros2_interfaces__rosidl_generator_c.so
[7.470s] -- Set runtime path of "/home/minji/minji_ws/install/btcpp_ros2_interfaces/lib/libbtcpp_ros2_interfaces__rosidl_generator_c.so" to ""
[7.470s] -- Up-to-date: /home/minji/minji_ws/install/btcpp_ros2_interfaces/include/btcpp_ros2_interfaces/btcpp_ros2_interfaces
[7.470s] -- Up-to-date: /home/minji/minji_ws/install/btcpp_ros2_interfaces/include/btcpp_ros2_interfaces/btcpp_ros2_interfaces/action
[7.470s] -- Up-to-date: /home/minji/minji_ws/install/btcpp_ros2_interfaces/include/btcpp_ros2_interfaces/btcpp_ros2_interfaces/action/detail
[7.470s] -- Installing: /home/minji/minji_ws/install/btcpp_ros2_interfaces/include/btcpp_ros2_interfaces/btcpp_ros2_interfaces/action/detail/sleep__rosidl_typesupport_fastrtps_c.h
[7.470s] -- Installing: /home/minji/minji_ws/install/btcpp_ros2_interfaces/include/btcpp_ros2_interfaces/btcpp_ros2_interfaces/action/detail/execute_tree__rosidl_typesupport_fastrtps_c.h
[7.470s] -- Up-to-date: /home/minji/minji_ws/install/btcpp_ros2_interfaces/include/btcpp_ros2_interfaces/btcpp_ros2_interfaces/msg
[7.470s] -- Installing: /home/minji/minji_ws/install/btcpp_ros2_interfaces/include/btcpp_ros2_interfaces/btcpp_ros2_interfaces/msg/rosidl_typesupport_fastrtps_c__visibility_control.h
[7.470s] -- Up-to-date: /home/minji/minji_ws/install/btcpp_ros2_interfaces/include/btcpp_ros2_interfaces/btcpp_ros2_interfaces/msg/detail
[7.470s] -- Installing: /home/minji/minji_ws/install/btcpp_ros2_interfaces/include/btcpp_ros2_interfaces/btcpp_ros2_interfaces/msg/detail/node_status__rosidl_typesupport_fastrtps_c.h
[7.470s] -- Installing: /home/minji/minji_ws/install/btcpp_ros2_interfaces/lib/libbtcpp_ros2_interfaces__rosidl_typesupport_fastrtps_c.so
[7.471s] -- Set runtime path of "/home/minji/minji_ws/install/btcpp_ros2_interfaces/lib/libbtcpp_ros2_interfaces__rosidl_typesupport_fastrtps_c.so" to ""
[7.471s] -- Up-to-date: /home/minji/minji_ws/install/btcpp_ros2_interfaces/include/btcpp_ros2_interfaces/btcpp_ros2_interfaces
[7.471s] -- Up-to-date: /home/minji/minji_ws/install/btcpp_ros2_interfaces/include/btcpp_ros2_interfaces/btcpp_ros2_interfaces/action
[7.471s] -- Up-to-date: /home/minji/minji_ws/install/btcpp_ros2_interfaces/include/btcpp_ros2_interfaces/btcpp_ros2_interfaces/action/detail
[7.471s] -- Installing: /home/minji/minji_ws/install/btcpp_ros2_interfaces/include/btcpp_ros2_interfaces/btcpp_ros2_interfaces/action/detail/sleep__rosidl_typesupport_introspection_c.h
[7.471s] -- Installing: /home/minji/minji_ws/install/btcpp_ros2_interfaces/include/btcpp_ros2_interfaces/btcpp_ros2_interfaces/action/detail/execute_tree__rosidl_typesupport_introspection_c.h
[7.472s] -- Installing: /home/minji/minji_ws/install/btcpp_ros2_interfaces/include/btcpp_ros2_interfaces/btcpp_ros2_interfaces/action/detail/execute_tree__type_support.c
[7.472s] -- Installing: /home/minji/minji_ws/install/btcpp_ros2_interfaces/include/btcpp_ros2_interfaces/btcpp_ros2_interfaces/action/detail/sleep__type_support.c
[7.472s] -- Up-to-date: /home/minji/minji_ws/install/btcpp_ros2_interfaces/include/btcpp_ros2_interfaces/btcpp_ros2_interfaces/msg
[7.472s] -- Installing: /home/minji/minji_ws/install/btcpp_ros2_interfaces/include/btcpp_ros2_interfaces/btcpp_ros2_interfaces/msg/rosidl_typesupport_introspection_c__visibility_control.h
[7.472s] -- Up-to-date: /home/minji/minji_ws/install/btcpp_ros2_interfaces/include/btcpp_ros2_interfaces/btcpp_ros2_interfaces/msg/detail
[7.472s] -- Installing: /home/minji/minji_ws/install/btcpp_ros2_interfaces/include/btcpp_ros2_interfaces/btcpp_ros2_interfaces/msg/detail/node_status__type_support.c
[7.472s] -- Installing: /home/minji/minji_ws/install/btcpp_ros2_interfaces/include/btcpp_ros2_interfaces/btcpp_ros2_interfaces/msg/detail/node_status__rosidl_typesupport_introspection_c.h
[7.473s] -- Installing: /home/minji/minji_ws/install/btcpp_ros2_interfaces/lib/libbtcpp_ros2_interfaces__rosidl_typesupport_introspection_c.so
[7.473s] -- Set runtime path of "/home/minji/minji_ws/install/btcpp_ros2_interfaces/lib/libbtcpp_ros2_interfaces__rosidl_typesupport_introspection_c.so" to ""
[7.473s] -- Installing: /home/minji/minji_ws/install/btcpp_ros2_interfaces/lib/libbtcpp_ros2_interfaces__rosidl_typesupport_c.so
[7.473s] -- Set runtime path of "/home/minji/minji_ws/install/btcpp_ros2_interfaces/lib/libbtcpp_ros2_interfaces__rosidl_typesupport_c.so" to ""
[7.473s] -- Up-to-date: /home/minji/minji_ws/install/btcpp_ros2_interfaces/include/btcpp_ros2_interfaces/btcpp_ros2_interfaces
[7.473s] -- Up-to-date: /home/minji/minji_ws/install/btcpp_ros2_interfaces/include/btcpp_ros2_interfaces/btcpp_ros2_interfaces/action
[7.473s] -- Installing: /home/minji/minji_ws/install/btcpp_ros2_interfaces/include/btcpp_ros2_interfaces/btcpp_ros2_interfaces/action/sleep.hpp
[7.473s] -- Up-to-date: /home/minji/minji_ws/install/btcpp_ros2_interfaces/include/btcpp_ros2_interfaces/btcpp_ros2_interfaces/action/detail
[7.474s] -- Installing: /home/minji/minji_ws/install/btcpp_ros2_interfaces/include/btcpp_ros2_interfaces/btcpp_ros2_interfaces/action/detail/sleep__struct.hpp
[7.474s] -- Installing: /home/minji/minji_ws/install/btcpp_ros2_interfaces/include/btcpp_ros2_interfaces/btcpp_ros2_interfaces/action/detail/execute_tree__struct.hpp
[7.474s] -- Installing: /home/minji/minji_ws/install/btcpp_ros2_interfaces/include/btcpp_ros2_interfaces/btcpp_ros2_interfaces/action/detail/execute_tree__traits.hpp
[7.474s] -- Installing: /home/minji/minji_ws/install/btcpp_ros2_interfaces/include/btcpp_ros2_interfaces/btcpp_ros2_interfaces/action/detail/sleep__traits.hpp
[7.474s] -- Installing: /home/minji/minji_ws/install/btcpp_ros2_interfaces/include/btcpp_ros2_interfaces/btcpp_ros2_interfaces/action/detail/sleep__builder.hpp
[7.474s] -- Installing: /home/minji/minji_ws/install/btcpp_ros2_interfaces/include/btcpp_ros2_interfaces/btcpp_ros2_interfaces/action/detail/execute_tree__builder.hpp
[7.474s] -- Installing: /home/minji/minji_ws/install/btcpp_ros2_interfaces/include/btcpp_ros2_interfaces/btcpp_ros2_interfaces/action/execute_tree.hpp
[7.474s] -- Up-to-date: /home/minji/minji_ws/install/btcpp_ros2_interfaces/include/btcpp_ros2_interfaces/btcpp_ros2_interfaces/msg
[7.475s] -- Installing: /home/minji/minji_ws/install/btcpp_ros2_interfaces/include/btcpp_ros2_interfaces/btcpp_ros2_interfaces/msg/node_status.hpp
[7.475s] -- Up-to-date: /home/minji/minji_ws/install/btcpp_ros2_interfaces/include/btcpp_ros2_interfaces/btcpp_ros2_interfaces/msg/detail
[7.475s] -- Installing: /home/minji/minji_ws/install/btcpp_ros2_interfaces/include/btcpp_ros2_interfaces/btcpp_ros2_interfaces/msg/detail/node_status__builder.hpp
[7.475s] -- Installing: /home/minji/minji_ws/install/btcpp_ros2_interfaces/include/btcpp_ros2_interfaces/btcpp_ros2_interfaces/msg/detail/node_status__traits.hpp
[7.475s] -- Installing: /home/minji/minji_ws/install/btcpp_ros2_interfaces/include/btcpp_ros2_interfaces/btcpp_ros2_interfaces/msg/detail/node_status__struct.hpp
[7.475s] -- Up-to-date: /home/minji/minji_ws/install/btcpp_ros2_interfaces/include/btcpp_ros2_interfaces/btcpp_ros2_interfaces
[7.475s] -- Up-to-date: /home/minji/minji_ws/install/btcpp_ros2_interfaces/include/btcpp_ros2_interfaces/btcpp_ros2_interfaces/action
[7.476s] -- Up-to-date: /home/minji/minji_ws/install/btcpp_ros2_interfaces/include/btcpp_ros2_interfaces/btcpp_ros2_interfaces/action/detail
[7.476s] -- Installing: /home/minji/minji_ws/install/btcpp_ros2_interfaces/include/btcpp_ros2_interfaces/btcpp_ros2_interfaces/action/detail/sleep__rosidl_typesupport_fastrtps_cpp.hpp
[7.476s] -- Installing: /home/minji/minji_ws/install/btcpp_ros2_interfaces/include/btcpp_ros2_interfaces/btcpp_ros2_interfaces/action/detail/execute_tree__rosidl_typesupport_fastrtps_cpp.hpp
[7.476s] -- Installing: /home/minji/minji_ws/install/btcpp_ros2_interfaces/include/btcpp_ros2_interfaces/btcpp_ros2_interfaces/action/detail/dds_fastrtps
[7.476s] -- Up-to-date: /home/minji/minji_ws/install/btcpp_ros2_interfaces/include/btcpp_ros2_interfaces/btcpp_ros2_interfaces/msg
[7.476s] -- Installing: /home/minji/minji_ws/install/btcpp_ros2_interfaces/include/btcpp_ros2_interfaces/btcpp_ros2_interfaces/msg/rosidl_typesupport_fastrtps_cpp__visibility_control.h
[7.476s] -- Up-to-date: /home/minji/minji_ws/install/btcpp_ros2_interfaces/include/btcpp_ros2_interfaces/btcpp_ros2_interfaces/msg/detail
[7.476s] -- Installing: /home/minji/minji_ws/install/btcpp_ros2_interfaces/include/btcpp_ros2_interfaces/btcpp_ros2_interfaces/msg/detail/node_status__rosidl_typesupport_fastrtps_cpp.hpp
[7.477s] -- Installing: /home/minji/minji_ws/install/btcpp_ros2_interfaces/include/btcpp_ros2_interfaces/btcpp_ros2_interfaces/msg/detail/dds_fastrtps
[7.477s] -- Installing: /home/minji/minji_ws/install/btcpp_ros2_interfaces/lib/libbtcpp_ros2_interfaces__rosidl_typesupport_fastrtps_cpp.so
[7.477s] -- Set runtime path of "/home/minji/minji_ws/install/btcpp_ros2_interfaces/lib/libbtcpp_ros2_interfaces__rosidl_typesupport_fastrtps_cpp.so" to ""
[7.477s] -- Up-to-date: /home/minji/minji_ws/install/btcpp_ros2_interfaces/include/btcpp_ros2_interfaces/btcpp_ros2_interfaces
[7.477s] -- Up-to-date: /home/minji/minji_ws/install/btcpp_ros2_interfaces/include/btcpp_ros2_interfaces/btcpp_ros2_interfaces/action
[7.477s] -- Up-to-date: /home/minji/minji_ws/install/btcpp_ros2_interfaces/include/btcpp_ros2_interfaces/btcpp_ros2_interfaces/action/detail
[7.477s] -- Installing: /home/minji/minji_ws/install/btcpp_ros2_interfaces/include/btcpp_ros2_interfaces/btcpp_ros2_interfaces/action/detail/sleep__rosidl_typesupport_introspection_cpp.hpp
[7.477s] -- Installing: /home/minji/minji_ws/install/btcpp_ros2_interfaces/include/btcpp_ros2_interfaces/btcpp_ros2_interfaces/action/detail/execute_tree__rosidl_typesupport_introspection_cpp.hpp
[7.478s] -- Installing: /home/minji/minji_ws/install/btcpp_ros2_interfaces/include/btcpp_ros2_interfaces/btcpp_ros2_interfaces/action/detail/execute_tree__type_support.cpp
[7.478s] -- Installing: /home/minji/minji_ws/install/btcpp_ros2_interfaces/include/btcpp_ros2_interfaces/btcpp_ros2_interfaces/action/detail/sleep__type_support.cpp
[7.478s] -- Up-to-date: /home/minji/minji_ws/install/btcpp_ros2_interfaces/include/btcpp_ros2_interfaces/btcpp_ros2_interfaces/msg
[7.478s] -- Up-to-date: /home/minji/minji_ws/install/btcpp_ros2_interfaces/include/btcpp_ros2_interfaces/btcpp_ros2_interfaces/msg/detail
[7.478s] -- Installing: /home/minji/minji_ws/install/btcpp_ros2_interfaces/include/btcpp_ros2_interfaces/btcpp_ros2_interfaces/msg/detail/node_status__type_support.cpp
[7.478s] -- Installing: /home/minji/minji_ws/install/btcpp_ros2_interfaces/include/btcpp_ros2_interfaces/btcpp_ros2_interfaces/msg/detail/node_status__rosidl_typesupport_introspection_cpp.hpp
[7.478s] -- Installing: /home/minji/minji_ws/install/btcpp_ros2_interfaces/lib/libbtcpp_ros2_interfaces__rosidl_typesupport_introspection_cpp.so
[7.478s] -- Set runtime path of "/home/minji/minji_ws/install/btcpp_ros2_interfaces/lib/libbtcpp_ros2_interfaces__rosidl_typesupport_introspection_cpp.so" to ""
[7.479s] -- Installing: /home/minji/minji_ws/install/btcpp_ros2_interfaces/lib/libbtcpp_ros2_interfaces__rosidl_typesupport_cpp.so
[7.479s] -- Set runtime path of "/home/minji/minji_ws/install/btcpp_ros2_interfaces/lib/libbtcpp_ros2_interfaces__rosidl_typesupport_cpp.so" to ""
[7.479s] -- Installing: /home/minji/minji_ws/install/btcpp_ros2_interfaces/share/btcpp_ros2_interfaces/environment/pythonpath.sh
[7.479s] -- Installing: /home/minji/minji_ws/install/btcpp_ros2_interfaces/share/btcpp_ros2_interfaces/environment/pythonpath.dsv
[7.479s] -- Installing: /home/minji/minji_ws/install/btcpp_ros2_interfaces/local/lib/python3.10/dist-packages/btcpp_ros2_interfaces-0.2.0-py3.10.egg-info
[7.479s] -- Installing: /home/minji/minji_ws/install/btcpp_ros2_interfaces/local/lib/python3.10/dist-packages/btcpp_ros2_interfaces-0.2.0-py3.10.egg-info/top_level.txt
[7.479s] -- Installing: /home/minji/minji_ws/install/btcpp_ros2_interfaces/local/lib/python3.10/dist-packages/btcpp_ros2_interfaces-0.2.0-py3.10.egg-info/SOURCES.txt
[7.480s] -- Installing: /home/minji/minji_ws/install/btcpp_ros2_interfaces/local/lib/python3.10/dist-packages/btcpp_ros2_interfaces-0.2.0-py3.10.egg-info/PKG-INFO
[7.480s] -- Installing: /home/minji/minji_ws/install/btcpp_ros2_interfaces/local/lib/python3.10/dist-packages/btcpp_ros2_interfaces-0.2.0-py3.10.egg-info/dependency_links.txt
[7.480s] -- Installing: /home/minji/minji_ws/install/btcpp_ros2_interfaces/local/lib/python3.10/dist-packages/btcpp_ros2_interfaces
[7.480s] -- Installing: /home/minji/minji_ws/install/btcpp_ros2_interfaces/local/lib/python3.10/dist-packages/btcpp_ros2_interfaces/__init__.py
[7.480s] -- Installing: /home/minji/minji_ws/install/btcpp_ros2_interfaces/local/lib/python3.10/dist-packages/btcpp_ros2_interfaces/btcpp_ros2_interfaces_s__rosidl_typesupport_c.cpython-310-x86_64-linux-gnu.so
[7.480s] -- Installing: /home/minji/minji_ws/install/btcpp_ros2_interfaces/local/lib/python3.10/dist-packages/btcpp_ros2_interfaces/action
[7.480s] -- Installing: /home/minji/minji_ws/install/btcpp_ros2_interfaces/local/lib/python3.10/dist-packages/btcpp_ros2_interfaces/action/_execute_tree.py
[7.480s] -- Installing: /home/minji/minji_ws/install/btcpp_ros2_interfaces/local/lib/python3.10/dist-packages/btcpp_ros2_interfaces/action/__init__.py
[7.481s] -- Installing: /home/minji/minji_ws/install/btcpp_ros2_interfaces/local/lib/python3.10/dist-packages/btcpp_ros2_interfaces/action/_sleep.py
[7.481s] -- Installing: /home/minji/minji_ws/install/btcpp_ros2_interfaces/local/lib/python3.10/dist-packages/btcpp_ros2_interfaces/action/_sleep_s.c
[7.481s] -- Installing: /home/minji/minji_ws/install/btcpp_ros2_interfaces/local/lib/python3.10/dist-packages/btcpp_ros2_interfaces/action/_execute_tree_s.c
[7.481s] -- Installing: /home/minji/minji_ws/install/btcpp_ros2_interfaces/local/lib/python3.10/dist-packages/btcpp_ros2_interfaces/_btcpp_ros2_interfaces_s.ep.rosidl_typesupport_fastrtps_c.c
[7.481s] -- Installing: /home/minji/minji_ws/install/btcpp_ros2_interfaces/local/lib/python3.10/dist-packages/btcpp_ros2_interfaces/btcpp_ros2_interfaces_s__rosidl_typesupport_fastrtps_c.cpython-310-x86_64-linux-gnu.so
[7.481s] -- Installing: /home/minji/minji_ws/install/btcpp_ros2_interfaces/local/lib/python3.10/dist-packages/btcpp_ros2_interfaces/libbtcpp_ros2_interfaces__rosidl_generator_py.so
[7.481s] -- Installing: /home/minji/minji_ws/install/btcpp_ros2_interfaces/local/lib/python3.10/dist-packages/btcpp_ros2_interfaces/btcpp_ros2_interfaces_s__rosidl_typesupport_introspection_c.cpython-310-x86_64-linux-gnu.so
[7.482s] -- Installing: /home/minji/minji_ws/install/btcpp_ros2_interfaces/local/lib/python3.10/dist-packages/btcpp_ros2_interfaces/_btcpp_ros2_interfaces_s.ep.rosidl_typesupport_c.c
[7.482s] -- Installing: /home/minji/minji_ws/install/btcpp_ros2_interfaces/local/lib/python3.10/dist-packages/btcpp_ros2_interfaces/msg
[7.482s] -- Installing: /home/minji/minji_ws/install/btcpp_ros2_interfaces/local/lib/python3.10/dist-packages/btcpp_ros2_interfaces/msg/__init__.py
[7.482s] -- Installing: /home/minji/minji_ws/install/btcpp_ros2_interfaces/local/lib/python3.10/dist-packages/btcpp_ros2_interfaces/msg/_node_status.py
[7.482s] -- Installing: /home/minji/minji_ws/install/btcpp_ros2_interfaces/local/lib/python3.10/dist-packages/btcpp_ros2_interfaces/msg/_node_status_s.c
[7.482s] -- Installing: /home/minji/minji_ws/install/btcpp_ros2_interfaces/local/lib/python3.10/dist-packages/btcpp_ros2_interfaces/_btcpp_ros2_interfaces_s.ep.rosidl_typesupport_introspection_c.c
[7.545s] Listing '/home/minji/minji_ws/install/btcpp_ros2_interfaces/local/lib/python3.10/dist-packages/btcpp_ros2_interfaces'...
[7.545s] Compiling '/home/minji/minji_ws/install/btcpp_ros2_interfaces/local/lib/python3.10/dist-packages/btcpp_ros2_interfaces/__init__.py'...
[7.545s] Listing '/home/minji/minji_ws/install/btcpp_ros2_interfaces/local/lib/python3.10/dist-packages/btcpp_ros2_interfaces/action'...
[7.545s] Compiling '/home/minji/minji_ws/install/btcpp_ros2_interfaces/local/lib/python3.10/dist-packages/btcpp_ros2_interfaces/action/__init__.py'...
[7.545s] Compiling '/home/minji/minji_ws/install/btcpp_ros2_interfaces/local/lib/python3.10/dist-packages/btcpp_ros2_interfaces/action/_execute_tree.py'...
[7.545s] Compiling '/home/minji/minji_ws/install/btcpp_ros2_interfaces/local/lib/python3.10/dist-packages/btcpp_ros2_interfaces/action/_sleep.py'...
[7.545s] Listing '/home/minji/minji_ws/install/btcpp_ros2_interfaces/local/lib/python3.10/dist-packages/btcpp_ros2_interfaces/msg'...
[7.546s] Compiling '/home/minji/minji_ws/install/btcpp_ros2_interfaces/local/lib/python3.10/dist-packages/btcpp_ros2_interfaces/msg/__init__.py'...
[7.546s] Compiling '/home/minji/minji_ws/install/btcpp_ros2_interfaces/local/lib/python3.10/dist-packages/btcpp_ros2_interfaces/msg/_node_status.py'...
[7.550s] -- Installing: /home/minji/minji_ws/install/btcpp_ros2_interfaces/local/lib/python3.10/dist-packages/btcpp_ros2_interfaces/btcpp_ros2_interfaces_s__rosidl_typesupport_fastrtps_c.cpython-310-x86_64-linux-gnu.so
[7.550s] -- Set runtime path of "/home/minji/minji_ws/install/btcpp_ros2_interfaces/local/lib/python3.10/dist-packages/btcpp_ros2_interfaces/btcpp_ros2_interfaces_s__rosidl_typesupport_fastrtps_c.cpython-310-x86_64-linux-gnu.so" to ""
[7.551s] -- Installing: /home/minji/minji_ws/install/btcpp_ros2_interfaces/local/lib/python3.10/dist-packages/btcpp_ros2_interfaces/btcpp_ros2_interfaces_s__rosidl_typesupport_introspection_c.cpython-310-x86_64-linux-gnu.so
[7.551s] -- Set runtime path of "/home/minji/minji_ws/install/btcpp_ros2_interfaces/local/lib/python3.10/dist-packages/btcpp_ros2_interfaces/btcpp_ros2_interfaces_s__rosidl_typesupport_introspection_c.cpython-310-x86_64-linux-gnu.so" to ""
[7.551s] -- Installing: /home/minji/minji_ws/install/btcpp_ros2_interfaces/local/lib/python3.10/dist-packages/btcpp_ros2_interfaces/btcpp_ros2_interfaces_s__rosidl_typesupport_c.cpython-310-x86_64-linux-gnu.so
[7.551s] -- Set runtime path of "/home/minji/minji_ws/install/btcpp_ros2_interfaces/local/lib/python3.10/dist-packages/btcpp_ros2_interfaces/btcpp_ros2_interfaces_s__rosidl_typesupport_c.cpython-310-x86_64-linux-gnu.so" to ""
[7.551s] -- Installing: /home/minji/minji_ws/install/btcpp_ros2_interfaces/lib/libbtcpp_ros2_interfaces__rosidl_generator_py.so
[7.552s] -- Set runtime path of "/home/minji/minji_ws/install/btcpp_ros2_interfaces/lib/libbtcpp_ros2_interfaces__rosidl_generator_py.so" to ""
[7.552s] -- Installing: /home/minji/minji_ws/install/btcpp_ros2_interfaces/share/btcpp_ros2_interfaces/msg/NodeStatus.idl
[7.552s] -- Installing: /home/minji/minji_ws/install/btcpp_ros2_interfaces/share/btcpp_ros2_interfaces/action/ExecuteTree.idl
[7.552s] -- Installing: /home/minji/minji_ws/install/btcpp_ros2_interfaces/share/btcpp_ros2_interfaces/action/Sleep.idl
[7.552s] -- Installing: /home/minji/minji_ws/install/btcpp_ros2_interfaces/share/btcpp_ros2_interfaces/msg/NodeStatus.msg
[7.552s] -- Installing: /home/minji/minji_ws/install/btcpp_ros2_interfaces/share/btcpp_ros2_interfaces/action/ExecuteTree.action
[7.552s] -- Installing: /home/minji/minji_ws/install/btcpp_ros2_interfaces/share/btcpp_ros2_interfaces/action/Sleep.action
[7.552s] -- Installing: /home/minji/minji_ws/install/btcpp_ros2_interfaces/share/ament_index/resource_index/package_run_dependencies/btcpp_ros2_interfaces
[7.553s] -- Installing: /home/minji/minji_ws/install/btcpp_ros2_interfaces/share/ament_index/resource_index/parent_prefix_path/btcpp_ros2_interfaces
[7.553s] -- Installing: /home/minji/minji_ws/install/btcpp_ros2_interfaces/share/btcpp_ros2_interfaces/environment/ament_prefix_path.sh
[7.553s] -- Installing: /home/minji/minji_ws/install/btcpp_ros2_interfaces/share/btcpp_ros2_interfaces/environment/ament_prefix_path.dsv
[7.553s] -- Installing: /home/minji/minji_ws/install/btcpp_ros2_interfaces/share/btcpp_ros2_interfaces/environment/path.sh
[7.553s] -- Installing: /home/minji/minji_ws/install/btcpp_ros2_interfaces/share/btcpp_ros2_interfaces/environment/path.dsv
[7.554s] -- Installing: /home/minji/minji_ws/install/btcpp_ros2_interfaces/share/btcpp_ros2_interfaces/local_setup.bash
[7.554s] -- Installing: /home/minji/minji_ws/install/btcpp_ros2_interfaces/share/btcpp_ros2_interfaces/local_setup.sh
[7.554s] -- Installing: /home/minji/minji_ws/install/btcpp_ros2_interfaces/share/btcpp_ros2_interfaces/local_setup.zsh
[7.554s] -- Installing: /home/minji/minji_ws/install/btcpp_ros2_interfaces/share/btcpp_ros2_interfaces/local_setup.dsv
[7.554s] -- Installing: /home/minji/minji_ws/install/btcpp_ros2_interfaces/share/btcpp_ros2_interfaces/package.dsv
[7.554s] -- Installing: /home/minji/minji_ws/install/btcpp_ros2_interfaces/share/ament_index/resource_index/packages/btcpp_ros2_interfaces
[7.554s] -- Installing: /home/minji/minji_ws/install/btcpp_ros2_interfaces/share/btcpp_ros2_interfaces/cmake/export_btcpp_ros2_interfaces__rosidl_generator_cExport.cmake
[7.554s] -- Installing: /home/minji/minji_ws/install/btcpp_ros2_interfaces/share/btcpp_ros2_interfaces/cmake/export_btcpp_ros2_interfaces__rosidl_generator_cExport-noconfig.cmake
[7.555s] -- Installing: /home/minji/minji_ws/install/btcpp_ros2_interfaces/share/btcpp_ros2_interfaces/cmake/export_btcpp_ros2_interfaces__rosidl_typesupport_fastrtps_cExport.cmake
[7.555s] -- Installing: /home/minji/minji_ws/install/btcpp_ros2_interfaces/share/btcpp_ros2_interfaces/cmake/export_btcpp_ros2_interfaces__rosidl_typesupport_fastrtps_cExport-noconfig.cmake
[7.555s] -- Installing: /home/minji/minji_ws/install/btcpp_ros2_interfaces/share/btcpp_ros2_interfaces/cmake/btcpp_ros2_interfaces__rosidl_typesupport_introspection_cExport.cmake
[7.555s] -- Installing: /home/minji/minji_ws/install/btcpp_ros2_interfaces/share/btcpp_ros2_interfaces/cmake/btcpp_ros2_interfaces__rosidl_typesupport_introspection_cExport-noconfig.cmake
[7.555s] -- Installing: /home/minji/minji_ws/install/btcpp_ros2_interfaces/share/btcpp_ros2_interfaces/cmake/btcpp_ros2_interfaces__rosidl_typesupport_cExport.cmake
[7.555s] -- Installing: /home/minji/minji_ws/install/btcpp_ros2_interfaces/share/btcpp_ros2_interfaces/cmake/btcpp_ros2_interfaces__rosidl_typesupport_cExport-noconfig.cmake
[7.555s] -- Installing: /home/minji/minji_ws/install/btcpp_ros2_interfaces/share/btcpp_ros2_interfaces/cmake/export_btcpp_ros2_interfaces__rosidl_generator_cppExport.cmake
[7.556s] -- Installing: /home/minji/minji_ws/install/btcpp_ros2_interfaces/share/btcpp_ros2_interfaces/cmake/export_btcpp_ros2_interfaces__rosidl_typesupport_fastrtps_cppExport.cmake
[7.556s] -- Installing: /home/minji/minji_ws/install/btcpp_ros2_interfaces/share/btcpp_ros2_interfaces/cmake/export_btcpp_ros2_interfaces__rosidl_typesupport_fastrtps_cppExport-noconfig.cmake
[7.556s] -- Installing: /home/minji/minji_ws/install/btcpp_ros2_interfaces/share/btcpp_ros2_interfaces/cmake/btcpp_ros2_interfaces__rosidl_typesupport_introspection_cppExport.cmake
[7.556s] -- Installing: /home/minji/minji_ws/install/btcpp_ros2_interfaces/share/btcpp_ros2_interfaces/cmake/btcpp_ros2_interfaces__rosidl_typesupport_introspection_cppExport-noconfig.cmake
[7.556s] -- Installing: /home/minji/minji_ws/install/btcpp_ros2_interfaces/share/btcpp_ros2_interfaces/cmake/btcpp_ros2_interfaces__rosidl_typesupport_cppExport.cmake
[7.556s] -- Installing: /home/minji/minji_ws/install/btcpp_ros2_interfaces/share/btcpp_ros2_interfaces/cmake/btcpp_ros2_interfaces__rosidl_typesupport_cppExport-noconfig.cmake
[7.556s] -- Installing: /home/minji/minji_ws/install/btcpp_ros2_interfaces/share/btcpp_ros2_interfaces/cmake/export_btcpp_ros2_interfaces__rosidl_generator_pyExport.cmake
[7.556s] -- Installing: /home/minji/minji_ws/install/btcpp_ros2_interfaces/share/btcpp_ros2_interfaces/cmake/export_btcpp_ros2_interfaces__rosidl_generator_pyExport-noconfig.cmake
[7.557s] -- Installing: /home/minji/minji_ws/install/btcpp_ros2_interfaces/share/btcpp_ros2_interfaces/cmake/rosidl_cmake-extras.cmake
[7.557s] -- Installing: /home/minji/minji_ws/install/btcpp_ros2_interfaces/share/btcpp_ros2_interfaces/cmake/ament_cmake_export_dependencies-extras.cmake
[7.557s] -- Installing: /home/minji/minji_ws/install/btcpp_ros2_interfaces/share/btcpp_ros2_interfaces/cmake/ament_cmake_export_include_directories-extras.cmake
[7.557s] -- Installing: /home/minji/minji_ws/install/btcpp_ros2_interfaces/share/btcpp_ros2_interfaces/cmake/ament_cmake_export_libraries-extras.cmake
[7.557s] -- Installing: /home/minji/minji_ws/install/btcpp_ros2_interfaces/share/btcpp_ros2_interfaces/cmake/ament_cmake_export_targets-extras.cmake
[7.557s] -- Installing: /home/minji/minji_ws/install/btcpp_ros2_interfaces/share/btcpp_ros2_interfaces/cmake/rosidl_cmake_export_typesupport_targets-extras.cmake
[7.557s] -- Installing: /home/minji/minji_ws/install/btcpp_ros2_interfaces/share/btcpp_ros2_interfaces/cmake/rosidl_cmake_export_typesupport_libraries-extras.cmake
[7.557s] -- Installing: /home/minji/minji_ws/install/btcpp_ros2_interfaces/share/btcpp_ros2_interfaces/cmake/btcpp_ros2_interfacesConfig.cmake
[7.557s] -- Installing: /home/minji/minji_ws/install/btcpp_ros2_interfaces/share/btcpp_ros2_interfaces/cmake/btcpp_ros2_interfacesConfig-version.cmake
[7.558s] -- Installing: /home/minji/minji_ws/install/btcpp_ros2_interfaces/share/btcpp_ros2_interfaces/package.xml
[7.559s] Invoked command in '/home/minji/minji_ws/build/btcpp_ros2_interfaces' returned '0': CMAKE_PREFIX_PATH=${CMAKE_PREFIX_PATH}:/home/minji/minji_ws/install/webots_ros2:/home/minji/minji_ws/install/webots_ros2_universal_robot:/home/minji/minji_ws/install/webots_ros2_turtlebot:/home/minji/minji_ws/install/webots_ros2_tiago:/home/minji/minji_ws/install/webots_ros2_tests:/home/minji/minji_ws/install/webots_ros2_tesla:/home/minji/minji_ws/install/webots_ros2_mavic:/home/minji/minji_ws/install/webots_ros2_ld90:/home/minji/minji_ws/install/webots_ros2_epuck:/home/minji/my_study/install/webots_ros2:/home/minji/my_study/install/webots_ros2_universal_robot:/home/minji/my_study/install/webots_ros2_turtlebot:/home/minji/my_study/install/webots_ros2_tiago:/home/minji/my_study/install/webots_ros2_tests:/home/minji/my_study/install/webots_ros2_tesla:/home/minji/my_study/install/webots_ros2_mavic:/home/minji/my_study/install/webots_ros2_ld90:/home/minji/my_study/install/webots_ros2_epuck:/opt/ros/humble /usr/bin/cmake --install /home/minji/minji_ws/build/btcpp_ros2_interfaces
