[  0%] Built target ament_cmake_python_copy_vehicle
[  0%] Built target ament_cmake_python_copy_webots_ros2_driver
[  0%] Built target ament_cmake_python_copy_controller
running egg_info
running egg_info
writing vehicle.egg-info/PKG-INFO
writing dependency_links to vehicle.egg-info/dependency_links.txt
writing top-level names to vehicle.egg-info/top_level.txt
writing webots_ros2_driver.egg-info/PKG-INFO
writing dependency_links to webots_ros2_driver.egg-info/dependency_links.txt
writing top-level names to webots_ros2_driver.egg-info/top_level.txt
reading manifest file 'vehicle.egg-info/SOURCES.txt'
reading manifest file 'webots_ros2_driver.egg-info/SOURCES.txt'
writing manifest file 'vehicle.egg-info/SOURCES.txt'
writing manifest file 'webots_ros2_driver.egg-info/SOURCES.txt'
running egg_info
writing controller.egg-info/PKG-INFO
writing dependency_links to controller.egg-info/dependency_links.txt
writing top-level names to controller.egg-info/top_level.txt
reading manifest file 'controller.egg-info/SOURCES.txt'
writing manifest file 'controller.egg-info/SOURCES.txt'
[  0%] Built target ament_cmake_python_build_webots_ros2_driver_egg
[  0%] Built target ament_cmake_python_build_vehicle_egg
[  0%] Built target ament_cmake_python_build_controller_egg
[  0%] Built target compile-lib-controller
[  0%] Built target compile-generic-window
[  0%] Built target compile-lib-vehicle
[35m[1mConsolidate compiler generated dependencies of target webots_ros2_driver_imu[0m
[35m[1mConsolidate compiler generated dependencies of target webots_ros2_driver_rgbd[0m
[ 25%] [32mBuilding CXX object CMakeFiles/driver.dir/src/Driver.cpp.o[0m
[ 25%] [32mBuilding CXX object CMakeFiles/driver.dir/src/PythonPlugin.cpp.o[0m
[ 25%] [32mBuilding CXX object CMakeFiles/driver.dir/src/plugins/static/Ros2LED.cpp.o[0m
[ 25%] [32mBuilding CXX object CMakeFiles/webots_ros2_driver_rgbd.dir/src/plugins/dynamic/Ros2RGBD.cpp.o[0m
[ 25%] [32mBuilding CXX object CMakeFiles/driver.dir/src/WebotsNode.cpp.o[0m
[ 29%] [32mBuilding CXX object CMakeFiles/webots_ros2_driver_imu.dir/src/plugins/dynamic/Ros2IMU.cpp.o[0m
[ 25%] [32mBuilding CXX object CMakeFiles/driver.dir/src/plugins/Ros2SensorPlugin.cpp.o[0m
[ 25%] [32mBuilding CXX object CMakeFiles/driver.dir/src/plugins/static/Ros2Lidar.cpp.o[0m
[ 33%] [32mBuilding CXX object CMakeFiles/driver.dir/src/plugins/static/Ros2Pen.cpp.o[0m
[ 37%] [32mBuilding CXX object CMakeFiles/webots_ros2_driver_rgbd.dir/src/plugins/Ros2SensorPlugin.cpp.o[0m
[ 40%] [32mBuilding CXX object CMakeFiles/driver.dir/src/plugins/static/Ros2Camera.cpp.o[0m
[ 44%] [32mBuilding CXX object CMakeFiles/webots_ros2_driver_imu.dir/src/plugins/Ros2SensorPlugin.cpp.o[0m
[ 48%] [32mBuilding CXX object CMakeFiles/driver.dir/src/plugins/static/Ros2GPS.cpp.o[0m
[ 51%] [32mBuilding CXX object CMakeFiles/driver.dir/src/plugins/static/Ros2RangeFinder.cpp.o[0m
[ 55%] [32m[1mLinking CXX shared library libwebots_ros2_driver_rgbd.so[0m
[ 59%] Built target webots_ros2_driver_rgbd
[ 62%] [32mBuilding CXX object CMakeFiles/driver.dir/src/plugins/static/Ros2DistanceSensor.cpp.o[0m
[ 66%] [32m[1mLinking CXX shared library libwebots_ros2_driver_imu.so[0m
[ 70%] Built target webots_ros2_driver_imu
[ 74%] [32mBuilding CXX object CMakeFiles/driver.dir/src/plugins/static/Ros2LightSensor.cpp.o[0m
[ 77%] [32mBuilding CXX object CMakeFiles/driver.dir/src/plugins/static/Ros2Emitter.cpp.o[0m
[ 81%] [32mBuilding CXX object CMakeFiles/driver.dir/src/plugins/static/Ros2Receiver.cpp.o[0m
[ 85%] [32mBuilding CXX object CMakeFiles/driver.dir/src/plugins/static/Ros2Compass.cpp.o[0m
[ 88%] [32mBuilding CXX object CMakeFiles/driver.dir/src/plugins/static/Ros2VacuumGripper.cpp.o[0m
[ 92%] [32mBuilding CXX object CMakeFiles/driver.dir/src/utils/Math.cpp.o[0m
[ 96%] [32mBuilding CXX object CMakeFiles/driver.dir/src/utils/Utils.cpp.o[0m
[100%] [32m[1mLinking CXX executable driver[0m
[100%] Built target driver
-- Install configuration: ""
-- Installing: /home/minji/test_folder/Test_in_Simulation/install/webots_ros2_driver/share/webots_ros2_driver/environment/pythonpath.sh
-- Installing: /home/minji/test_folder/Test_in_Simulation/install/webots_ros2_driver/share/webots_ros2_driver/environment/pythonpath.dsv
-- Installing: /home/minji/test_folder/Test_in_Simulation/install/webots_ros2_driver/local/lib/python3.10/dist-packages/controller-2023.1.2-py3.10.egg-info
-- Installing: /home/minji/test_folder/Test_in_Simulation/install/webots_ros2_driver/local/lib/python3.10/dist-packages/controller-2023.1.2-py3.10.egg-info/top_level.txt
-- Installing: /home/minji/test_folder/Test_in_Simulation/install/webots_ros2_driver/local/lib/python3.10/dist-packages/controller-2023.1.2-py3.10.egg-info/SOURCES.txt
-- Installing: /home/minji/test_folder/Test_in_Simulation/install/webots_ros2_driver/local/lib/python3.10/dist-packages/controller-2023.1.2-py3.10.egg-info/PKG-INFO
-- Installing: /home/minji/test_folder/Test_in_Simulation/install/webots_ros2_driver/local/lib/python3.10/dist-packages/controller-2023.1.2-py3.10.egg-info/dependency_links.txt
-- Installing: /home/minji/test_folder/Test_in_Simulation/install/webots_ros2_driver/local/lib/python3.10/dist-packages/controller
-- Installing: /home/minji/test_folder/Test_in_Simulation/install/webots_ros2_driver/local/lib/python3.10/dist-packages/controller/node.py
-- Installing: /home/minji/test_folder/Test_in_Simulation/install/webots_ros2_driver/local/lib/python3.10/dist-packages/controller/lidar_point.py
-- Installing: /home/minji/test_folder/Test_in_Simulation/install/webots_ros2_driver/local/lib/python3.10/dist-packages/controller/receiver.py
-- Installing: /home/minji/test_folder/Test_in_Simulation/install/webots_ros2_driver/local/lib/python3.10/dist-packages/controller/__init__.py
-- Installing: /home/minji/test_folder/Test_in_Simulation/install/webots_ros2_driver/local/lib/python3.10/dist-packages/controller/keyboard.py
-- Installing: /home/minji/test_folder/Test_in_Simulation/install/webots_ros2_driver/local/lib/python3.10/dist-packages/controller/led.py
-- Installing: /home/minji/test_folder/Test_in_Simulation/install/webots_ros2_driver/local/lib/python3.10/dist-packages/controller/gyro.py
-- Installing: /home/minji/test_folder/Test_in_Simulation/install/webots_ros2_driver/local/lib/python3.10/dist-packages/controller/supervisor.py
-- Installing: /home/minji/test_folder/Test_in_Simulation/install/webots_ros2_driver/local/lib/python3.10/dist-packages/controller/altimeter.py
-- Installing: /home/minji/test_folder/Test_in_Simulation/install/webots_ros2_driver/local/lib/python3.10/dist-packages/controller/robot.py
-- Installing: /home/minji/test_folder/Test_in_Simulation/install/webots_ros2_driver/local/lib/python3.10/dist-packages/controller/position_sensor.py
-- Installing: /home/minji/test_folder/Test_in_Simulation/install/webots_ros2_driver/local/lib/python3.10/dist-packages/controller/constants.py
-- Installing: /home/minji/test_folder/Test_in_Simulation/install/webots_ros2_driver/local/lib/python3.10/dist-packages/controller/speaker.py
-- Installing: /home/minji/test_folder/Test_in_Simulation/install/webots_ros2_driver/local/lib/python3.10/dist-packages/controller/accelerometer.py
-- Installing: /home/minji/test_folder/Test_in_Simulation/install/webots_ros2_driver/local/lib/python3.10/dist-packages/controller/motor.py
-- Installing: /home/minji/test_folder/Test_in_Simulation/install/webots_ros2_driver/local/lib/python3.10/dist-packages/controller/vacuum_gripper.py
-- Installing: /home/minji/test_folder/Test_in_Simulation/install/webots_ros2_driver/local/lib/python3.10/dist-packages/controller/pen.py
-- Installing: /home/minji/test_folder/Test_in_Simulation/install/webots_ros2_driver/local/lib/python3.10/dist-packages/controller/radar_target.py
-- Installing: /home/minji/test_folder/Test_in_Simulation/install/webots_ros2_driver/local/lib/python3.10/dist-packages/controller/motion.py
-- Installing: /home/minji/test_folder/Test_in_Simulation/install/webots_ros2_driver/local/lib/python3.10/dist-packages/controller/inertial_unit.py
-- Installing: /home/minji/test_folder/Test_in_Simulation/install/webots_ros2_driver/local/lib/python3.10/dist-packages/controller/joystick.py
-- Installing: /home/minji/test_folder/Test_in_Simulation/install/webots_ros2_driver/local/lib/python3.10/dist-packages/controller/ansi_codes.py
-- Installing: /home/minji/test_folder/Test_in_Simulation/install/webots_ros2_driver/local/lib/python3.10/dist-packages/controller/skin.py
-- Installing: /home/minji/test_folder/Test_in_Simulation/install/webots_ros2_driver/local/lib/python3.10/dist-packages/controller/range_finder.py
-- Installing: /home/minji/test_folder/Test_in_Simulation/install/webots_ros2_driver/local/lib/python3.10/dist-packages/controller/sensor.py
-- Installing: /home/minji/test_folder/Test_in_Simulation/install/webots_ros2_driver/local/lib/python3.10/dist-packages/controller/gps.py
-- Installing: /home/minji/test_folder/Test_in_Simulation/install/webots_ros2_driver/local/lib/python3.10/dist-packages/controller/emitter.py
-- Installing: /home/minji/test_folder/Test_in_Simulation/install/webots_ros2_driver/local/lib/python3.10/dist-packages/controller/compass.py
-- Installing: /home/minji/test_folder/Test_in_Simulation/install/webots_ros2_driver/local/lib/python3.10/dist-packages/controller/camera.py
-- Installing: /home/minji/test_folder/Test_in_Simulation/install/webots_ros2_driver/local/lib/python3.10/dist-packages/controller/device.py
-- Installing: /home/minji/test_folder/Test_in_Simulation/install/webots_ros2_driver/local/lib/python3.10/dist-packages/controller/touch_sensor.py
-- Installing: /home/minji/test_folder/Test_in_Simulation/install/webots_ros2_driver/local/lib/python3.10/dist-packages/controller/connector.py
-- Installing: /home/minji/test_folder/Test_in_Simulation/install/webots_ros2_driver/local/lib/python3.10/dist-packages/controller/lidar.py
-- Installing: /home/minji/test_folder/Test_in_Simulation/install/webots_ros2_driver/local/lib/python3.10/dist-packages/controller/wb.py
-- Installing: /home/minji/test_folder/Test_in_Simulation/install/webots_ros2_driver/local/lib/python3.10/dist-packages/controller/radar.py
-- Installing: /home/minji/test_folder/Test_in_Simulation/install/webots_ros2_driver/local/lib/python3.10/dist-packages/controller/field.py
-- Installing: /home/minji/test_folder/Test_in_Simulation/install/webots_ros2_driver/local/lib/python3.10/dist-packages/controller/brake.py
-- Installing: /home/minji/test_folder/Test_in_Simulation/install/webots_ros2_driver/local/lib/python3.10/dist-packages/controller/light_sensor.py
-- Installing: /home/minji/test_folder/Test_in_Simulation/install/webots_ros2_driver/local/lib/python3.10/dist-packages/controller/distance_sensor.py
-- Installing: /home/minji/test_folder/Test_in_Simulation/install/webots_ros2_driver/local/lib/python3.10/dist-packages/controller/display.py
-- Installing: /home/minji/test_folder/Test_in_Simulation/install/webots_ros2_driver/local/lib/python3.10/dist-packages/controller/mouse.py
Listing '/home/minji/test_folder/Test_in_Simulation/install/webots_ros2_driver/local/lib/python3.10/dist-packages/controller'...
Compiling '/home/minji/test_folder/Test_in_Simulation/install/webots_ros2_driver/local/lib/python3.10/dist-packages/controller/__init__.py'...
Compiling '/home/minji/test_folder/Test_in_Simulation/install/webots_ros2_driver/local/lib/python3.10/dist-packages/controller/accelerometer.py'...
Compiling '/home/minji/test_folder/Test_in_Simulation/install/webots_ros2_driver/local/lib/python3.10/dist-packages/controller/altimeter.py'...
Compiling '/home/minji/test_folder/Test_in_Simulation/install/webots_ros2_driver/local/lib/python3.10/dist-packages/controller/ansi_codes.py'...
Compiling '/home/minji/test_folder/Test_in_Simulation/install/webots_ros2_driver/local/lib/python3.10/dist-packages/controller/brake.py'...
Compiling '/home/minji/test_folder/Test_in_Simulation/install/webots_ros2_driver/local/lib/python3.10/dist-packages/controller/camera.py'...
Compiling '/home/minji/test_folder/Test_in_Simulation/install/webots_ros2_driver/local/lib/python3.10/dist-packages/controller/compass.py'...
Compiling '/home/minji/test_folder/Test_in_Simulation/install/webots_ros2_driver/local/lib/python3.10/dist-packages/controller/connector.py'...
Compiling '/home/minji/test_folder/Test_in_Simulation/install/webots_ros2_driver/local/lib/python3.10/dist-packages/controller/constants.py'...
Compiling '/home/minji/test_folder/Test_in_Simulation/install/webots_ros2_driver/local/lib/python3.10/dist-packages/controller/device.py'...
Compiling '/home/minji/test_folder/Test_in_Simulation/install/webots_ros2_driver/local/lib/python3.10/dist-packages/controller/display.py'...
Compiling '/home/minji/test_folder/Test_in_Simulation/install/webots_ros2_driver/local/lib/python3.10/dist-packages/controller/distance_sensor.py'...
Compiling '/home/minji/test_folder/Test_in_Simulation/install/webots_ros2_driver/local/lib/python3.10/dist-packages/controller/emitter.py'...
Compiling '/home/minji/test_folder/Test_in_Simulation/install/webots_ros2_driver/local/lib/python3.10/dist-packages/controller/field.py'...
Compiling '/home/minji/test_folder/Test_in_Simulation/install/webots_ros2_driver/local/lib/python3.10/dist-packages/controller/gps.py'...
Compiling '/home/minji/test_folder/Test_in_Simulation/install/webots_ros2_driver/local/lib/python3.10/dist-packages/controller/gyro.py'...
Compiling '/home/minji/test_folder/Test_in_Simulation/install/webots_ros2_driver/local/lib/python3.10/dist-packages/controller/inertial_unit.py'...
Compiling '/home/minji/test_folder/Test_in_Simulation/install/webots_ros2_driver/local/lib/python3.10/dist-packages/controller/joystick.py'...
Compiling '/home/minji/test_folder/Test_in_Simulation/install/webots_ros2_driver/local/lib/python3.10/dist-packages/controller/keyboard.py'...
Compiling '/home/minji/test_folder/Test_in_Simulation/install/webots_ros2_driver/local/lib/python3.10/dist-packages/controller/led.py'...
Compiling '/home/minji/test_folder/Test_in_Simulation/install/webots_ros2_driver/local/lib/python3.10/dist-packages/controller/lidar.py'...
Compiling '/home/minji/test_folder/Test_in_Simulation/install/webots_ros2_driver/local/lib/python3.10/dist-packages/controller/lidar_point.py'...
Compiling '/home/minji/test_folder/Test_in_Simulation/install/webots_ros2_driver/local/lib/python3.10/dist-packages/controller/light_sensor.py'...
Compiling '/home/minji/test_folder/Test_in_Simulation/install/webots_ros2_driver/local/lib/python3.10/dist-packages/controller/motion.py'...
Compiling '/home/minji/test_folder/Test_in_Simulation/install/webots_ros2_driver/local/lib/python3.10/dist-packages/controller/motor.py'...
Compiling '/home/minji/test_folder/Test_in_Simulation/install/webots_ros2_driver/local/lib/python3.10/dist-packages/controller/mouse.py'...
Compiling '/home/minji/test_folder/Test_in_Simulation/install/webots_ros2_driver/local/lib/python3.10/dist-packages/controller/node.py'...
Compiling '/home/minji/test_folder/Test_in_Simulation/install/webots_ros2_driver/local/lib/python3.10/dist-packages/controller/pen.py'...
Compiling '/home/minji/test_folder/Test_in_Simulation/install/webots_ros2_driver/local/lib/python3.10/dist-packages/controller/position_sensor.py'...
Compiling '/home/minji/test_folder/Test_in_Simulation/install/webots_ros2_driver/local/lib/python3.10/dist-packages/controller/radar.py'...
Compiling '/home/minji/test_folder/Test_in_Simulation/install/webots_ros2_driver/local/lib/python3.10/dist-packages/controller/radar_target.py'...
Compiling '/home/minji/test_folder/Test_in_Simulation/install/webots_ros2_driver/local/lib/python3.10/dist-packages/controller/range_finder.py'...
Compiling '/home/minji/test_folder/Test_in_Simulation/install/webots_ros2_driver/local/lib/python3.10/dist-packages/controller/receiver.py'...
Compiling '/home/minji/test_folder/Test_in_Simulation/install/webots_ros2_driver/local/lib/python3.10/dist-packages/controller/robot.py'...
Compiling '/home/minji/test_folder/Test_in_Simulation/install/webots_ros2_driver/local/lib/python3.10/dist-packages/controller/sensor.py'...
Compiling '/home/minji/test_folder/Test_in_Simulation/install/webots_ros2_driver/local/lib/python3.10/dist-packages/controller/skin.py'...
Compiling '/home/minji/test_folder/Test_in_Simulation/install/webots_ros2_driver/local/lib/python3.10/dist-packages/controller/speaker.py'...
Compiling '/home/minji/test_folder/Test_in_Simulation/install/webots_ros2_driver/local/lib/python3.10/dist-packages/controller/supervisor.py'...
Compiling '/home/minji/test_folder/Test_in_Simulation/install/webots_ros2_driver/local/lib/python3.10/dist-packages/controller/touch_sensor.py'...
Compiling '/home/minji/test_folder/Test_in_Simulation/install/webots_ros2_driver/local/lib/python3.10/dist-packages/controller/vacuum_gripper.py'...
Compiling '/home/minji/test_folder/Test_in_Simulation/install/webots_ros2_driver/local/lib/python3.10/dist-packages/controller/wb.py'...
-- Installing: /home/minji/test_folder/Test_in_Simulation/install/webots_ros2_driver/local/lib/python3.10/dist-packages/vehicle-2023.1.2-py3.10.egg-info
-- Installing: /home/minji/test_folder/Test_in_Simulation/install/webots_ros2_driver/local/lib/python3.10/dist-packages/vehicle-2023.1.2-py3.10.egg-info/top_level.txt
-- Installing: /home/minji/test_folder/Test_in_Simulation/install/webots_ros2_driver/local/lib/python3.10/dist-packages/vehicle-2023.1.2-py3.10.egg-info/SOURCES.txt
-- Installing: /home/minji/test_folder/Test_in_Simulation/install/webots_ros2_driver/local/lib/python3.10/dist-packages/vehicle-2023.1.2-py3.10.egg-info/PKG-INFO
-- Installing: /home/minji/test_folder/Test_in_Simulation/install/webots_ros2_driver/local/lib/python3.10/dist-packages/vehicle-2023.1.2-py3.10.egg-info/dependency_links.txt
-- Installing: /home/minji/test_folder/Test_in_Simulation/install/webots_ros2_driver/local/lib/python3.10/dist-packages/vehicle
-- Installing: /home/minji/test_folder/Test_in_Simulation/install/webots_ros2_driver/local/lib/python3.10/dist-packages/vehicle/__init__.py
-- Installing: /home/minji/test_folder/Test_in_Simulation/install/webots_ros2_driver/local/lib/python3.10/dist-packages/vehicle/driver.py
-- Installing: /home/minji/test_folder/Test_in_Simulation/install/webots_ros2_driver/local/lib/python3.10/dist-packages/vehicle/car.py
Listing '/home/minji/test_folder/Test_in_Simulation/install/webots_ros2_driver/local/lib/python3.10/dist-packages/vehicle'...
Compiling '/home/minji/test_folder/Test_in_Simulation/install/webots_ros2_driver/local/lib/python3.10/dist-packages/vehicle/__init__.py'...
Compiling '/home/minji/test_folder/Test_in_Simulation/install/webots_ros2_driver/local/lib/python3.10/dist-packages/vehicle/car.py'...
Compiling '/home/minji/test_folder/Test_in_Simulation/install/webots_ros2_driver/local/lib/python3.10/dist-packages/vehicle/driver.py'...
-- Installing: /home/minji/test_folder/Test_in_Simulation/install/webots_ros2_driver/local/lib/python3.10/dist-packages/webots_ros2_driver-2023.1.2-py3.10.egg-info
-- Installing: /home/minji/test_folder/Test_in_Simulation/install/webots_ros2_driver/local/lib/python3.10/dist-packages/webots_ros2_driver-2023.1.2-py3.10.egg-info/top_level.txt
-- Installing: /home/minji/test_folder/Test_in_Simulation/install/webots_ros2_driver/local/lib/python3.10/dist-packages/webots_ros2_driver-2023.1.2-py3.10.egg-info/SOURCES.txt
-- Installing: /home/minji/test_folder/Test_in_Simulation/install/webots_ros2_driver/local/lib/python3.10/dist-packages/webots_ros2_driver-2023.1.2-py3.10.egg-info/PKG-INFO
-- Installing: /home/minji/test_folder/Test_in_Simulation/install/webots_ros2_driver/local/lib/python3.10/dist-packages/webots_ros2_driver-2023.1.2-py3.10.egg-info/dependency_links.txt
-- Installing: /home/minji/test_folder/Test_in_Simulation/install/webots_ros2_driver/local/lib/python3.10/dist-packages/webots_ros2_driver
-- Installing: /home/minji/test_folder/Test_in_Simulation/install/webots_ros2_driver/local/lib/python3.10/dist-packages/webots_ros2_driver/__init__.py
-- Installing: /home/minji/test_folder/Test_in_Simulation/install/webots_ros2_driver/local/lib/python3.10/dist-packages/webots_ros2_driver/utils.py
-- Installing: /home/minji/test_folder/Test_in_Simulation/install/webots_ros2_driver/local/lib/python3.10/dist-packages/webots_ros2_driver/webots_controller.py
-- Installing: /home/minji/test_folder/Test_in_Simulation/install/webots_ros2_driver/local/lib/python3.10/dist-packages/webots_ros2_driver/urdf_spawner.py
-- Installing: /home/minji/test_folder/Test_in_Simulation/install/webots_ros2_driver/local/lib/python3.10/dist-packages/webots_ros2_driver/webots_launcher.py
-- Installing: /home/minji/test_folder/Test_in_Simulation/install/webots_ros2_driver/local/lib/python3.10/dist-packages/webots_ros2_driver/ros2_supervisor.py
-- Installing: /home/minji/test_folder/Test_in_Simulation/install/webots_ros2_driver/local/lib/python3.10/dist-packages/webots_ros2_driver/wait_for_controller_connection.py
Listing '/home/minji/test_folder/Test_in_Simulation/install/webots_ros2_driver/local/lib/python3.10/dist-packages/webots_ros2_driver'...
Compiling '/home/minji/test_folder/Test_in_Simulation/install/webots_ros2_driver/local/lib/python3.10/dist-packages/webots_ros2_driver/__init__.py'...
Compiling '/home/minji/test_folder/Test_in_Simulation/install/webots_ros2_driver/local/lib/python3.10/dist-packages/webots_ros2_driver/ros2_supervisor.py'...
Compiling '/home/minji/test_folder/Test_in_Simulation/install/webots_ros2_driver/local/lib/python3.10/dist-packages/webots_ros2_driver/urdf_spawner.py'...
Compiling '/home/minji/test_folder/Test_in_Simulation/install/webots_ros2_driver/local/lib/python3.10/dist-packages/webots_ros2_driver/utils.py'...
Compiling '/home/minji/test_folder/Test_in_Simulation/install/webots_ros2_driver/local/lib/python3.10/dist-packages/webots_ros2_driver/wait_for_controller_connection.py'...
Compiling '/home/minji/test_folder/Test_in_Simulation/install/webots_ros2_driver/local/lib/python3.10/dist-packages/webots_ros2_driver/webots_controller.py'...
Compiling '/home/minji/test_folder/Test_in_Simulation/install/webots_ros2_driver/local/lib/python3.10/dist-packages/webots_ros2_driver/webots_launcher.py'...
-- Installing: /home/minji/test_folder/Test_in_Simulation/install/webots_ros2_driver/include
-- Installing: /home/minji/test_folder/Test_in_Simulation/install/webots_ros2_driver/include/webots_ros2_driver
-- Installing: /home/minji/test_folder/Test_in_Simulation/install/webots_ros2_driver/include/webots_ros2_driver/utils
-- Installing: /home/minji/test_folder/Test_in_Simulation/install/webots_ros2_driver/include/webots_ros2_driver/utils/Utils.hpp
-- Installing: /home/minji/test_folder/Test_in_Simulation/install/webots_ros2_driver/include/webots_ros2_driver/utils/Math.hpp
-- Installing: /home/minji/test_folder/Test_in_Simulation/install/webots_ros2_driver/include/webots_ros2_driver/PythonPlugin.hpp
-- Installing: /home/minji/test_folder/Test_in_Simulation/install/webots_ros2_driver/include/webots_ros2_driver/PluginInterface.hpp
-- Installing: /home/minji/test_folder/Test_in_Simulation/install/webots_ros2_driver/include/webots_ros2_driver/plugins
-- Installing: /home/minji/test_folder/Test_in_Simulation/install/webots_ros2_driver/include/webots_ros2_driver/plugins/Ros2SensorPlugin.hpp
-- Installing: /home/minji/test_folder/Test_in_Simulation/install/webots_ros2_driver/include/webots_ros2_driver/plugins/dynamic
-- Installing: /home/minji/test_folder/Test_in_Simulation/install/webots_ros2_driver/include/webots_ros2_driver/plugins/dynamic/Ros2IMU.hpp
-- Installing: /home/minji/test_folder/Test_in_Simulation/install/webots_ros2_driver/include/webots_ros2_driver/plugins/dynamic/Ros2RGBD.hpp
-- Installing: /home/minji/test_folder/Test_in_Simulation/install/webots_ros2_driver/include/webots_ros2_driver/plugins/static
-- Installing: /home/minji/test_folder/Test_in_Simulation/install/webots_ros2_driver/include/webots_ros2_driver/plugins/static/Ros2VacuumGripper.hpp
-- Installing: /home/minji/test_folder/Test_in_Simulation/install/webots_ros2_driver/include/webots_ros2_driver/plugins/static/Ros2Compass.hpp
-- Installing: /home/minji/test_folder/Test_in_Simulation/install/webots_ros2_driver/include/webots_ros2_driver/plugins/static/Ros2GPS.hpp
-- Installing: /home/minji/test_folder/Test_in_Simulation/install/webots_ros2_driver/include/webots_ros2_driver/plugins/static/Ros2LED.hpp
-- Installing: /home/minji/test_folder/Test_in_Simulation/install/webots_ros2_driver/include/webots_ros2_driver/plugins/static/Ros2Camera.hpp
-- Installing: /home/minji/test_folder/Test_in_Simulation/install/webots_ros2_driver/include/webots_ros2_driver/plugins/static/Ros2Emitter.hpp
-- Installing: /home/minji/test_folder/Test_in_Simulation/install/webots_ros2_driver/include/webots_ros2_driver/plugins/static/Ros2Pen.hpp
-- Installing: /home/minji/test_folder/Test_in_Simulation/install/webots_ros2_driver/include/webots_ros2_driver/plugins/static/Ros2Lidar.hpp
-- Installing: /home/minji/test_folder/Test_in_Simulation/install/webots_ros2_driver/include/webots_ros2_driver/plugins/static/Ros2Receiver.hpp
-- Installing: /home/minji/test_folder/Test_in_Simulation/install/webots_ros2_driver/include/webots_ros2_driver/plugins/static/Ros2LightSensor.hpp
-- Installing: /home/minji/test_folder/Test_in_Simulation/install/webots_ros2_driver/include/webots_ros2_driver/plugins/static/Ros2DistanceSensor.hpp
-- Installing: /home/minji/test_folder/Test_in_Simulation/install/webots_ros2_driver/include/webots_ros2_driver/plugins/static/Ros2RangeFinder.hpp
-- Installing: /home/minji/test_folder/Test_in_Simulation/install/webots_ros2_driver/include/webots_ros2_driver/WebotsNode.hpp
-- Installing: /home/minji/test_folder/Test_in_Simulation/install/webots_ros2_driver/lib/webots_ros2_driver/driver
-- Installing: /home/minji/test_folder/Test_in_Simulation/install/webots_ros2_driver/lib/libwebots_ros2_driver_imu.so
-- Installing: /home/minji/test_folder/Test_in_Simulation/install/webots_ros2_driver/lib/libwebots_ros2_driver_rgbd.so
-- Installing: /home/minji/test_folder/Test_in_Simulation/install/webots_ros2_driver/include/webots/c
-- Installing: /home/minji/test_folder/Test_in_Simulation/install/webots_ros2_driver/include/webots/c/webots
-- Installing: /home/minji/test_folder/Test_in_Simulation/install/webots_ros2_driver/include/webots/c/webots/contact_point.h
-- Installing: /home/minji/test_folder/Test_in_Simulation/install/webots_ros2_driver/include/webots/c/webots/compass.h
-- Installing: /home/minji/test_folder/Test_in_Simulation/install/webots_ros2_driver/include/webots/c/webots/radar_target.h
-- Installing: /home/minji/test_folder/Test_in_Simulation/install/webots_ros2_driver/include/webots/c/webots/pen.h
-- Installing: /home/minji/test_folder/Test_in_Simulation/install/webots_ros2_driver/include/webots/c/webots/gyro.h
-- Installing: /home/minji/test_folder/Test_in_Simulation/install/webots_ros2_driver/include/webots/c/webots/lidar_point.h
-- Installing: /home/minji/test_folder/Test_in_Simulation/install/webots_ros2_driver/include/webots/c/webots/keyboard.h
-- Installing: /home/minji/test_folder/Test_in_Simulation/install/webots_ros2_driver/include/webots/c/webots/touch_sensor.h
-- Installing: /home/minji/test_folder/Test_in_Simulation/install/webots_ros2_driver/include/webots/c/webots/speaker.h
-- Installing: /home/minji/test_folder/Test_in_Simulation/install/webots_ros2_driver/include/webots/c/webots/mouse.h
-- Installing: /home/minji/test_folder/Test_in_Simulation/install/webots_ros2_driver/include/webots/c/webots/utils
-- Installing: /home/minji/test_folder/Test_in_Simulation/install/webots_ros2_driver/include/webots/c/webots/utils/system.h
-- Installing: /home/minji/test_folder/Test_in_Simulation/install/webots_ros2_driver/include/webots/c/webots/utils/string.h
-- Installing: /home/minji/test_folder/Test_in_Simulation/install/webots_ros2_driver/include/webots/c/webots/utils/ansi_codes.h
-- Installing: /home/minji/test_folder/Test_in_Simulation/install/webots_ros2_driver/include/webots/c/webots/utils/motion.h
-- Installing: /home/minji/test_folder/Test_in_Simulation/install/webots_ros2_driver/include/webots/c/webots/skin.h
-- Installing: /home/minji/test_folder/Test_in_Simulation/install/webots_ros2_driver/include/webots/c/webots/display.h
-- Installing: /home/minji/test_folder/Test_in_Simulation/install/webots_ros2_driver/include/webots/c/webots/robot.h
-- Installing: /home/minji/test_folder/Test_in_Simulation/install/webots_ros2_driver/include/webots/c/webots/microphone.h
-- Installing: /home/minji/test_folder/Test_in_Simulation/install/webots_ros2_driver/include/webots/c/webots/gps.h
-- Installing: /home/minji/test_folder/Test_in_Simulation/install/webots_ros2_driver/include/webots/c/webots/camera.h
-- Installing: /home/minji/test_folder/Test_in_Simulation/install/webots_ros2_driver/include/webots/c/webots/supervisor.h
-- Installing: /home/minji/test_folder/Test_in_Simulation/install/webots_ros2_driver/include/webots/c/webots/light_sensor.h
-- Installing: /home/minji/test_folder/Test_in_Simulation/install/webots_ros2_driver/include/webots/c/webots/lidar.h
-- Installing: /home/minji/test_folder/Test_in_Simulation/install/webots_ros2_driver/include/webots/c/webots/types.h
-- Installing: /home/minji/test_folder/Test_in_Simulation/install/webots_ros2_driver/include/webots/c/webots/brake.h
-- Installing: /home/minji/test_folder/Test_in_Simulation/install/webots_ros2_driver/include/webots/c/webots/mouse_state.h
-- Installing: /home/minji/test_folder/Test_in_Simulation/install/webots_ros2_driver/include/webots/c/webots/emitter.h
-- Installing: /home/minji/test_folder/Test_in_Simulation/install/webots_ros2_driver/include/webots/c/webots/position_sensor.h
-- Installing: /home/minji/test_folder/Test_in_Simulation/install/webots_ros2_driver/include/webots/c/webots/distance_sensor.h
-- Installing: /home/minji/test_folder/Test_in_Simulation/install/webots_ros2_driver/include/webots/c/webots/range_finder.h
-- Installing: /home/minji/test_folder/Test_in_Simulation/install/webots_ros2_driver/include/webots/c/webots/remote_control.h
-- Installing: /home/minji/test_folder/Test_in_Simulation/install/webots_ros2_driver/include/webots/c/webots/vehicle
-- Installing: /home/minji/test_folder/Test_in_Simulation/install/webots_ros2_driver/include/webots/c/webots/vehicle/driver.h
-- Installing: /home/minji/test_folder/Test_in_Simulation/install/webots_ros2_driver/include/webots/c/webots/vehicle/car.h
-- Installing: /home/minji/test_folder/Test_in_Simulation/install/webots_ros2_driver/include/webots/c/webots/altimeter.h
-- Installing: /home/minji/test_folder/Test_in_Simulation/install/webots_ros2_driver/include/webots/c/webots/vacuum_gripper.h
-- Installing: /home/minji/test_folder/Test_in_Simulation/install/webots_ros2_driver/include/webots/c/webots/led.h
-- Installing: /home/minji/test_folder/Test_in_Simulation/install/webots_ros2_driver/include/webots/c/webots/nodes.h
-- Installing: /home/minji/test_folder/Test_in_Simulation/install/webots_ros2_driver/include/webots/c/webots/inertial_unit.h
-- Installing: /home/minji/test_folder/Test_in_Simulation/install/webots_ros2_driver/include/webots/c/webots/accelerometer.h
-- Installing: /home/minji/test_folder/Test_in_Simulation/install/webots_ros2_driver/include/webots/c/webots/console.h
-- Installing: /home/minji/test_folder/Test_in_Simulation/install/webots_ros2_driver/include/webots/c/webots/receiver.h
-- Installing: /home/minji/test_folder/Test_in_Simulation/install/webots_ros2_driver/include/webots/c/webots/plugins
-- Installing: /home/minji/test_folder/Test_in_Simulation/install/webots_ros2_driver/include/webots/c/webots/plugins/robot_window
-- Installing: /home/minji/test_folder/Test_in_Simulation/install/webots_ros2_driver/include/webots/c/webots/plugins/robot_window/default.h
-- Installing: /home/minji/test_folder/Test_in_Simulation/install/webots_ros2_driver/include/webots/c/webots/plugins/robot_window/robot_window.h
-- Installing: /home/minji/test_folder/Test_in_Simulation/install/webots_ros2_driver/include/webots/c/webots/plugins/robot_window/robot_wwi.h
-- Installing: /home/minji/test_folder/Test_in_Simulation/install/webots_ros2_driver/include/webots/c/webots/plugins/robot_window/generic_robot_window
-- Installing: /home/minji/test_folder/Test_in_Simulation/install/webots_ros2_driver/include/webots/c/webots/plugins/robot_window/generic_robot_window/generic.h
-- Installing: /home/minji/test_folder/Test_in_Simulation/install/webots_ros2_driver/include/webots/c/webots/camera_recognition_object.h
-- Installing: /home/minji/test_folder/Test_in_Simulation/install/webots_ros2_driver/include/webots/c/webots/device.h
-- Installing: /home/minji/test_folder/Test_in_Simulation/install/webots_ros2_driver/include/webots/c/webots/radio.h
-- Installing: /home/minji/test_folder/Test_in_Simulation/install/webots_ros2_driver/include/webots/c/webots/radar.h
-- Installing: /home/minji/test_folder/Test_in_Simulation/install/webots_ros2_driver/include/webots/c/webots/connector.h
-- Installing: /home/minji/test_folder/Test_in_Simulation/install/webots_ros2_driver/include/webots/c/webots/motor.h
-- Installing: /home/minji/test_folder/Test_in_Simulation/install/webots_ros2_driver/include/webots/c/webots/joystick.h
-- Installing: /home/minji/test_folder/Test_in_Simulation/install/webots_ros2_driver/include/webots/cpp
-- Installing: /home/minji/test_folder/Test_in_Simulation/install/webots_ros2_driver/include/webots/cpp/webots
-- Installing: /home/minji/test_folder/Test_in_Simulation/install/webots_ros2_driver/include/webots/cpp/webots/LightSensor.hpp
-- Installing: /home/minji/test_folder/Test_in_Simulation/install/webots_ros2_driver/include/webots/cpp/webots/Supervisor.hpp
-- Installing: /home/minji/test_folder/Test_in_Simulation/install/webots_ros2_driver/include/webots/cpp/webots/Motor.hpp
-- Installing: /home/minji/test_folder/Test_in_Simulation/install/webots_ros2_driver/include/webots/cpp/webots/RangeFinder.hpp
-- Installing: /home/minji/test_folder/Test_in_Simulation/install/webots_ros2_driver/include/webots/cpp/webots/Accelerometer.hpp
-- Installing: /home/minji/test_folder/Test_in_Simulation/install/webots_ros2_driver/include/webots/cpp/webots/Mouse.hpp
-- Installing: /home/minji/test_folder/Test_in_Simulation/install/webots_ros2_driver/include/webots/cpp/webots/Camera.hpp
-- Installing: /home/minji/test_folder/Test_in_Simulation/install/webots_ros2_driver/include/webots/cpp/webots/utils
-- Installing: /home/minji/test_folder/Test_in_Simulation/install/webots_ros2_driver/include/webots/cpp/webots/utils/AnsiCodes.hpp
-- Installing: /home/minji/test_folder/Test_in_Simulation/install/webots_ros2_driver/include/webots/cpp/webots/utils/Motion.hpp
-- Installing: /home/minji/test_folder/Test_in_Simulation/install/webots_ros2_driver/include/webots/cpp/webots/Skin.hpp
-- Installing: /home/minji/test_folder/Test_in_Simulation/install/webots_ros2_driver/include/webots/cpp/webots/LED.hpp
-- Installing: /home/minji/test_folder/Test_in_Simulation/install/webots_ros2_driver/include/webots/cpp/webots/VacuumGripper.hpp
-- Installing: /home/minji/test_folder/Test_in_Simulation/install/webots_ros2_driver/include/webots/cpp/webots/Speaker.hpp
-- Installing: /home/minji/test_folder/Test_in_Simulation/install/webots_ros2_driver/include/webots/cpp/webots/Robot.hpp
-- Installing: /home/minji/test_folder/Test_in_Simulation/install/webots_ros2_driver/include/webots/cpp/webots/Emitter.hpp
-- Installing: /home/minji/test_folder/Test_in_Simulation/install/webots_ros2_driver/include/webots/cpp/webots/Gyro.hpp
-- Installing: /home/minji/test_folder/Test_in_Simulation/install/webots_ros2_driver/include/webots/cpp/webots/Device.hpp
-- Installing: /home/minji/test_folder/Test_in_Simulation/install/webots_ros2_driver/include/webots/cpp/webots/Brake.hpp
-- Installing: /home/minji/test_folder/Test_in_Simulation/install/webots_ros2_driver/include/webots/cpp/webots/TouchSensor.hpp
-- Installing: /home/minji/test_folder/Test_in_Simulation/install/webots_ros2_driver/include/webots/cpp/webots/PositionSensor.hpp
-- Installing: /home/minji/test_folder/Test_in_Simulation/install/webots_ros2_driver/include/webots/cpp/webots/Field.hpp
-- Installing: /home/minji/test_folder/Test_in_Simulation/install/webots_ros2_driver/include/webots/cpp/webots/DistanceSensor.hpp
-- Installing: /home/minji/test_folder/Test_in_Simulation/install/webots_ros2_driver/include/webots/cpp/webots/vehicle
-- Installing: /home/minji/test_folder/Test_in_Simulation/install/webots_ros2_driver/include/webots/cpp/webots/vehicle/Car.hpp
-- Installing: /home/minji/test_folder/Test_in_Simulation/install/webots_ros2_driver/include/webots/cpp/webots/vehicle/Driver.hpp
-- Installing: /home/minji/test_folder/Test_in_Simulation/install/webots_ros2_driver/include/webots/cpp/webots/Radar.hpp
-- Installing: /home/minji/test_folder/Test_in_Simulation/install/webots_ros2_driver/include/webots/cpp/webots/Joystick.hpp
-- Installing: /home/minji/test_folder/Test_in_Simulation/install/webots_ros2_driver/include/webots/cpp/webots/Display.hpp
-- Installing: /home/minji/test_folder/Test_in_Simulation/install/webots_ros2_driver/include/webots/cpp/webots/Keyboard.hpp
-- Installing: /home/minji/test_folder/Test_in_Simulation/install/webots_ros2_driver/include/webots/cpp/webots/Connector.hpp
-- Installing: /home/minji/test_folder/Test_in_Simulation/install/webots_ros2_driver/include/webots/cpp/webots/InertialUnit.hpp
-- Installing: /home/minji/test_folder/Test_in_Simulation/install/webots_ros2_driver/include/webots/cpp/webots/Altimeter.hpp
-- Installing: /home/minji/test_folder/Test_in_Simulation/install/webots_ros2_driver/include/webots/cpp/webots/Receiver.hpp
-- Installing: /home/minji/test_folder/Test_in_Simulation/install/webots_ros2_driver/include/webots/cpp/webots/Node.hpp
-- Installing: /home/minji/test_folder/Test_in_Simulation/install/webots_ros2_driver/include/webots/cpp/webots/Pen.hpp
-- Installing: /home/minji/test_folder/Test_in_Simulation/install/webots_ros2_driver/include/webots/cpp/webots/GPS.hpp
-- Installing: /home/minji/test_folder/Test_in_Simulation/install/webots_ros2_driver/include/webots/cpp/webots/Compass.hpp
-- Installing: /home/minji/test_folder/Test_in_Simulation/install/webots_ros2_driver/include/webots/cpp/webots/ImageRef.hpp
-- Installing: /home/minji/test_folder/Test_in_Simulation/install/webots_ros2_driver/include/webots/cpp/webots/Lidar.hpp
-- Installing: /home/minji/test_folder/Test_in_Simulation/install/webots_ros2_driver/lib/controller
-- Installing: /home/minji/test_folder/Test_in_Simulation/install/webots_ros2_driver/lib/controller/libgeneric_robot_window.so
-- Installing: /home/minji/test_folder/Test_in_Simulation/install/webots_ros2_driver/lib/controller/libdriver.so
-- Installing: /home/minji/test_folder/Test_in_Simulation/install/webots_ros2_driver/lib/controller/libCppController.so
-- Installing: /home/minji/test_folder/Test_in_Simulation/install/webots_ros2_driver/lib/controller/libController.so
-- Installing: /home/minji/test_folder/Test_in_Simulation/install/webots_ros2_driver/lib/controller/libcar.so
-- Installing: /home/minji/test_folder/Test_in_Simulation/install/webots_ros2_driver/lib/controller/libCppDriver.so
-- Installing: /home/minji/test_folder/Test_in_Simulation/install/webots_ros2_driver/lib/controller/libCppCar.so
-- Installing: /home/minji/test_folder/Test_in_Simulation/install/webots_ros2_driver/lib/controller/.gitignore
-- Installing: /home/minji/test_folder/Test_in_Simulation/install/webots_ros2_driver/share/webots_ros2_driver/webots_ros2_imu.xml
-- Installing: /home/minji/test_folder/Test_in_Simulation/install/webots_ros2_driver/share/webots_ros2_driver/webots_ros2_rgbd.xml
-- Installing: /home/minji/test_folder/Test_in_Simulation/install/webots_ros2_driver/lib/webots_ros2_driver/ros2_supervisor.py
-- Installing: /home/minji/test_folder/Test_in_Simulation/install/webots_ros2_driver/share/webots_ros2_driver/scripts
-- Installing: /home/minji/test_folder/Test_in_Simulation/install/webots_ros2_driver/share/webots_ros2_driver/scripts/webots_tcp_client.py
-- Installing: /home/minji/test_folder/Test_in_Simulation/install/webots_ros2_driver/share/webots_ros2_driver/scripts/webots-controller
-- Installing: /home/minji/test_folder/Test_in_Simulation/install/webots_ros2_driver/share/webots_ros2_driver/environment/library_path.sh
-- Installing: /home/minji/test_folder/Test_in_Simulation/install/webots_ros2_driver/share/webots_ros2_driver/environment/library_path.dsv
-- Installing: /home/minji/test_folder/Test_in_Simulation/install/webots_ros2_driver/share/ament_index/resource_index/package_run_dependencies/webots_ros2_driver
-- Installing: /home/minji/test_folder/Test_in_Simulation/install/webots_ros2_driver/share/ament_index/resource_index/parent_prefix_path/webots_ros2_driver
-- Installing: /home/minji/test_folder/Test_in_Simulation/install/webots_ros2_driver/share/webots_ros2_driver/environment/ament_prefix_path.sh
-- Installing: /home/minji/test_folder/Test_in_Simulation/install/webots_ros2_driver/share/webots_ros2_driver/environment/ament_prefix_path.dsv
-- Installing: /home/minji/test_folder/Test_in_Simulation/install/webots_ros2_driver/share/webots_ros2_driver/environment/path.sh
-- Installing: /home/minji/test_folder/Test_in_Simulation/install/webots_ros2_driver/share/webots_ros2_driver/environment/path.dsv
-- Installing: /home/minji/test_folder/Test_in_Simulation/install/webots_ros2_driver/share/webots_ros2_driver/local_setup.bash
-- Installing: /home/minji/test_folder/Test_in_Simulation/install/webots_ros2_driver/share/webots_ros2_driver/local_setup.sh
-- Installing: /home/minji/test_folder/Test_in_Simulation/install/webots_ros2_driver/share/webots_ros2_driver/local_setup.zsh
-- Installing: /home/minji/test_folder/Test_in_Simulation/install/webots_ros2_driver/share/webots_ros2_driver/local_setup.dsv
-- Installing: /home/minji/test_folder/Test_in_Simulation/install/webots_ros2_driver/share/webots_ros2_driver/package.dsv
-- Installing: /home/minji/test_folder/Test_in_Simulation/install/webots_ros2_driver/share/ament_index/resource_index/packages/webots_ros2_driver
-- Installing: /home/minji/test_folder/Test_in_Simulation/install/webots_ros2_driver/share/ament_index/resource_index/webots_ros2_driver__pluginlib__plugin/webots_ros2_driver
-- Installing: /home/minji/test_folder/Test_in_Simulation/install/webots_ros2_driver/share/webots_ros2_driver/cmake/ament_cmake_export_include_directories-extras.cmake
-- Installing: /home/minji/test_folder/Test_in_Simulation/install/webots_ros2_driver/share/webots_ros2_driver/cmake/ament_cmake_export_dependencies-extras.cmake
-- Installing: /home/minji/test_folder/Test_in_Simulation/install/webots_ros2_driver/share/webots_ros2_driver/cmake/ament_cmake_export_libraries-extras.cmake
-- Installing: /home/minji/test_folder/Test_in_Simulation/install/webots_ros2_driver/share/webots_ros2_driver/cmake/webots_ros2_driverConfig.cmake
-- Installing: /home/minji/test_folder/Test_in_Simulation/install/webots_ros2_driver/share/webots_ros2_driver/cmake/webots_ros2_driverConfig-version.cmake
-- Installing: /home/minji/test_folder/Test_in_Simulation/install/webots_ros2_driver/share/webots_ros2_driver/package.xml
