[0.011s] Invoking command in '/home/minji/test_folder/Test_in_Simulation/build/webots_ros2_driver': AMENT_PREFIX_PATH=/home/minji/test_folder/Test_in_Simulation/install/webots_ros2_msgs:${AMENT_PREFIX_PATH} CMAKE_PREFIX_PATH=/home/minji/test_folder/Test_in_Simulation/install/webots_ros2_msgs:/home/minji/minji_ws/install/btcpp_ros2_samples:/home/minji/minji_ws/install/behaviortree_ros2:/home/minji/minji_ws/install/btcpp_ros2_interfaces:/home/minji/my_study/install/webots_ros2_control:/home/minji/my_study/install/webots_ros2_driver:/home/minji/my_study/install/webots_ros2_msgs:/usr/local:/home/minji/minji_ws/install/webots_ros2:/home/minji/minji_ws/install/webots_ros2_universal_robot:/home/minji/minji_ws/install/webots_ros2_turtlebot:/home/minji/minji_ws/install/webots_ros2_tiago:/home/minji/minji_ws/install/webots_ros2_tests:/home/minji/minji_ws/install/webots_ros2_tesla:/home/minji/minji_ws/install/webots_ros2_mavic:/home/minji/minji_ws/install/webots_ros2_ld90:/home/minji/minji_ws/install/webots_ros2_epuck:/home/minji/minji_ws/install/webots_ros2_control:/home/minji/minji_ws/install/webots_ros2_driver:/home/minji/minji_ws/install/webots_ros2_msgs:/home/minji/minji_ws/install/btcpp_ros2_project:/home/minji/my_study/install/webots_ros2:/home/minji/my_study/install/webots_ros2_universal_robot:/home/minji/my_study/install/webots_ros2_turtlebot:/home/minji/my_study/install/webots_ros2_tiago:/home/minji/my_study/install/webots_ros2_tests:/home/minji/my_study/install/webots_ros2_tesla:/home/minji/my_study/install/webots_ros2_mavic:/home/minji/my_study/install/webots_ros2_ld90:/home/minji/my_study/install/webots_ros2_epuck:/opt/ros/humble LD_LIBRARY_PATH=/home/minji/test_folder/Test_in_Simulation/install/webots_ros2_msgs/lib:${LD_LIBRARY_PATH} PYTHONPATH=/home/minji/test_folder/Test_in_Simulation/install/webots_ros2_msgs/local/lib/python3.10/dist-packages:${PYTHONPATH} /usr/bin/cmake --build /home/minji/test_folder/Test_in_Simulation/build/webots_ros2_driver -- -j8 -l8
[0.086s] [  0%] Built target ament_cmake_python_copy_vehicle
[0.087s] [  0%] Built target ament_cmake_python_copy_webots_ros2_driver
[0.094s] [  0%] Built target ament_cmake_python_copy_controller
[0.302s] running egg_info
[0.302s] running egg_info
[0.303s] writing vehicle.egg-info/PKG-INFO
[0.303s] writing dependency_links to vehicle.egg-info/dependency_links.txt
[0.303s] writing top-level names to vehicle.egg-info/top_level.txt
[0.303s] writing webots_ros2_driver.egg-info/PKG-INFO
[0.303s] writing dependency_links to webots_ros2_driver.egg-info/dependency_links.txt
[0.303s] writing top-level names to webots_ros2_driver.egg-info/top_level.txt
[0.305s] reading manifest file 'vehicle.egg-info/SOURCES.txt'
[0.305s] reading manifest file 'webots_ros2_driver.egg-info/SOURCES.txt'
[0.305s] writing manifest file 'vehicle.egg-info/SOURCES.txt'
[0.306s] writing manifest file 'webots_ros2_driver.egg-info/SOURCES.txt'
[0.312s] running egg_info
[0.312s] writing controller.egg-info/PKG-INFO
[0.313s] writing dependency_links to controller.egg-info/dependency_links.txt
[0.313s] writing top-level names to controller.egg-info/top_level.txt
[0.315s] reading manifest file 'controller.egg-info/SOURCES.txt'
[0.316s] writing manifest file 'controller.egg-info/SOURCES.txt'
[0.330s] [  0%] Built target ament_cmake_python_build_webots_ros2_driver_egg
[0.330s] [  0%] Built target ament_cmake_python_build_vehicle_egg
[0.340s] [  0%] Built target ament_cmake_python_build_controller_egg
[0.467s] [  0%] Built target compile-lib-controller
[0.525s] [  0%] Built target compile-generic-window
[0.903s] [  0%] Built target compile-lib-vehicle
[0.913s] [35m[1mConsolidate compiler generated dependencies of target webots_ros2_driver_imu[0m
[0.913s] [35m[1mConsolidate compiler generated dependencies of target webots_ros2_driver_rgbd[0m
[0.925s] [ 25%] [32mBuilding CXX object CMakeFiles/driver.dir/src/Driver.cpp.o[0m
[0.925s] [ 25%] [32mBuilding CXX object CMakeFiles/driver.dir/src/PythonPlugin.cpp.o[0m
[0.925s] [ 25%] [32mBuilding CXX object CMakeFiles/driver.dir/src/plugins/static/Ros2LED.cpp.o[0m
[0.925s] [ 25%] [32mBuilding CXX object CMakeFiles/webots_ros2_driver_rgbd.dir/src/plugins/dynamic/Ros2RGBD.cpp.o[0m
[0.925s] [ 25%] [32mBuilding CXX object CMakeFiles/driver.dir/src/WebotsNode.cpp.o[0m
[0.925s] [ 29%] [32mBuilding CXX object CMakeFiles/webots_ros2_driver_imu.dir/src/plugins/dynamic/Ros2IMU.cpp.o[0m
[0.926s] [ 25%] [32mBuilding CXX object CMakeFiles/driver.dir/src/plugins/Ros2SensorPlugin.cpp.o[0m
[0.926s] [ 25%] [32mBuilding CXX object CMakeFiles/driver.dir/src/plugins/static/Ros2Lidar.cpp.o[0m
[6.450s] [ 33%] [32mBuilding CXX object CMakeFiles/driver.dir/src/plugins/static/Ros2Pen.cpp.o[0m
[6.451s] [ 37%] [32mBuilding CXX object CMakeFiles/webots_ros2_driver_rgbd.dir/src/plugins/Ros2SensorPlugin.cpp.o[0m
[6.607s] [ 40%] [32mBuilding CXX object CMakeFiles/driver.dir/src/plugins/static/Ros2Camera.cpp.o[0m
[8.382s] [ 44%] [32mBuilding CXX object CMakeFiles/webots_ros2_driver_imu.dir/src/plugins/Ros2SensorPlugin.cpp.o[0m
[8.416s] [ 48%] [32mBuilding CXX object CMakeFiles/driver.dir/src/plugins/static/Ros2GPS.cpp.o[0m
[9.628s] [ 51%] [32mBuilding CXX object CMakeFiles/driver.dir/src/plugins/static/Ros2RangeFinder.cpp.o[0m
[11.239s] [ 55%] [32m[1mLinking CXX shared library libwebots_ros2_driver_rgbd.so[0m
[11.732s] [ 59%] Built target webots_ros2_driver_rgbd
[11.750s] [ 62%] [32mBuilding CXX object CMakeFiles/driver.dir/src/plugins/static/Ros2DistanceSensor.cpp.o[0m
[13.954s] [ 66%] [32m[1mLinking CXX shared library libwebots_ros2_driver_imu.so[0m
[14.357s] [ 70%] Built target webots_ros2_driver_imu
[14.367s] [ 74%] [32mBuilding CXX object CMakeFiles/driver.dir/src/plugins/static/Ros2LightSensor.cpp.o[0m
[14.713s] [ 77%] [32mBuilding CXX object CMakeFiles/driver.dir/src/plugins/static/Ros2Emitter.cpp.o[0m
[15.704s] [ 81%] [32mBuilding CXX object CMakeFiles/driver.dir/src/plugins/static/Ros2Receiver.cpp.o[0m
[16.700s] [ 85%] [32mBuilding CXX object CMakeFiles/driver.dir/src/plugins/static/Ros2Compass.cpp.o[0m
[18.016s] [ 88%] [32mBuilding CXX object CMakeFiles/driver.dir/src/plugins/static/Ros2VacuumGripper.cpp.o[0m
[19.249s] [ 92%] [32mBuilding CXX object CMakeFiles/driver.dir/src/utils/Math.cpp.o[0m
[19.482s] [ 96%] [32mBuilding CXX object CMakeFiles/driver.dir/src/utils/Utils.cpp.o[0m
[27.686s] [100%] [32m[1mLinking CXX executable driver[0m
[30.451s] [100%] Built target driver
[30.465s] Invoked command in '/home/minji/test_folder/Test_in_Simulation/build/webots_ros2_driver' returned '0': AMENT_PREFIX_PATH=/home/minji/test_folder/Test_in_Simulation/install/webots_ros2_msgs:${AMENT_PREFIX_PATH} CMAKE_PREFIX_PATH=/home/minji/test_folder/Test_in_Simulation/install/webots_ros2_msgs:/home/minji/minji_ws/install/btcpp_ros2_samples:/home/minji/minji_ws/install/behaviortree_ros2:/home/minji/minji_ws/install/btcpp_ros2_interfaces:/home/minji/my_study/install/webots_ros2_control:/home/minji/my_study/install/webots_ros2_driver:/home/minji/my_study/install/webots_ros2_msgs:/usr/local:/home/minji/minji_ws/install/webots_ros2:/home/minji/minji_ws/install/webots_ros2_universal_robot:/home/minji/minji_ws/install/webots_ros2_turtlebot:/home/minji/minji_ws/install/webots_ros2_tiago:/home/minji/minji_ws/install/webots_ros2_tests:/home/minji/minji_ws/install/webots_ros2_tesla:/home/minji/minji_ws/install/webots_ros2_mavic:/home/minji/minji_ws/install/webots_ros2_ld90:/home/minji/minji_ws/install/webots_ros2_epuck:/home/minji/minji_ws/install/webots_ros2_control:/home/minji/minji_ws/install/webots_ros2_driver:/home/minji/minji_ws/install/webots_ros2_msgs:/home/minji/minji_ws/install/btcpp_ros2_project:/home/minji/my_study/install/webots_ros2:/home/minji/my_study/install/webots_ros2_universal_robot:/home/minji/my_study/install/webots_ros2_turtlebot:/home/minji/my_study/install/webots_ros2_tiago:/home/minji/my_study/install/webots_ros2_tests:/home/minji/my_study/install/webots_ros2_tesla:/home/minji/my_study/install/webots_ros2_mavic:/home/minji/my_study/install/webots_ros2_ld90:/home/minji/my_study/install/webots_ros2_epuck:/opt/ros/humble LD_LIBRARY_PATH=/home/minji/test_folder/Test_in_Simulation/install/webots_ros2_msgs/lib:${LD_LIBRARY_PATH} PYTHONPATH=/home/minji/test_folder/Test_in_Simulation/install/webots_ros2_msgs/local/lib/python3.10/dist-packages:${PYTHONPATH} /usr/bin/cmake --build /home/minji/test_folder/Test_in_Simulation/build/webots_ros2_driver -- -j8 -l8
[30.624s] Invoking command in '/home/minji/test_folder/Test_in_Simulation/build/webots_ros2_driver': AMENT_PREFIX_PATH=/home/minji/test_folder/Test_in_Simulation/install/webots_ros2_msgs:${AMENT_PREFIX_PATH} CMAKE_PREFIX_PATH=/home/minji/test_folder/Test_in_Simulation/install/webots_ros2_msgs:/home/minji/minji_ws/install/btcpp_ros2_samples:/home/minji/minji_ws/install/behaviortree_ros2:/home/minji/minji_ws/install/btcpp_ros2_interfaces:/home/minji/my_study/install/webots_ros2_control:/home/minji/my_study/install/webots_ros2_driver:/home/minji/my_study/install/webots_ros2_msgs:/usr/local:/home/minji/minji_ws/install/webots_ros2:/home/minji/minji_ws/install/webots_ros2_universal_robot:/home/minji/minji_ws/install/webots_ros2_turtlebot:/home/minji/minji_ws/install/webots_ros2_tiago:/home/minji/minji_ws/install/webots_ros2_tests:/home/minji/minji_ws/install/webots_ros2_tesla:/home/minji/minji_ws/install/webots_ros2_mavic:/home/minji/minji_ws/install/webots_ros2_ld90:/home/minji/minji_ws/install/webots_ros2_epuck:/home/minji/minji_ws/install/webots_ros2_control:/home/minji/minji_ws/install/webots_ros2_driver:/home/minji/minji_ws/install/webots_ros2_msgs:/home/minji/minji_ws/install/btcpp_ros2_project:/home/minji/my_study/install/webots_ros2:/home/minji/my_study/install/webots_ros2_universal_robot:/home/minji/my_study/install/webots_ros2_turtlebot:/home/minji/my_study/install/webots_ros2_tiago:/home/minji/my_study/install/webots_ros2_tests:/home/minji/my_study/install/webots_ros2_tesla:/home/minji/my_study/install/webots_ros2_mavic:/home/minji/my_study/install/webots_ros2_ld90:/home/minji/my_study/install/webots_ros2_epuck:/opt/ros/humble LD_LIBRARY_PATH=/home/minji/test_folder/Test_in_Simulation/install/webots_ros2_msgs/lib:${LD_LIBRARY_PATH} PYTHONPATH=/home/minji/test_folder/Test_in_Simulation/install/webots_ros2_msgs/local/lib/python3.10/dist-packages:${PYTHONPATH} /usr/bin/cmake --install /home/minji/test_folder/Test_in_Simulation/build/webots_ros2_driver
[30.644s] -- Install configuration: ""
[30.644s] -- Installing: /home/minji/test_folder/Test_in_Simulation/install/webots_ros2_driver/share/webots_ros2_driver/environment/pythonpath.sh
[30.644s] -- Installing: /home/minji/test_folder/Test_in_Simulation/install/webots_ros2_driver/share/webots_ros2_driver/environment/pythonpath.dsv
[30.644s] -- Installing: /home/minji/test_folder/Test_in_Simulation/install/webots_ros2_driver/local/lib/python3.10/dist-packages/controller-2023.1.2-py3.10.egg-info
[30.644s] -- Installing: /home/minji/test_folder/Test_in_Simulation/install/webots_ros2_driver/local/lib/python3.10/dist-packages/controller-2023.1.2-py3.10.egg-info/top_level.txt
[30.645s] -- Installing: /home/minji/test_folder/Test_in_Simulation/install/webots_ros2_driver/local/lib/python3.10/dist-packages/controller-2023.1.2-py3.10.egg-info/SOURCES.txt
[30.645s] -- Installing: /home/minji/test_folder/Test_in_Simulation/install/webots_ros2_driver/local/lib/python3.10/dist-packages/controller-2023.1.2-py3.10.egg-info/PKG-INFO
[30.645s] -- Installing: /home/minji/test_folder/Test_in_Simulation/install/webots_ros2_driver/local/lib/python3.10/dist-packages/controller-2023.1.2-py3.10.egg-info/dependency_links.txt
[30.645s] -- Installing: /home/minji/test_folder/Test_in_Simulation/install/webots_ros2_driver/local/lib/python3.10/dist-packages/controller
[30.645s] -- Installing: /home/minji/test_folder/Test_in_Simulation/install/webots_ros2_driver/local/lib/python3.10/dist-packages/controller/node.py
[30.646s] -- Installing: /home/minji/test_folder/Test_in_Simulation/install/webots_ros2_driver/local/lib/python3.10/dist-packages/controller/lidar_point.py
[30.646s] -- Installing: /home/minji/test_folder/Test_in_Simulation/install/webots_ros2_driver/local/lib/python3.10/dist-packages/controller/receiver.py
[30.646s] -- Installing: /home/minji/test_folder/Test_in_Simulation/install/webots_ros2_driver/local/lib/python3.10/dist-packages/controller/__init__.py
[30.646s] -- Installing: /home/minji/test_folder/Test_in_Simulation/install/webots_ros2_driver/local/lib/python3.10/dist-packages/controller/keyboard.py
[30.646s] -- Installing: /home/minji/test_folder/Test_in_Simulation/install/webots_ros2_driver/local/lib/python3.10/dist-packages/controller/led.py
[30.646s] -- Installing: /home/minji/test_folder/Test_in_Simulation/install/webots_ros2_driver/local/lib/python3.10/dist-packages/controller/gyro.py
[30.646s] -- Installing: /home/minji/test_folder/Test_in_Simulation/install/webots_ros2_driver/local/lib/python3.10/dist-packages/controller/supervisor.py
[30.646s] -- Installing: /home/minji/test_folder/Test_in_Simulation/install/webots_ros2_driver/local/lib/python3.10/dist-packages/controller/altimeter.py
[30.647s] -- Installing: /home/minji/test_folder/Test_in_Simulation/install/webots_ros2_driver/local/lib/python3.10/dist-packages/controller/robot.py
[30.647s] -- Installing: /home/minji/test_folder/Test_in_Simulation/install/webots_ros2_driver/local/lib/python3.10/dist-packages/controller/position_sensor.py
[30.647s] -- Installing: /home/minji/test_folder/Test_in_Simulation/install/webots_ros2_driver/local/lib/python3.10/dist-packages/controller/constants.py
[30.647s] -- Installing: /home/minji/test_folder/Test_in_Simulation/install/webots_ros2_driver/local/lib/python3.10/dist-packages/controller/speaker.py
[30.647s] -- Installing: /home/minji/test_folder/Test_in_Simulation/install/webots_ros2_driver/local/lib/python3.10/dist-packages/controller/accelerometer.py
[30.647s] -- Installing: /home/minji/test_folder/Test_in_Simulation/install/webots_ros2_driver/local/lib/python3.10/dist-packages/controller/motor.py
[30.647s] -- Installing: /home/minji/test_folder/Test_in_Simulation/install/webots_ros2_driver/local/lib/python3.10/dist-packages/controller/vacuum_gripper.py
[30.647s] -- Installing: /home/minji/test_folder/Test_in_Simulation/install/webots_ros2_driver/local/lib/python3.10/dist-packages/controller/pen.py
[30.647s] -- Installing: /home/minji/test_folder/Test_in_Simulation/install/webots_ros2_driver/local/lib/python3.10/dist-packages/controller/radar_target.py
[30.648s] -- Installing: /home/minji/test_folder/Test_in_Simulation/install/webots_ros2_driver/local/lib/python3.10/dist-packages/controller/motion.py
[30.648s] -- Installing: /home/minji/test_folder/Test_in_Simulation/install/webots_ros2_driver/local/lib/python3.10/dist-packages/controller/inertial_unit.py
[30.648s] -- Installing: /home/minji/test_folder/Test_in_Simulation/install/webots_ros2_driver/local/lib/python3.10/dist-packages/controller/joystick.py
[30.648s] -- Installing: /home/minji/test_folder/Test_in_Simulation/install/webots_ros2_driver/local/lib/python3.10/dist-packages/controller/ansi_codes.py
[30.648s] -- Installing: /home/minji/test_folder/Test_in_Simulation/install/webots_ros2_driver/local/lib/python3.10/dist-packages/controller/skin.py
[30.648s] -- Installing: /home/minji/test_folder/Test_in_Simulation/install/webots_ros2_driver/local/lib/python3.10/dist-packages/controller/range_finder.py
[30.648s] -- Installing: /home/minji/test_folder/Test_in_Simulation/install/webots_ros2_driver/local/lib/python3.10/dist-packages/controller/sensor.py
[30.648s] -- Installing: /home/minji/test_folder/Test_in_Simulation/install/webots_ros2_driver/local/lib/python3.10/dist-packages/controller/gps.py
[30.648s] -- Installing: /home/minji/test_folder/Test_in_Simulation/install/webots_ros2_driver/local/lib/python3.10/dist-packages/controller/emitter.py
[30.648s] -- Installing: /home/minji/test_folder/Test_in_Simulation/install/webots_ros2_driver/local/lib/python3.10/dist-packages/controller/compass.py
[30.649s] -- Installing: /home/minji/test_folder/Test_in_Simulation/install/webots_ros2_driver/local/lib/python3.10/dist-packages/controller/camera.py
[30.649s] -- Installing: /home/minji/test_folder/Test_in_Simulation/install/webots_ros2_driver/local/lib/python3.10/dist-packages/controller/device.py
[30.649s] -- Installing: /home/minji/test_folder/Test_in_Simulation/install/webots_ros2_driver/local/lib/python3.10/dist-packages/controller/touch_sensor.py
[30.649s] -- Installing: /home/minji/test_folder/Test_in_Simulation/install/webots_ros2_driver/local/lib/python3.10/dist-packages/controller/connector.py
[30.649s] -- Installing: /home/minji/test_folder/Test_in_Simulation/install/webots_ros2_driver/local/lib/python3.10/dist-packages/controller/lidar.py
[30.649s] -- Installing: /home/minji/test_folder/Test_in_Simulation/install/webots_ros2_driver/local/lib/python3.10/dist-packages/controller/wb.py
[30.649s] -- Installing: /home/minji/test_folder/Test_in_Simulation/install/webots_ros2_driver/local/lib/python3.10/dist-packages/controller/radar.py
[30.649s] -- Installing: /home/minji/test_folder/Test_in_Simulation/install/webots_ros2_driver/local/lib/python3.10/dist-packages/controller/field.py
[30.649s] -- Installing: /home/minji/test_folder/Test_in_Simulation/install/webots_ros2_driver/local/lib/python3.10/dist-packages/controller/brake.py
[30.649s] -- Installing: /home/minji/test_folder/Test_in_Simulation/install/webots_ros2_driver/local/lib/python3.10/dist-packages/controller/light_sensor.py
[30.649s] -- Installing: /home/minji/test_folder/Test_in_Simulation/install/webots_ros2_driver/local/lib/python3.10/dist-packages/controller/distance_sensor.py
[30.650s] -- Installing: /home/minji/test_folder/Test_in_Simulation/install/webots_ros2_driver/local/lib/python3.10/dist-packages/controller/display.py
[30.650s] -- Installing: /home/minji/test_folder/Test_in_Simulation/install/webots_ros2_driver/local/lib/python3.10/dist-packages/controller/mouse.py
[30.732s] Listing '/home/minji/test_folder/Test_in_Simulation/install/webots_ros2_driver/local/lib/python3.10/dist-packages/controller'...
[30.732s] Compiling '/home/minji/test_folder/Test_in_Simulation/install/webots_ros2_driver/local/lib/python3.10/dist-packages/controller/__init__.py'...
[30.732s] Compiling '/home/minji/test_folder/Test_in_Simulation/install/webots_ros2_driver/local/lib/python3.10/dist-packages/controller/accelerometer.py'...
[30.732s] Compiling '/home/minji/test_folder/Test_in_Simulation/install/webots_ros2_driver/local/lib/python3.10/dist-packages/controller/altimeter.py'...
[30.732s] Compiling '/home/minji/test_folder/Test_in_Simulation/install/webots_ros2_driver/local/lib/python3.10/dist-packages/controller/ansi_codes.py'...
[30.732s] Compiling '/home/minji/test_folder/Test_in_Simulation/install/webots_ros2_driver/local/lib/python3.10/dist-packages/controller/brake.py'...
[30.732s] Compiling '/home/minji/test_folder/Test_in_Simulation/install/webots_ros2_driver/local/lib/python3.10/dist-packages/controller/camera.py'...
[30.733s] Compiling '/home/minji/test_folder/Test_in_Simulation/install/webots_ros2_driver/local/lib/python3.10/dist-packages/controller/compass.py'...
[30.733s] Compiling '/home/minji/test_folder/Test_in_Simulation/install/webots_ros2_driver/local/lib/python3.10/dist-packages/controller/connector.py'...
[30.733s] Compiling '/home/minji/test_folder/Test_in_Simulation/install/webots_ros2_driver/local/lib/python3.10/dist-packages/controller/constants.py'...
[30.733s] Compiling '/home/minji/test_folder/Test_in_Simulation/install/webots_ros2_driver/local/lib/python3.10/dist-packages/controller/device.py'...
[30.733s] Compiling '/home/minji/test_folder/Test_in_Simulation/install/webots_ros2_driver/local/lib/python3.10/dist-packages/controller/display.py'...
[30.733s] Compiling '/home/minji/test_folder/Test_in_Simulation/install/webots_ros2_driver/local/lib/python3.10/dist-packages/controller/distance_sensor.py'...
[30.733s] Compiling '/home/minji/test_folder/Test_in_Simulation/install/webots_ros2_driver/local/lib/python3.10/dist-packages/controller/emitter.py'...
[30.733s] Compiling '/home/minji/test_folder/Test_in_Simulation/install/webots_ros2_driver/local/lib/python3.10/dist-packages/controller/field.py'...
[30.733s] Compiling '/home/minji/test_folder/Test_in_Simulation/install/webots_ros2_driver/local/lib/python3.10/dist-packages/controller/gps.py'...
[30.733s] Compiling '/home/minji/test_folder/Test_in_Simulation/install/webots_ros2_driver/local/lib/python3.10/dist-packages/controller/gyro.py'...
[30.733s] Compiling '/home/minji/test_folder/Test_in_Simulation/install/webots_ros2_driver/local/lib/python3.10/dist-packages/controller/inertial_unit.py'...
[30.733s] Compiling '/home/minji/test_folder/Test_in_Simulation/install/webots_ros2_driver/local/lib/python3.10/dist-packages/controller/joystick.py'...
[30.733s] Compiling '/home/minji/test_folder/Test_in_Simulation/install/webots_ros2_driver/local/lib/python3.10/dist-packages/controller/keyboard.py'...
[30.733s] Compiling '/home/minji/test_folder/Test_in_Simulation/install/webots_ros2_driver/local/lib/python3.10/dist-packages/controller/led.py'...
[30.733s] Compiling '/home/minji/test_folder/Test_in_Simulation/install/webots_ros2_driver/local/lib/python3.10/dist-packages/controller/lidar.py'...
[30.733s] Compiling '/home/minji/test_folder/Test_in_Simulation/install/webots_ros2_driver/local/lib/python3.10/dist-packages/controller/lidar_point.py'...
[30.733s] Compiling '/home/minji/test_folder/Test_in_Simulation/install/webots_ros2_driver/local/lib/python3.10/dist-packages/controller/light_sensor.py'...
[30.734s] Compiling '/home/minji/test_folder/Test_in_Simulation/install/webots_ros2_driver/local/lib/python3.10/dist-packages/controller/motion.py'...
[30.734s] Compiling '/home/minji/test_folder/Test_in_Simulation/install/webots_ros2_driver/local/lib/python3.10/dist-packages/controller/motor.py'...
[30.734s] Compiling '/home/minji/test_folder/Test_in_Simulation/install/webots_ros2_driver/local/lib/python3.10/dist-packages/controller/mouse.py'...
[30.734s] Compiling '/home/minji/test_folder/Test_in_Simulation/install/webots_ros2_driver/local/lib/python3.10/dist-packages/controller/node.py'...
[30.734s] Compiling '/home/minji/test_folder/Test_in_Simulation/install/webots_ros2_driver/local/lib/python3.10/dist-packages/controller/pen.py'...
[30.734s] Compiling '/home/minji/test_folder/Test_in_Simulation/install/webots_ros2_driver/local/lib/python3.10/dist-packages/controller/position_sensor.py'...
[30.734s] Compiling '/home/minji/test_folder/Test_in_Simulation/install/webots_ros2_driver/local/lib/python3.10/dist-packages/controller/radar.py'...
[30.734s] Compiling '/home/minji/test_folder/Test_in_Simulation/install/webots_ros2_driver/local/lib/python3.10/dist-packages/controller/radar_target.py'...
[30.734s] Compiling '/home/minji/test_folder/Test_in_Simulation/install/webots_ros2_driver/local/lib/python3.10/dist-packages/controller/range_finder.py'...
[30.734s] Compiling '/home/minji/test_folder/Test_in_Simulation/install/webots_ros2_driver/local/lib/python3.10/dist-packages/controller/receiver.py'...
[30.734s] Compiling '/home/minji/test_folder/Test_in_Simulation/install/webots_ros2_driver/local/lib/python3.10/dist-packages/controller/robot.py'...
[30.734s] Compiling '/home/minji/test_folder/Test_in_Simulation/install/webots_ros2_driver/local/lib/python3.10/dist-packages/controller/sensor.py'...
[30.734s] Compiling '/home/minji/test_folder/Test_in_Simulation/install/webots_ros2_driver/local/lib/python3.10/dist-packages/controller/skin.py'...
[30.734s] Compiling '/home/minji/test_folder/Test_in_Simulation/install/webots_ros2_driver/local/lib/python3.10/dist-packages/controller/speaker.py'...
[30.734s] Compiling '/home/minji/test_folder/Test_in_Simulation/install/webots_ros2_driver/local/lib/python3.10/dist-packages/controller/supervisor.py'...
[30.734s] Compiling '/home/minji/test_folder/Test_in_Simulation/install/webots_ros2_driver/local/lib/python3.10/dist-packages/controller/touch_sensor.py'...
[30.734s] Compiling '/home/minji/test_folder/Test_in_Simulation/install/webots_ros2_driver/local/lib/python3.10/dist-packages/controller/vacuum_gripper.py'...
[30.735s] Compiling '/home/minji/test_folder/Test_in_Simulation/install/webots_ros2_driver/local/lib/python3.10/dist-packages/controller/wb.py'...
[30.737s] -- Installing: /home/minji/test_folder/Test_in_Simulation/install/webots_ros2_driver/local/lib/python3.10/dist-packages/vehicle-2023.1.2-py3.10.egg-info
[30.737s] -- Installing: /home/minji/test_folder/Test_in_Simulation/install/webots_ros2_driver/local/lib/python3.10/dist-packages/vehicle-2023.1.2-py3.10.egg-info/top_level.txt
[30.737s] -- Installing: /home/minji/test_folder/Test_in_Simulation/install/webots_ros2_driver/local/lib/python3.10/dist-packages/vehicle-2023.1.2-py3.10.egg-info/SOURCES.txt
[30.738s] -- Installing: /home/minji/test_folder/Test_in_Simulation/install/webots_ros2_driver/local/lib/python3.10/dist-packages/vehicle-2023.1.2-py3.10.egg-info/PKG-INFO
[30.738s] -- Installing: /home/minji/test_folder/Test_in_Simulation/install/webots_ros2_driver/local/lib/python3.10/dist-packages/vehicle-2023.1.2-py3.10.egg-info/dependency_links.txt
[30.738s] -- Installing: /home/minji/test_folder/Test_in_Simulation/install/webots_ros2_driver/local/lib/python3.10/dist-packages/vehicle
[30.738s] -- Installing: /home/minji/test_folder/Test_in_Simulation/install/webots_ros2_driver/local/lib/python3.10/dist-packages/vehicle/__init__.py
[30.738s] -- Installing: /home/minji/test_folder/Test_in_Simulation/install/webots_ros2_driver/local/lib/python3.10/dist-packages/vehicle/driver.py
[30.738s] -- Installing: /home/minji/test_folder/Test_in_Simulation/install/webots_ros2_driver/local/lib/python3.10/dist-packages/vehicle/car.py
[30.791s] Listing '/home/minji/test_folder/Test_in_Simulation/install/webots_ros2_driver/local/lib/python3.10/dist-packages/vehicle'...
[30.791s] Compiling '/home/minji/test_folder/Test_in_Simulation/install/webots_ros2_driver/local/lib/python3.10/dist-packages/vehicle/__init__.py'...
[30.791s] Compiling '/home/minji/test_folder/Test_in_Simulation/install/webots_ros2_driver/local/lib/python3.10/dist-packages/vehicle/car.py'...
[30.791s] Compiling '/home/minji/test_folder/Test_in_Simulation/install/webots_ros2_driver/local/lib/python3.10/dist-packages/vehicle/driver.py'...
[30.796s] -- Installing: /home/minji/test_folder/Test_in_Simulation/install/webots_ros2_driver/local/lib/python3.10/dist-packages/webots_ros2_driver-2023.1.2-py3.10.egg-info
[30.796s] -- Installing: /home/minji/test_folder/Test_in_Simulation/install/webots_ros2_driver/local/lib/python3.10/dist-packages/webots_ros2_driver-2023.1.2-py3.10.egg-info/top_level.txt
[30.796s] -- Installing: /home/minji/test_folder/Test_in_Simulation/install/webots_ros2_driver/local/lib/python3.10/dist-packages/webots_ros2_driver-2023.1.2-py3.10.egg-info/SOURCES.txt
[30.796s] -- Installing: /home/minji/test_folder/Test_in_Simulation/install/webots_ros2_driver/local/lib/python3.10/dist-packages/webots_ros2_driver-2023.1.2-py3.10.egg-info/PKG-INFO
[30.797s] -- Installing: /home/minji/test_folder/Test_in_Simulation/install/webots_ros2_driver/local/lib/python3.10/dist-packages/webots_ros2_driver-2023.1.2-py3.10.egg-info/dependency_links.txt
[30.797s] -- Installing: /home/minji/test_folder/Test_in_Simulation/install/webots_ros2_driver/local/lib/python3.10/dist-packages/webots_ros2_driver
[30.797s] -- Installing: /home/minji/test_folder/Test_in_Simulation/install/webots_ros2_driver/local/lib/python3.10/dist-packages/webots_ros2_driver/__init__.py
[30.797s] -- Installing: /home/minji/test_folder/Test_in_Simulation/install/webots_ros2_driver/local/lib/python3.10/dist-packages/webots_ros2_driver/utils.py
[30.797s] -- Installing: /home/minji/test_folder/Test_in_Simulation/install/webots_ros2_driver/local/lib/python3.10/dist-packages/webots_ros2_driver/webots_controller.py
[30.797s] -- Installing: /home/minji/test_folder/Test_in_Simulation/install/webots_ros2_driver/local/lib/python3.10/dist-packages/webots_ros2_driver/urdf_spawner.py
[30.797s] -- Installing: /home/minji/test_folder/Test_in_Simulation/install/webots_ros2_driver/local/lib/python3.10/dist-packages/webots_ros2_driver/webots_launcher.py
[30.797s] -- Installing: /home/minji/test_folder/Test_in_Simulation/install/webots_ros2_driver/local/lib/python3.10/dist-packages/webots_ros2_driver/ros2_supervisor.py
[30.798s] -- Installing: /home/minji/test_folder/Test_in_Simulation/install/webots_ros2_driver/local/lib/python3.10/dist-packages/webots_ros2_driver/wait_for_controller_connection.py
[30.854s] Listing '/home/minji/test_folder/Test_in_Simulation/install/webots_ros2_driver/local/lib/python3.10/dist-packages/webots_ros2_driver'...
[30.855s] Compiling '/home/minji/test_folder/Test_in_Simulation/install/webots_ros2_driver/local/lib/python3.10/dist-packages/webots_ros2_driver/__init__.py'...
[30.855s] Compiling '/home/minji/test_folder/Test_in_Simulation/install/webots_ros2_driver/local/lib/python3.10/dist-packages/webots_ros2_driver/ros2_supervisor.py'...
[30.855s] Compiling '/home/minji/test_folder/Test_in_Simulation/install/webots_ros2_driver/local/lib/python3.10/dist-packages/webots_ros2_driver/urdf_spawner.py'...
[30.855s] Compiling '/home/minji/test_folder/Test_in_Simulation/install/webots_ros2_driver/local/lib/python3.10/dist-packages/webots_ros2_driver/utils.py'...
[30.855s] Compiling '/home/minji/test_folder/Test_in_Simulation/install/webots_ros2_driver/local/lib/python3.10/dist-packages/webots_ros2_driver/wait_for_controller_connection.py'...
[30.855s] Compiling '/home/minji/test_folder/Test_in_Simulation/install/webots_ros2_driver/local/lib/python3.10/dist-packages/webots_ros2_driver/webots_controller.py'...
[30.855s] Compiling '/home/minji/test_folder/Test_in_Simulation/install/webots_ros2_driver/local/lib/python3.10/dist-packages/webots_ros2_driver/webots_launcher.py'...
[30.860s] -- Installing: /home/minji/test_folder/Test_in_Simulation/install/webots_ros2_driver/include
[30.860s] -- Installing: /home/minji/test_folder/Test_in_Simulation/install/webots_ros2_driver/include/webots_ros2_driver
[30.860s] -- Installing: /home/minji/test_folder/Test_in_Simulation/install/webots_ros2_driver/include/webots_ros2_driver/utils
[30.860s] -- Installing: /home/minji/test_folder/Test_in_Simulation/install/webots_ros2_driver/include/webots_ros2_driver/utils/Utils.hpp
[30.860s] -- Installing: /home/minji/test_folder/Test_in_Simulation/install/webots_ros2_driver/include/webots_ros2_driver/utils/Math.hpp
[30.860s] -- Installing: /home/minji/test_folder/Test_in_Simulation/install/webots_ros2_driver/include/webots_ros2_driver/PythonPlugin.hpp
[30.860s] -- Installing: /home/minji/test_folder/Test_in_Simulation/install/webots_ros2_driver/include/webots_ros2_driver/PluginInterface.hpp
[30.860s] -- Installing: /home/minji/test_folder/Test_in_Simulation/install/webots_ros2_driver/include/webots_ros2_driver/plugins
[30.861s] -- Installing: /home/minji/test_folder/Test_in_Simulation/install/webots_ros2_driver/include/webots_ros2_driver/plugins/Ros2SensorPlugin.hpp
[30.861s] -- Installing: /home/minji/test_folder/Test_in_Simulation/install/webots_ros2_driver/include/webots_ros2_driver/plugins/dynamic
[30.861s] -- Installing: /home/minji/test_folder/Test_in_Simulation/install/webots_ros2_driver/include/webots_ros2_driver/plugins/dynamic/Ros2IMU.hpp
[30.861s] -- Installing: /home/minji/test_folder/Test_in_Simulation/install/webots_ros2_driver/include/webots_ros2_driver/plugins/dynamic/Ros2RGBD.hpp
[30.861s] -- Installing: /home/minji/test_folder/Test_in_Simulation/install/webots_ros2_driver/include/webots_ros2_driver/plugins/static
[30.861s] -- Installing: /home/minji/test_folder/Test_in_Simulation/install/webots_ros2_driver/include/webots_ros2_driver/plugins/static/Ros2VacuumGripper.hpp
[30.861s] -- Installing: /home/minji/test_folder/Test_in_Simulation/install/webots_ros2_driver/include/webots_ros2_driver/plugins/static/Ros2Compass.hpp
[30.861s] -- Installing: /home/minji/test_folder/Test_in_Simulation/install/webots_ros2_driver/include/webots_ros2_driver/plugins/static/Ros2GPS.hpp
[30.862s] -- Installing: /home/minji/test_folder/Test_in_Simulation/install/webots_ros2_driver/include/webots_ros2_driver/plugins/static/Ros2LED.hpp
[30.862s] -- Installing: /home/minji/test_folder/Test_in_Simulation/install/webots_ros2_driver/include/webots_ros2_driver/plugins/static/Ros2Camera.hpp
[30.862s] -- Installing: /home/minji/test_folder/Test_in_Simulation/install/webots_ros2_driver/include/webots_ros2_driver/plugins/static/Ros2Emitter.hpp
[30.862s] -- Installing: /home/minji/test_folder/Test_in_Simulation/install/webots_ros2_driver/include/webots_ros2_driver/plugins/static/Ros2Pen.hpp
[30.862s] -- Installing: /home/minji/test_folder/Test_in_Simulation/install/webots_ros2_driver/include/webots_ros2_driver/plugins/static/Ros2Lidar.hpp
[30.862s] -- Installing: /home/minji/test_folder/Test_in_Simulation/install/webots_ros2_driver/include/webots_ros2_driver/plugins/static/Ros2Receiver.hpp
[30.862s] -- Installing: /home/minji/test_folder/Test_in_Simulation/install/webots_ros2_driver/include/webots_ros2_driver/plugins/static/Ros2LightSensor.hpp
[30.862s] -- Installing: /home/minji/test_folder/Test_in_Simulation/install/webots_ros2_driver/include/webots_ros2_driver/plugins/static/Ros2DistanceSensor.hpp
[30.863s] -- Installing: /home/minji/test_folder/Test_in_Simulation/install/webots_ros2_driver/include/webots_ros2_driver/plugins/static/Ros2RangeFinder.hpp
[30.863s] -- Installing: /home/minji/test_folder/Test_in_Simulation/install/webots_ros2_driver/include/webots_ros2_driver/WebotsNode.hpp
[30.863s] -- Installing: /home/minji/test_folder/Test_in_Simulation/install/webots_ros2_driver/lib/webots_ros2_driver/driver
[30.874s] -- Installing: /home/minji/test_folder/Test_in_Simulation/install/webots_ros2_driver/lib/libwebots_ros2_driver_imu.so
[30.876s] -- Installing: /home/minji/test_folder/Test_in_Simulation/install/webots_ros2_driver/lib/libwebots_ros2_driver_rgbd.so
[30.877s] -- Installing: /home/minji/test_folder/Test_in_Simulation/install/webots_ros2_driver/include/webots/c
[30.877s] -- Installing: /home/minji/test_folder/Test_in_Simulation/install/webots_ros2_driver/include/webots/c/webots
[30.878s] -- Installing: /home/minji/test_folder/Test_in_Simulation/install/webots_ros2_driver/include/webots/c/webots/contact_point.h
[30.878s] -- Installing: /home/minji/test_folder/Test_in_Simulation/install/webots_ros2_driver/include/webots/c/webots/compass.h
[30.878s] -- Installing: /home/minji/test_folder/Test_in_Simulation/install/webots_ros2_driver/include/webots/c/webots/radar_target.h
[30.885s] -- Installing: /home/minji/test_folder/Test_in_Simulation/install/webots_ros2_driver/include/webots/c/webots/pen.h
[30.886s] -- Installing: /home/minji/test_folder/Test_in_Simulation/install/webots_ros2_driver/include/webots/c/webots/gyro.h
[30.886s] -- Installing: /home/minji/test_folder/Test_in_Simulation/install/webots_ros2_driver/include/webots/c/webots/lidar_point.h
[30.886s] -- Installing: /home/minji/test_folder/Test_in_Simulation/install/webots_ros2_driver/include/webots/c/webots/keyboard.h
[30.887s] -- Installing: /home/minji/test_folder/Test_in_Simulation/install/webots_ros2_driver/include/webots/c/webots/touch_sensor.h
[30.887s] -- Installing: /home/minji/test_folder/Test_in_Simulation/install/webots_ros2_driver/include/webots/c/webots/speaker.h
[30.887s] -- Installing: /home/minji/test_folder/Test_in_Simulation/install/webots_ros2_driver/include/webots/c/webots/mouse.h
[30.887s] -- Installing: /home/minji/test_folder/Test_in_Simulation/install/webots_ros2_driver/include/webots/c/webots/utils
[30.888s] -- Installing: /home/minji/test_folder/Test_in_Simulation/install/webots_ros2_driver/include/webots/c/webots/utils/system.h
[30.888s] -- Installing: /home/minji/test_folder/Test_in_Simulation/install/webots_ros2_driver/include/webots/c/webots/utils/string.h
[30.888s] -- Installing: /home/minji/test_folder/Test_in_Simulation/install/webots_ros2_driver/include/webots/c/webots/utils/ansi_codes.h
[30.888s] -- Installing: /home/minji/test_folder/Test_in_Simulation/install/webots_ros2_driver/include/webots/c/webots/utils/motion.h
[30.888s] -- Installing: /home/minji/test_folder/Test_in_Simulation/install/webots_ros2_driver/include/webots/c/webots/skin.h
[30.888s] -- Installing: /home/minji/test_folder/Test_in_Simulation/install/webots_ros2_driver/include/webots/c/webots/display.h
[30.889s] -- Installing: /home/minji/test_folder/Test_in_Simulation/install/webots_ros2_driver/include/webots/c/webots/robot.h
[30.889s] -- Installing: /home/minji/test_folder/Test_in_Simulation/install/webots_ros2_driver/include/webots/c/webots/microphone.h
[30.889s] -- Installing: /home/minji/test_folder/Test_in_Simulation/install/webots_ros2_driver/include/webots/c/webots/gps.h
[30.889s] -- Installing: /home/minji/test_folder/Test_in_Simulation/install/webots_ros2_driver/include/webots/c/webots/camera.h
[30.889s] -- Installing: /home/minji/test_folder/Test_in_Simulation/install/webots_ros2_driver/include/webots/c/webots/supervisor.h
[30.890s] -- Installing: /home/minji/test_folder/Test_in_Simulation/install/webots_ros2_driver/include/webots/c/webots/light_sensor.h
[30.890s] -- Installing: /home/minji/test_folder/Test_in_Simulation/install/webots_ros2_driver/include/webots/c/webots/lidar.h
[30.890s] -- Installing: /home/minji/test_folder/Test_in_Simulation/install/webots_ros2_driver/include/webots/c/webots/types.h
[30.890s] -- Installing: /home/minji/test_folder/Test_in_Simulation/install/webots_ros2_driver/include/webots/c/webots/brake.h
[30.890s] -- Installing: /home/minji/test_folder/Test_in_Simulation/install/webots_ros2_driver/include/webots/c/webots/mouse_state.h
[30.891s] -- Installing: /home/minji/test_folder/Test_in_Simulation/install/webots_ros2_driver/include/webots/c/webots/emitter.h
[30.891s] -- Installing: /home/minji/test_folder/Test_in_Simulation/install/webots_ros2_driver/include/webots/c/webots/position_sensor.h
[30.891s] -- Installing: /home/minji/test_folder/Test_in_Simulation/install/webots_ros2_driver/include/webots/c/webots/distance_sensor.h
[30.891s] -- Installing: /home/minji/test_folder/Test_in_Simulation/install/webots_ros2_driver/include/webots/c/webots/range_finder.h
[30.891s] -- Installing: /home/minji/test_folder/Test_in_Simulation/install/webots_ros2_driver/include/webots/c/webots/remote_control.h
[30.892s] -- Installing: /home/minji/test_folder/Test_in_Simulation/install/webots_ros2_driver/include/webots/c/webots/vehicle
[30.892s] -- Installing: /home/minji/test_folder/Test_in_Simulation/install/webots_ros2_driver/include/webots/c/webots/vehicle/driver.h
[30.892s] -- Installing: /home/minji/test_folder/Test_in_Simulation/install/webots_ros2_driver/include/webots/c/webots/vehicle/car.h
[30.892s] -- Installing: /home/minji/test_folder/Test_in_Simulation/install/webots_ros2_driver/include/webots/c/webots/altimeter.h
[30.892s] -- Installing: /home/minji/test_folder/Test_in_Simulation/install/webots_ros2_driver/include/webots/c/webots/vacuum_gripper.h
[30.892s] -- Installing: /home/minji/test_folder/Test_in_Simulation/install/webots_ros2_driver/include/webots/c/webots/led.h
[30.892s] -- Installing: /home/minji/test_folder/Test_in_Simulation/install/webots_ros2_driver/include/webots/c/webots/nodes.h
[30.893s] -- Installing: /home/minji/test_folder/Test_in_Simulation/install/webots_ros2_driver/include/webots/c/webots/inertial_unit.h
[30.893s] -- Installing: /home/minji/test_folder/Test_in_Simulation/install/webots_ros2_driver/include/webots/c/webots/accelerometer.h
[30.893s] -- Installing: /home/minji/test_folder/Test_in_Simulation/install/webots_ros2_driver/include/webots/c/webots/console.h
[30.893s] -- Installing: /home/minji/test_folder/Test_in_Simulation/install/webots_ros2_driver/include/webots/c/webots/receiver.h
[30.893s] -- Installing: /home/minji/test_folder/Test_in_Simulation/install/webots_ros2_driver/include/webots/c/webots/plugins
[30.893s] -- Installing: /home/minji/test_folder/Test_in_Simulation/install/webots_ros2_driver/include/webots/c/webots/plugins/robot_window
[30.894s] -- Installing: /home/minji/test_folder/Test_in_Simulation/install/webots_ros2_driver/include/webots/c/webots/plugins/robot_window/default.h
[30.894s] -- Installing: /home/minji/test_folder/Test_in_Simulation/install/webots_ros2_driver/include/webots/c/webots/plugins/robot_window/robot_window.h
[30.894s] -- Installing: /home/minji/test_folder/Test_in_Simulation/install/webots_ros2_driver/include/webots/c/webots/plugins/robot_window/robot_wwi.h
[30.894s] -- Installing: /home/minji/test_folder/Test_in_Simulation/install/webots_ros2_driver/include/webots/c/webots/plugins/robot_window/generic_robot_window
[30.894s] -- Installing: /home/minji/test_folder/Test_in_Simulation/install/webots_ros2_driver/include/webots/c/webots/plugins/robot_window/generic_robot_window/generic.h
[30.894s] -- Installing: /home/minji/test_folder/Test_in_Simulation/install/webots_ros2_driver/include/webots/c/webots/camera_recognition_object.h
[30.895s] -- Installing: /home/minji/test_folder/Test_in_Simulation/install/webots_ros2_driver/include/webots/c/webots/device.h
[30.895s] -- Installing: /home/minji/test_folder/Test_in_Simulation/install/webots_ros2_driver/include/webots/c/webots/radio.h
[30.895s] -- Installing: /home/minji/test_folder/Test_in_Simulation/install/webots_ros2_driver/include/webots/c/webots/radar.h
[30.895s] -- Installing: /home/minji/test_folder/Test_in_Simulation/install/webots_ros2_driver/include/webots/c/webots/connector.h
[30.896s] -- Installing: /home/minji/test_folder/Test_in_Simulation/install/webots_ros2_driver/include/webots/c/webots/motor.h
[30.896s] -- Installing: /home/minji/test_folder/Test_in_Simulation/install/webots_ros2_driver/include/webots/c/webots/joystick.h
[30.896s] -- Installing: /home/minji/test_folder/Test_in_Simulation/install/webots_ros2_driver/include/webots/cpp
[30.896s] -- Installing: /home/minji/test_folder/Test_in_Simulation/install/webots_ros2_driver/include/webots/cpp/webots
[30.896s] -- Installing: /home/minji/test_folder/Test_in_Simulation/install/webots_ros2_driver/include/webots/cpp/webots/LightSensor.hpp
[30.897s] -- Installing: /home/minji/test_folder/Test_in_Simulation/install/webots_ros2_driver/include/webots/cpp/webots/Supervisor.hpp
[30.897s] -- Installing: /home/minji/test_folder/Test_in_Simulation/install/webots_ros2_driver/include/webots/cpp/webots/Motor.hpp
[30.897s] -- Installing: /home/minji/test_folder/Test_in_Simulation/install/webots_ros2_driver/include/webots/cpp/webots/RangeFinder.hpp
[30.897s] -- Installing: /home/minji/test_folder/Test_in_Simulation/install/webots_ros2_driver/include/webots/cpp/webots/Accelerometer.hpp
[30.898s] -- Installing: /home/minji/test_folder/Test_in_Simulation/install/webots_ros2_driver/include/webots/cpp/webots/Mouse.hpp
[30.898s] -- Installing: /home/minji/test_folder/Test_in_Simulation/install/webots_ros2_driver/include/webots/cpp/webots/Camera.hpp
[30.898s] -- Installing: /home/minji/test_folder/Test_in_Simulation/install/webots_ros2_driver/include/webots/cpp/webots/utils
[30.898s] -- Installing: /home/minji/test_folder/Test_in_Simulation/install/webots_ros2_driver/include/webots/cpp/webots/utils/AnsiCodes.hpp
[30.899s] -- Installing: /home/minji/test_folder/Test_in_Simulation/install/webots_ros2_driver/include/webots/cpp/webots/utils/Motion.hpp
[30.899s] -- Installing: /home/minji/test_folder/Test_in_Simulation/install/webots_ros2_driver/include/webots/cpp/webots/Skin.hpp
[30.899s] -- Installing: /home/minji/test_folder/Test_in_Simulation/install/webots_ros2_driver/include/webots/cpp/webots/LED.hpp
[30.899s] -- Installing: /home/minji/test_folder/Test_in_Simulation/install/webots_ros2_driver/include/webots/cpp/webots/VacuumGripper.hpp
[30.899s] -- Installing: /home/minji/test_folder/Test_in_Simulation/install/webots_ros2_driver/include/webots/cpp/webots/Speaker.hpp
[30.900s] -- Installing: /home/minji/test_folder/Test_in_Simulation/install/webots_ros2_driver/include/webots/cpp/webots/Robot.hpp
[30.900s] -- Installing: /home/minji/test_folder/Test_in_Simulation/install/webots_ros2_driver/include/webots/cpp/webots/Emitter.hpp
[30.900s] -- Installing: /home/minji/test_folder/Test_in_Simulation/install/webots_ros2_driver/include/webots/cpp/webots/Gyro.hpp
[30.901s] -- Installing: /home/minji/test_folder/Test_in_Simulation/install/webots_ros2_driver/include/webots/cpp/webots/Device.hpp
[30.901s] -- Installing: /home/minji/test_folder/Test_in_Simulation/install/webots_ros2_driver/include/webots/cpp/webots/Brake.hpp
[30.901s] -- Installing: /home/minji/test_folder/Test_in_Simulation/install/webots_ros2_driver/include/webots/cpp/webots/TouchSensor.hpp
[30.901s] -- Installing: /home/minji/test_folder/Test_in_Simulation/install/webots_ros2_driver/include/webots/cpp/webots/PositionSensor.hpp
[30.902s] -- Installing: /home/minji/test_folder/Test_in_Simulation/install/webots_ros2_driver/include/webots/cpp/webots/Field.hpp
[30.902s] -- Installing: /home/minji/test_folder/Test_in_Simulation/install/webots_ros2_driver/include/webots/cpp/webots/DistanceSensor.hpp
[30.902s] -- Installing: /home/minji/test_folder/Test_in_Simulation/install/webots_ros2_driver/include/webots/cpp/webots/vehicle
[30.902s] -- Installing: /home/minji/test_folder/Test_in_Simulation/install/webots_ros2_driver/include/webots/cpp/webots/vehicle/Car.hpp
[30.902s] -- Installing: /home/minji/test_folder/Test_in_Simulation/install/webots_ros2_driver/include/webots/cpp/webots/vehicle/Driver.hpp
[30.903s] -- Installing: /home/minji/test_folder/Test_in_Simulation/install/webots_ros2_driver/include/webots/cpp/webots/Radar.hpp
[30.903s] -- Installing: /home/minji/test_folder/Test_in_Simulation/install/webots_ros2_driver/include/webots/cpp/webots/Joystick.hpp
[30.903s] -- Installing: /home/minji/test_folder/Test_in_Simulation/install/webots_ros2_driver/include/webots/cpp/webots/Display.hpp
[30.903s] -- Installing: /home/minji/test_folder/Test_in_Simulation/install/webots_ros2_driver/include/webots/cpp/webots/Keyboard.hpp
[30.904s] -- Installing: /home/minji/test_folder/Test_in_Simulation/install/webots_ros2_driver/include/webots/cpp/webots/Connector.hpp
[30.904s] -- Installing: /home/minji/test_folder/Test_in_Simulation/install/webots_ros2_driver/include/webots/cpp/webots/InertialUnit.hpp
[30.904s] -- Installing: /home/minji/test_folder/Test_in_Simulation/install/webots_ros2_driver/include/webots/cpp/webots/Altimeter.hpp
[30.904s] -- Installing: /home/minji/test_folder/Test_in_Simulation/install/webots_ros2_driver/include/webots/cpp/webots/Receiver.hpp
[30.904s] -- Installing: /home/minji/test_folder/Test_in_Simulation/install/webots_ros2_driver/include/webots/cpp/webots/Node.hpp
[30.905s] -- Installing: /home/minji/test_folder/Test_in_Simulation/install/webots_ros2_driver/include/webots/cpp/webots/Pen.hpp
[30.905s] -- Installing: /home/minji/test_folder/Test_in_Simulation/install/webots_ros2_driver/include/webots/cpp/webots/GPS.hpp
[30.905s] -- Installing: /home/minji/test_folder/Test_in_Simulation/install/webots_ros2_driver/include/webots/cpp/webots/Compass.hpp
[30.905s] -- Installing: /home/minji/test_folder/Test_in_Simulation/install/webots_ros2_driver/include/webots/cpp/webots/ImageRef.hpp
[30.906s] -- Installing: /home/minji/test_folder/Test_in_Simulation/install/webots_ros2_driver/include/webots/cpp/webots/Lidar.hpp
[30.906s] -- Installing: /home/minji/test_folder/Test_in_Simulation/install/webots_ros2_driver/lib/controller
[30.906s] -- Installing: /home/minji/test_folder/Test_in_Simulation/install/webots_ros2_driver/lib/controller/libgeneric_robot_window.so
[30.906s] -- Installing: /home/minji/test_folder/Test_in_Simulation/install/webots_ros2_driver/lib/controller/libdriver.so
[30.906s] -- Installing: /home/minji/test_folder/Test_in_Simulation/install/webots_ros2_driver/lib/controller/libCppController.so
[30.907s] -- Installing: /home/minji/test_folder/Test_in_Simulation/install/webots_ros2_driver/lib/controller/libController.so
[30.908s] -- Installing: /home/minji/test_folder/Test_in_Simulation/install/webots_ros2_driver/lib/controller/libcar.so
[30.908s] -- Installing: /home/minji/test_folder/Test_in_Simulation/install/webots_ros2_driver/lib/controller/libCppDriver.so
[30.908s] -- Installing: /home/minji/test_folder/Test_in_Simulation/install/webots_ros2_driver/lib/controller/libCppCar.so
[30.909s] -- Installing: /home/minji/test_folder/Test_in_Simulation/install/webots_ros2_driver/lib/controller/.gitignore
[30.909s] -- Installing: /home/minji/test_folder/Test_in_Simulation/install/webots_ros2_driver/share/webots_ros2_driver/webots_ros2_imu.xml
[30.909s] -- Installing: /home/minji/test_folder/Test_in_Simulation/install/webots_ros2_driver/share/webots_ros2_driver/webots_ros2_rgbd.xml
[30.910s] -- Installing: /home/minji/test_folder/Test_in_Simulation/install/webots_ros2_driver/lib/webots_ros2_driver/ros2_supervisor.py
[30.910s] -- Installing: /home/minji/test_folder/Test_in_Simulation/install/webots_ros2_driver/share/webots_ros2_driver/scripts
[30.910s] -- Installing: /home/minji/test_folder/Test_in_Simulation/install/webots_ros2_driver/share/webots_ros2_driver/scripts/webots_tcp_client.py
[30.910s] -- Installing: /home/minji/test_folder/Test_in_Simulation/install/webots_ros2_driver/share/webots_ros2_driver/scripts/webots-controller
[30.911s] -- Installing: /home/minji/test_folder/Test_in_Simulation/install/webots_ros2_driver/share/webots_ros2_driver/environment/library_path.sh
[30.911s] -- Installing: /home/minji/test_folder/Test_in_Simulation/install/webots_ros2_driver/share/webots_ros2_driver/environment/library_path.dsv
[30.912s] -- Installing: /home/minji/test_folder/Test_in_Simulation/install/webots_ros2_driver/share/ament_index/resource_index/package_run_dependencies/webots_ros2_driver
[30.912s] -- Installing: /home/minji/test_folder/Test_in_Simulation/install/webots_ros2_driver/share/ament_index/resource_index/parent_prefix_path/webots_ros2_driver
[30.912s] -- Installing: /home/minji/test_folder/Test_in_Simulation/install/webots_ros2_driver/share/webots_ros2_driver/environment/ament_prefix_path.sh
[30.912s] -- Installing: /home/minji/test_folder/Test_in_Simulation/install/webots_ros2_driver/share/webots_ros2_driver/environment/ament_prefix_path.dsv
[30.913s] -- Installing: /home/minji/test_folder/Test_in_Simulation/install/webots_ros2_driver/share/webots_ros2_driver/environment/path.sh
[30.913s] -- Installing: /home/minji/test_folder/Test_in_Simulation/install/webots_ros2_driver/share/webots_ros2_driver/environment/path.dsv
[30.913s] -- Installing: /home/minji/test_folder/Test_in_Simulation/install/webots_ros2_driver/share/webots_ros2_driver/local_setup.bash
[30.914s] -- Installing: /home/minji/test_folder/Test_in_Simulation/install/webots_ros2_driver/share/webots_ros2_driver/local_setup.sh
[30.914s] -- Installing: /home/minji/test_folder/Test_in_Simulation/install/webots_ros2_driver/share/webots_ros2_driver/local_setup.zsh
[30.914s] -- Installing: /home/minji/test_folder/Test_in_Simulation/install/webots_ros2_driver/share/webots_ros2_driver/local_setup.dsv
[30.914s] -- Installing: /home/minji/test_folder/Test_in_Simulation/install/webots_ros2_driver/share/webots_ros2_driver/package.dsv
[30.915s] -- Installing: /home/minji/test_folder/Test_in_Simulation/install/webots_ros2_driver/share/ament_index/resource_index/packages/webots_ros2_driver
[30.915s] -- Installing: /home/minji/test_folder/Test_in_Simulation/install/webots_ros2_driver/share/ament_index/resource_index/webots_ros2_driver__pluginlib__plugin/webots_ros2_driver
[30.915s] -- Installing: /home/minji/test_folder/Test_in_Simulation/install/webots_ros2_driver/share/webots_ros2_driver/cmake/ament_cmake_export_include_directories-extras.cmake
[30.916s] -- Installing: /home/minji/test_folder/Test_in_Simulation/install/webots_ros2_driver/share/webots_ros2_driver/cmake/ament_cmake_export_dependencies-extras.cmake
[30.916s] -- Installing: /home/minji/test_folder/Test_in_Simulation/install/webots_ros2_driver/share/webots_ros2_driver/cmake/ament_cmake_export_libraries-extras.cmake
[30.916s] -- Installing: /home/minji/test_folder/Test_in_Simulation/install/webots_ros2_driver/share/webots_ros2_driver/cmake/webots_ros2_driverConfig.cmake
[30.916s] -- Installing: /home/minji/test_folder/Test_in_Simulation/install/webots_ros2_driver/share/webots_ros2_driver/cmake/webots_ros2_driverConfig-version.cmake
[30.916s] -- Installing: /home/minji/test_folder/Test_in_Simulation/install/webots_ros2_driver/share/webots_ros2_driver/package.xml
[30.919s] Invoked command in '/home/minji/test_folder/Test_in_Simulation/build/webots_ros2_driver' returned '0': AMENT_PREFIX_PATH=/home/minji/test_folder/Test_in_Simulation/install/webots_ros2_msgs:${AMENT_PREFIX_PATH} CMAKE_PREFIX_PATH=/home/minji/test_folder/Test_in_Simulation/install/webots_ros2_msgs:/home/minji/minji_ws/install/btcpp_ros2_samples:/home/minji/minji_ws/install/behaviortree_ros2:/home/minji/minji_ws/install/btcpp_ros2_interfaces:/home/minji/my_study/install/webots_ros2_control:/home/minji/my_study/install/webots_ros2_driver:/home/minji/my_study/install/webots_ros2_msgs:/usr/local:/home/minji/minji_ws/install/webots_ros2:/home/minji/minji_ws/install/webots_ros2_universal_robot:/home/minji/minji_ws/install/webots_ros2_turtlebot:/home/minji/minji_ws/install/webots_ros2_tiago:/home/minji/minji_ws/install/webots_ros2_tests:/home/minji/minji_ws/install/webots_ros2_tesla:/home/minji/minji_ws/install/webots_ros2_mavic:/home/minji/minji_ws/install/webots_ros2_ld90:/home/minji/minji_ws/install/webots_ros2_epuck:/home/minji/minji_ws/install/webots_ros2_control:/home/minji/minji_ws/install/webots_ros2_driver:/home/minji/minji_ws/install/webots_ros2_msgs:/home/minji/minji_ws/install/btcpp_ros2_project:/home/minji/my_study/install/webots_ros2:/home/minji/my_study/install/webots_ros2_universal_robot:/home/minji/my_study/install/webots_ros2_turtlebot:/home/minji/my_study/install/webots_ros2_tiago:/home/minji/my_study/install/webots_ros2_tests:/home/minji/my_study/install/webots_ros2_tesla:/home/minji/my_study/install/webots_ros2_mavic:/home/minji/my_study/install/webots_ros2_ld90:/home/minji/my_study/install/webots_ros2_epuck:/opt/ros/humble LD_LIBRARY_PATH=/home/minji/test_folder/Test_in_Simulation/install/webots_ros2_msgs/lib:${LD_LIBRARY_PATH} PYTHONPATH=/home/minji/test_folder/Test_in_Simulation/install/webots_ros2_msgs/local/lib/python3.10/dist-packages:${PYTHONPATH} /usr/bin/cmake --install /home/minji/test_folder/Test_in_Simulation/build/webots_ros2_driver
