[1.466s] Invoking command in '/home/minji/minji_ws/webots_ros2/webots_ros2_universal_robot': PYTHONPATH=/home/minji/minji_ws/build/webots_ros2_universal_robot/prefix_override:/usr/lib/python3/dist-packages/colcon_core/task/python/colcon_distutils_commands:/home/minji/minji_ws/install/webots_ros2_universal_robot/lib/python3.10/site-packages:${PYTHONPATH} /usr/bin/python3 -W ignore:setup.py install is deprecated setup.py egg_info --egg-base ../../build/webots_ros2_universal_robot build --build-base /home/minji/minji_ws/build/webots_ros2_universal_robot/build install --record /home/minji/minji_ws/build/webots_ros2_universal_robot/install.log --single-version-externally-managed install_data
[1.695s] running egg_info
[1.696s] writing ../../build/webots_ros2_universal_robot/webots_ros2_universal_robot.egg-info/PKG-INFO
[1.696s] writing dependency_links to ../../build/webots_ros2_universal_robot/webots_ros2_universal_robot.egg-info/dependency_links.txt
[1.696s] writing entry points to ../../build/webots_ros2_universal_robot/webots_ros2_universal_robot.egg-info/entry_points.txt
[1.696s] writing requirements to ../../build/webots_ros2_universal_robot/webots_ros2_universal_robot.egg-info/requires.txt
[1.696s] writing top-level names to ../../build/webots_ros2_universal_robot/webots_ros2_universal_robot.egg-info/top_level.txt
[1.698s] reading manifest file '../../build/webots_ros2_universal_robot/webots_ros2_universal_robot.egg-info/SOURCES.txt'
[1.699s] writing manifest file '../../build/webots_ros2_universal_robot/webots_ros2_universal_robot.egg-info/SOURCES.txt'
[1.699s] running build
[1.699s] running build_py
[1.700s] running install
[1.700s] running install_lib
[1.701s] running install_data
[1.702s] running install_egg_info
[1.704s] removing '/home/minji/minji_ws/install/webots_ros2_universal_robot/lib/python3.10/site-packages/webots_ros2_universal_robot-2023.1.2-py3.10.egg-info' (and everything under it)
[1.704s] Copying ../../build/webots_ros2_universal_robot/webots_ros2_universal_robot.egg-info to /home/minji/minji_ws/install/webots_ros2_universal_robot/lib/python3.10/site-packages/webots_ros2_universal_robot-2023.1.2-py3.10.egg-info
[1.704s] running install_scripts
[1.722s] Installing abb_controller script to /home/minji/minji_ws/install/webots_ros2_universal_robot/lib/webots_ros2_universal_robot
[1.722s] Installing ur5e_controller script to /home/minji/minji_ws/install/webots_ros2_universal_robot/lib/webots_ros2_universal_robot
[1.722s] writing list of installed files to '/home/minji/minji_ws/build/webots_ros2_universal_robot/install.log'
[1.746s] Invoked command in '/home/minji/minji_ws/webots_ros2/webots_ros2_universal_robot' returned '0': PYTHONPATH=/home/minji/minji_ws/build/webots_ros2_universal_robot/prefix_override:/usr/lib/python3/dist-packages/colcon_core/task/python/colcon_distutils_commands:/home/minji/minji_ws/install/webots_ros2_universal_robot/lib/python3.10/site-packages:${PYTHONPATH} /usr/bin/python3 -W ignore:setup.py install is deprecated setup.py egg_info --egg-base ../../build/webots_ros2_universal_robot build --build-base /home/minji/minji_ws/build/webots_ros2_universal_robot/build install --record /home/minji/minji_ws/build/webots_ros2_universal_robot/install.log --single-version-externally-managed install_data
