[0.009s] Invoking command in '/home/minji/minji_ws/build/btcpp_ros2_project': CMAKE_PREFIX_PATH=${CMAKE_PREFIX_PATH}:/home/minji/minji_ws/install/webots_ros2:/home/minji/minji_ws/install/webots_ros2_universal_robot:/home/minji/minji_ws/install/webots_ros2_turtlebot:/home/minji/minji_ws/install/webots_ros2_tiago:/home/minji/minji_ws/install/webots_ros2_tests:/home/minji/minji_ws/install/webots_ros2_tesla:/home/minji/minji_ws/install/webots_ros2_mavic:/home/minji/minji_ws/install/webots_ros2_ld90:/home/minji/minji_ws/install/webots_ros2_epuck:/home/minji/my_study/install/webots_ros2:/home/minji/my_study/install/webots_ros2_universal_robot:/home/minji/my_study/install/webots_ros2_turtlebot:/home/minji/my_study/install/webots_ros2_tiago:/home/minji/my_study/install/webots_ros2_tests:/home/minji/my_study/install/webots_ros2_tesla:/home/minji/my_study/install/webots_ros2_mavic:/home/minji/my_study/install/webots_ros2_ld90:/home/minji/my_study/install/webots_ros2_epuck:/opt/ros/humble /usr/bin/cmake /home/minji/minji_ws/src/btcpp_ros2_project -DCMAKE_INSTALL_PREFIX=/home/minji/minji_ws/install/btcpp_ros2_project
[0.082s] -- The C compiler identification is GNU 11.4.0
[0.157s] -- The CXX compiler identification is GNU 11.4.0
[0.165s] -- Detecting C compiler ABI info
[0.216s] -- Detecting C compiler ABI info - done
[0.221s] -- Check for working C compiler: /usr/bin/cc - skipped
[0.221s] -- Detecting C compile features
[0.221s] -- Detecting C compile features - done
[0.224s] -- Detecting CXX compiler ABI info
[0.283s] -- Detecting CXX compiler ABI info - done
[0.288s] -- Check for working CXX compiler: /usr/bin/c++ - skipped
[0.288s] -- Detecting CXX compile features
[0.289s] -- Detecting CXX compile features - done
[0.293s] -- Found ament_cmake: 1.3.9 (/opt/ros/humble/share/ament_cmake/cmake)
[0.442s] -- Found Python3: /usr/bin/python3 (found version "3.10.12") found components: Interpreter 
[0.568s] [31mCMake Error at CMakeLists.txt:8 (find_package):
[0.568s]   By not providing "Findbehaviortree_ros2.cmake" in CMAKE_MODULE_PATH this
[0.568s]   project has asked CMake to find a package configuration file provided by
[0.568s]   "behaviortree_ros2", but CMake did not find one.
[0.568s] 
[0.568s]   Could not find a package configuration file provided by "behaviortree_ros2"
[0.568s]   with any of the following names:
[0.568s] 
[0.568s]     behaviortree_ros2Config.cmake
[0.568s]     behaviortree_ros2-config.cmake
[0.568s] 
[0.568s]   Add the installation prefix of "behaviortree_ros2" to CMAKE_PREFIX_PATH or
[0.568s]   set "behaviortree_ros2_DIR" to a directory containing one of the above
[0.568s]   files.  If "behaviortree_ros2" provides a separate development package or
[0.568s]   SDK, be sure it has been installed.
[0.568s] 
[0.568s] [0m
[0.569s] -- Configuring incomplete, errors occurred!
[0.569s] See also "/home/minji/minji_ws/build/btcpp_ros2_project/CMakeFiles/CMakeOutput.log".
[0.571s] Invoked command in '/home/minji/minji_ws/build/btcpp_ros2_project' returned '1': CMAKE_PREFIX_PATH=${CMAKE_PREFIX_PATH}:/home/minji/minji_ws/install/webots_ros2:/home/minji/minji_ws/install/webots_ros2_universal_robot:/home/minji/minji_ws/install/webots_ros2_turtlebot:/home/minji/minji_ws/install/webots_ros2_tiago:/home/minji/minji_ws/install/webots_ros2_tests:/home/minji/minji_ws/install/webots_ros2_tesla:/home/minji/minji_ws/install/webots_ros2_mavic:/home/minji/minji_ws/install/webots_ros2_ld90:/home/minji/minji_ws/install/webots_ros2_epuck:/home/minji/my_study/install/webots_ros2:/home/minji/my_study/install/webots_ros2_universal_robot:/home/minji/my_study/install/webots_ros2_turtlebot:/home/minji/my_study/install/webots_ros2_tiago:/home/minji/my_study/install/webots_ros2_tests:/home/minji/my_study/install/webots_ros2_tesla:/home/minji/my_study/install/webots_ros2_mavic:/home/minji/my_study/install/webots_ros2_ld90:/home/minji/my_study/install/webots_ros2_epuck:/opt/ros/humble /usr/bin/cmake /home/minji/minji_ws/src/btcpp_ros2_project -DCMAKE_INSTALL_PREFIX=/home/minji/minji_ws/install/btcpp_ros2_project
