[1.465s] Invoking command in '/home/minji/minji_ws/webots_ros2/webots_ros2_turtlebot': PYTHONPATH=/home/minji/minji_ws/build/webots_ros2_turtlebot/prefix_override:/usr/lib/python3/dist-packages/colcon_core/task/python/colcon_distutils_commands:/home/minji/minji_ws/install/webots_ros2_turtlebot/lib/python3.10/site-packages:${PYTHONPATH} /usr/bin/python3 -W ignore:setup.py install is deprecated setup.py egg_info --egg-base ../../build/webots_ros2_turtlebot build --build-base /home/minji/minji_ws/build/webots_ros2_turtlebot/build install --record /home/minji/minji_ws/build/webots_ros2_turtlebot/install.log --single-version-externally-managed install_data
[1.683s] running egg_info
[1.683s] writing ../../build/webots_ros2_turtlebot/webots_ros2_turtlebot.egg-info/PKG-INFO
[1.683s] writing dependency_links to ../../build/webots_ros2_turtlebot/webots_ros2_turtlebot.egg-info/dependency_links.txt
[1.683s] writing entry points to ../../build/webots_ros2_turtlebot/webots_ros2_turtlebot.egg-info/entry_points.txt
[1.683s] writing requirements to ../../build/webots_ros2_turtlebot/webots_ros2_turtlebot.egg-info/requires.txt
[1.683s] writing top-level names to ../../build/webots_ros2_turtlebot/webots_ros2_turtlebot.egg-info/top_level.txt
[1.685s] reading manifest file '../../build/webots_ros2_turtlebot/webots_ros2_turtlebot.egg-info/SOURCES.txt'
[1.686s] writing manifest file '../../build/webots_ros2_turtlebot/webots_ros2_turtlebot.egg-info/SOURCES.txt'
[1.686s] running build
[1.686s] running build_py
[1.686s] running install
[1.686s] running install_lib
[1.687s] running install_data
[1.687s] running install_egg_info
[1.689s] removing '/home/minji/minji_ws/install/webots_ros2_turtlebot/lib/python3.10/site-packages/webots_ros2_turtlebot-2023.1.2-py3.10.egg-info' (and everything under it)
[1.689s] Copying ../../build/webots_ros2_turtlebot/webots_ros2_turtlebot.egg-info to /home/minji/minji_ws/install/webots_ros2_turtlebot/lib/python3.10/site-packages/webots_ros2_turtlebot-2023.1.2-py3.10.egg-info
[1.690s] running install_scripts
[1.706s] writing list of installed files to '/home/minji/minji_ws/build/webots_ros2_turtlebot/install.log'
[1.729s] Invoked command in '/home/minji/minji_ws/webots_ros2/webots_ros2_turtlebot' returned '0': PYTHONPATH=/home/minji/minji_ws/build/webots_ros2_turtlebot/prefix_override:/usr/lib/python3/dist-packages/colcon_core/task/python/colcon_distutils_commands:/home/minji/minji_ws/install/webots_ros2_turtlebot/lib/python3.10/site-packages:${PYTHONPATH} /usr/bin/python3 -W ignore:setup.py install is deprecated setup.py egg_info --egg-base ../../build/webots_ros2_turtlebot build --build-base /home/minji/minji_ws/build/webots_ros2_turtlebot/build install --record /home/minji/minji_ws/build/webots_ros2_turtlebot/install.log --single-version-externally-managed install_data
