[1.683s] Invoking command in '/home/minji/minji_ws/webots_ros2/webots_ros2_tesla': CMAKE_PREFIX_PATH=/home/minji/minji_ws/install/webots_ros2_driver:/home/minji/minji_ws/install/webots_ros2_msgs:/home/minji/minji_ws/install/webots_ros2_control:/home/minji/my_study/install/webots_ros2_control:/home/minji/my_study/install/webots_ros2_driver:/home/minji/my_study/install/webots_ros2_msgs:/usr/local LD_LIBRARY_PATH=/home/minji/minji_ws/install/webots_ros2_driver/lib:/home/minji/minji_ws/install/webots_ros2_msgs/lib:/home/minji/minji_ws/install/webots_ros2_control/lib:/home/minji/my_study/install/webots_ros2_control/lib:/home/minji/my_study/install/webots_ros2_driver/lib:/home/minji/my_study/install/webots_ros2_msgs/lib:/opt/ros/humble/opt/rviz_ogre_vendor/lib:/opt/ros/humble/lib/x86_64-linux-gnu:/opt/ros/humble/lib PYTHONPATH=/home/minji/minji_ws/build/webots_ros2_tesla/prefix_override:/usr/lib/python3/dist-packages/colcon_core/task/python/colcon_distutils_commands:/home/minji/minji_ws/install/webots_ros2_tesla/lib/python3.10/site-packages:${PYTHONPATH} /usr/bin/python3 -W ignore:setup.py install is deprecated setup.py egg_info --egg-base ../../build/webots_ros2_tesla build --build-base /home/minji/minji_ws/build/webots_ros2_tesla/build install --record /home/minji/minji_ws/build/webots_ros2_tesla/install.log --single-version-externally-managed install_data
[1.908s] running egg_info
[1.909s] writing ../../build/webots_ros2_tesla/webots_ros2_tesla.egg-info/PKG-INFO
[1.909s] writing dependency_links to ../../build/webots_ros2_tesla/webots_ros2_tesla.egg-info/dependency_links.txt
[1.909s] writing entry points to ../../build/webots_ros2_tesla/webots_ros2_tesla.egg-info/entry_points.txt
[1.909s] writing requirements to ../../build/webots_ros2_tesla/webots_ros2_tesla.egg-info/requires.txt
[1.909s] writing top-level names to ../../build/webots_ros2_tesla/webots_ros2_tesla.egg-info/top_level.txt
[1.919s] reading manifest file '../../build/webots_ros2_tesla/webots_ros2_tesla.egg-info/SOURCES.txt'
[1.919s] writing manifest file '../../build/webots_ros2_tesla/webots_ros2_tesla.egg-info/SOURCES.txt'
[1.920s] running build
[1.920s] running build_py
[1.920s] running install
[1.921s] running install_lib
[1.922s] running install_data
[1.923s] running install_egg_info
[1.924s] removing '/home/minji/minji_ws/install/webots_ros2_tesla/lib/python3.10/site-packages/webots_ros2_tesla-2023.1.2-py3.10.egg-info' (and everything under it)
[1.925s] Copying ../../build/webots_ros2_tesla/webots_ros2_tesla.egg-info to /home/minji/minji_ws/install/webots_ros2_tesla/lib/python3.10/site-packages/webots_ros2_tesla-2023.1.2-py3.10.egg-info
[1.926s] running install_scripts
[1.944s] Installing lane_follower script to /home/minji/minji_ws/install/webots_ros2_tesla/lib/webots_ros2_tesla
[1.945s] writing list of installed files to '/home/minji/minji_ws/build/webots_ros2_tesla/install.log'
[1.968s] Invoked command in '/home/minji/minji_ws/webots_ros2/webots_ros2_tesla' returned '0': CMAKE_PREFIX_PATH=/home/minji/minji_ws/install/webots_ros2_driver:/home/minji/minji_ws/install/webots_ros2_msgs:/home/minji/minji_ws/install/webots_ros2_control:/home/minji/my_study/install/webots_ros2_control:/home/minji/my_study/install/webots_ros2_driver:/home/minji/my_study/install/webots_ros2_msgs:/usr/local LD_LIBRARY_PATH=/home/minji/minji_ws/install/webots_ros2_driver/lib:/home/minji/minji_ws/install/webots_ros2_msgs/lib:/home/minji/minji_ws/install/webots_ros2_control/lib:/home/minji/my_study/install/webots_ros2_control/lib:/home/minji/my_study/install/webots_ros2_driver/lib:/home/minji/my_study/install/webots_ros2_msgs/lib:/opt/ros/humble/opt/rviz_ogre_vendor/lib:/opt/ros/humble/lib/x86_64-linux-gnu:/opt/ros/humble/lib PYTHONPATH=/home/minji/minji_ws/build/webots_ros2_tesla/prefix_override:/usr/lib/python3/dist-packages/colcon_core/task/python/colcon_distutils_commands:/home/minji/minji_ws/install/webots_ros2_tesla/lib/python3.10/site-packages:${PYTHONPATH} /usr/bin/python3 -W ignore:setup.py install is deprecated setup.py egg_info --egg-base ../../build/webots_ros2_tesla build --build-base /home/minji/minji_ws/build/webots_ros2_tesla/build install --record /home/minji/minji_ws/build/webots_ros2_tesla/install.log --single-version-externally-managed install_data
