running egg_info
creating ../../build/webots_ros2_tiago/webots_ros2_tiago.egg-info
writing ../../build/webots_ros2_tiago/webots_ros2_tiago.egg-info/PKG-INFO
writing dependency_links to ../../build/webots_ros2_tiago/webots_ros2_tiago.egg-info/dependency_links.txt
writing entry points to ../../build/webots_ros2_tiago/webots_ros2_tiago.egg-info/entry_points.txt
writing requirements to ../../build/webots_ros2_tiago/webots_ros2_tiago.egg-info/requires.txt
writing top-level names to ../../build/webots_ros2_tiago/webots_ros2_tiago.egg-info/top_level.txt
writing manifest file '../../build/webots_ros2_tiago/webots_ros2_tiago.egg-info/SOURCES.txt'
reading manifest file '../../build/webots_ros2_tiago/webots_ros2_tiago.egg-info/SOURCES.txt'
writing manifest file '../../build/webots_ros2_tiago/webots_ros2_tiago.egg-info/SOURCES.txt'
running build
running install
running install_data
creating /home/minji/test_folder/Test_in_Simulation/install/webots_ros2_tiago/share/ament_index
creating /home/minji/test_folder/Test_in_Simulation/install/webots_ros2_tiago/share/ament_index/resource_index
creating /home/minji/test_folder/Test_in_Simulation/install/webots_ros2_tiago/share/ament_index/resource_index/packages
copying resource/webots_ros2_tiago -> /home/minji/test_folder/Test_in_Simulation/install/webots_ros2_tiago/share/ament_index/resource_index/packages
creating /home/minji/test_folder/Test_in_Simulation/install/webots_ros2_tiago/share/webots_ros2_tiago/launch
copying launch/robot_launch.py -> /home/minji/test_folder/Test_in_Simulation/install/webots_ros2_tiago/share/webots_ros2_tiago/launch
copying launch/robot_bringup_launch.py -> /home/minji/test_folder/Test_in_Simulation/install/webots_ros2_tiago/share/webots_ros2_tiago/launch
creating /home/minji/test_folder/Test_in_Simulation/install/webots_ros2_tiago/share/webots_ros2_tiago/resource
copying resource/tiago_webots.urdf -> /home/minji/test_folder/Test_in_Simulation/install/webots_ros2_tiago/share/webots_ros2_tiago/resource
copying resource/tiago_bringup_webots.urdf -> /home/minji/test_folder/Test_in_Simulation/install/webots_ros2_tiago/share/webots_ros2_tiago/resource
copying resource/ros2_control.yml -> /home/minji/test_folder/Test_in_Simulation/install/webots_ros2_tiago/share/webots_ros2_tiago/resource
copying resource/ros2_control_bringup.yml -> /home/minji/test_folder/Test_in_Simulation/install/webots_ros2_tiago/share/webots_ros2_tiago/resource
copying resource/nav2_params.yaml -> /home/minji/test_folder/Test_in_Simulation/install/webots_ros2_tiago/share/webots_ros2_tiago/resource
copying resource/nav2_params_iron.yaml -> /home/minji/test_folder/Test_in_Simulation/install/webots_ros2_tiago/share/webots_ros2_tiago/resource
copying resource/default.rviz -> /home/minji/test_folder/Test_in_Simulation/install/webots_ros2_tiago/share/webots_ros2_tiago/resource
copying resource/default_bringup.rviz -> /home/minji/test_folder/Test_in_Simulation/install/webots_ros2_tiago/share/webots_ros2_tiago/resource
copying resource/map.pgm -> /home/minji/test_folder/Test_in_Simulation/install/webots_ros2_tiago/share/webots_ros2_tiago/resource
copying resource/map.yaml -> /home/minji/test_folder/Test_in_Simulation/install/webots_ros2_tiago/share/webots_ros2_tiago/resource
copying resource/cartographer.lua -> /home/minji/test_folder/Test_in_Simulation/install/webots_ros2_tiago/share/webots_ros2_tiago/resource
copying resource/slam_toolbox_params.yaml -> /home/minji/test_folder/Test_in_Simulation/install/webots_ros2_tiago/share/webots_ros2_tiago/resource
copying package.xml -> /home/minji/test_folder/Test_in_Simulation/install/webots_ros2_tiago/share/webots_ros2_tiago
creating /home/minji/test_folder/Test_in_Simulation/install/webots_ros2_tiago/share/webots_ros2_tiago/worlds
copying worlds/default.wbt -> /home/minji/test_folder/Test_in_Simulation/install/webots_ros2_tiago/share/webots_ros2_tiago/worlds
copying worlds/.default.wbproj -> /home/minji/test_folder/Test_in_Simulation/install/webots_ros2_tiago/share/webots_ros2_tiago/worlds
copying worlds/default_bringup.wbt -> /home/minji/test_folder/Test_in_Simulation/install/webots_ros2_tiago/share/webots_ros2_tiago/worlds
copying worlds/.default_bringup.wbproj -> /home/minji/test_folder/Test_in_Simulation/install/webots_ros2_tiago/share/webots_ros2_tiago/worlds
running install_egg_info
Copying ../../build/webots_ros2_tiago/webots_ros2_tiago.egg-info to /home/minji/test_folder/Test_in_Simulation/install/webots_ros2_tiago/lib/python3.10/site-packages/webots_ros2_tiago-2023.1.2-py3.10.egg-info
running install_scripts
writing list of installed files to '/home/minji/test_folder/Test_in_Simulation/build/webots_ros2_tiago/install.log'
