[1.254s] Invoking command in '/home/minji/test_folder/Test_in_Simulation/webots_ros2/webots_ros2_tiago': AMENT_PREFIX_PATH=/home/minji/test_folder/Test_in_Simulation/install/webots_ros2_control:/home/minji/test_folder/Test_in_Simulation/install/webots_ros2_driver:/home/minji/test_folder/Test_in_Simulation/install/webots_ros2_msgs:${AMENT_PREFIX_PATH} CMAKE_PREFIX_PATH=/home/minji/test_folder/Test_in_Simulation/install/webots_ros2_control:/home/minji/test_folder/Test_in_Simulation/install/webots_ros2_driver:/home/minji/test_folder/Test_in_Simulation/install/webots_ros2_msgs:${CMAKE_PREFIX_PATH} LD_LIBRARY_PATH=/home/minji/test_folder/Test_in_Simulation/install/webots_ros2_control/lib:/home/minji/test_folder/Test_in_Simulation/install/webots_ros2_driver/lib:/home/minji/test_folder/Test_in_Simulation/install/webots_ros2_msgs/lib:${LD_LIBRARY_PATH} PYTHONPATH=/home/minji/test_folder/Test_in_Simulation/build/webots_ros2_tiago/prefix_override:/usr/lib/python3/dist-packages/colcon_core/task/python/colcon_distutils_commands:/home/minji/test_folder/Test_in_Simulation/install/webots_ros2_tiago/lib/python3.10/site-packages:/home/minji/test_folder/Test_in_Simulation/install/webots_ros2_driver/local/lib/python3.10/dist-packages:/home/minji/test_folder/Test_in_Simulation/install/webots_ros2_msgs/local/lib/python3.10/dist-packages:${PYTHONPATH} /usr/bin/python3 -W ignore:setup.py install is deprecated setup.py egg_info --egg-base ../../build/webots_ros2_tiago build --build-base /home/minji/test_folder/Test_in_Simulation/build/webots_ros2_tiago/build install --record /home/minji/test_folder/Test_in_Simulation/build/webots_ros2_tiago/install.log --single-version-externally-managed install_data
[1.495s] running egg_info
[1.495s] creating ../../build/webots_ros2_tiago/webots_ros2_tiago.egg-info
[1.495s] writing ../../build/webots_ros2_tiago/webots_ros2_tiago.egg-info/PKG-INFO
[1.495s] writing dependency_links to ../../build/webots_ros2_tiago/webots_ros2_tiago.egg-info/dependency_links.txt
[1.496s] writing entry points to ../../build/webots_ros2_tiago/webots_ros2_tiago.egg-info/entry_points.txt
[1.496s] writing requirements to ../../build/webots_ros2_tiago/webots_ros2_tiago.egg-info/requires.txt
[1.496s] writing top-level names to ../../build/webots_ros2_tiago/webots_ros2_tiago.egg-info/top_level.txt
[1.496s] writing manifest file '../../build/webots_ros2_tiago/webots_ros2_tiago.egg-info/SOURCES.txt'
[1.496s] reading manifest file '../../build/webots_ros2_tiago/webots_ros2_tiago.egg-info/SOURCES.txt'
[1.497s] writing manifest file '../../build/webots_ros2_tiago/webots_ros2_tiago.egg-info/SOURCES.txt'
[1.497s] running build
[1.497s] running install
[1.497s] running install_data
[1.498s] creating /home/minji/test_folder/Test_in_Simulation/install/webots_ros2_tiago/share/ament_index
[1.498s] creating /home/minji/test_folder/Test_in_Simulation/install/webots_ros2_tiago/share/ament_index/resource_index
[1.498s] creating /home/minji/test_folder/Test_in_Simulation/install/webots_ros2_tiago/share/ament_index/resource_index/packages
[1.498s] copying resource/webots_ros2_tiago -> /home/minji/test_folder/Test_in_Simulation/install/webots_ros2_tiago/share/ament_index/resource_index/packages
[1.498s] creating /home/minji/test_folder/Test_in_Simulation/install/webots_ros2_tiago/share/webots_ros2_tiago/launch
[1.498s] copying launch/robot_launch.py -> /home/minji/test_folder/Test_in_Simulation/install/webots_ros2_tiago/share/webots_ros2_tiago/launch
[1.499s] copying launch/robot_bringup_launch.py -> /home/minji/test_folder/Test_in_Simulation/install/webots_ros2_tiago/share/webots_ros2_tiago/launch
[1.499s] creating /home/minji/test_folder/Test_in_Simulation/install/webots_ros2_tiago/share/webots_ros2_tiago/resource
[1.499s] copying resource/tiago_webots.urdf -> /home/minji/test_folder/Test_in_Simulation/install/webots_ros2_tiago/share/webots_ros2_tiago/resource
[1.499s] copying resource/tiago_bringup_webots.urdf -> /home/minji/test_folder/Test_in_Simulation/install/webots_ros2_tiago/share/webots_ros2_tiago/resource
[1.500s] copying resource/ros2_control.yml -> /home/minji/test_folder/Test_in_Simulation/install/webots_ros2_tiago/share/webots_ros2_tiago/resource
[1.500s] copying resource/ros2_control_bringup.yml -> /home/minji/test_folder/Test_in_Simulation/install/webots_ros2_tiago/share/webots_ros2_tiago/resource
[1.500s] copying resource/nav2_params.yaml -> /home/minji/test_folder/Test_in_Simulation/install/webots_ros2_tiago/share/webots_ros2_tiago/resource
[1.500s] copying resource/nav2_params_iron.yaml -> /home/minji/test_folder/Test_in_Simulation/install/webots_ros2_tiago/share/webots_ros2_tiago/resource
[1.500s] copying resource/default.rviz -> /home/minji/test_folder/Test_in_Simulation/install/webots_ros2_tiago/share/webots_ros2_tiago/resource
[1.501s] copying resource/default_bringup.rviz -> /home/minji/test_folder/Test_in_Simulation/install/webots_ros2_tiago/share/webots_ros2_tiago/resource
[1.502s] copying resource/map.pgm -> /home/minji/test_folder/Test_in_Simulation/install/webots_ros2_tiago/share/webots_ros2_tiago/resource
[1.502s] copying resource/map.yaml -> /home/minji/test_folder/Test_in_Simulation/install/webots_ros2_tiago/share/webots_ros2_tiago/resource
[1.502s] copying resource/cartographer.lua -> /home/minji/test_folder/Test_in_Simulation/install/webots_ros2_tiago/share/webots_ros2_tiago/resource
[1.503s] copying resource/slam_toolbox_params.yaml -> /home/minji/test_folder/Test_in_Simulation/install/webots_ros2_tiago/share/webots_ros2_tiago/resource
[1.503s] copying package.xml -> /home/minji/test_folder/Test_in_Simulation/install/webots_ros2_tiago/share/webots_ros2_tiago
[1.503s] creating /home/minji/test_folder/Test_in_Simulation/install/webots_ros2_tiago/share/webots_ros2_tiago/worlds
[1.503s] copying worlds/default.wbt -> /home/minji/test_folder/Test_in_Simulation/install/webots_ros2_tiago/share/webots_ros2_tiago/worlds
[1.503s] copying worlds/.default.wbproj -> /home/minji/test_folder/Test_in_Simulation/install/webots_ros2_tiago/share/webots_ros2_tiago/worlds
[1.504s] copying worlds/default_bringup.wbt -> /home/minji/test_folder/Test_in_Simulation/install/webots_ros2_tiago/share/webots_ros2_tiago/worlds
[1.504s] copying worlds/.default_bringup.wbproj -> /home/minji/test_folder/Test_in_Simulation/install/webots_ros2_tiago/share/webots_ros2_tiago/worlds
[1.504s] running install_egg_info
[1.508s] Copying ../../build/webots_ros2_tiago/webots_ros2_tiago.egg-info to /home/minji/test_folder/Test_in_Simulation/install/webots_ros2_tiago/lib/python3.10/site-packages/webots_ros2_tiago-2023.1.2-py3.10.egg-info
[1.508s] running install_scripts
[1.532s] writing list of installed files to '/home/minji/test_folder/Test_in_Simulation/build/webots_ros2_tiago/install.log'
[1.578s] Invoked command in '/home/minji/test_folder/Test_in_Simulation/webots_ros2/webots_ros2_tiago' returned '0': AMENT_PREFIX_PATH=/home/minji/test_folder/Test_in_Simulation/install/webots_ros2_control:/home/minji/test_folder/Test_in_Simulation/install/webots_ros2_driver:/home/minji/test_folder/Test_in_Simulation/install/webots_ros2_msgs:${AMENT_PREFIX_PATH} CMAKE_PREFIX_PATH=/home/minji/test_folder/Test_in_Simulation/install/webots_ros2_control:/home/minji/test_folder/Test_in_Simulation/install/webots_ros2_driver:/home/minji/test_folder/Test_in_Simulation/install/webots_ros2_msgs:${CMAKE_PREFIX_PATH} LD_LIBRARY_PATH=/home/minji/test_folder/Test_in_Simulation/install/webots_ros2_control/lib:/home/minji/test_folder/Test_in_Simulation/install/webots_ros2_driver/lib:/home/minji/test_folder/Test_in_Simulation/install/webots_ros2_msgs/lib:${LD_LIBRARY_PATH} PYTHONPATH=/home/minji/test_folder/Test_in_Simulation/build/webots_ros2_tiago/prefix_override:/usr/lib/python3/dist-packages/colcon_core/task/python/colcon_distutils_commands:/home/minji/test_folder/Test_in_Simulation/install/webots_ros2_tiago/lib/python3.10/site-packages:/home/minji/test_folder/Test_in_Simulation/install/webots_ros2_driver/local/lib/python3.10/dist-packages:/home/minji/test_folder/Test_in_Simulation/install/webots_ros2_msgs/local/lib/python3.10/dist-packages:${PYTHONPATH} /usr/bin/python3 -W ignore:setup.py install is deprecated setup.py egg_info --egg-base ../../build/webots_ros2_tiago build --build-base /home/minji/test_folder/Test_in_Simulation/build/webots_ros2_tiago/build install --record /home/minji/test_folder/Test_in_Simulation/build/webots_ros2_tiago/install.log --single-version-externally-managed install_data
