[0.801s] Invoking command in '/home/minji/minji_ws/webots_ros2/webots_ros2': AMENT_PREFIX_PATH=/home/minji/minji_ws/install/webots_ros2_tests:/home/minji/minji_ws/install/webots_ros2_universal_robot:/home/minji/minji_ws/install/webots_ros2_turtlebot:/home/minji/minji_ws/install/webots_ros2_tiago:/home/minji/minji_ws/install/webots_ros2_epuck:/home/minji/minji_ws/install/webots_ros2_tesla:/home/minji/minji_ws/install/webots_ros2_mavic:/home/minji/minji_ws/install/webots_ros2_control:/home/minji/minji_ws/install/webots_ros2_driver:/home/minji/minji_ws/install/webots_ros2_msgs:${AMENT_PREFIX_PATH} CMAKE_PREFIX_PATH=/home/minji/minji_ws/install/webots_ros2_control:/home/minji/minji_ws/install/webots_ros2_driver:/home/minji/minji_ws/install/webots_ros2_msgs${CMAKE_PREFIX_PATH} LD_LIBRARY_PATH=/home/minji/minji_ws/install/webots_ros2_control/lib:/home/minji/minji_ws/install/webots_ros2_driver/lib:/home/minji/minji_ws/install/webots_ros2_msgs/lib:${LD_LIBRARY_PATH} PYTHONPATH=/home/minji/minji_ws/build/webots_ros2/prefix_override:/usr/lib/python3/dist-packages/colcon_core/task/python/colcon_distutils_commands:/home/minji/minji_ws/install/webots_ros2/lib/python3.10/site-packages:/home/minji/minji_ws/install/webots_ros2_tests/lib/python3.10/site-packages:/home/minji/minji_ws/install/webots_ros2_universal_robot/lib/python3.10/site-packages:/home/minji/minji_ws/install/webots_ros2_turtlebot/lib/python3.10/site-packages:/home/minji/minji_ws/install/webots_ros2_tiago/lib/python3.10/site-packages:/home/minji/minji_ws/install/webots_ros2_epuck/lib/python3.10/site-packages:/home/minji/minji_ws/install/webots_ros2_tesla/lib/python3.10/site-packages:/home/minji/minji_ws/install/webots_ros2_mavic/lib/python3.10/site-packages:/home/minji/minji_ws/install/webots_ros2_driver/local/lib/python3.10/dist-packages:/home/minji/minji_ws/install/webots_ros2_msgs/local/lib/python3.10/dist-packages:${PYTHONPATH} /usr/bin/python3 -W ignore:setup.py install is deprecated setup.py egg_info --egg-base ../../build/webots_ros2 build --build-base /home/minji/minji_ws/build/webots_ros2/build install --record /home/minji/minji_ws/build/webots_ros2/install.log --single-version-externally-managed install_data
[1.101s] running egg_info
[1.102s] creating ../../build/webots_ros2/webots_ros2.egg-info
[1.102s] writing ../../build/webots_ros2/webots_ros2.egg-info/PKG-INFO
[1.102s] writing dependency_links to ../../build/webots_ros2/webots_ros2.egg-info/dependency_links.txt
[1.102s] writing requirements to ../../build/webots_ros2/webots_ros2.egg-info/requires.txt
[1.102s] writing top-level names to ../../build/webots_ros2/webots_ros2.egg-info/top_level.txt
[1.103s] writing manifest file '../../build/webots_ros2/webots_ros2.egg-info/SOURCES.txt'
[1.113s] reading manifest file '../../build/webots_ros2/webots_ros2.egg-info/SOURCES.txt'
[1.113s] writing manifest file '../../build/webots_ros2/webots_ros2.egg-info/SOURCES.txt'
[1.113s] running build
[1.113s] running build_py
[1.114s] creating /home/minji/minji_ws/build/webots_ros2/build
[1.114s] creating /home/minji/minji_ws/build/webots_ros2/build/lib
[1.114s] creating /home/minji/minji_ws/build/webots_ros2/build/lib/webots_ros2
[1.114s] copying webots_ros2/__init__.py -> /home/minji/minji_ws/build/webots_ros2/build/lib/webots_ros2
[1.114s] running install
[1.114s] running install_lib
[1.115s] creating /home/minji/minji_ws/install/webots_ros2/lib/python3.10/site-packages/webots_ros2
[1.115s] copying /home/minji/minji_ws/build/webots_ros2/build/lib/webots_ros2/__init__.py -> /home/minji/minji_ws/install/webots_ros2/lib/python3.10/site-packages/webots_ros2
[1.116s] byte-compiling /home/minji/minji_ws/install/webots_ros2/lib/python3.10/site-packages/webots_ros2/__init__.py to __init__.cpython-310.pyc
[1.116s] running install_data
[1.116s] copying package.xml -> /home/minji/minji_ws/install/webots_ros2/share/webots_ros2
[1.116s] creating /home/minji/minji_ws/install/webots_ros2/share/ament_index
[1.116s] creating /home/minji/minji_ws/install/webots_ros2/share/ament_index/resource_index
[1.116s] creating /home/minji/minji_ws/install/webots_ros2/share/ament_index/resource_index/packages
[1.117s] copying resource/webots_ros2 -> /home/minji/minji_ws/install/webots_ros2/share/ament_index/resource_index/packages
[1.117s] running install_egg_info
[1.118s] Copying ../../build/webots_ros2/webots_ros2.egg-info to /home/minji/minji_ws/install/webots_ros2/lib/python3.10/site-packages/webots_ros2-2023.1.2-py3.10.egg-info
[1.119s] running install_scripts
[1.142s] writing list of installed files to '/home/minji/minji_ws/build/webots_ros2/install.log'
[1.169s] Invoked command in '/home/minji/minji_ws/webots_ros2/webots_ros2' returned '0': AMENT_PREFIX_PATH=/home/minji/minji_ws/install/webots_ros2_tests:/home/minji/minji_ws/install/webots_ros2_universal_robot:/home/minji/minji_ws/install/webots_ros2_turtlebot:/home/minji/minji_ws/install/webots_ros2_tiago:/home/minji/minji_ws/install/webots_ros2_epuck:/home/minji/minji_ws/install/webots_ros2_tesla:/home/minji/minji_ws/install/webots_ros2_mavic:/home/minji/minji_ws/install/webots_ros2_control:/home/minji/minji_ws/install/webots_ros2_driver:/home/minji/minji_ws/install/webots_ros2_msgs:${AMENT_PREFIX_PATH} CMAKE_PREFIX_PATH=/home/minji/minji_ws/install/webots_ros2_control:/home/minji/minji_ws/install/webots_ros2_driver:/home/minji/minji_ws/install/webots_ros2_msgs${CMAKE_PREFIX_PATH} LD_LIBRARY_PATH=/home/minji/minji_ws/install/webots_ros2_control/lib:/home/minji/minji_ws/install/webots_ros2_driver/lib:/home/minji/minji_ws/install/webots_ros2_msgs/lib:${LD_LIBRARY_PATH} PYTHONPATH=/home/minji/minji_ws/build/webots_ros2/prefix_override:/usr/lib/python3/dist-packages/colcon_core/task/python/colcon_distutils_commands:/home/minji/minji_ws/install/webots_ros2/lib/python3.10/site-packages:/home/minji/minji_ws/install/webots_ros2_tests/lib/python3.10/site-packages:/home/minji/minji_ws/install/webots_ros2_universal_robot/lib/python3.10/site-packages:/home/minji/minji_ws/install/webots_ros2_turtlebot/lib/python3.10/site-packages:/home/minji/minji_ws/install/webots_ros2_tiago/lib/python3.10/site-packages:/home/minji/minji_ws/install/webots_ros2_epuck/lib/python3.10/site-packages:/home/minji/minji_ws/install/webots_ros2_tesla/lib/python3.10/site-packages:/home/minji/minji_ws/install/webots_ros2_mavic/lib/python3.10/site-packages:/home/minji/minji_ws/install/webots_ros2_driver/local/lib/python3.10/dist-packages:/home/minji/minji_ws/install/webots_ros2_msgs/local/lib/python3.10/dist-packages:${PYTHONPATH} /usr/bin/python3 -W ignore:setup.py install is deprecated setup.py egg_info --egg-base ../../build/webots_ros2 build --build-base /home/minji/minji_ws/build/webots_ros2/build install --record /home/minji/minji_ws/build/webots_ros2/install.log --single-version-externally-managed install_data
